[2020-12-07 00:00:38.954] [INFO] - query { rid: 'room1',
  uid: 'admin',
  username: '管理员',
  mobile: '',
  role: '1',
  avatar: '',
  EIO: '3',
  transport: 'polling',
  t: 'NOuo9WP' }
[2020-12-07 00:00:38.955] [INFO] - [ 'tcNptx40kvFzI5_fACrs', 'room1' ]
[2020-12-07 00:07:19.004] [INFO] - query { rid: 'room1',
  uid: 'admin',
  username: '管理员',
  mobile: '',
  role: '1',
  avatar: '',
  EIO: '3',
  transport: 'polling',
  t: 'NOuphBB' }
[2020-12-07 00:07:19.004] [INFO] - [ 'klWqJoAZJFeKAE2PACrt', 'room1' ]
[2020-12-07 00:08:16.451] [INFO] - query { rid: 'room1',
  uid: 'admin',
  username: '管理员',
  mobile: '',
  role: '1',
  avatar: '',
  EIO: '3',
  transport: 'polling',
  t: 'NOupvCh' }
[2020-12-07 00:08:16.451] [INFO] - [ 'Al5kTP7kDACFwz4jACru', 'room1' ]
[2020-12-07 00:14:50.428] [INFO] - query { rid: 'room1',
  uid: 'admin',
  username: '管理员',
  mobile: '',
  role: '1',
  avatar: '',
  EIO: '3',
  transport: 'polling',
  t: 'NOurPOg' }
[2020-12-07 00:14:50.428] [INFO] - [ 'g8W9QKR4JHZhYpQgACrv', 'room1' ]
[2020-12-07 00:15:25.090] [INFO] - query { rid: 'room1',
  uid: 'admin',
  username: '管理员',
  mobile: '',
  role: '1',
  avatar: '',
  EIO: '3',
  transport: 'polling',
  t: 'NOurXsD' }
[2020-12-07 00:15:25.090] [INFO] - [ 'VBkxkpl3ONSlHjfyACrw', 'room1' ]
[2020-12-07 00:21:24.772] [INFO] - query { rid: 'room1',
  uid: 'admin',
  username: '管理员',
  mobile: '',
  role: '1',
  avatar: '',
  EIO: '3',
  transport: 'polling',
  t: 'NOusvgJ' }
[2020-12-07 00:21:24.772] [INFO] - [ 'QsweTZ6sHU26dxsUACrx', 'room1' ]
[2020-12-07 00:27:51.052] [INFO] - query { rid: 'room1',
  uid: 'admin',
  username: '管理员',
  mobile: '',
  role: '1',
  avatar: '',
  EIO: '3',
  transport: 'polling',
  t: 'NOuuNzs' }
[2020-12-07 00:27:51.052] [INFO] - [ 'iuon3NW3Fbkpnv67ACry', 'room1' ]
[2020-12-07 00:34:10.197] [INFO] - query { rid: 'room1',
  uid: 'admin',
  username: '管理员',
  mobile: '',
  role: '1',
  avatar: '',
  EIO: '3',
  transport: 'polling',
  t: 'NOuvqY2' }
[2020-12-07 00:34:10.197] [INFO] - [ 'rCRaeqaUUgwboGr3ACrz', 'room1' ]
[2020-12-07 00:40:41.994] [INFO] - query { rid: 'room1',
  uid: 'admin',
  username: '管理员',
  mobile: '',
  role: '1',
  avatar: '',
  EIO: '3',
  transport: 'polling',
  t: 'NOuxKBr' }
[2020-12-07 00:40:41.995] [INFO] - [ 'wTqeaR3YpKfCLDLrACr0', 'room1' ]
[2020-12-07 00:47:04.697] [INFO] - query { rid: 'room1',
  uid: 'admin',
  username: '管理员',
  mobile: '',
  role: '1',
  avatar: '',
  EIO: '3',
  transport: 'polling',
  t: 'NOuynda' }
[2020-12-07 00:47:04.698] [INFO] - [ '2oPNbCUCOgDi-ZIgACr1', 'room1' ]
[2020-12-07 00:47:53.400] [INFO] - query { rid: 'room1',
  uid: 'admin',
  username: '管理员',
  mobile: '',
  role: '1',
  avatar: '',
  EIO: '3',
  transport: 'polling',
  t: 'NOuyzWe' }
[2020-12-07 00:47:53.400] [INFO] - [ 'E6LPQVW9LUWTr0tCACr2', 'room1' ]
[2020-12-07 00:53:52.800] [INFO] - query { rid: 'room1',
  uid: 'admin',
  username: '管理员',
  mobile: '',
  role: '1',
  avatar: '',
  EIO: '3',
  transport: 'polling',
  t: 'NOu-LGF' }
[2020-12-07 00:53:52.800] [INFO] - [ '4rM8CXZYCtDHVOyCACr3', 'room1' ]
[2020-12-07 01:00:22.991] [INFO] - query { rid: 'room1',
  uid: 'admin',
  username: '管理员',
  mobile: '',
  role: '1',
  avatar: '',
  EIO: '3',
  transport: 'polling',
  t: 'NOu_qX2' }
[2020-12-07 01:00:22.991] [INFO] - [ 'TitcYHHx11DwfJhWACr4', 'room1' ]
[2020-12-07 01:06:41.625] [INFO] - query { rid: 'room1',
  uid: 'admin',
  username: '管理员',
  mobile: '',
  role: '1',
  avatar: '',
  EIO: '3',
  transport: 'polling',
  t: 'NOv1Gz6' }
[2020-12-07 01:06:41.626] [INFO] - [ 'OPQPQsGgO8PWautEACr5', 'room1' ]
[2020-12-07 01:07:33.505] [INFO] - query { rid: 'room1',
  uid: 'admin',
  username: '管理员',
  mobile: '',
  role: '1',
  avatar: '',
  EIO: '3',
  transport: 'polling',
  t: 'NOv1Tdp' }
[2020-12-07 01:07:33.505] [INFO] - [ 'EIPaQmBRZBwzhjnqACr6', 'room1' ]
[2020-12-07 01:09:55.981] [INFO] - query { rid: 'room1',
  uid: 'admin',
  username: '管理员',
  mobile: '',
  role: '1',
  avatar: '',
  EIO: '3',
  transport: 'polling',
  t: 'NOv20Px' }
[2020-12-07 01:09:55.981] [INFO] - [ 'x9yMxWC6aoy9-JiVACr7', 'room1' ]
[2020-12-07 01:10:39.402] [INFO] - query { rid: 'room1',
  uid: 'admin',
  username: '管理员',
  mobile: '',
  role: '1',
  avatar: '',
  EIO: '3',
  transport: 'polling',
  t: 'NOv2B0X' }
[2020-12-07 01:10:39.402] [INFO] - [ 'OCDus2-994-MAT0DACr8', 'room1' ]
[2020-12-07 01:17:15.686] [INFO] - query { rid: 'room1',
  uid: 'admin',
  username: '管理员',
  mobile: '',
  role: '1',
  avatar: '',
  EIO: '3',
  transport: 'polling',
  t: 'NOv3hmH' }
[2020-12-07 01:17:15.686] [INFO] - [ 'GJzYuOgPmYrnBeMTACr9', 'room1' ]
[2020-12-07 01:23:48.000] [INFO] - query { rid: 'room1',
  uid: 'admin',
  username: '管理员',
  mobile: '',
  role: '1',
  avatar: '',
  EIO: '3',
  transport: 'polling',
  t: 'NOv5BYG' }
[2020-12-07 01:23:48.000] [INFO] - [ 'xcMw7NmwDCsV8nCOACr-', 'room1' ]
[2020-12-07 01:30:20.001] [INFO] - query { rid: 'room1',
  uid: 'admin',
  username: '管理员',
  mobile: '',
  role: '1',
  avatar: '',
  EIO: '3',
  transport: 'polling',
  t: 'NOv6hFF' }
[2020-12-07 01:30:20.002] [INFO] - [ '8rZAIkw8mynzz3_kACr_', 'room1' ]
[2020-12-07 01:36:48.728] [INFO] - query { rid: 'room1',
  uid: 'admin',
  username: '管理员',
  mobile: '',
  role: '1',
  avatar: '',
  EIO: '3',
  transport: 'polling',
  t: 'NOv8A94' }
[2020-12-07 01:36:48.728] [INFO] - [ 'ZMjovZuDhowXIsqsACsA', 'room1' ]
[2020-12-07 01:43:23.886] [INFO] - query { rid: 'room1',
  uid: 'admin',
  username: '管理员',
  mobile: '',
  role: '1',
  avatar: '',
  EIO: '3',
  transport: 'polling',
  t: 'NOv9gdV' }
[2020-12-07 01:43:23.887] [INFO] - [ 'VwCrZpgR5zmjOkCiACsB', 'room1' ]
[2020-12-07 01:49:48.500] [INFO] - query { rid: 'room1',
  uid: 'admin',
  username: '管理员',
  mobile: '',
  role: '1',
  avatar: '',
  EIO: '3',
  transport: 'polling',
  t: 'NOvB8X0' }
[2020-12-07 01:49:48.501] [INFO] - [ 'I6tik3PZJSV2Ml1EACsC', 'room1' ]
[2020-12-07 01:56:33.462] [INFO] - query { rid: 'room1',
  uid: 'admin',
  username: '管理员',
  mobile: '',
  role: '1',
  avatar: '',
  EIO: '3',
  transport: 'polling',
  t: 'NOvChOS' }
[2020-12-07 01:56:33.462] [INFO] - [ 'ZdD9cunww9ym7rA-ACsD', 'room1' ]
[2020-12-07 02:03:30.547] [INFO] - query { rid: 'room1',
  uid: 'admin',
  username: '管理员',
  mobile: '',
  role: '1',
  avatar: '',
  EIO: '3',
  transport: 'polling',
  t: 'NOvEHDX' }
[2020-12-07 02:03:30.547] [INFO] - [ '-Ai7ii84oS0-Tf7VACsE', 'room1' ]
[2020-12-07 02:04:28.380] [INFO] - query { rid: 'room1',
  uid: 'admin',
  username: '管理员',
  mobile: '',
  role: '1',
  avatar: '',
  EIO: '3',
  transport: 'polling',
  t: 'NOvEVL9' }
[2020-12-07 02:04:28.380] [INFO] - [ 'mFVpc2-ISnbpHqa4ACsF', 'room1' ]
[2020-12-07 02:05:14.135] [INFO] - query { rid: 'room1',
  uid: 'admin',
  username: '管理员',
  mobile: '',
  role: '1',
  avatar: '',
  EIO: '3',
  transport: 'polling',
  t: 'NOvEgW5' }
[2020-12-07 02:05:14.135] [INFO] - [ 'c-BvlEcx94LqlCYRACsG', 'room1' ]
[2020-12-07 02:11:55.092] [INFO] - query { rid: 'room1',
  uid: 'admin',
  username: '管理员',
  mobile: '',
  role: '1',
  avatar: '',
  EIO: '3',
  transport: 'polling',
  t: 'NOvGCP6' }
[2020-12-07 02:11:55.092] [INFO] - [ 'ttZF9Gw4DLNKffe6ACsH', 'room1' ]
[2020-12-07 02:18:52.286] [INFO] - query { rid: 'room1',
  uid: 'admin',
  username: '管理员',
  mobile: '',
  role: '1',
  avatar: '',
  EIO: '3',
  transport: 'polling',
  t: 'NOvHoFk' }
[2020-12-07 02:18:52.286] [INFO] - [ '85rh2Xw_ttwYO1ElACsI', 'room1' ]
[2020-12-07 02:19:39.219] [INFO] - query { rid: 'room1',
  uid: 'admin',
  username: '管理员',
  mobile: '',
  role: '1',
  avatar: '',
  EIO: '3',
  transport: 'polling',
  t: 'NOvHzj5' }
[2020-12-07 02:19:39.219] [INFO] - [ 'FQEHdcaXm2XnLHOIACsJ', 'room1' ]
[2020-12-07 02:26:17.421] [INFO] - query { rid: 'room1',
  uid: 'admin',
  username: '管理员',
  mobile: '',
  role: '1',
  avatar: '',
  EIO: '3',
  transport: 'polling',
  t: 'NOvJUx0' }
[2020-12-07 02:26:17.421] [INFO] - [ 'VidyzCKhJcykjiJoACsK', 'room1' ]
[2020-12-07 02:33:14.499] [INFO] - query { rid: 'room1',
  uid: 'admin',
  username: '管理员',
  mobile: '',
  role: '1',
  avatar: '',
  EIO: '3',
  transport: 'polling',
  t: 'NOvL4lo' }
[2020-12-07 02:33:14.499] [INFO] - [ 'TUyhK031jIM3zZLjACsL', 'room1' ]
[2020-12-07 02:39:54.470] [INFO] - query { rid: 'room1',
  uid: 'admin',
  username: '管理员',
  mobile: '',
  role: '1',
  avatar: '',
  EIO: '3',
  transport: 'polling',
  t: 'NOvMcPJ' }
[2020-12-07 02:39:54.470] [INFO] - [ 'en3Xq3VFkVYXIt0CACsM', 'room1' ]
[2020-12-07 02:40:53.045] [INFO] - query { rid: 'room1',
  uid: 'admin',
  username: '管理员',
  mobile: '',
  role: '1',
  avatar: '',
  EIO: '3',
  transport: 'polling',
  t: 'NOvMqic' }
[2020-12-07 02:40:53.045] [INFO] - [ 'rlmyWv0L_vvYSKcDACsN', 'room1' ]
[2020-12-07 02:41:33.251] [INFO] - query { rid: 'room1',
  uid: 'admin',
  username: '管理员',
  mobile: '',
  role: '1',
  avatar: '',
  EIO: '3',
  transport: 'polling',
  t: 'NOvM-Wq' }
[2020-12-07 02:41:33.252] [INFO] - [ 'PZYYSrqZBzlqFpw0ACsO', 'room1' ]
[2020-12-07 02:47:54.428] [INFO] - query { rid: 'room1',
  uid: 'admin',
  username: '管理员',
  mobile: '',
  role: '1',
  avatar: '',
  EIO: '3',
  transport: 'polling',
  t: 'NOvORal' }
[2020-12-07 02:47:54.428] [INFO] - [ 'HHiRjmex0UKlTngfACsP', 'room1' ]
[2020-12-07 02:48:50.140] [INFO] - query { rid: 'room1',
  uid: 'admin',
  username: '管理员',
  mobile: '',
  role: '1',
  avatar: '',
  EIO: '3',
  transport: 'polling',
  t: 'NOvOfAF' }
[2020-12-07 02:48:50.140] [INFO] - [ 'LqcIG4sxCQO2gt1HACsQ', 'room1' ]
[2020-12-07 02:49:45.058] [INFO] - query { rid: 'room1',
  uid: 'admin',
  username: '管理员',
  mobile: '',
  role: '1',
  avatar: '',
  EIO: '3',
  transport: 'polling',
  t: 'NOvOsbI' }
[2020-12-07 02:49:45.058] [INFO] - [ 'i2Qz4FgqBqONhlCjACsR', 'room1' ]
[2020-12-07 02:55:44.693] [INFO] - query { rid: 'room1',
  uid: 'admin',
  username: '管理员',
  mobile: '',
  role: '1',
  avatar: '',
  EIO: '3',
  transport: 'polling',
  t: 'NOvQEOY' }
[2020-12-07 02:55:44.694] [INFO] - [ 'PTXZzKwPa1ecy5OJACsS', 'room1' ]
[2020-12-07 03:01:50.663] [INFO] - query { rid: 'room1',
  uid: 'admin',
  username: '管理员',
  mobile: '',
  role: '1',
  avatar: '',
  EIO: '3',
  transport: 'polling',
  t: 'NOvRdkn' }
[2020-12-07 03:01:50.663] [INFO] - [ 'JuVCgKidd8-UlhRIACsT', 'room1' ]
[2020-12-07 03:02:45.090] [INFO] - query { rid: 'room1',
  uid: 'admin',
  username: '管理员',
  mobile: '',
  role: '1',
  avatar: '',
  EIO: '3',
  transport: 'polling',
  t: 'NOvRr1M' }
[2020-12-07 03:02:45.090] [INFO] - [ 'B59u5WqeM3vX6wykACsU', 'room1' ]
[2020-12-07 03:09:06.748] [INFO] - query { rid: 'room1',
  uid: 'admin',
  username: '管理员',
  mobile: '',
  role: '1',
  avatar: '',
  EIO: '3',
  transport: 'polling',
  t: 'NOvTICd' }
[2020-12-07 03:09:06.748] [INFO] - [ '_0EvvKhrfJvEyEM7ACsV', 'room1' ]
[2020-12-07 03:15:54.299] [INFO] - query { rid: 'room1',
  uid: 'admin',
  username: '管理员',
  mobile: '',
  role: '1',
  avatar: '',
  EIO: '3',
  transport: 'polling',
  t: 'NOvUric' }
[2020-12-07 03:15:54.299] [INFO] - [ '4yQyrGN5qBx14t56ACsW', 'room1' ]
[2020-12-07 03:16:50.947] [INFO] - query { rid: 'room1',
  uid: 'admin',
  username: '管理员',
  mobile: '',
  role: '1',
  avatar: '',
  EIO: '3',
  transport: 'polling',
  t: 'NOvV3Xq' }
[2020-12-07 03:16:50.947] [INFO] - [ 'mPXCcfdMQa0mO0xkACsX', 'room1' ]
[2020-12-07 03:23:17.063] [INFO] - query { rid: 'room1',
  uid: 'admin',
  username: '管理员',
  mobile: '',
  role: '1',
  avatar: '',
  EIO: '3',
  transport: 'polling',
  t: 'NOvWXox' }
[2020-12-07 03:23:17.064] [INFO] - [ 'ouCAbqUT7Z_Cfy08ACsY', 'room1' ]
[2020-12-07 03:29:27.680] [INFO] - query { rid: 'room1',
  uid: 'admin',
  username: '管理员',
  mobile: '',
  role: '1',
  avatar: '',
  EIO: '3',
  transport: 'polling',
  t: 'NOvXyHn' }
[2020-12-07 03:29:27.680] [INFO] - [ '9A8POxs4UvwvGHToACsZ', 'room1' ]
[2020-12-07 03:30:18.344] [INFO] - query { rid: 'room1',
  uid: 'admin',
  username: '管理员',
  mobile: '',
  role: '1',
  avatar: '',
  EIO: '3',
  transport: 'polling',
  t: 'NOvY8fJ' }
[2020-12-07 03:30:18.344] [INFO] - [ 'Uri1JfrX7M-rDL-eACsa', 'room1' ]
[2020-12-07 03:36:18.228] [INFO] - query { rid: 'room1',
  uid: 'admin',
  username: '管理员',
  mobile: '',
  role: '1',
  avatar: '',
  EIO: '3',
  transport: 'polling',
  t: 'NOvZWWa' }
[2020-12-07 03:36:18.229] [INFO] - [ '2FCwx1s9yPPKHMKfACsb', 'room1' ]
[2020-12-07 03:43:19.757] [INFO] - query { rid: 'room1',
  uid: 'admin',
  username: '管理员',
  mobile: '',
  role: '1',
  avatar: '',
  EIO: '3',
  transport: 'polling',
  t: 'NOvb7R0' }
[2020-12-07 03:43:19.758] [INFO] - [ 'SnFrGL83TJ2FsPq-ACsc', 'room1' ]
[2020-12-07 03:49:59.828] [INFO] - query { rid: 'room1',
  uid: 'admin',
  username: '管理员',
  mobile: '',
  role: '1',
  avatar: '',
  EIO: '3',
  transport: 'polling',
  t: 'NOvcf65' }
[2020-12-07 03:49:59.829] [INFO] - [ 'N7GfO6fuHoXVYb-tACsd', 'room1' ]
[2020-12-07 03:56:49.721] [INFO] - query { rid: 'room1',
  uid: 'admin',
  username: '管理员',
  mobile: '',
  role: '1',
  avatar: '',
  EIO: '3',
  transport: 'polling',
  t: 'NOveDAd' }
[2020-12-07 03:56:49.721] [INFO] - [ 'F4gtF3JiiFEMyNZUACse', 'room1' ]
[2020-12-07 03:57:49.012] [INFO] - query { rid: 'room1',
  uid: 'admin',
  username: '管理员',
  mobile: '',
  role: '1',
  avatar: '',
  EIO: '3',
  transport: 'polling',
  t: 'NOveRex' }
[2020-12-07 03:57:49.012] [INFO] - [ '_7_zJslhgCrUNRCwACsf', 'room1' ]
[2020-12-07 04:04:17.489] [INFO] - query { rid: 'room1',
  uid: 'admin',
  username: '管理员',
  mobile: '',
  role: '1',
  avatar: '',
  EIO: '3',
  transport: 'polling',
  t: 'NOvfwV5' }
[2020-12-07 04:04:17.490] [INFO] - [ 'kpScKv7_8XkLwcRnACsg', 'room1' ]
[2020-12-07 04:05:12.551] [INFO] - query { rid: 'room1',
  uid: 'admin',
  username: '管理员',
  mobile: '',
  role: '1',
  avatar: '',
  EIO: '3',
  transport: 'polling',
  t: 'NOvg7wH' }
[2020-12-07 04:05:12.552] [INFO] - [ 'NSRuR9a10vn0xH6VACsh', 'room1' ]
[2020-12-07 04:11:32.201] [INFO] - query { rid: 'room1',
  uid: 'admin',
  username: '管理员',
  mobile: '',
  role: '1',
  avatar: '',
  EIO: '3',
  transport: 'polling',
  t: 'NOvhadR' }
[2020-12-07 04:11:32.201] [INFO] - [ 'yPt4_mPUVzTNyaRoACsi', 'room1' ]
[2020-12-07 04:18:11.622] [INFO] - query { rid: 'room1',
  uid: 'admin',
  username: '管理员',
  mobile: '',
  role: '1',
  avatar: '',
  EIO: '3',
  transport: 'polling',
  t: 'NOvj68L' }
[2020-12-07 04:18:11.622] [INFO] - [ 'vZhXL5cB-nFZAsrhACsj', 'room1' ]
[2020-12-07 04:19:09.894] [INFO] - query { rid: 'room1',
  uid: 'admin',
  username: '管理员',
  mobile: '',
  role: '1',
  avatar: '',
  EIO: '3',
  transport: 'polling',
  t: 'NOvjKMn' }
[2020-12-07 04:19:09.894] [INFO] - [ 'of4nRas0Gj6uzAf0ACsk', 'room1' ]
[2020-12-07 04:19:55.103] [INFO] - query { rid: 'room1',
  uid: 'admin',
  username: '管理员',
  mobile: '',
  role: '1',
  avatar: '',
  EIO: '3',
  transport: 'polling',
  t: 'NOvjVPT' }
[2020-12-07 04:19:55.104] [INFO] - [ 'xm030Q54pTh2XNFfACsl', 'room1' ]
[2020-12-07 04:26:12.302] [INFO] - query { rid: 'room1',
  uid: 'admin',
  username: '管理员',
  mobile: '',
  role: '1',
  avatar: '',
  EIO: '3',
  transport: 'polling',
  t: 'NOvkxV0' }
[2020-12-07 04:26:12.302] [INFO] - [ 'pf_UxOgji5I7U_njACsm', 'room1' ]
[2020-12-07 04:33:01.470] [INFO] - query { rid: 'room1',
  uid: 'admin',
  username: '管理员',
  mobile: '',
  role: '1',
  avatar: '',
  EIO: '3',
  transport: 'polling',
  t: 'NOvmVOI' }
[2020-12-07 04:33:01.470] [INFO] - [ 'qvRteHSaYdZd98HrACsn', 'room1' ]
[2020-12-07 04:39:54.072] [INFO] - query { rid: 'room1',
  uid: 'admin',
  username: '管理员',
  mobile: '',
  role: '1',
  avatar: '',
  EIO: '3',
  transport: 'polling',
  t: 'NOvo47D' }
[2020-12-07 04:39:54.072] [INFO] - [ 'tO0yc6B5IFz8oRzAACso', 'room1' ]
[2020-12-07 04:46:37.400] [INFO] - query { rid: 'room1',
  uid: 'admin',
  username: '管理员',
  mobile: '',
  role: '1',
  avatar: '',
  EIO: '3',
  transport: 'polling',
  t: 'NOvpcbD' }
[2020-12-07 04:46:37.400] [INFO] - [ 't2WndYMYYdSSNBZLACsp', 'room1' ]
[2020-12-07 04:47:37.649] [INFO] - query { rid: 'room1',
  uid: 'admin',
  username: '管理员',
  mobile: '',
  role: '1',
  avatar: '',
  EIO: '3',
  transport: 'polling',
  t: 'NOvprIa' }
[2020-12-07 04:47:37.650] [INFO] - [ 'bdKIb4JEFM2gmIqIACsq', 'room1' ]
[2020-12-07 04:48:15.983] [INFO] - query { rid: 'room1',
  uid: 'admin',
  username: '管理员',
  mobile: '',
  role: '1',
  avatar: '',
  EIO: '3',
  transport: 'polling',
  t: 'NOvp-fS' }
[2020-12-07 04:48:15.983] [INFO] - [ 'BxotLkCMkYzpCQbMACsr', 'room1' ]
[2020-12-07 04:54:38.211] [INFO] - query { rid: 'room1',
  uid: 'admin',
  username: '管理员',
  mobile: '',
  role: '1',
  avatar: '',
  EIO: '3',
  transport: 'polling',
  t: 'NOvrRyK' }
[2020-12-07 04:54:38.212] [INFO] - [ '91fnCB8rOFaTvhvKACss', 'room1' ]
[2020-12-07 04:55:39.689] [INFO] - query { rid: 'room1',
  uid: 'admin',
  username: '管理员',
  mobile: '',
  role: '1',
  avatar: '',
  EIO: '3',
  transport: 'polling',
  t: 'NOvrg-K' }
[2020-12-07 04:55:39.690] [INFO] - [ 'n50sxyrD3peAosaRACst', 'room1' ]
[2020-12-07 04:56:32.897] [INFO] - query { rid: 'room1',
  uid: 'admin',
  username: '管理员',
  mobile: '',
  role: '1',
  avatar: '',
  EIO: '3',
  transport: 'polling',
  t: 'NOvrtzk' }
[2020-12-07 04:56:32.897] [INFO] - [ 'q0BIFstE3jqT1Y8AACsu', 'room1' ]
[2020-12-07 05:02:54.944] [INFO] - query { rid: 'room1',
  uid: 'admin',
  username: '管理员',
  mobile: '',
  role: '1',
  avatar: '',
  EIO: '3',
  transport: 'polling',
  t: 'NOvtLFK' }
[2020-12-07 05:02:54.944] [INFO] - [ 'xxwXrl9W3lykKIljACsv', 'room1' ]
[2020-12-07 05:09:42.021] [INFO] - query { rid: 'room1',
  uid: 'admin',
  username: '管理员',
  mobile: '',
  role: '1',
  avatar: '',
  EIO: '3',
  transport: 'polling',
  t: 'NOvuuct' }
[2020-12-07 05:09:42.021] [INFO] - [ 'wqWlVQ1jLm9bkX8DACsw', 'room1' ]
[2020-12-07 05:16:20.343] [INFO] - query { rid: 'room1',
  uid: 'admin',
  username: '管理员',
  mobile: '',
  role: '1',
  avatar: '',
  EIO: '3',
  transport: 'polling',
  t: 'NOvwPte' }
[2020-12-07 05:16:20.344] [INFO] - [ 'pbr0e8TsQZZOMxCkACsx', 'room1' ]
[2020-12-07 05:23:04.240] [INFO] - query { rid: 'room1',
  uid: 'admin',
  username: '管理员',
  mobile: '',
  role: '1',
  avatar: '',
  EIO: '3',
  transport: 'polling',
  t: 'NOvxyUa' }
[2020-12-07 05:23:04.240] [INFO] - [ 'bwUV95zgnU7vUxveACsy', 'room1' ]
[2020-12-07 05:23:41.200] [INFO] - query { rid: 'room1',
  uid: 'admin',
  username: '管理员',
  mobile: '',
  role: '1',
  avatar: '',
  EIO: '3',
  transport: 'polling',
  t: 'NOvy5W2' }
[2020-12-07 05:23:41.201] [INFO] - [ 'kR4xLjeDV6nAYAeFACsz', 'room1' ]
[2020-12-07 05:24:50.434] [INFO] - query { rid: 'room1',
  uid: 'admin',
  username: '管理员',
  mobile: '',
  role: '1',
  avatar: '',
  EIO: '3',
  transport: 'polling',
  t: 'NOvyMPw' }
[2020-12-07 05:24:50.434] [INFO] - [ '_kIa0IcHyTGHzAwUACs0', 'room1' ]
[2020-12-07 05:31:22.565] [INFO] - query { rid: 'room1',
  uid: 'admin',
  username: '管理员',
  mobile: '',
  role: '1',
  avatar: '',
  EIO: '3',
  transport: 'polling',
  t: 'NOvzs8w' }
[2020-12-07 05:31:22.565] [INFO] - [ 'SeNif6Z0XmC7yWqTACs1', 'room1' ]
[2020-12-07 05:32:17.582] [INFO] - query { rid: 'room1',
  uid: 'admin',
  username: '管理员',
  mobile: '',
  role: '1',
  avatar: '',
  EIO: '3',
  transport: 'polling',
  t: 'NOv-3aZ' }
[2020-12-07 05:32:17.583] [INFO] - [ 'GmSJspeazOojB2bCACs2', 'room1' ]
[2020-12-07 05:33:07.751] [INFO] - query { rid: 'room1',
  uid: 'admin',
  username: '管理员',
  mobile: '',
  role: '1',
  avatar: '',
  EIO: '3',
  transport: 'polling',
  t: 'NOv-FqT' }
[2020-12-07 05:33:07.751] [INFO] - [ '2tpEz3fRjtXUPfFPACs3', 'room1' ]
[2020-12-07 05:39:51.261] [INFO] - query { rid: 'room1',
  uid: 'admin',
  username: '管理员',
  mobile: '',
  role: '1',
  avatar: '',
  EIO: '3',
  transport: 'polling',
  t: 'NOv_oLE' }
[2020-12-07 05:39:51.261] [INFO] - [ '6E87DTI_Aq-MAI3VACs4', 'room1' ]
[2020-12-07 05:46:30.016] [INFO] - query { rid: 'room1',
  uid: 'admin',
  username: '管理员',
  mobile: '',
  role: '1',
  avatar: '',
  EIO: '3',
  transport: 'polling',
  t: 'NOw1Jhl' }
[2020-12-07 05:46:30.016] [INFO] - [ 'ngY9a59XJVpV6dq_ACs5', 'room1' ]
[2020-12-07 05:48:00.143] [INFO] - query { rid: 'room1',
  uid: 'admin',
  username: '管理员',
  mobile: '',
  role: '1',
  avatar: '',
  EIO: '3',
  transport: 'polling',
  t: 'NOw1fi1' }
[2020-12-07 05:48:00.144] [INFO] - [ 'hsxUboyP_4RILX-fACs6', 'room1' ]
[2020-12-07 05:54:37.355] [INFO] - query { rid: 'room1',
  uid: 'admin',
  username: '管理员',
  mobile: '',
  role: '1',
  avatar: '',
  EIO: '3',
  transport: 'polling',
  t: 'NOw3AgS' }
[2020-12-07 05:54:37.356] [INFO] - [ 'bl3bD9No3OdPvQX2ACs7', 'room1' ]
[2020-12-07 05:55:28.943] [INFO] - query { rid: 'room1',
  uid: 'admin',
  username: '管理员',
  mobile: '',
  role: '1',
  avatar: '',
  EIO: '3',
  transport: 'polling',
  t: 'NOw3NGJ' }
[2020-12-07 05:55:28.943] [INFO] - [ 'DKXXSVi_ksMGaAt5ACs8', 'room1' ]
[2020-12-07 06:02:07.168] [INFO] - query { rid: 'room1',
  uid: 'admin',
  username: '管理员',
  mobile: '',
  role: '1',
  avatar: '',
  EIO: '3',
  transport: 'polling',
  t: 'NOw4uUn' }
[2020-12-07 06:02:07.168] [INFO] - [ '8olrAPsaJCxihfKMACs9', 'room1' ]
[2020-12-07 06:02:52.594] [INFO] - query { rid: 'room1',
  uid: 'admin',
  username: '管理员',
  mobile: '',
  role: '1',
  avatar: '',
  EIO: '3',
  transport: 'polling',
  t: 'NOw53af' }
[2020-12-07 06:02:52.595] [INFO] - [ '8pQDJdo4BPfsyE1xACs-', 'room1' ]
[2020-12-07 06:09:10.171] [INFO] - query { rid: 'room1',
  uid: 'admin',
  username: '管理员',
  mobile: '',
  role: '1',
  avatar: '',
  EIO: '3',
  transport: 'polling',
  t: 'NOw6Vm1' }
[2020-12-07 06:09:10.172] [INFO] - [ '1kcBYQnkgskEc-aQACs_', 'room1' ]
[2020-12-07 06:15:51.273] [INFO] - query { rid: 'room1',
  uid: 'admin',
  username: '管理员',
  mobile: '',
  role: '1',
  avatar: '',
  EIO: '3',
  transport: 'polling',
  t: 'NOw81hS' }
[2020-12-07 06:15:51.273] [INFO] - [ 'tbOBqZ_z4AoM4glqACtA', 'room1' ]
[2020-12-07 06:16:56.596] [INFO] - query { rid: 'room1',
  uid: 'admin',
  username: '管理员',
  mobile: '',
  role: '1',
  avatar: '',
  EIO: '3',
  transport: 'polling',
  t: 'NOw8He4' }
[2020-12-07 06:16:56.596] [INFO] - [ 'fefjYnBq10w6SuzPACtB', 'room1' ]
[2020-12-07 06:23:24.219] [INFO] - query { rid: 'room1',
  uid: 'admin',
  username: '管理员',
  mobile: '',
  role: '1',
  avatar: '',
  EIO: '3',
  transport: 'polling',
  t: 'NOw9mGi' }
[2020-12-07 06:23:24.219] [INFO] - [ 'LaAtAPL1TMcR7VqAACtC', 'room1' ]
[2020-12-07 06:30:10.773] [INFO] - query { rid: 'room1',
  uid: 'admin',
  username: '管理员',
  mobile: '',
  role: '1',
  avatar: '',
  EIO: '3',
  transport: 'polling',
  t: 'NOwBJWx' }
[2020-12-07 06:30:10.773] [INFO] - [ 'LMSZN3En5dPGo5xiACtD', 'room1' ]
[2020-12-07 06:31:03.616] [INFO] - query { rid: 'room1',
  uid: 'admin',
  username: '管理员',
  mobile: '',
  role: '1',
  avatar: '',
  EIO: '3',
  transport: 'polling',
  t: 'NOwBWQm' }
[2020-12-07 06:31:03.616] [INFO] - [ 'p-auis6WDvuvhyAhACtE', 'room1' ]
[2020-12-07 06:37:33.104] [INFO] - query { rid: 'room1',
  uid: 'admin',
  username: '管理员',
  mobile: '',
  role: '1',
  avatar: '',
  EIO: '3',
  transport: 'polling',
  t: 'NOwC_WU' }
[2020-12-07 06:37:33.104] [INFO] - [ '62gJmvS1dGpNfs_5ACtF', 'room1' ]
[2020-12-07 06:44:15.262] [INFO] - query { rid: 'room1',
  uid: 'admin',
  username: '管理员',
  mobile: '',
  role: '1',
  avatar: '',
  EIO: '3',
  transport: 'polling',
  t: 'NOwEXiC' }
[2020-12-07 06:44:15.262] [INFO] - [ '9fQfcZSPxN5ZUXrfACtG', 'room1' ]
[2020-12-07 06:45:18.517] [INFO] - query { rid: 'room1',
  uid: 'admin',
  username: '管理员',
  mobile: '',
  role: '1',
  avatar: '',
  EIO: '3',
  transport: 'polling',
  t: 'NOwEn8Z' }
[2020-12-07 06:45:18.517] [INFO] - [ '7lnKBmOUhAlmWLsOACtH', 'room1' ]
[2020-12-07 06:51:37.319] [INFO] - query { rid: 'room1',
  uid: 'admin',
  username: '管理员',
  mobile: '',
  role: '1',
  avatar: '',
  EIO: '3',
  transport: 'polling',
  t: 'NOwGDdJ' }
[2020-12-07 06:51:37.319] [INFO] - [ 'aJ7ED4t9N1e3yUUoACtI', 'room1' ]
[2020-12-07 06:52:56.524] [INFO] - query { rid: 'room1',
  uid: 'admin',
  username: '管理员',
  mobile: '',
  role: '1',
  avatar: '',
  EIO: '3',
  transport: 'polling',
  t: 'NOwGWyv' }
[2020-12-07 06:52:56.524] [INFO] - [ 'MvNoe60eJkTG-zlLACtJ', 'room1' ]
[2020-12-07 06:59:29.847] [INFO] - query { rid: 'room1',
  uid: 'admin',
  username: '管理员',
  mobile: '',
  role: '1',
  avatar: '',
  EIO: '3',
  transport: 'polling',
  t: 'NOwI0-f' }
[2020-12-07 06:59:29.848] [INFO] - [ 'uIBt-8MAJS-ysB8cACtK', 'room1' ]
[2020-12-07 07:00:22.398] [INFO] - query { rid: 'room1',
  uid: 'admin',
  username: '管理员',
  mobile: '',
  role: '1',
  avatar: '',
  EIO: '3',
  transport: 'polling',
  t: 'NOwIDpl' }
[2020-12-07 07:00:22.398] [INFO] - [ '72Mb77kpouzo_nY-ACtL', 'room1' ]
[2020-12-07 07:06:47.622] [INFO] - query { rid: 'room1',
  uid: 'admin',
  username: '管理员',
  mobile: '',
  role: '1',
  avatar: '',
  EIO: '3',
  transport: 'polling',
  t: 'NOwJhsv' }
[2020-12-07 07:06:47.623] [INFO] - [ 'dT0vmvvagyRh8_buACtM', 'room1' ]
[2020-12-07 07:13:39.800] [INFO] - query { rid: 'room1',
  uid: 'admin',
  username: '管理员',
  mobile: '',
  role: '1',
  avatar: '',
  EIO: '3',
  transport: 'polling',
  t: 'NOwLGSy' }
[2020-12-07 07:13:39.801] [INFO] - [ 'iNXpikdhd-3rZGBQACtN', 'room1' ]
[2020-12-07 07:20:07.451] [INFO] - query { rid: 'room1',
  uid: 'admin',
  username: '管理员',
  mobile: '',
  role: '1',
  avatar: '',
  EIO: '3',
  transport: 'polling',
  t: 'NOwMl8B' }
[2020-12-07 07:20:07.451] [INFO] - [ 'hNjBY_AJ0KpfqTVeACtO', 'room1' ]
[2020-12-07 07:20:47.889] [INFO] - query { rid: 'room1',
  uid: 'admin',
  username: '管理员',
  mobile: '',
  role: '1',
  avatar: '',
  EIO: '3',
  transport: 'polling',
  t: 'NOwMu_-' }
[2020-12-07 07:20:47.889] [INFO] - [ 'nSMvpgKXoTLmAxvBACtP', 'room1' ]
[2020-12-07 07:27:37.228] [INFO] - query { rid: 'room1',
  uid: 'admin',
  username: '管理员',
  mobile: '',
  role: '1',
  avatar: '',
  EIO: '3',
  transport: 'polling',
  t: 'NOwOSx-' }
[2020-12-07 07:27:37.229] [INFO] - [ 'yisTlQbwkIhucemhACtQ', 'room1' ]
[2020-12-07 07:28:34.418] [INFO] - query { rid: 'room1',
  uid: 'admin',
  username: '管理员',
  mobile: '',
  role: '1',
  avatar: '',
  EIO: '3',
  transport: 'polling',
  t: 'NOwOgvY' }
[2020-12-07 07:28:34.418] [INFO] - [ 's1T6khsQxS_vNBrPACtR', 'room1' ]
[2020-12-07 07:29:12.636] [INFO] - query { rid: 'room1',
  uid: 'admin',
  username: '管理员',
  mobile: '',
  role: '1',
  avatar: '',
  EIO: '3',
  transport: 'polling',
  t: 'NOwOqEd' }
[2020-12-07 07:29:12.637] [INFO] - [ 'ZyLvFBN9ITt2swv4ACtS', 'room1' ]
[2020-12-07 07:29:49.124] [INFO] - query { rid: 'room1',
  uid: 'admin',
  username: '管理员',
  mobile: '',
  role: '1',
  avatar: '',
  EIO: '3',
  transport: 'polling',
  t: 'NOwOz8r' }
[2020-12-07 07:29:49.124] [INFO] - [ 'rEjxKp8FjYqBNi6-ACtT', 'room1' ]
[2020-12-07 07:30:37.725] [INFO] - query { rid: 'room1',
  uid: 'admin',
  username: '管理员',
  mobile: '',
  role: '1',
  avatar: '',
  EIO: '3',
  transport: 'polling',
  t: 'NOwP90A' }
[2020-12-07 07:30:37.725] [INFO] - [ 'xocTCecbLnPvPEziACtU', 'room1' ]
[2020-12-07 07:31:16.933] [INFO] - query { rid: 'room1',
  uid: 'admin',
  username: '管理员',
  mobile: '',
  role: '1',
  avatar: '',
  EIO: '3',
  transport: 'polling',
  t: 'NOwPIar' }
[2020-12-07 07:31:16.933] [INFO] - [ '--zA9tVvrwa5kbAeACtV', 'room1' ]
[2020-12-07 07:38:25.559] [INFO] - query { rid: 'room1',
  uid: 'admin',
  username: '管理员',
  mobile: '',
  role: '1',
  avatar: '',
  EIO: '3',
  transport: 'polling',
  t: 'NOwQxDi' }
[2020-12-07 07:38:25.560] [INFO] - [ 'QookbkbrMI_FMDLnACtW', 'room1' ]
[2020-12-07 07:39:25.249] [INFO] - query { rid: 'room1',
  uid: 'admin',
  username: '管理员',
  mobile: '',
  role: '1',
  avatar: '',
  EIO: '3',
  transport: 'polling',
  t: 'NOwR9ok' }
[2020-12-07 07:39:25.249] [INFO] - [ 'a9EZTEl0dyhUk0kQACtX', 'room1' ]
[2020-12-07 07:40:07.604] [INFO] - query { rid: 'room1',
  uid: 'admin',
  username: '管理员',
  mobile: '',
  role: '1',
  avatar: '',
  EIO: '3',
  transport: 'polling',
  t: 'NOwRK8e' }
[2020-12-07 07:40:07.604] [INFO] - [ 'qp04jCJUPXXJYfEdACtY', 'room1' ]
[2020-12-07 07:46:38.639] [INFO] - query { rid: 'room1',
  uid: 'admin',
  username: '管理员',
  mobile: '',
  role: '1',
  avatar: '',
  EIO: '3',
  transport: 'polling',
  t: 'NOwSpcW' }
[2020-12-07 07:46:38.640] [INFO] - [ '5hFRFCOmAfG8RXxuACtZ', 'room1' ]
[2020-12-07 07:52:54.114] [INFO] - query { rid: 'room1',
  uid: 'admin',
  username: '管理员',
  mobile: '',
  role: '1',
  avatar: '',
  EIO: '3',
  transport: 'polling',
  t: 'NOwUFHG' }
[2020-12-07 07:52:54.114] [INFO] - [ 'wg2Q6WpxPNkvJXwqACta', 'room1' ]
[2020-12-07 07:59:35.551] [INFO] - query { rid: 'room1',
  uid: 'admin',
  username: '管理员',
  mobile: '',
  role: '1',
  avatar: '',
  EIO: '3',
  transport: 'polling',
  t: 'NOwVnHX' }
[2020-12-07 07:59:35.551] [INFO] - [ 'TzEyyirOfk56zc8iACtb', 'room1' ]
[2020-12-07 08:06:15.776] [INFO] - query { rid: 'room1',
  uid: 'admin',
  username: '管理员',
  mobile: '',
  role: '1',
  avatar: '',
  EIO: '3',
  transport: 'polling',
  t: 'NOwXI_H' }
[2020-12-07 08:06:15.777] [INFO] - [ 'KDkFgGRccbTxK-80ACtc', 'room1' ]
[2020-12-07 08:07:13.175] [INFO] - query { rid: 'room1',
  uid: 'admin',
  username: '管理员',
  mobile: '',
  role: '1',
  avatar: '',
  EIO: '3',
  transport: 'polling',
  t: 'NOwXX01' }
[2020-12-07 08:07:13.175] [INFO] - [ 'Bsh5dW3eQTtbw-C7ACtd', 'room1' ]
[2020-12-07 08:13:40.905] [INFO] - query { rid: 'room1',
  uid: 'admin',
  username: '管理员',
  mobile: '',
  role: '1',
  avatar: '',
  EIO: '3',
  transport: 'polling',
  t: 'NOwY_gL' }
[2020-12-07 08:13:40.906] [INFO] - [ 'sDuL7pd8nTADG1SWACte', 'room1' ]
[2020-12-07 08:20:11.502] [INFO] - query { rid: 'room1',
  uid: 'admin',
  username: '管理员',
  mobile: '',
  role: '1',
  avatar: '',
  EIO: '3',
  transport: 'polling',
  t: 'NOwaV1T' }
[2020-12-07 08:20:11.502] [INFO] - [ 'moXmjSRI3UB9T_HFACtf', 'room1' ]
[2020-12-07 08:27:04.484] [INFO] - query { rid: 'room1',
  uid: 'admin',
  username: '管理员',
  mobile: '',
  role: '1',
  avatar: '',
  EIO: '3',
  transport: 'polling',
  t: 'NOwc3sE' }
[2020-12-07 08:27:04.484] [INFO] - [ 'glk-KSP-bui_RmzLACtg', 'room1' ]
[2020-12-07 08:33:51.014] [INFO] - query { rid: 'room1',
  uid: 'admin',
  username: '管理员',
  mobile: '',
  role: '1',
  avatar: '',
  EIO: '3',
  transport: 'polling',
  t: 'NOwdd62' }
[2020-12-07 08:33:51.014] [INFO] - [ '6W0pTfpbiq3IGGr_ACth', 'room1' ]
[2020-12-07 08:34:53.376] [INFO] - query { rid: 'room1',
  uid: 'admin',
  username: '管理员',
  mobile: '',
  role: '1',
  avatar: '',
  EIO: '3',
  transport: 'polling',
  t: 'NOwdsKb' }
[2020-12-07 08:34:53.376] [INFO] - [ 'II2OYTpTC-AUdNM9ACti', 'room1' ]
[2020-12-07 08:41:08.684] [INFO] - query { rid: 'room1',
  uid: 'admin',
  username: '管理员',
  mobile: '',
  role: '1',
  avatar: '',
  EIO: '3',
  transport: 'polling',
  t: 'NOwfHz0' }
[2020-12-07 08:41:08.684] [INFO] - [ 's5ojSO80M_S1dwBlACtj', 'room1' ]
[2020-12-07 08:42:02.088] [INFO] - query { rid: 'room1',
  uid: 'admin',
  username: '管理员',
  mobile: '',
  role: '1',
  avatar: '',
  EIO: '3',
  transport: 'polling',
  t: 'NOwfU_Q' }
[2020-12-07 08:42:02.088] [INFO] - [ 'CMsEMEGAf8qZkplOACtk', 'room1' ]
[2020-12-07 08:48:24.908] [INFO] - query { rid: 'room1',
  uid: 'admin',
  username: '管理员',
  mobile: '',
  role: '1',
  avatar: '',
  EIO: '3',
  transport: 'polling',
  t: 'NOwgySx' }
[2020-12-07 08:48:24.910] [INFO] - [ '8bxnPATnWQ94j_ePACtl', 'room1' ]
[2020-12-07 08:55:09.449] [INFO] - query { rid: 'room1',
  uid: 'admin',
  username: '管理员',
  mobile: '',
  role: '1',
  avatar: '',
  EIO: '3',
  transport: 'polling',
  t: 'NOwiVDq' }
[2020-12-07 08:55:09.449] [INFO] - [ '1IWH4mI-3boLfZrKACtm', 'room1' ]
[2020-12-07 09:01:43.374] [INFO] - query { rid: 'room1',
  uid: 'admin',
  username: '管理员',
  mobile: '',
  role: '1',
  avatar: '',
  EIO: '3',
  transport: 'polling',
  t: 'NOwj_Ow' }
[2020-12-07 09:01:43.375] [INFO] - [ '5IlCB5ux3k1TxquJACtn', 'room1' ]
[2020-12-07 09:07:51.020] [INFO] - query { rid: 'room1',
  uid: 'admin',
  username: '管理员',
  mobile: '',
  role: '1',
  avatar: '',
  EIO: '3',
  transport: 'polling',
  t: 'NOwlP9K' }
[2020-12-07 09:07:51.020] [INFO] - [ 'TdGKdxHZ7he_vd3dACto', 'room1' ]
[2020-12-07 09:08:25.783] [INFO] - query { rid: 'room1',
  uid: 'admin',
  username: '管理员',
  mobile: '',
  role: '1',
  avatar: '',
  EIO: '3',
  transport: 'polling',
  t: 'NOwlXcj' }
[2020-12-07 09:08:25.784] [INFO] - [ '7UbQoMnYX3qCe_vRACtp', 'room1' ]
[2020-12-07 09:09:21.232] [INFO] - query { rid: 'room1',
  uid: 'admin',
  username: '管理员',
  mobile: '',
  role: '1',
  avatar: '',
  EIO: '3',
  transport: 'polling',
  t: 'NOwllAv' }
[2020-12-07 09:09:21.232] [INFO] - [ 'XSsgdFV9dzGeX4QEACtq', 'room1' ]
[2020-12-07 09:15:35.989] [INFO] - query { rid: 'room1',
  uid: 'admin',
  username: '管理员',
  mobile: '',
  role: '1',
  avatar: '',
  EIO: '3',
  transport: 'polling',
  t: 'NOwnAgc' }
[2020-12-07 09:15:35.989] [INFO] - [ 'UA5FEMR13QgeeQwzACtr', 'room1' ]
[2020-12-07 09:22:33.206] [INFO] - query { rid: 'room1',
  uid: 'admin',
  username: '管理员',
  mobile: '',
  role: '1',
  avatar: '',
  EIO: '3',
  transport: 'polling',
  t: 'NOwomXb' }
[2020-12-07 09:22:33.207] [INFO] - [ 'L2gBNQTcJJ2KbwuzACts', 'room1' ]
[2020-12-07 09:23:12.096] [INFO] - query { rid: 'room1',
  uid: 'admin',
  username: '管理员',
  mobile: '',
  role: '1',
  avatar: '',
  EIO: '3',
  transport: 'polling',
  t: 'NOwow1H' }
[2020-12-07 09:23:12.096] [INFO] - [ 'u-1zZxA2tOZ--Re2ACtt', 'room1' ]
[2020-12-07 09:29:59.015] [INFO] - query { rid: 'room1',
  uid: 'admin',
  username: '管理员',
  mobile: '',
  role: '1',
  avatar: '',
  EIO: '3',
  transport: 'polling',
  t: 'NOwqTNO' }
[2020-12-07 09:29:59.016] [INFO] - [ 'Qenm4MMk06OrmSz9ACtu', 'room1' ]
[2020-12-07 09:37:10.484] [INFO] - query { rid: 'room1',
  uid: 'admin',
  username: '管理员',
  mobile: '',
  role: '1',
  avatar: '',
  EIO: '3',
  transport: 'polling',
  t: 'NOws6i-' }
[2020-12-07 09:37:10.485] [INFO] - [ 'C4UGHWVtdmX7QbQ0ACtv', 'room1' ]
[2020-12-07 13:44:49.104] [INFO] - query { rid: 'room1',
  uid: 'admin',
  username: '管理员',
  mobile: '',
  role: '1',
  avatar: '',
  EIO: '3',
  transport: 'polling',
  t: 'NOxkoJ0' }
[2020-12-07 13:44:49.104] [INFO] - [ 'GIk77gW2DTDcJmcSACtw', 'room1' ]
