[2020-12-06 00:02:33.903] [INFO] - query { rid: 'room1',
  uid: 'admin',
  username: '管理员',
  mobile: '',
  role: '1',
  avatar: '',
  EIO: '3',
  transport: 'polling',
  t: 'NOpe_qV' }
[2020-12-06 00:02:33.904] [INFO] - [ 'JzytJK4DE2klT08oACmj', 'room1' ]
[2020-12-06 00:07:36.056] [INFO] - query { rid: 'room1',
  uid: 'admin',
  username: '管理员',
  mobile: '',
  role: '1',
  avatar: '',
  EIO: '3',
  transport: 'polling',
  t: 'NOpg9bf' }
[2020-12-06 00:07:36.056] [INFO] - [ '4oCn2s3xokjzMUllACmk', 'room1' ]
[2020-12-06 00:12:48.834] [INFO] - query { rid: 'room1',
  uid: 'admin',
  username: '管理员',
  mobile: '',
  role: '1',
  avatar: '',
  EIO: '3',
  transport: 'polling',
  t: 'NOphLym' }
[2020-12-06 00:12:48.834] [INFO] - [ 'h0gDqXnQy1zFHEL7ACml', 'room1' ]
[2020-12-06 00:13:21.098] [INFO] - query { rid: 'room1',
  uid: 'admin',
  username: '管理员',
  mobile: '',
  role: '1',
  avatar: '',
  EIO: '3',
  transport: 'polling',
  t: 'NOphTqc' }
[2020-12-06 00:13:21.098] [INFO] - [ 'dJG5VELJQuyyRRM0ACmm', 'room1' ]
[2020-12-06 00:18:45.689] [INFO] - query { rid: 'room1',
  uid: 'admin',
  username: '管理员',
  mobile: '',
  role: '1',
  avatar: '',
  EIO: '3',
  transport: 'polling',
  t: 'NOpij4e' }
[2020-12-06 00:18:45.689] [INFO] - [ 'aY3gSeAzH1dMrkVEACmn', 'room1' ]
[2020-12-06 00:24:12.954] [INFO] - query { rid: 'room1',
  uid: 'admin',
  username: '管理员',
  mobile: '',
  role: '1',
  avatar: '',
  EIO: '3',
  transport: 'polling',
  t: 'NOpjy-C' }
[2020-12-06 00:24:12.954] [INFO] - [ 'nPRKclEEFS1z95TcACmo', 'room1' ]
[2020-12-06 00:29:21.568] [INFO] - query { rid: 'room1',
  uid: 'admin',
  username: '管理员',
  mobile: '',
  role: '1',
  avatar: '',
  EIO: '3',
  transport: 'polling',
  t: 'NOpl8KC' }
[2020-12-06 00:29:21.569] [INFO] - [ '4lGy2TOIQY_FhlkhACmp', 'room1' ]
[2020-12-06 00:34:52.497] [INFO] - query { rid: 'room1',
  uid: 'admin',
  username: '管理员',
  mobile: '',
  role: '1',
  avatar: '',
  EIO: '3',
  transport: 'polling',
  t: 'NOpmP6o' }
[2020-12-06 00:34:52.498] [INFO] - [ '2ftUuAdTBakBxcxdACmq', 'room1' ]
[2020-12-06 00:35:42.205] [INFO] - query { rid: 'room1',
  uid: 'admin',
  username: '管理员',
  mobile: '',
  role: '1',
  avatar: '',
  EIO: '3',
  transport: 'polling',
  t: 'NOpmbFd' }
[2020-12-06 00:35:42.205] [INFO] - [ '2rfZ4vKQnE_kCvUnACmr', 'room1' ]
[2020-12-06 00:40:52.570] [INFO] - query { rid: 'room1',
  uid: 'admin',
  username: '管理员',
  mobile: '',
  role: '1',
  avatar: '',
  EIO: '3',
  transport: 'polling',
  t: 'NOpnn0g' }
[2020-12-06 00:40:52.570] [INFO] - [ 'hjwIkkJX52qDLYiZACms', 'room1' ]
[2020-12-06 00:46:06.681] [INFO] - query { rid: 'room1',
  uid: 'admin',
  username: '管理员',
  mobile: '',
  role: '1',
  avatar: '',
  EIO: '3',
  transport: 'polling',
  t: 'NOpozj0' }
[2020-12-06 00:46:06.681] [INFO] - [ 'lfK8mjIhRssHPhrWACmt', 'room1' ]
[2020-12-06 00:50:55.565] [INFO] - query { rid: 'room1',
  uid: 'admin',
  username: '管理员',
  mobile: '',
  role: '1',
  avatar: '',
  EIO: '3',
  transport: 'polling',
  t: 'NOpq4Eq' }
[2020-12-06 00:50:55.566] [INFO] - [ 'OX8pwc29Ozho7i0wACmu', 'room1' ]
[2020-12-06 00:51:27.135] [INFO] - query { rid: 'room1',
  uid: 'admin',
  username: '管理员',
  mobile: '',
  role: '1',
  avatar: '',
  EIO: '3',
  transport: 'polling',
  t: 'NOpqByC' }
[2020-12-06 00:51:27.135] [INFO] - [ 'Jpnr4U5oghc3EuKkACmv', 'room1' ]
[2020-12-06 00:52:02.691] [INFO] - query { rid: 'room1',
  uid: 'admin',
  username: '管理员',
  mobile: '',
  role: '1',
  avatar: '',
  EIO: '3',
  transport: 'polling',
  t: 'NOpqKdm' }
[2020-12-06 00:52:02.691] [INFO] - [ 'vDP35lb-GewoTFTJACmw', 'room1' ]
[2020-12-06 00:57:08.592] [INFO] - query { rid: 'room1',
  uid: 'admin',
  username: '管理员',
  mobile: '',
  role: '1',
  avatar: '',
  EIO: '3',
  transport: 'polling',
  t: 'NOprVJP' }
[2020-12-06 00:57:08.592] [INFO] - [ 'wadyfUUgq_ob7fUhACmx', 'room1' ]
[2020-12-06 01:02:27.824] [INFO] - query { rid: 'room1',
  uid: 'admin',
  username: '管理员',
  mobile: '',
  role: '1',
  avatar: '',
  EIO: '3',
  transport: 'polling',
  t: 'NOpsjFO' }
[2020-12-06 01:02:27.824] [INFO] - [ 'bZG2aKo2ADiIeGfhACmy', 'room1' ]
[2020-12-06 01:02:59.913] [INFO] - query { rid: 'room1',
  uid: 'admin',
  username: '管理员',
  mobile: '',
  role: '1',
  avatar: '',
  EIO: '3',
  transport: 'polling',
  t: 'NOpsr4n' }
[2020-12-06 01:02:59.913] [INFO] - [ 'heELIUSDliGPCilqACmz', 'room1' ]
[2020-12-06 01:08:10.501] [INFO] - query { rid: 'room1',
  uid: 'admin',
  username: '管理员',
  mobile: '',
  role: '1',
  avatar: '',
  EIO: '3',
  transport: 'polling',
  t: 'NOpu0vj' }
[2020-12-06 01:08:10.501] [INFO] - [ 'cVa03ffKmJJVkxfuACm0', 'room1' ]
[2020-12-06 01:13:44.356] [INFO] - query { rid: 'room1',
  uid: 'admin',
  username: '管理员',
  mobile: '',
  role: '1',
  avatar: '',
  EIO: '3',
  transport: 'polling',
  t: 'NOpvIQF' }
[2020-12-06 01:13:44.358] [INFO] - [ 'CjiQml7en2cTJKs8ACm1', 'room1' ]
[2020-12-06 01:14:44.132] [INFO] - query { rid: 'room1',
  uid: 'admin',
  username: '管理员',
  mobile: '',
  role: '1',
  avatar: '',
  EIO: '3',
  transport: 'polling',
  t: 'NOpvX0B' }
[2020-12-06 01:14:44.133] [INFO] - [ 'YRO5nqa-pVc-o_zAACm2', 'room1' ]
[2020-12-06 01:15:27.294] [INFO] - query { rid: 'room1',
  uid: 'admin',
  username: '管理员',
  mobile: '',
  role: '1',
  avatar: '',
  EIO: '3',
  transport: 'polling',
  t: 'NOpvhYj' }
[2020-12-06 01:15:27.295] [INFO] - [ 'e5o6JqDBBYCzNKYLACm3', 'room1' ]
[2020-12-06 01:20:49.392] [INFO] - query { rid: 'room1',
  uid: 'admin',
  username: '管理员',
  mobile: '',
  role: '1',
  avatar: '',
  EIO: '3',
  transport: 'polling',
  t: 'NOpwwBQ' }
[2020-12-06 01:20:49.393] [INFO] - [ 'NtAJHjpp5oV3rBrIACm4', 'room1' ]
[2020-12-06 01:21:34.196] [INFO] - query { rid: 'room1',
  uid: 'admin',
  username: '管理员',
  mobile: '',
  role: '1',
  avatar: '',
  EIO: '3',
  transport: 'polling',
  t: 'NOpx57X' }
[2020-12-06 01:21:34.197] [INFO] - [ 'bttTD5rr3PvBduo1ACm5', 'room1' ]
[2020-12-06 01:26:55.429] [INFO] - query { rid: 'room1',
  uid: 'admin',
  username: '管理员',
  mobile: '',
  role: '1',
  avatar: '',
  EIO: '3',
  transport: 'polling',
  t: 'NOpyJYj' }
[2020-12-06 01:26:55.429] [INFO] - [ 'lEwQj1N-3M9V-IaIACm6', 'room1' ]
[2020-12-06 01:27:29.528] [INFO] - query { rid: 'room1',
  uid: 'admin',
  username: '管理员',
  mobile: '',
  role: '1',
  avatar: '',
  EIO: '3',
  transport: 'polling',
  t: 'NOpyRta' }
[2020-12-06 01:27:29.528] [INFO] - [ 'H7R_D2rb6orTptWKACm7', 'room1' ]
[2020-12-06 01:28:19.196] [INFO] - query { rid: 'room1',
  uid: 'admin',
  username: '管理员',
  mobile: '',
  role: '1',
  avatar: '',
  EIO: '3',
  transport: 'polling',
  t: 'NOpyd_b' }
[2020-12-06 01:28:19.196] [INFO] - [ 'TmZCXNgJVT7tk3bzACm8', 'room1' ]
[2020-12-06 01:33:38.422] [INFO] - query { rid: 'room1',
  uid: 'admin',
  username: '管理员',
  mobile: '',
  role: '1',
  avatar: '',
  EIO: '3',
  transport: 'polling',
  t: 'NOpzrxU' }
[2020-12-06 01:33:38.422] [INFO] - [ 'yXVMOBY_KCk0XLBwACm9', 'room1' ]
[2020-12-06 01:38:58.800] [INFO] - query { rid: 'room1',
  uid: 'admin',
  username: '管理员',
  mobile: '',
  role: '1',
  avatar: '',
  EIO: '3',
  transport: 'polling',
  t: 'NOp_49R' }
[2020-12-06 01:38:58.800] [INFO] - [ 'RkchbgXUfWMpgvqVACm-', 'room1' ]
[2020-12-06 01:44:14.491] [INFO] - query { rid: 'room1',
  uid: 'admin',
  username: '管理员',
  mobile: '',
  role: '1',
  avatar: '',
  EIO: '3',
  transport: 'polling',
  t: 'NOq0HEC' }
[2020-12-06 01:44:14.491] [INFO] - [ 'JFhwhDdyzKgAVKJ9ACm_', 'room1' ]
[2020-12-06 01:49:26.450] [INFO] - query { rid: 'room1',
  uid: 'admin',
  username: '管理员',
  mobile: '',
  role: '1',
  avatar: '',
  EIO: '3',
  transport: 'polling',
  t: 'NOq1TOS' }
[2020-12-06 01:49:26.450] [INFO] - [ 'KR9w1xHz97zxv18SACnA', 'room1' ]
[2020-12-06 01:54:40.321] [INFO] - query { rid: 'room1',
  uid: 'admin',
  username: '管理员',
  mobile: '',
  role: '1',
  avatar: '',
  EIO: '3',
  transport: 'polling',
  t: 'NOq2g0e' }
[2020-12-06 01:54:40.321] [INFO] - [ 'q-0ZJPiLQo5PiVcbACnB', 'room1' ]
[2020-12-06 02:00:02.365] [INFO] - query { rid: 'room1',
  uid: 'admin',
  username: '管理员',
  mobile: '',
  role: '1',
  avatar: '',
  EIO: '3',
  transport: 'polling',
  t: 'NOq3uej' }
[2020-12-06 02:00:02.366] [INFO] - [ 'uNc7wsAn-gP3Wy2mACnC', 'room1' ]
[2020-12-06 02:05:19.488] [INFO] - query { rid: 'room1',
  uid: 'admin',
  username: '管理员',
  mobile: '',
  role: '1',
  avatar: '',
  EIO: '3',
  transport: 'polling',
  t: 'NOq563n' }
[2020-12-06 02:05:19.490] [INFO] - [ 'Drs83-6EksDq6XvwACnD', 'room1' ]
[2020-12-06 02:06:01.215] [INFO] - query { rid: 'room1',
  uid: 'admin',
  username: '管理员',
  mobile: '',
  role: '1',
  avatar: '',
  EIO: '3',
  transport: 'polling',
  t: 'NOq5GFj' }
[2020-12-06 02:06:01.215] [INFO] - [ 'i0wKfPGOjtB4IJ4BACnE', 'room1' ]
[2020-12-06 02:11:22.636] [INFO] - query { rid: 'room1',
  uid: 'admin',
  username: '管理员',
  mobile: '',
  role: '1',
  avatar: '',
  EIO: '3',
  transport: 'polling',
  t: 'NOq6Ujv' }
[2020-12-06 02:11:22.636] [INFO] - [ 'q7a-XYbAQcPheZpUACnF', 'room1' ]
[2020-12-06 02:16:46.384] [INFO] - query { rid: 'room1',
  uid: 'admin',
  username: '管理员',
  mobile: '',
  role: '1',
  avatar: '',
  EIO: '3',
  transport: 'polling',
  t: 'NOq7jmV' }
[2020-12-06 02:16:46.384] [INFO] - [ 'S0VfJOJMjX0onWhNACnG', 'room1' ]
[2020-12-06 02:22:03.271] [INFO] - query { rid: 'room1',
  uid: 'admin',
  username: '管理员',
  mobile: '',
  role: '1',
  avatar: '',
  EIO: '3',
  transport: 'polling',
  t: 'NOq8x7r' }
[2020-12-06 02:22:03.271] [INFO] - [ 'Z-15JyoGlvtl9YwzACnH', 'room1' ]
[2020-12-06 02:27:27.959] [INFO] - query { rid: 'room1',
  uid: 'admin',
  username: '管理员',
  mobile: '',
  role: '1',
  avatar: '',
  EIO: '3',
  transport: 'polling',
  t: 'NOqAAP5' }
[2020-12-06 02:27:27.960] [INFO] - [ 'TuUhQhqJxKY-CuPBACnI', 'room1' ]
[2020-12-06 02:32:42.255] [INFO] - query { rid: 'room1',
  uid: 'admin',
  username: '管理员',
  mobile: '',
  role: '1',
  avatar: '',
  EIO: '3',
  transport: 'polling',
  t: 'NOqBN7-' }
[2020-12-06 02:32:42.255] [INFO] - [ 'JFXYlHtudqlaQtqWACnJ', 'room1' ]
[2020-12-06 02:38:19.626] [INFO] - query { rid: 'room1',
  uid: 'admin',
  username: '管理员',
  mobile: '',
  role: '1',
  avatar: '',
  EIO: '3',
  transport: 'polling',
  t: 'NOqCfVQ' }
[2020-12-06 02:38:19.627] [INFO] - [ 'G3IPSijCLRYUVk_DACnK', 'room1' ]
[2020-12-06 02:43:49.299] [INFO] - query { rid: 'room1',
  uid: 'admin',
  username: '管理员',
  mobile: '',
  role: '1',
  avatar: '',
  EIO: '3',
  transport: 'polling',
  t: 'NOqDv-a' }
[2020-12-06 02:43:49.300] [INFO] - [ 'qElniN9uLj_IUrt7ACnL', 'room1' ]
[2020-12-06 02:49:05.144] [INFO] - query { rid: 'room1',
  uid: 'admin',
  username: '管理员',
  mobile: '',
  role: '1',
  avatar: '',
  EIO: '3',
  transport: 'polling',
  t: 'NOqF75d' }
[2020-12-06 02:49:05.144] [INFO] - [ 's6z2pqoQ0D0x8XiEACnM', 'room1' ]
[2020-12-06 02:54:50.789] [INFO] - query { rid: 'room1',
  uid: 'admin',
  username: '管理员',
  mobile: '',
  role: '1',
  avatar: '',
  EIO: '3',
  transport: 'polling',
  t: 'NOqGRUI' }
[2020-12-06 02:54:50.789] [INFO] - [ 'Tmj9hcLpJs8j7K58ACnN', 'room1' ]
[2020-12-06 02:55:37.990] [INFO] - query { rid: 'room1',
  uid: 'admin',
  username: '管理员',
  mobile: '',
  role: '1',
  avatar: '',
  EIO: '3',
  transport: 'polling',
  t: 'NOqGc_q' }
[2020-12-06 02:55:37.991] [INFO] - [ 'Ibaa6vQtfBe4puRLACnO', 'room1' ]
[2020-12-06 03:00:55.197] [INFO] - query { rid: 'room1',
  uid: 'admin',
  username: '管理员',
  mobile: '',
  role: '1',
  avatar: '',
  EIO: '3',
  transport: 'polling',
  t: 'NOqHqSB' }
[2020-12-06 03:00:55.197] [INFO] - [ 'ZaR8qeZEb135JBmDACnP', 'room1' ]
[2020-12-06 03:06:15.594] [INFO] - query { rid: 'room1',
  uid: 'admin',
  username: '管理员',
  mobile: '',
  role: '1',
  avatar: '',
  EIO: '3',
  transport: 'polling',
  t: 'NOqJ2gP' }
[2020-12-06 03:06:15.594] [INFO] - [ 'HmSYIHwBOC86ER2HACnQ', 'room1' ]
[2020-12-06 03:11:41.263] [INFO] - query { rid: 'room1',
  uid: 'admin',
  username: '管理员',
  mobile: '',
  role: '1',
  avatar: '',
  EIO: '3',
  transport: 'polling',
  t: 'NOqKIA-' }
[2020-12-06 03:11:41.264] [INFO] - [ 'bA2cYt_8je0D8vQ6ACnR', 'room1' ]
[2020-12-06 03:16:59.258] [INFO] - query { rid: 'room1',
  uid: 'admin',
  username: '管理员',
  mobile: '',
  role: '1',
  avatar: '',
  EIO: '3',
  transport: 'polling',
  t: 'NOqLVpf' }
[2020-12-06 03:16:59.259] [INFO] - [ 'luztbpBGgKPXbp29ACnS', 'room1' ]
[2020-12-06 03:17:45.506] [INFO] - query { rid: 'room1',
  uid: 'admin',
  username: '管理员',
  mobile: '',
  role: '1',
  avatar: '',
  EIO: '3',
  transport: 'polling',
  t: 'NOqLh6F' }
[2020-12-06 03:17:45.506] [INFO] - [ '9E_h77zfq7N9gn-1ACnT', 'room1' ]
[2020-12-06 03:23:18.194] [INFO] - query { rid: 'room1',
  uid: 'admin',
  username: '管理员',
  mobile: '',
  role: '1',
  avatar: '',
  EIO: '3',
  transport: 'polling',
  t: 'NOqMyKa' }
[2020-12-06 03:23:18.194] [INFO] - [ 'rY8KhyJQ74cz7yHCACnU', 'room1' ]
[2020-12-06 03:28:41.226] [INFO] - query { rid: 'room1',
  uid: 'admin',
  username: '管理员',
  mobile: '',
  role: '1',
  avatar: '',
  EIO: '3',
  transport: 'polling',
  t: 'NOqOBBt' }
[2020-12-06 03:28:41.227] [INFO] - [ 'aC8ncXz8g5SFKHQrACnV', 'room1' ]
[2020-12-06 03:34:04.073] [INFO] - query { rid: 'room1',
  uid: 'admin',
  username: '管理员',
  mobile: '',
  role: '1',
  avatar: '',
  EIO: '3',
  transport: 'polling',
  t: 'NOqPQ0N' }
[2020-12-06 03:34:04.073] [INFO] - [ 'mwFocHAwCw6JmS_8ACnW', 'room1' ]
[2020-12-06 03:39:22.502] [INFO] - query { rid: 'room1',
  uid: 'admin',
  username: '管理员',
  mobile: '',
  role: '1',
  avatar: '',
  EIO: '3',
  transport: 'polling',
  t: 'NOqQdlr' }
[2020-12-06 03:39:22.502] [INFO] - [ 'y4aIxbA3_lrAsSbSACnX', 'room1' ]
[2020-12-06 03:44:38.959] [INFO] - query { rid: 'room1',
  uid: 'admin',
  username: '管理员',
  mobile: '',
  role: '1',
  avatar: '',
  EIO: '3',
  transport: 'polling',
  t: 'NOqRr0O' }
[2020-12-06 03:44:38.960] [INFO] - [ 'QuApts3jAxBXt0nNACnY', 'room1' ]
[2020-12-06 03:49:46.060] [INFO] - query { rid: 'room1',
  uid: 'admin',
  username: '管理员',
  mobile: '',
  role: '1',
  avatar: '',
  EIO: '3',
  transport: 'polling',
  t: 'NOqS_-_' }
[2020-12-06 03:49:46.061] [INFO] - [ 'ZEAhFhJKfgTE7nbxACnZ', 'room1' ]
[2020-12-06 03:54:51.997] [INFO] - query { rid: 'room1',
  uid: 'admin',
  username: '管理员',
  mobile: '',
  role: '1',
  avatar: '',
  EIO: '3',
  transport: 'polling',
  t: 'NOqUAhB' }
[2020-12-06 03:54:51.998] [INFO] - [ 'fGCrvpDsqA7YQDe0ACna', 'room1' ]
[2020-12-06 04:00:10.236] [INFO] - query { rid: 'room1',
  uid: 'admin',
  username: '管理员',
  mobile: '',
  role: '1',
  avatar: '',
  EIO: '3',
  transport: 'polling',
  t: 'NOqVONh' }
[2020-12-06 04:00:10.236] [INFO] - [ 'AIemr5k84xJWUsYFACnb', 'room1' ]
[2020-12-06 04:05:52.099] [INFO] - query { rid: 'room1',
  uid: 'admin',
  username: '管理员',
  mobile: '',
  role: '1',
  avatar: '',
  EIO: '3',
  transport: 'polling',
  t: 'NOqWhrJ' }
[2020-12-06 04:05:52.100] [INFO] - [ 'mpPnozDV4wxHZY0vACnc', 'room1' ]
[2020-12-06 04:06:21.499] [INFO] - query { rid: 'room1',
  uid: 'admin',
  username: '管理员',
  mobile: '',
  role: '1',
  avatar: '',
  EIO: '3',
  transport: 'polling',
  t: 'NOqWp0i' }
[2020-12-06 04:06:21.499] [INFO] - [ 'yj8aaR-GhPs2WihBACnd', 'room1' ]
[2020-12-06 04:06:52.524] [INFO] - query { rid: 'room1',
  uid: 'admin',
  username: '管理员',
  mobile: '',
  role: '1',
  avatar: '',
  EIO: '3',
  transport: 'polling',
  t: 'NOqWwbP' }
[2020-12-06 04:06:52.524] [INFO] - [ 'c1askNGhl8ZQvuZvACne', 'room1' ]
[2020-12-06 04:11:59.924] [INFO] - query { rid: 'room1',
  uid: 'admin',
  username: '管理员',
  mobile: '',
  role: '1',
  avatar: '',
  EIO: '3',
  transport: 'polling',
  t: 'NOqY5ee' }
[2020-12-06 04:11:59.924] [INFO] - [ 'iOsEAOmaUrDWRNYDACnf', 'room1' ]
[2020-12-06 04:17:03.346] [INFO] - query { rid: 'room1',
  uid: 'admin',
  username: '管理员',
  mobile: '',
  role: '1',
  avatar: '',
  EIO: '3',
  transport: 'polling',
  t: 'NOqZFjc' }
[2020-12-06 04:17:03.346] [INFO] - [ 'z9i5PgWPtlzle3yvACng', 'room1' ]
[2020-12-06 04:17:39.269] [INFO] - query { rid: 'room1',
  uid: 'admin',
  username: '管理员',
  mobile: '',
  role: '1',
  avatar: '',
  EIO: '3',
  transport: 'polling',
  t: 'NOqZOUu' }
[2020-12-06 04:17:39.270] [INFO] - [ 'MIW6mYzO5mZVRDeQACnh', 'room1' ]
[2020-12-06 04:23:09.943] [INFO] - query { rid: 'room1',
  uid: 'admin',
  username: '管理员',
  mobile: '',
  role: '1',
  avatar: '',
  EIO: '3',
  transport: 'polling',
  t: 'NOqafDZ' }
[2020-12-06 04:23:09.943] [INFO] - [ 'UNoGN79umJz9THASACni', 'room1' ]
[2020-12-06 04:28:57.022] [INFO] - query { rid: 'room1',
  uid: 'admin',
  username: '管理员',
  mobile: '',
  role: '1',
  avatar: '',
  EIO: '3',
  transport: 'polling',
  t: 'NOqbzyi' }
[2020-12-06 04:28:57.022] [INFO] - [ 'l6dQW6Olx2Hs-bUgACnj', 'room1' ]
[2020-12-06 04:34:44.928] [INFO] - query { rid: 'room1',
  uid: 'admin',
  username: '管理员',
  mobile: '',
  role: '1',
  avatar: '',
  EIO: '3',
  transport: 'polling',
  t: 'NOqdIul' }
[2020-12-06 04:34:44.928] [INFO] - [ 'IjvfwrRVzXdtGMJwACnk', 'room1' ]
[2020-12-06 04:35:29.578] [INFO] - query { rid: 'room1',
  uid: 'admin',
  username: '管理员',
  mobile: '',
  role: '1',
  avatar: '',
  EIO: '3',
  transport: 'polling',
  t: 'NOqdToN' }
[2020-12-06 04:35:29.578] [INFO] - [ 'tuXS8vR44puXUuOlACnl', 'room1' ]
[2020-12-06 04:40:56.984] [INFO] - query { rid: 'room1',
  uid: 'admin',
  username: '管理员',
  mobile: '',
  role: '1',
  avatar: '',
  EIO: '3',
  transport: 'polling',
  t: 'NOqejk5' }
[2020-12-06 04:40:56.984] [INFO] - [ '3mL3rjO5-8Gj8X-NACnm', 'room1' ]
[2020-12-06 04:46:25.980] [INFO] - query { rid: 'room1',
  uid: 'admin',
  username: '管理员',
  mobile: '',
  role: '1',
  avatar: '',
  EIO: '3',
  transport: 'polling',
  t: 'NOqf-2l' }
[2020-12-06 04:46:25.981] [INFO] - [ 'BUSDHEpfq7E9RPfoACnn', 'room1' ]
[2020-12-06 04:47:15.244] [INFO] - query { rid: 'room1',
  uid: 'admin',
  username: '管理员',
  mobile: '',
  role: '1',
  avatar: '',
  EIO: '3',
  transport: 'polling',
  t: 'NOqgA4V' }
[2020-12-06 04:47:15.244] [INFO] - [ 'Lf8cHled1AycknUrACno', 'room1' ]
[2020-12-06 04:52:33.823] [INFO] - query { rid: 'room1',
  uid: 'admin',
  username: '管理员',
  mobile: '',
  role: '1',
  avatar: '',
  EIO: '3',
  transport: 'polling',
  t: 'NOqhNsE' }
[2020-12-06 04:52:33.823] [INFO] - [ 'Rg2ndHk7qDo--4lWACnp', 'room1' ]
[2020-12-06 04:53:21.516] [INFO] - query { rid: 'room1',
  uid: 'admin',
  username: '管理员',
  mobile: '',
  role: '1',
  avatar: '',
  EIO: '3',
  transport: 'polling',
  t: 'NOqhZVV' }
[2020-12-06 04:53:21.516] [INFO] - [ 'Au-OU_WvyERW7QR7ACnq', 'room1' ]
[2020-12-06 04:58:49.000] [INFO] - query { rid: 'room1',
  uid: 'admin',
  username: '管理员',
  mobile: '',
  role: '1',
  avatar: '',
  EIO: '3',
  transport: 'polling',
  t: 'NOqipSM' }
[2020-12-06 04:58:49.001] [INFO] - [ 'qNInDAIE8EKFDdaGACnr', 'room1' ]
[2020-12-06 05:04:31.934] [INFO] - query { rid: 'room1',
  uid: 'admin',
  username: '管理员',
  mobile: '',
  role: '1',
  avatar: '',
  EIO: '3',
  transport: 'polling',
  t: 'NOqk7Ag' }
[2020-12-06 05:04:31.934] [INFO] - [ 'lz2SNYBWlGO1Ns-5ACns', 'room1' ]
[2020-12-06 05:10:05.315] [INFO] - query { rid: 'room1',
  uid: 'admin',
  username: '管理员',
  mobile: '',
  role: '1',
  avatar: '',
  EIO: '3',
  transport: 'polling',
  t: 'NOqlOZn' }
[2020-12-06 05:10:05.315] [INFO] - [ 'xLuL2yNjjv637CSIACnt', 'room1' ]
[2020-12-06 05:15:33.116] [INFO] - query { rid: 'room1',
  uid: 'admin',
  username: '管理员',
  mobile: '',
  role: '1',
  avatar: '',
  EIO: '3',
  transport: 'polling',
  t: 'NOqmebk' }
[2020-12-06 05:15:33.117] [INFO] - [ 'HAr2a3lfeyOMqBzMACnu', 'room1' ]
[2020-12-06 05:20:46.424] [INFO] - query { rid: 'room1',
  uid: 'admin',
  username: '管理员',
  mobile: '',
  role: '1',
  avatar: '',
  EIO: '3',
  transport: 'polling',
  t: 'NOqnr5C' }
[2020-12-06 05:20:46.424] [INFO] - [ 'Att6rKyOKSiRdIVWACnv', 'room1' ]
[2020-12-06 05:26:02.292] [INFO] - query { rid: 'room1',
  uid: 'admin',
  username: '管理员',
  mobile: '',
  role: '1',
  avatar: '',
  EIO: '3',
  transport: 'polling',
  t: 'NOqp2Cc' }
[2020-12-06 05:26:02.292] [INFO] - [ 'w-ToDWjjv6iRdqzCACnw', 'room1' ]
[2020-12-06 05:26:35.080] [INFO] - query { rid: 'room1',
  uid: 'admin',
  username: '管理员',
  mobile: '',
  role: '1',
  avatar: '',
  EIO: '3',
  transport: 'polling',
  t: 'NOqpACy' }
[2020-12-06 05:26:35.080] [INFO] - [ 'yDojfAtRrxcv0l4ZACnx', 'room1' ]
[2020-12-06 05:32:37.853] [INFO] - query { rid: 'room1',
  uid: 'admin',
  username: '管理员',
  mobile: '',
  role: '1',
  avatar: '',
  EIO: '3',
  transport: 'polling',
  t: 'NOqqYnH' }
[2020-12-06 05:32:37.854] [INFO] - [ 'itDvhLtVx6VYHCw3ACny', 'room1' ]
[2020-12-06 05:37:56.107] [INFO] - query { rid: 'room1',
  uid: 'admin',
  username: '管理员',
  mobile: '',
  role: '1',
  avatar: '',
  EIO: '3',
  transport: 'polling',
  t: 'NOqrmTx' }
[2020-12-06 05:37:56.107] [INFO] - [ 'bpGHsSDQAZL3IQn1ACnz', 'room1' ]
[2020-12-06 05:38:34.496] [INFO] - query { rid: 'room1',
  uid: 'admin',
  username: '管理员',
  mobile: '',
  role: '1',
  avatar: '',
  EIO: '3',
  transport: 'polling',
  t: 'NOqrvrv' }
[2020-12-06 05:38:34.496] [INFO] - [ '4LFM_wwRvzDDrHMgACn0', 'room1' ]
[2020-12-06 05:43:47.633] [INFO] - query { rid: 'room1',
  uid: 'admin',
  username: '管理员',
  mobile: '',
  role: '1',
  avatar: '',
  EIO: '3',
  transport: 'polling',
  t: 'NOqt6Ia' }
[2020-12-06 05:43:47.634] [INFO] - [ 'fvSCMEz5e0I5C668ACn1', 'room1' ]
[2020-12-06 05:44:26.335] [INFO] - query { rid: 'room1',
  uid: 'admin',
  username: '管理员',
  mobile: '',
  role: '1',
  avatar: '',
  EIO: '3',
  transport: 'polling',
  t: 'NOqtFlG' }
[2020-12-06 05:44:26.335] [INFO] - [ 'AGjjlbyJdU3-WSOyACn2', 'room1' ]
[2020-12-06 05:46:20.953] [INFO] - query { rid: 'room1',
  uid: 'admin',
  username: '管理员',
  mobile: '',
  role: '1',
  avatar: '',
  EIO: '3',
  transport: 'polling',
  t: 'NOqthkC' }
[2020-12-06 05:46:20.953] [INFO] - [ 'f7TB9eSUt7AsNiBDACn3', 'room1' ]
[2020-12-06 05:51:49.328] [INFO] - query { rid: 'room1',
  uid: 'admin',
  username: '管理员',
  mobile: '',
  role: '1',
  avatar: '',
  EIO: '3',
  transport: 'polling',
  t: 'NOquxv3' }
[2020-12-06 05:51:49.329] [INFO] - [ 'pQEK2pQKUWd3D8dfACn4', 'room1' ]
[2020-12-06 05:57:00.812] [INFO] - query { rid: 'room1',
  uid: 'admin',
  username: '管理员',
  mobile: '',
  role: '1',
  avatar: '',
  EIO: '3',
  transport: 'polling',
  t: 'NOqw7xy' }
[2020-12-06 05:57:00.812] [INFO] - [ 'uTtaqs6KQWc3bovNACn5', 'room1' ]
[2020-12-06 05:57:39.210] [INFO] - query { rid: 'room1',
  uid: 'admin',
  username: '管理员',
  mobile: '',
  role: '1',
  avatar: '',
  EIO: '3',
  transport: 'polling',
  t: 'NOqwHJx' }
[2020-12-06 05:57:39.211] [INFO] - [ 'tn2MJ7IdSzITK5qRACn6', 'room1' ]
[2020-12-06 06:03:15.789] [INFO] - query { rid: 'room1',
  uid: 'admin',
  username: '管理员',
  mobile: '',
  role: '1',
  avatar: '',
  EIO: '3',
  transport: 'polling',
  t: 'NOqxZV0' }
[2020-12-06 06:03:15.790] [INFO] - [ 'ji8JnM0NY0a_ZrVKACn7', 'room1' ]
[2020-12-06 06:08:24.756] [INFO] - query { rid: 'room1',
  uid: 'admin',
  username: '管理员',
  mobile: '',
  role: '1',
  avatar: '',
  EIO: '3',
  transport: 'polling',
  t: 'NOqykwf' }
[2020-12-06 06:08:24.757] [INFO] - [ 'dcSpFq5f2m9houRHACn8', 'room1' ]
[2020-12-06 06:13:46.699] [INFO] - query { rid: 'room1',
  uid: 'admin',
  username: '管理员',
  mobile: '',
  role: '1',
  avatar: '',
  EIO: '3',
  transport: 'polling',
  t: 'NOqzzW_' }
[2020-12-06 06:13:46.699] [INFO] - [ 'bPHsr47z9tkHHczIACn9', 'room1' ]
[2020-12-06 06:14:18.104] [INFO] - query { rid: 'room1',
  uid: 'admin',
  username: '管理员',
  mobile: '',
  role: '1',
  avatar: '',
  EIO: '3',
  transport: 'polling',
  t: 'NOq-5Bb' }
[2020-12-06 06:14:18.104] [INFO] - [ 'tbwLAQ7re0Aib6XpACn-', 'room1' ]
[2020-12-06 06:14:54.799] [INFO] - query { rid: 'room1',
  uid: 'admin',
  username: '管理员',
  mobile: '',
  role: '1',
  avatar: '',
  EIO: '3',
  transport: 'polling',
  t: 'NOq-E94' }
[2020-12-06 06:14:54.800] [INFO] - [ 'WOl0ugeW_LziKbYZACn_', 'room1' ]
[2020-12-06 06:15:50.811] [INFO] - [167.248.133.54] GET http://47.100.89.2:8250/ 200 1ms
[2020-12-06 06:20:05.652] [INFO] - query { rid: 'room1',
  uid: 'admin',
  username: '管理员',
  mobile: '',
  role: '1',
  avatar: '',
  EIO: '3',
  transport: 'polling',
  t: 'NOq_Q24' }
[2020-12-06 06:20:05.652] [INFO] - [ '6hA-3FJP64tKhol2ACoA', 'room1' ]
[2020-12-06 06:25:35.160] [INFO] - query { rid: 'room1',
  uid: 'admin',
  username: '管理员',
  mobile: '',
  role: '1',
  avatar: '',
  EIO: '3',
  transport: 'polling',
  t: 'NOr0gUh' }
[2020-12-06 06:25:35.160] [INFO] - [ 'S0E7cyy3va0K6HIHACoB', 'room1' ]
[2020-12-06 06:31:15.692] [INFO] - query { rid: 'room1',
  uid: 'admin',
  username: '管理员',
  mobile: '',
  role: '1',
  avatar: '',
  EIO: '3',
  transport: 'polling',
  t: 'NOr1zdS' }
[2020-12-06 06:31:15.692] [INFO] - [ '5E-pPQxytY5BN54eACoC', 'room1' ]
[2020-12-06 06:31:54.151] [INFO] - query { rid: 'room1',
  uid: 'admin',
  username: '管理员',
  mobile: '',
  role: '1',
  avatar: '',
  EIO: '3',
  transport: 'polling',
  t: 'NOr270K' }
[2020-12-06 06:31:54.151] [INFO] - [ 'wTL02CTDWnrTah69ACoD', 'room1' ]
[2020-12-06 06:37:34.595] [INFO] - query { rid: 'room1',
  uid: 'admin',
  username: '管理员',
  mobile: '',
  role: '1',
  avatar: '',
  EIO: '3',
  transport: 'polling',
  t: 'NOr3Q7p' }
[2020-12-06 06:37:34.597] [INFO] - [ 't9Ym2wOAnuJrQseOACoE', 'room1' ]
[2020-12-06 06:42:57.131] [INFO] - query { rid: 'room1',
  uid: 'admin',
  username: '管理员',
  mobile: '',
  role: '1',
  avatar: '',
  EIO: '3',
  transport: 'polling',
  t: 'NOr4etV' }
[2020-12-06 06:42:57.131] [INFO] - [ 'ANqZBH6ExXUsmzI9ACoF', 'room1' ]
[2020-12-06 06:48:28.694] [INFO] - query { rid: 'room1',
  uid: 'admin',
  username: '管理员',
  mobile: '',
  role: '1',
  avatar: '',
  EIO: '3',
  transport: 'polling',
  t: 'NOr5vq5' }
[2020-12-06 06:48:28.695] [INFO] - [ 'ajOaDlZNEve70V0KACoG', 'room1' ]
[2020-12-06 06:54:09.639] [INFO] - query { rid: 'room1',
  uid: 'admin',
  username: '管理员',
  mobile: '',
  role: '1',
  avatar: '',
  EIO: '3',
  transport: 'polling',
  t: 'NOr7D3N' }
[2020-12-06 06:54:09.639] [INFO] - [ 'WWmsMZgYm5pCy00BACoH', 'room1' ]
[2020-12-06 06:56:25.242] [INFO] - query { rid: 'room1',
  uid: 'admin',
  username: '管理员',
  mobile: '',
  role: '1',
  avatar: '',
  EIO: '3',
  transport: 'polling',
  t: 'NOr7kA1' }
[2020-12-06 06:56:25.242] [INFO] - [ 'gSDlYXyGoIqLSyG2ACoI', 'room1' ]
[2020-12-06 07:01:53.629] [INFO] - query { rid: 'room1',
  uid: 'admin',
  username: '管理员',
  mobile: '',
  role: '1',
  avatar: '',
  EIO: '3',
  transport: 'polling',
  t: 'NOr8-L8' }
[2020-12-06 07:01:53.630] [INFO] - [ 'zLCLW3YJA12JwSezACoJ', 'room1' ]
[2020-12-06 07:07:25.492] [INFO] - query { rid: 'room1',
  uid: 'admin',
  username: '管理员',
  mobile: '',
  role: '1',
  avatar: '',
  EIO: '3',
  transport: 'polling',
  t: 'NOrAFMZ' }
[2020-12-06 07:07:25.492] [INFO] - [ '9KHAcZqh6Q4ZuWKxACoK', 'room1' ]
[2020-12-06 07:12:48.611] [INFO] - query { rid: 'room1',
  uid: 'admin',
  username: '管理员',
  mobile: '',
  role: '1',
  avatar: '',
  EIO: '3',
  transport: 'polling',
  t: 'NOrBUFE' }
[2020-12-06 07:12:48.611] [INFO] - [ 'xvQe1Tw3jzkUjGWUACoL', 'room1' ]
[2020-12-06 07:13:35.451] [INFO] - query { rid: 'room1',
  uid: 'admin',
  username: '管理员',
  mobile: '',
  role: '1',
  avatar: '',
  EIO: '3',
  transport: 'polling',
  t: 'NOrBfhC' }
[2020-12-06 07:13:35.451] [INFO] - [ 'oEEN5X8xw6iAplD3ACoM', 'room1' ]
[2020-12-06 07:18:51.474] [INFO] - query { rid: 'room1',
  uid: 'admin',
  username: '管理员',
  mobile: '',
  role: '1',
  avatar: '',
  EIO: '3',
  transport: 'polling',
  t: 'NOrCsr1' }
[2020-12-06 07:18:51.475] [INFO] - [ 'ZNC9355Z0HcwYhgQACoN', 'room1' ]
[2020-12-06 07:24:17.600] [INFO] - query { rid: 'room1',
  uid: 'admin',
  username: '管理员',
  mobile: '',
  role: '1',
  avatar: '',
  EIO: '3',
  transport: 'polling',
  t: 'NOrE6Sm' }
[2020-12-06 07:24:17.601] [INFO] - [ 'bijZ_gZ3EOPNrpinACoO', 'room1' ]
[2020-12-06 07:29:56.370] [INFO] - query { rid: 'room1',
  uid: 'admin',
  username: '管理员',
  mobile: '',
  role: '1',
  avatar: '',
  EIO: '3',
  transport: 'polling',
  t: 'NOrFPA2' }
[2020-12-06 07:29:56.371] [INFO] - [ 'm-Lc6hDb505DtpTZACoP', 'room1' ]
[2020-12-06 07:30:41.095] [INFO] - query { rid: 'room1',
  uid: 'admin',
  username: '管理员',
  mobile: '',
  role: '1',
  avatar: '',
  EIO: '3',
  transport: 'polling',
  t: 'NOrFa4u' }
[2020-12-06 07:30:41.096] [INFO] - [ 'VHfNwzoA-S752t_zACoQ', 'room1' ]
[2020-12-06 07:32:50.261] [INFO] - query { rid: 'room1',
  uid: 'admin',
  username: '管理员',
  mobile: '',
  role: '1',
  avatar: '',
  EIO: '3',
  transport: 'polling',
  t: 'NOrG3d6' }
[2020-12-06 07:32:50.261] [INFO] - [ 'qF3hoa6MkVZXjsUYACoR', 'room1' ]
[2020-12-06 07:38:20.483] [INFO] - query { rid: 'room1',
  uid: 'admin',
  username: '管理员',
  mobile: '',
  role: '1',
  avatar: '',
  EIO: '3',
  transport: 'polling',
  t: 'NOrHKEo' }
[2020-12-06 07:38:20.483] [INFO] - [ 'Rhre464-sLCjlgvpACoS', 'room1' ]
[2020-12-06 07:43:30.347] [INFO] - query { rid: 'room1',
  uid: 'admin',
  username: '管理员',
  mobile: '',
  role: '1',
  avatar: '',
  EIO: '3',
  transport: 'polling',
  t: 'NOrIVuP' }
[2020-12-06 07:43:30.347] [INFO] - [ 'FkRXIoRVZT0Wfx68ACoT', 'room1' ]
[2020-12-06 07:48:47.839] [INFO] - query { rid: 'room1',
  uid: 'admin',
  username: '管理员',
  mobile: '',
  role: '1',
  avatar: '',
  EIO: '3',
  transport: 'polling',
  t: 'NOrJjPB' }
[2020-12-06 07:48:47.839] [INFO] - [ 'REQC83eXCfNZdxrjACoU', 'room1' ]
[2020-12-06 07:54:22.449] [INFO] - query { rid: 'room1',
  uid: 'admin',
  username: '管理员',
  mobile: '',
  role: '1',
  avatar: '',
  EIO: '3',
  transport: 'polling',
  t: 'NOrK_5X' }
[2020-12-06 07:54:22.449] [INFO] - [ 'zVadmd5Q0yzF49usACoV', 'room1' ]
[2020-12-06 08:00:03.307] [INFO] - query { rid: 'room1',
  uid: 'admin',
  username: '管理员',
  mobile: '',
  role: '1',
  avatar: '',
  EIO: '3',
  transport: 'polling',
  t: 'NOrMIJB' }
[2020-12-06 08:00:03.308] [INFO] - [ 'F3kKUMxyvejbSi8BACoW', 'room1' ]
[2020-12-06 08:05:39.608] [INFO] - query { rid: 'room1',
  uid: 'admin',
  username: '管理员',
  mobile: '',
  role: '1',
  avatar: '',
  EIO: '3',
  transport: 'polling',
  t: 'NOrNaQ5' }
[2020-12-06 08:05:39.608] [INFO] - [ '6AwarKNUCZCkBzV7ACoX', 'room1' ]
[2020-12-06 08:06:22.206] [INFO] - query { rid: 'room1',
  uid: 'admin',
  username: '管理员',
  mobile: '',
  role: '1',
  avatar: '',
  EIO: '3',
  transport: 'polling',
  t: 'NOrNkpk' }
[2020-12-06 08:06:22.207] [INFO] - [ 'V5BWFaNx70Ldu07zACoY', 'room1' ]
[2020-12-06 08:11:34.414] [INFO] - query { rid: 'room1',
  uid: 'admin',
  username: '管理员',
  mobile: '',
  role: '1',
  avatar: '',
  EIO: '3',
  transport: 'polling',
  t: 'NOrOx1v' }
[2020-12-06 08:11:34.414] [INFO] - [ 'Sx1nwxLO2Djs-TLnACoZ', 'room1' ]
[2020-12-06 08:17:02.343] [INFO] - query { rid: 'room1',
  uid: 'admin',
  username: '管理员',
  mobile: '',
  role: '1',
  avatar: '',
  EIO: '3',
  transport: 'polling',
  t: 'NOrQB5x' }
[2020-12-06 08:17:02.344] [INFO] - [ 'O8dj_8m8l9jIIqISACoa', 'room1' ]
[2020-12-06 08:17:54.239] [INFO] - query { rid: 'room1',
  uid: 'admin',
  username: '管理员',
  mobile: '',
  role: '1',
  avatar: '',
  EIO: '3',
  transport: 'polling',
  t: 'NOrQNmi' }
[2020-12-06 08:17:54.239] [INFO] - [ 'dQTZmERW4FbkN-zQACob', 'room1' ]
[2020-12-06 08:23:20.213] [INFO] - query { rid: 'room1',
  uid: 'admin',
  username: '管理员',
  mobile: '',
  role: '1',
  avatar: '',
  EIO: '3',
  transport: 'polling',
  t: 'NOrRdM9' }
[2020-12-06 08:23:20.213] [INFO] - [ '9vRGD3-YYJgXgTe-ACoc', 'room1' ]
[2020-12-06 08:28:51.915] [INFO] - query { rid: 'room1',
  uid: 'admin',
  username: '管理员',
  mobile: '',
  role: '1',
  avatar: '',
  EIO: '3',
  transport: 'polling',
  t: 'NOrSuKt' }
[2020-12-06 08:28:51.916] [INFO] - [ 'q9CPEitXpnhFk9bIACod', 'room1' ]
[2020-12-06 08:34:22.333] [INFO] - query { rid: 'room1',
  uid: 'admin',
  username: '管理员',
  mobile: '',
  role: '1',
  avatar: '',
  EIO: '3',
  transport: 'polling',
  t: 'NOrU8_e' }
[2020-12-06 08:34:22.333] [INFO] - [ '8U4KWNTqkZsYoP_fACoe', 'room1' ]
[2020-12-06 08:35:00.829] [INFO] - query { rid: 'room1',
  uid: 'admin',
  username: '管理员',
  mobile: '',
  role: '1',
  avatar: '',
  EIO: '3',
  transport: 'polling',
  t: 'NOrUIPE' }
[2020-12-06 08:35:00.829] [INFO] - [ 'TiiaKGe_5FsoreMPACof', 'room1' ]
[2020-12-06 08:40:40.362] [INFO] - query { rid: 'room1',
  uid: 'admin',
  username: '管理员',
  mobile: '',
  role: '1',
  avatar: '',
  EIO: '3',
  transport: 'polling',
  t: 'NOrVbIX' }
[2020-12-06 08:40:40.362] [INFO] - [ 'sgjc7DVN2mg5z2C7ACog', 'room1' ]
[2020-12-06 08:41:27.196] [INFO] - query { rid: 'room1',
  uid: 'admin',
  username: '管理员',
  mobile: '',
  role: '1',
  avatar: '',
  EIO: '3',
  transport: 'polling',
  t: 'NOrVmkF' }
[2020-12-06 08:41:27.196] [INFO] - [ 'hAqFLIX9gA2oTCQ2ACoh', 'room1' ]
[2020-12-06 08:47:08.365] [INFO] - query { rid: 'room1',
  uid: 'admin',
  username: '管理员',
  mobile: '',
  role: '1',
  avatar: '',
  EIO: '3',
  transport: 'polling',
  t: 'NOrX40z' }
[2020-12-06 08:47:08.365] [INFO] - [ '2lj3RoPWWa2ro_UNACoi', 'room1' ]
[2020-12-06 08:53:00.471] [INFO] - query { rid: 'room1',
  uid: 'admin',
  username: '管理员',
  mobile: '',
  role: '1',
  avatar: '',
  EIO: '3',
  transport: 'polling',
  t: 'NOrYP-h' }
[2020-12-06 08:53:00.472] [INFO] - [ 'nohcl8nQcKXNocm0ACoj', 'room1' ]
[2020-12-06 08:53:53.875] [INFO] - query { rid: 'room1',
  uid: 'admin',
  username: '管理员',
  mobile: '',
  role: '1',
  avatar: '',
  EIO: '3',
  transport: 'polling',
  t: 'NOrYd14' }
[2020-12-06 08:53:53.875] [INFO] - [ 'zl-Tg3PEYejI7yHnACok', 'room1' ]
[2020-12-06 08:59:35.242] [INFO] - query { rid: 'room1',
  uid: 'admin',
  username: '管理员',
  mobile: '',
  role: '1',
  avatar: '',
  EIO: '3',
  transport: 'polling',
  t: 'NOrZwMx' }
[2020-12-06 08:59:35.242] [INFO] - [ 'hWJEd9gdE1hpeFanACol', 'room1' ]
[2020-12-06 09:00:12.419] [INFO] - query { rid: 'room1',
  uid: 'admin',
  username: '管理员',
  mobile: '',
  role: '1',
  avatar: '',
  EIO: '3',
  transport: 'polling',
  t: 'NOra3Rp' }
[2020-12-06 09:00:12.419] [INFO] - [ 'EfLM8uTJkyxenp_WACom', 'room1' ]
[2020-12-06 09:05:51.210] [INFO] - query { rid: 'room1',
  uid: 'admin',
  username: '管理员',
  mobile: '',
  role: '1',
  avatar: '',
  EIO: '3',
  transport: 'polling',
  t: 'NOrbM9O' }
[2020-12-06 09:05:51.210] [INFO] - [ '2yWALNWHmlBOvmkxACon', 'room1' ]
[2020-12-06 09:11:39.129] [INFO] - query { rid: 'room1',
  uid: 'admin',
  username: '管理员',
  mobile: '',
  role: '1',
  avatar: '',
  EIO: '3',
  transport: 'polling',
  t: 'NOrch5c' }
[2020-12-06 09:11:39.129] [INFO] - [ 'UkAtLT5J2N5DMbxXACoo', 'room1' ]
[2020-12-06 09:17:09.266] [INFO] - query { rid: 'room1',
  uid: 'admin',
  username: '管理员',
  mobile: '',
  role: '1',
  avatar: '',
  EIO: '3',
  transport: 'polling',
  t: 'NOrdxi1' }
[2020-12-06 09:17:09.267] [INFO] - [ '5_DEtHBLxd0-1ifMACop', 'room1' ]
[2020-12-06 09:23:02.208] [INFO] - query { rid: 'room1',
  uid: 'admin',
  username: '管理员',
  mobile: '',
  role: '1',
  avatar: '',
  EIO: '3',
  transport: 'polling',
  t: 'NOrfHsc' }
[2020-12-06 09:23:02.208] [INFO] - [ 'lJpLHfL4bCrlVZKaACoq', 'room1' ]
[2020-12-06 09:28:47.646] [INFO] - query { rid: 'room1',
  uid: 'admin',
  username: '管理员',
  mobile: '',
  role: '1',
  avatar: '',
  EIO: '3',
  transport: 'polling',
  t: 'NOrgcC8' }
[2020-12-06 09:28:47.646] [INFO] - [ 'yNKafLpZ0NkwrZTqACor', 'room1' ]
[2020-12-06 09:29:41.081] [INFO] - query { rid: 'room1',
  uid: 'admin',
  username: '管理员',
  mobile: '',
  role: '1',
  avatar: '',
  EIO: '3',
  transport: 'polling',
  t: 'NOrgpF0' }
[2020-12-06 09:29:41.082] [INFO] - [ 'Oc8ddK8yohpRnrudACos', 'room1' ]
[2020-12-06 09:35:34.170] [INFO] - query { rid: 'room1',
  uid: 'admin',
  username: '管理员',
  mobile: '',
  role: '1',
  avatar: '',
  EIO: '3',
  transport: 'polling',
  t: 'NOri9S8' }
[2020-12-06 09:35:34.170] [INFO] - [ 'Se1iILc9JOKc8K_KACot', 'room1' ]
[2020-12-06 09:36:20.907] [INFO] - query { rid: 'room1',
  uid: 'admin',
  username: '管理员',
  mobile: '',
  role: '1',
  avatar: '',
  EIO: '3',
  transport: 'polling',
  t: 'NOriKsV' }
[2020-12-06 09:36:20.908] [INFO] - [ '3YvDHHRA1rB1C_6LACou', 'room1' ]
[2020-12-06 09:41:51.182] [INFO] - query { rid: 'room1',
  uid: 'admin',
  username: '管理员',
  mobile: '',
  role: '1',
  avatar: '',
  EIO: '3',
  transport: 'polling',
  t: 'NOrjbUm' }
[2020-12-06 09:41:51.183] [INFO] - [ 'w0zQAQ4MxKxqt90KACov', 'room1' ]
[2020-12-06 09:47:20.263] [INFO] - query { rid: 'room1',
  uid: 'admin',
  username: '管理员',
  mobile: '',
  role: '1',
  avatar: '',
  EIO: '3',
  transport: 'polling',
  t: 'NOrkrqr' }
[2020-12-06 09:47:20.263] [INFO] - [ '5nhS4-dpDnMqfpopACow', 'room1' ]
[2020-12-06 09:52:58.288] [INFO] - query { rid: 'room1',
  uid: 'admin',
  username: '管理员',
  mobile: '',
  role: '1',
  avatar: '',
  EIO: '3',
  transport: 'polling',
  t: 'NOrm8MS' }
[2020-12-06 09:52:58.288] [INFO] - [ 'Vnw7JQx6nGYZzPHKACox', 'room1' ]
[2020-12-06 09:58:42.069] [INFO] - query { rid: 'room1',
  uid: 'admin',
  username: '管理员',
  mobile: '',
  role: '1',
  avatar: '',
  EIO: '3',
  transport: 'polling',
  t: 'NOrnSI5' }
[2020-12-06 09:58:42.069] [INFO] - [ 'XrfL8-7va9GoCKnWACoy', 'room1' ]
[2020-12-06 10:04:20.015] [INFO] - query { rid: 'room1',
  uid: 'admin',
  username: '管理员',
  mobile: '',
  role: '1',
  avatar: '',
  EIO: '3',
  transport: 'polling',
  t: 'NOrokoV' }
[2020-12-06 10:04:20.015] [INFO] - [ 'FUY2_j5APnkojNa7ACoz', 'room1' ]
[2020-12-06 10:05:11.777] [INFO] - query { rid: 'room1',
  uid: 'admin',
  username: '管理员',
  mobile: '',
  role: '1',
  avatar: '',
  EIO: '3',
  transport: 'polling',
  t: 'NOroxRK' }
[2020-12-06 10:05:11.777] [INFO] - [ 'Hs2K-QYI7bRqrN9_ACo0', 'room1' ]
[2020-12-06 10:10:50.059] [INFO] - query { rid: 'room1',
  uid: 'admin',
  username: '管理员',
  mobile: '',
  role: '1',
  avatar: '',
  EIO: '3',
  transport: 'polling',
  t: 'NOrqE0u' }
[2020-12-06 10:10:50.060] [INFO] - [ 'oo89ZuqD5gHXMSxOACo1', 'room1' ]
[2020-12-06 10:16:30.041] [INFO] - query { rid: 'room1',
  uid: 'admin',
  username: '管理员',
  mobile: '',
  role: '1',
  avatar: '',
  EIO: '3',
  transport: 'polling',
  t: 'NOrrX19' }
[2020-12-06 10:16:30.042] [INFO] - [ 'EeRXSd_Z3h-_FmeHACo2', 'room1' ]
[2020-12-06 10:18:43.462] [INFO] - query { rid: 'room1',
  uid: 'admin',
  username: '管理员',
  mobile: '',
  role: '1',
  avatar: '',
  EIO: '3',
  transport: 'polling',
  t: 'NOrs1bs' }
[2020-12-06 10:18:43.463] [INFO] - [ 'RwTR-Rpr_TnyFigYACo3', 'room1' ]
[2020-12-06 10:24:23.602] [INFO] - query { rid: 'room1',
  uid: 'admin',
  username: '管理员',
  mobile: '',
  role: '1',
  avatar: '',
  EIO: '3',
  transport: 'polling',
  t: 'NOrtKeX' }
[2020-12-06 10:24:23.602] [INFO] - [ 'tlJiC0_cI5HQOQshACo4', 'room1' ]
[2020-12-06 10:30:12.590] [INFO] - query { rid: 'room1',
  uid: 'admin',
  username: '管理员',
  mobile: '',
  role: '1',
  avatar: '',
  EIO: '3',
  transport: 'polling',
  t: 'NOrufrR' }
[2020-12-06 10:30:12.590] [INFO] - [ '3LfmERVXW2AqlCYdACo5', 'room1' ]
[2020-12-06 10:35:41.889] [INFO] - query { rid: 'room1',
  uid: 'admin',
  username: '管理员',
  mobile: '',
  role: '1',
  avatar: '',
  EIO: '3',
  transport: 'polling',
  t: 'NOrvwEo' }
[2020-12-06 10:35:41.889] [INFO] - [ 'UE22jh_s4Lj4A7rpACo6', 'room1' ]
[2020-12-06 10:36:27.604] [INFO] - query { rid: 'room1',
  uid: 'admin',
  username: '管理员',
  mobile: '',
  role: '1',
  avatar: '',
  EIO: '3',
  transport: 'polling',
  t: 'NOrw5P2' }
[2020-12-06 10:36:27.604] [INFO] - [ 't5twkzDli_aWltT4ACo7', 'room1' ]
[2020-12-06 10:42:01.274] [INFO] - query { rid: 'room1',
  uid: 'admin',
  username: '管理员',
  mobile: '',
  role: '1',
  avatar: '',
  EIO: '3',
  transport: 'polling',
  t: 'NOrxMsh' }
[2020-12-06 10:42:01.274] [INFO] - [ 'yImXderg4OLXbLJWACo8', 'room1' ]
[2020-12-06 10:42:45.805] [INFO] - query { rid: 'room1',
  uid: 'admin',
  username: '管理员',
  mobile: '',
  role: '1',
  avatar: '',
  EIO: '3',
  transport: 'polling',
  t: 'NOrxXk9' }
[2020-12-06 10:42:45.805] [INFO] - [ 'rjCLwX2uQez_VHTvACo9', 'room1' ]
[2020-12-06 10:43:17.850] [INFO] - query { rid: 'room1',
  uid: 'admin',
  username: '管理员',
  mobile: '',
  role: '1',
  avatar: '',
  EIO: '3',
  transport: 'polling',
  t: 'NOrxfZ8' }
[2020-12-06 10:43:17.851] [INFO] - [ '5uidCXGFvqjE7cqEACo-', 'room1' ]
[2020-12-06 10:49:14.420] [INFO] - query { rid: 'room1',
  uid: 'admin',
  username: '管理员',
  mobile: '',
  role: '1',
  avatar: '',
  EIO: '3',
  transport: 'polling',
  t: 'NOrz0cX' }
[2020-12-06 10:49:14.420] [INFO] - [ 'YczlVjxbfvGyKVAnACo_', 'room1' ]
[2020-12-06 10:55:23.996] [INFO] - query { rid: 'room1',
  uid: 'admin',
  username: '管理员',
  mobile: '',
  role: '1',
  avatar: '',
  EIO: '3',
  transport: 'polling',
  t: 'NOr-Qr9' }
[2020-12-06 10:55:23.997] [INFO] - [ 'pURAC3JLntISwj9MACpA', 'room1' ]
[2020-12-06 10:55:55.774] [INFO] - query { rid: 'room1',
  uid: 'admin',
  username: '管理员',
  mobile: '',
  role: '1',
  avatar: '',
  EIO: '3',
  transport: 'polling',
  t: 'NOr-Ybg' }
[2020-12-06 10:55:55.774] [INFO] - [ 'dAyV8PwEq7rS_wgyACpB', 'room1' ]
[2020-12-06 11:01:32.053] [INFO] - query { rid: 'room1',
  uid: 'admin',
  username: '管理员',
  mobile: '',
  role: '1',
  avatar: '',
  EIO: '3',
  transport: 'polling',
  t: 'NOr_qi5' }
[2020-12-06 11:01:32.054] [INFO] - [ 'Aj2bkPyDQZdc9_P1ACpC', 'room1' ]
[2020-12-06 11:06:58.940] [INFO] - query { rid: 'room1',
  uid: 'admin',
  username: '管理员',
  mobile: '',
  role: '1',
  avatar: '',
  EIO: '3',
  transport: 'polling',
  t: 'NOs14Vf' }
[2020-12-06 11:06:58.940] [INFO] - [ 'hq4l7861-Bz5W7ZWACpD', 'room1' ]
[2020-12-06 11:13:07.842] [INFO] - query { rid: 'room1',
  uid: 'admin',
  username: '管理员',
  mobile: '',
  role: '1',
  avatar: '',
  EIO: '3',
  transport: 'polling',
  t: 'NOs2UZn' }
[2020-12-06 11:13:07.842] [INFO] - [ 'DYK8cKsGP2rbFgUcACpE', 'room1' ]
[2020-12-06 11:18:42.583] [INFO] - query { rid: 'room1',
  uid: 'admin',
  username: '管理员',
  mobile: '',
  role: '1',
  avatar: '',
  EIO: '3',
  transport: 'polling',
  t: 'NOs3mI5' }
[2020-12-06 11:18:42.583] [INFO] - [ 'RYQRddNA2xQCmonqACpF', 'room1' ]
[2020-12-06 11:24:31.784] [INFO] - query { rid: 'room1',
  uid: 'admin',
  username: '管理员',
  mobile: '',
  role: '1',
  avatar: '',
  EIO: '3',
  transport: 'polling',
  t: 'NOs55YM' }
[2020-12-06 11:24:31.785] [INFO] - [ 'G9q4V8lPdj60FQGLACpG', 'room1' ]
[2020-12-06 11:25:24.686] [INFO] - query { rid: 'room1',
  uid: 'admin',
  username: '管理员',
  mobile: '',
  role: '1',
  avatar: '',
  EIO: '3',
  transport: 'polling',
  t: 'NOs5IS-' }
[2020-12-06 11:25:24.686] [INFO] - [ 'ouGVQXLrR-ghaqQzACpH', 'room1' ]
[2020-12-06 11:31:10.918] [INFO] - query { rid: 'room1',
  uid: 'admin',
  username: '管理员',
  mobile: '',
  role: '1',
  avatar: '',
  EIO: '3',
  transport: 'polling',
  t: 'NOs6c-v' }
[2020-12-06 11:31:10.918] [INFO] - [ 'nxsMPaFUa9BDYeCPACpI', 'room1' ]
[2020-12-06 11:36:58.265] [INFO] - query { rid: 'room1',
  uid: 'admin',
  username: '管理员',
  mobile: '',
  role: '1',
  avatar: '',
  EIO: '3',
  transport: 'polling',
  t: 'NOs7xo8' }
[2020-12-06 11:36:58.266] [INFO] - [ 'cn4F5kaEwP6mdUZuACpJ', 'room1' ]
[2020-12-06 11:42:41.033] [INFO] - query { rid: 'room1',
  uid: 'admin',
  username: '管理员',
  mobile: '',
  role: '1',
  avatar: '',
  EIO: '3',
  transport: 'polling',
  t: 'NOs9FTo' }
[2020-12-06 11:42:41.033] [INFO] - [ 'O-lNvm-vXL7s9tVkACpK', 'room1' ]
[2020-12-06 11:48:10.097] [INFO] - query { rid: 'room1',
  uid: 'admin',
  username: '管理员',
  mobile: '',
  role: '1',
  avatar: '',
  EIO: '3',
  transport: 'polling',
  t: 'NOsAVpR' }
[2020-12-06 11:48:10.097] [INFO] - [ 'MD72bt8HR5UYAahxACpL', 'room1' ]
[2020-12-06 11:53:41.731] [INFO] - query { rid: 'room1',
  uid: 'admin',
  username: '管理员',
  mobile: '',
  role: '1',
  avatar: '',
  EIO: '3',
  transport: 'polling',
  t: 'NOsBmnF' }
[2020-12-06 11:53:41.731] [INFO] - [ 'MW0mSt340XIwdcp0ACpM', 'room1' ]
[2020-12-06 11:59:32.815] [INFO] - query { rid: 'room1',
  uid: 'admin',
  username: '管理员',
  mobile: '',
  role: '1',
  avatar: '',
  EIO: '3',
  transport: 'polling',
  t: 'NOsD6Ux' }
[2020-12-06 11:59:32.816] [INFO] - [ '7AHPa06B4hpNDGuNACpN', 'room1' ]
[2020-12-06 12:05:26.948] [INFO] - query { rid: 'room1',
  uid: 'admin',
  username: '管理员',
  mobile: '',
  role: '1',
  avatar: '',
  EIO: '3',
  transport: 'polling',
  t: 'NOsESyF' }
[2020-12-06 12:05:26.948] [INFO] - [ '_3e8ygxhPgV6LbVRACpO', 'room1' ]
[2020-12-06 12:11:25.182] [INFO] - query { rid: 'room1',
  uid: 'admin',
  username: '管理员',
  mobile: '',
  role: '1',
  avatar: '',
  EIO: '3',
  transport: 'polling',
  t: 'NOsFqPg' }
[2020-12-06 12:11:25.182] [INFO] - [ '5ADH0MpKvBEbWJ3GACpP', 'room1' ]
[2020-12-06 12:17:16.255] [INFO] - query { rid: 'room1',
  uid: 'admin',
  username: '管理员',
  mobile: '',
  role: '1',
  avatar: '',
  EIO: '3',
  transport: 'polling',
  t: 'NOsHA7E' }
[2020-12-06 12:17:16.255] [INFO] - [ 'E0I05BLcKSKC3y9eACpQ', 'room1' ]
[2020-12-06 12:23:14.545] [INFO] - query { rid: 'room1',
  uid: 'admin',
  username: '管理员',
  mobile: '',
  role: '1',
  avatar: '',
  EIO: '3',
  transport: 'polling',
  t: 'NOsIXbS' }
[2020-12-06 12:23:14.545] [INFO] - [ '1lTXYRDB_yt3v5gjACpR', 'room1' ]
[2020-12-06 12:24:07.316] [INFO] - query { rid: 'room1',
  uid: 'admin',
  username: '管理员',
  mobile: '',
  role: '1',
  avatar: '',
  EIO: '3',
  transport: 'polling',
  t: 'NOsIkU5' }
[2020-12-06 12:24:07.316] [INFO] - [ 'L0to_Pr5ATGnMsOjACpS', 'room1' ]
[2020-12-06 12:29:42.715] [INFO] - query { rid: 'room1',
  uid: 'admin',
  username: '管理员',
  mobile: '',
  role: '1',
  avatar: '',
  EIO: '3',
  transport: 'polling',
  t: 'NOsK0Mg' }
[2020-12-06 12:29:42.715] [INFO] - [ 'K8NjJngJYw1tHXHBACpT', 'room1' ]
[2020-12-06 12:30:18.903] [INFO] - query { rid: 'room1',
  uid: 'admin',
  username: '管理员',
  mobile: '',
  role: '1',
  avatar: '',
  EIO: '3',
  transport: 'polling',
  t: 'NOsK9CB' }
[2020-12-06 12:30:18.903] [INFO] - [ '2p6afT8nOC-vNPVsACpU', 'room1' ]
[2020-12-06 12:36:06.703] [INFO] - query { rid: 'room1',
  uid: 'admin',
  username: '管理员',
  mobile: '',
  role: '1',
  avatar: '',
  EIO: '3',
  transport: 'polling',
  t: 'NOsLU6T' }
[2020-12-06 12:36:06.703] [INFO] - [ 's33hfAFipK0Cv-ypACpV', 'room1' ]
[2020-12-06 12:41:40.632] [INFO] - query { rid: 'room1',
  uid: 'admin',
  username: '管理员',
  mobile: '',
  role: '1',
  avatar: '',
  EIO: '3',
  transport: 'polling',
  t: 'NOsMle9' }
[2020-12-06 12:41:40.632] [INFO] - [ 'Vr_byRnVNYeu82HdACpW', 'room1' ]
[2020-12-06 12:47:29.103] [INFO] - query { rid: 'room1',
  uid: 'admin',
  username: '管理员',
  mobile: '',
  role: '1',
  avatar: '',
  EIO: '3',
  transport: 'polling',
  t: 'NOsO4iz' }
[2020-12-06 12:47:29.103] [INFO] - [ 'ysf5JH0RaEEDEYZMACpX', 'room1' ]
[2020-12-06 12:53:40.676] [INFO] - query { rid: 'room1',
  uid: 'admin',
  username: '管理员',
  mobile: '',
  role: '1',
  avatar: '',
  EIO: '3',
  transport: 'polling',
  t: 'NOsPVQl' }
[2020-12-06 12:53:40.676] [INFO] - [ 'U0uJm_hAZWxvMJx7ACpY', 'room1' ]
[2020-12-06 12:59:19.933] [INFO] - query { rid: 'room1',
  uid: 'admin',
  username: '管理员',
  mobile: '',
  role: '1',
  avatar: '',
  EIO: '3',
  transport: 'polling',
  t: 'NOsQoFh' }
[2020-12-06 12:59:19.933] [INFO] - [ 'VV4EWerGWJmTpz7DACpZ', 'room1' ]
[2020-12-06 13:05:15.821] [INFO] - query { rid: 'room1',
  uid: 'admin',
  username: '管理员',
  mobile: '',
  role: '1',
  avatar: '',
  EIO: '3',
  transport: 'polling',
  t: 'NOsS98R' }
[2020-12-06 13:05:15.822] [INFO] - [ 'cbkh5E7aPYZp1J06ACpa', 'room1' ]
[2020-12-06 13:10:47.081] [INFO] - query { rid: 'room1',
  uid: 'admin',
  username: '管理员',
  mobile: '',
  role: '1',
  avatar: '',
  EIO: '3',
  transport: 'polling',
  t: 'NOsTQ0O' }
[2020-12-06 13:10:47.081] [INFO] - [ '_I2eQKhsTdEAeB7bACpb', 'room1' ]
[2020-12-06 13:16:36.081] [INFO] - query { rid: 'room1',
  uid: 'admin',
  username: '管理员',
  mobile: '',
  role: '1',
  avatar: '',
  EIO: '3',
  transport: 'polling',
  t: 'NOsUlDY' }
[2020-12-06 13:16:36.082] [INFO] - [ 'tBfik8Duqj8rRBAPACpc', 'room1' ]
[2020-12-06 13:17:29.265] [INFO] - query { rid: 'room1',
  uid: 'admin',
  username: '管理员',
  mobile: '',
  role: '1',
  avatar: '',
  EIO: '3',
  transport: 'polling',
  t: 'NOsUyCX' }
[2020-12-06 13:17:29.265] [INFO] - [ 'vCpefAY1zlPjnKSKACpd', 'room1' ]
[2020-12-06 13:22:59.626] [INFO] - query { rid: 'room1',
  uid: 'admin',
  username: '管理员',
  mobile: '',
  role: '1',
  avatar: '',
  EIO: '3',
  transport: 'polling',
  t: 'NOsWCsK' }
[2020-12-06 13:22:59.626] [INFO] - [ 'blVjHa9zb1B8NxE6ACpe', 'room1' ]
[2020-12-06 13:28:37.557] [INFO] - query { rid: 'room1',
  uid: 'admin',
  username: '管理员',
  mobile: '',
  role: '1',
  avatar: '',
  EIO: '3',
  transport: 'polling',
  t: 'NOsXVMY' }
[2020-12-06 13:28:37.558] [INFO] - [ 'VwBshes73fozc8jWACpf', 'room1' ]
[2020-12-06 13:29:21.623] [INFO] - query { rid: 'room1',
  uid: 'admin',
  username: '管理员',
  mobile: '',
  role: '1',
  avatar: '',
  EIO: '3',
  transport: 'polling',
  t: 'NOsXg76' }
[2020-12-06 13:29:21.624] [INFO] - [ 'Cc9wCXMPH7LFmgEoACpg', 'room1' ]
[2020-12-06 13:34:52.035] [INFO] - query { rid: 'room1',
  uid: 'admin',
  username: '管理员',
  mobile: '',
  role: '1',
  avatar: '',
  EIO: '3',
  transport: 'polling',
  t: 'NOsYwno' }
[2020-12-06 13:34:52.035] [INFO] - [ 'X6IswnrAefhMolN3ACph', 'room1' ]
[2020-12-06 13:40:23.611] [INFO] - query { rid: 'room1',
  uid: 'admin',
  username: '管理员',
  mobile: '',
  role: '1',
  avatar: '',
  EIO: '3',
  transport: 'polling',
  t: 'NOsaBkc' }
[2020-12-06 13:40:23.611] [INFO] - [ 'p76rT20wg8EV1HseACpi', 'room1' ]
[2020-12-06 13:42:47.099] [INFO] - query { rid: 'room1',
  uid: 'admin',
  username: '管理员',
  mobile: '',
  role: '1',
  avatar: '',
  EIO: '3',
  transport: 'polling',
  t: 'NOsakmh' }
[2020-12-06 13:42:47.100] [INFO] - [ 'exfXf1cIEB6IR07PACpj', 'room1' ]
[2020-12-06 13:48:29.543] [INFO] - query { rid: 'room1',
  uid: 'admin',
  username: '管理员',
  mobile: '',
  role: '1',
  avatar: '',
  EIO: '3',
  transport: 'polling',
  t: 'NOsc2NN' }
[2020-12-06 13:48:29.544] [INFO] - [ 'XXtRkK8yB-ILtlA7ACpk', 'room1' ]
[2020-12-06 13:54:10.862] [INFO] - query { rid: 'room1',
  uid: 'admin',
  username: '管理员',
  mobile: '',
  role: '1',
  avatar: '',
  EIO: '3',
  transport: 'polling',
  t: 'NOsdLiU' }
[2020-12-06 13:54:10.862] [INFO] - [ 'ZD7X991dZHQhoKKpACpl', 'room1' ]
[2020-12-06 14:00:07.376] [INFO] - query { rid: 'room1',
  uid: 'admin',
  username: '管理员',
  mobile: '',
  role: '1',
  avatar: '',
  EIO: '3',
  transport: 'polling',
  t: 'NOseik_' }
[2020-12-06 14:00:07.376] [INFO] - [ 'W1SxRMore7Q17cSsACpm', 'room1' ]
[2020-12-06 14:00:44.455] [INFO] - query { rid: 'room1',
  uid: 'admin',
  username: '管理员',
  mobile: '',
  role: '1',
  avatar: '',
  EIO: '3',
  transport: 'polling',
  t: 'NOseroO' }
[2020-12-06 14:00:44.456] [INFO] - [ 'cQNErg3IIAxqNs-yACpn', 'room1' ]
[2020-12-06 14:06:38.310] [INFO] - query { rid: 'room1',
  uid: 'admin',
  username: '管理员',
  mobile: '',
  role: '1',
  avatar: '',
  EIO: '3',
  transport: 'polling',
  t: 'NOsgCBJ' }
[2020-12-06 14:06:38.311] [INFO] - [ 'KUbo1DI0v1No-gPpACpo', 'room1' ]
[2020-12-06 14:07:24.214] [INFO] - query { rid: 'room1',
  uid: 'admin',
  username: '管理员',
  mobile: '',
  role: '1',
  avatar: '',
  EIO: '3',
  transport: 'polling',
  t: 'NOsgNOc' }
[2020-12-06 14:07:24.215] [INFO] - [ 'vIra4kM5MNZsEFR4ACpp', 'room1' ]
[2020-12-06 14:13:08.455] [INFO] - query { rid: 'room1',
  uid: 'admin',
  username: '管理员',
  mobile: '',
  role: '1',
  avatar: '',
  EIO: '3',
  transport: 'polling',
  t: 'NOshhRN' }
[2020-12-06 14:13:08.455] [INFO] - [ 'k5gWaeWaCZ037mkSACpq', 'room1' ]
[2020-12-06 14:19:40.748] [INFO] - query { rid: 'room1',
  uid: 'admin',
  username: '管理员',
  mobile: '',
  role: '1',
  avatar: '',
  EIO: '3',
  transport: 'polling',
  t: 'NOsjBC_' }
[2020-12-06 14:19:40.748] [INFO] - [ '-SjRhsvmYxcdyQw-ACpr', 'room1' ]
[2020-12-06 14:20:27.025] [INFO] - query { rid: 'room1',
  uid: 'admin',
  username: '管理员',
  mobile: '',
  role: '1',
  avatar: '',
  EIO: '3',
  transport: 'polling',
  t: 'NOsjMV_' }
[2020-12-06 14:20:27.026] [INFO] - [ 'rptrH0cYCCCe22-NACps', 'room1' ]
[2020-12-06 14:21:05.463] [INFO] - query { rid: 'room1',
  uid: 'admin',
  username: '管理员',
  mobile: '',
  role: '1',
  avatar: '',
  EIO: '3',
  transport: 'polling',
  t: 'NOsjVuf' }
[2020-12-06 14:21:05.463] [INFO] - [ 'MIM8iPm6M9oYlaY4ACpt', 'room1' ]
[2020-12-06 14:21:38.650] [INFO] - query { rid: 'room1',
  uid: 'admin',
  username: '管理员',
  mobile: '',
  role: '1',
  avatar: '',
  EIO: '3',
  transport: 'polling',
  t: 'NOsjd_G' }
[2020-12-06 14:21:38.651] [INFO] - [ 'kSCGvij4_K9RPKMAACpu', 'room1' ]
[2020-12-06 14:27:38.342] [INFO] - query { rid: 'room1',
  uid: 'admin',
  username: '管理员',
  mobile: '',
  role: '1',
  avatar: '',
  EIO: '3',
  transport: 'polling',
  t: 'NOsk_pM' }
[2020-12-06 14:27:38.342] [INFO] - [ 'dnod6r-dVl7KSrmcACpv', 'room1' ]
[2020-12-06 14:33:51.269] [INFO] - query { rid: 'room1',
  uid: 'admin',
  username: '管理员',
  mobile: '',
  role: '1',
  avatar: '',
  EIO: '3',
  transport: 'polling',
  t: 'NOsmQsM' }
[2020-12-06 14:33:51.269] [INFO] - [ 'cLS-D-PLt50zmXFSACpw', 'room1' ]
[2020-12-06 14:40:11.509] [INFO] - query { rid: 'room1',
  uid: 'admin',
  username: '管理员',
  mobile: '',
  role: '1',
  avatar: '',
  EIO: '3',
  transport: 'polling',
  t: 'NOsnthW' }
[2020-12-06 14:40:11.509] [INFO] - [ '9Tszn3zNVvR9C6wEACpx', 'room1' ]
[2020-12-06 14:46:03.818] [INFO] - query { rid: 'room1',
  uid: 'admin',
  username: '管理员',
  mobile: '',
  role: '1',
  avatar: '',
  EIO: '3',
  transport: 'polling',
  t: 'NOspDi1' }
[2020-12-06 14:46:03.818] [INFO] - [ 'hiuUKD2CAJEg6fvFACpy', 'room1' ]
[2020-12-06 14:46:49.981] [INFO] - query { rid: 'room1',
  uid: 'admin',
  username: '管理员',
  mobile: '',
  role: '1',
  avatar: '',
  EIO: '3',
  transport: 'polling',
  t: 'NOspOzg' }
[2020-12-06 14:46:49.981] [INFO] - [ 'sbWrZjz16TdzZ3M1ACpz', 'room1' ]
[2020-12-06 14:47:27.253] [INFO] - query { rid: 'room1',
  uid: 'admin',
  username: '管理员',
  mobile: '',
  role: '1',
  avatar: '',
  EIO: '3',
  transport: 'polling',
  t: 'NOspY45' }
[2020-12-06 14:47:27.254] [INFO] - [ '3zvkGz4b84zrJ3nHACp0', 'room1' ]
[2020-12-06 14:53:31.337] [INFO] - query { rid: 'room1',
  uid: 'admin',
  username: '管理员',
  mobile: '',
  role: '1',
  avatar: '',
  EIO: '3',
  transport: 'polling',
  t: 'NOsqwyq' }
[2020-12-06 14:53:31.337] [INFO] - [ 'Fg3pQyHX5HBIv6liACp1', 'room1' ]
[2020-12-06 14:59:46.735] [INFO] - query { rid: 'room1',
  uid: 'admin',
  username: '管理员',
  mobile: '',
  role: '1',
  avatar: '',
  EIO: '3',
  transport: 'polling',
  t: 'NOssMcM' }
[2020-12-06 14:59:46.735] [INFO] - [ 'sIg2wLw8Umd8tjQrACp2', 'room1' ]
[2020-12-06 15:05:53.784] [INFO] - query { rid: 'room1',
  uid: 'admin',
  username: '管理员',
  mobile: '',
  role: '1',
  avatar: '',
  EIO: '3',
  transport: 'polling',
  t: 'NOstmDW' }
[2020-12-06 15:05:53.784] [INFO] - [ 'fsHakUC1RdhHkBb9ACp3', 'room1' ]
[2020-12-06 15:11:57.342] [INFO] - query { rid: 'room1',
  uid: 'admin',
  username: '管理员',
  mobile: '',
  role: '1',
  avatar: '',
  EIO: '3',
  transport: 'polling',
  t: 'NOsv8-3' }
[2020-12-06 15:11:57.342] [INFO] - [ '5zx02VjVLkaMr76NACp4', 'room1' ]
[2020-12-06 15:18:11.256] [INFO] - query { rid: 'room1',
  uid: 'admin',
  username: '管理员',
  mobile: '',
  role: '1',
  avatar: '',
  EIO: '3',
  transport: 'polling',
  t: 'NOswaGb' }
[2020-12-06 15:18:11.256] [INFO] - [ '6_65H6UDNDceGuulACp5', 'room1' ]
[2020-12-06 15:24:30.216] [INFO] - query { rid: 'room1',
  uid: 'admin',
  username: '管理员',
  mobile: '',
  role: '1',
  avatar: '',
  EIO: '3',
  transport: 'polling',
  t: 'NOsy0nu' }
[2020-12-06 15:24:30.216] [INFO] - [ '3lnysMj3_17MtY30ACp6', 'room1' ]
[2020-12-06 15:25:18.074] [INFO] - query { rid: 'room1',
  uid: 'admin',
  username: '管理员',
  mobile: '',
  role: '1',
  avatar: '',
  EIO: '3',
  transport: 'polling',
  t: 'NOsyCTc' }
[2020-12-06 15:25:18.074] [INFO] - [ 'DQUHQR4BODZilRMhACp7', 'room1' ]
[2020-12-06 15:31:29.178] [INFO] - query { rid: 'room1',
  uid: 'admin',
  username: '管理员',
  mobile: '',
  role: '1',
  avatar: '',
  EIO: '3',
  transport: 'polling',
  t: 'NOszd4A' }
[2020-12-06 15:31:29.179] [INFO] - [ 'qHjITjGS419ToYK9ACp8', 'room1' ]
[2020-12-06 15:37:34.577] [INFO] - query { rid: 'room1',
  uid: 'admin',
  username: '管理员',
  mobile: '',
  role: '1',
  avatar: '',
  EIO: '3',
  transport: 'polling',
  t: 'NOs_0HR' }
[2020-12-06 15:37:34.577] [INFO] - [ 'I2sb3ajPhyLAX4nFACp9', 'room1' ]
[2020-12-06 15:43:43.648] [INFO] - query { rid: 'room1',
  uid: 'admin',
  username: '管理员',
  mobile: '',
  role: '1',
  avatar: '',
  EIO: '3',
  transport: 'polling',
  t: 'NOt0QOI' }
[2020-12-06 15:43:43.648] [INFO] - [ 'ov-52QK2blBEZOAsACp-', 'room1' ]
[2020-12-06 15:49:42.280] [INFO] - query { rid: 'room1',
  uid: 'admin',
  username: '管理员',
  mobile: '',
  role: '1',
  avatar: '',
  EIO: '3',
  transport: 'polling',
  t: 'NOt1nxs' }
[2020-12-06 15:49:42.280] [INFO] - [ '46x3-dgikXsec7mBACp_', 'room1' ]
[2020-12-06 15:50:30.854] [INFO] - query { rid: 'room1',
  uid: 'admin',
  username: '管理员',
  mobile: '',
  role: '1',
  avatar: '',
  EIO: '3',
  transport: 'polling',
  t: 'NOt1zoq' }
[2020-12-06 15:50:30.855] [INFO] - [ 'zLN8A6WzVQ7VavSyACqA', 'room1' ]
[2020-12-06 15:56:29.231] [INFO] - query { rid: 'room1',
  uid: 'admin',
  username: '管理员',
  mobile: '',
  role: '1',
  avatar: '',
  EIO: '3',
  transport: 'polling',
  t: 'NOt3LIU' }
[2020-12-06 15:56:29.232] [INFO] - [ 'tkNBwFp0VwM5I9lPACqB', 'room1' ]
[2020-12-06 16:02:42.574] [INFO] - query { rid: 'room1',
  uid: 'admin',
  username: '管理员',
  mobile: '',
  role: '1',
  avatar: '',
  EIO: '3',
  transport: 'polling',
  t: 'NOt4mRz' }
[2020-12-06 16:02:42.575] [INFO] - [ 'WprY5-YFkeaMXw5HACqC', 'room1' ]
[2020-12-06 16:08:47.352] [INFO] - query { rid: 'room1',
  uid: 'admin',
  username: '管理员',
  mobile: '',
  role: '1',
  avatar: '',
  EIO: '3',
  transport: 'polling',
  t: 'NOt69Vb' }
[2020-12-06 16:08:47.352] [INFO] - [ 'g5-9anCTtG6Np2MeACqD', 'room1' ]
[2020-12-06 16:14:32.658] [INFO] - query { rid: 'room1',
  uid: 'admin',
  username: '管理员',
  mobile: '',
  role: '1',
  avatar: '',
  EIO: '3',
  transport: 'polling',
  t: 'NOt7Tp2' }
[2020-12-06 16:14:32.658] [INFO] - [ 'qx4tvjC6gwiterxpACqE', 'room1' ]
[2020-12-06 16:20:34.388] [INFO] - query { rid: 'room1',
  uid: 'admin',
  username: '管理员',
  mobile: '',
  role: '1',
  avatar: '',
  EIO: '3',
  transport: 'polling',
  t: 'NOt8s74' }
[2020-12-06 16:20:34.389] [INFO] - [ '3QivX9R8js3m4GMpACqF', 'room1' ]
[2020-12-06 16:26:42.065] [INFO] - query { rid: 'room1',
  uid: 'admin',
  username: '管理员',
  mobile: '',
  role: '1',
  avatar: '',
  EIO: '3',
  transport: 'polling',
  t: 'NOtAFty' }
[2020-12-06 16:26:42.065] [INFO] - [ 'gx0UJVisqUONc5oBACqG', 'room1' ]
[2020-12-06 16:33:08.797] [INFO] - query { rid: 'room1',
  uid: 'admin',
  username: '管理员',
  mobile: '',
  role: '1',
  avatar: '',
  EIO: '3',
  transport: 'polling',
  t: 'NOtBkIh' }
[2020-12-06 16:33:08.797] [INFO] - [ 'Q2FzQrf-ZL_MjBu2ACqH', 'room1' ]
[2020-12-06 16:39:04.026] [INFO] - query { rid: 'room1',
  uid: 'admin',
  username: '管理员',
  mobile: '',
  role: '1',
  avatar: '',
  EIO: '3',
  transport: 'polling',
  t: 'NOtD516' }
[2020-12-06 16:39:04.026] [INFO] - [ 'mrlMq1BSw7skOcz5ACqI', 'room1' ]
[2020-12-06 16:45:26.407] [INFO] - query { rid: 'room1',
  uid: 'admin',
  username: '管理员',
  mobile: '',
  role: '1',
  avatar: '',
  EIO: '3',
  transport: 'polling',
  t: 'NOtEYNv' }
[2020-12-06 16:45:26.408] [INFO] - [ 'hDWl-VIkauwbjLGdACqJ', 'room1' ]
[2020-12-06 16:51:36.075] [INFO] - query { rid: 'room1',
  uid: 'admin',
  username: '管理员',
  mobile: '',
  role: '1',
  avatar: '',
  EIO: '3',
  transport: 'polling',
  t: 'NOtFydu' }
[2020-12-06 16:51:36.076] [INFO] - [ 'zFxFd8MPKjKf9FNPACqK', 'room1' ]
[2020-12-06 16:57:45.512] [INFO] - query { rid: 'room1',
  uid: 'admin',
  username: '管理员',
  mobile: '',
  role: '1',
  avatar: '',
  EIO: '3',
  transport: 'polling',
  t: 'NOtHMqR' }
[2020-12-06 16:57:45.512] [INFO] - [ 'YFyHWOAmms_qzGSBACqL', 'room1' ]
[2020-12-06 16:58:38.586] [INFO] - query { rid: 'room1',
  uid: 'admin',
  username: '管理员',
  mobile: '',
  role: '1',
  avatar: '',
  EIO: '3',
  transport: 'polling',
  t: 'NOtHZnh' }
[2020-12-06 16:58:38.587] [INFO] - [ '-iXNPBNHciYdHnOOACqM', 'room1' ]
[2020-12-06 17:04:46.387] [INFO] - query { rid: 'room1',
  uid: 'admin',
  username: '管理员',
  mobile: '',
  role: '1',
  avatar: '',
  EIO: '3',
  transport: 'polling',
  t: 'NOtIzaZ' }
[2020-12-06 17:04:46.388] [INFO] - [ 'jHQiEc3OQ7lu9UXkACqN', 'room1' ]
[2020-12-06 17:05:34.653] [INFO] - query { rid: 'room1',
  uid: 'admin',
  username: '管理员',
  mobile: '',
  role: '1',
  avatar: '',
  EIO: '3',
  transport: 'polling',
  t: 'NOtJ9Mk' }
[2020-12-06 17:05:34.653] [INFO] - [ 'roZeIvpxLc6QR5f7ACqO', 'room1' ]
[2020-12-06 17:11:32.698] [INFO] - query { rid: 'room1',
  uid: 'admin',
  username: '管理员',
  mobile: '',
  role: '1',
  avatar: '',
  EIO: '3',
  transport: 'polling',
  t: 'NOtKWn7' }
[2020-12-06 17:11:32.699] [INFO] - [ 'KdCH8f_j7VnEvQyzACqP', 'room1' ]
[2020-12-06 17:17:27.977] [INFO] - query { rid: 'room1',
  uid: 'admin',
  username: '管理员',
  mobile: '',
  role: '1',
  avatar: '',
  EIO: '3',
  transport: 'polling',
  t: 'NOtLtWS' }
[2020-12-06 17:17:27.977] [INFO] - [ 'pa9zsAHUoXilzsVlACqQ', 'room1' ]
[2020-12-06 17:23:44.482] [INFO] - query { rid: 'room1',
  uid: 'admin',
  username: '管理员',
  mobile: '',
  role: '1',
  avatar: '',
  EIO: '3',
  transport: 'polling',
  t: 'NOtNJRH' }
[2020-12-06 17:23:44.483] [INFO] - [ 'mDkBMHkKqAgKDXB8ACqR', 'room1' ]
[2020-12-06 17:29:48.477] [INFO] - query { rid: 'room1',
  uid: 'admin',
  username: '管理员',
  mobile: '',
  role: '1',
  avatar: '',
  EIO: '3',
  transport: 'polling',
  t: 'NOtOiIj' }
[2020-12-06 17:29:48.477] [INFO] - [ 'NgU3MjFWcYHu0A10ACqS', 'room1' ]
[2020-12-06 17:35:59.648] [INFO] - query { rid: 'room1',
  uid: 'admin',
  username: '管理员',
  mobile: '',
  role: '1',
  avatar: '',
  EIO: '3',
  transport: 'polling',
  t: 'NOtQ6wF' }
[2020-12-06 17:35:59.648] [INFO] - [ 'tWvi3enYP3B0qtlRACqT', 'room1' ]
[2020-12-06 17:36:49.114] [INFO] - query { rid: 'room1',
  uid: 'admin',
  username: '管理员',
  mobile: '',
  role: '1',
  avatar: '',
  EIO: '3',
  transport: 'polling',
  t: 'NOtQI_7' }
[2020-12-06 17:36:49.114] [INFO] - [ '0rCVQVkBHxar1IaxACqU', 'room1' ]
[2020-12-06 17:37:31.551] [INFO] - query { rid: 'room1',
  uid: 'admin',
  username: '管理员',
  mobile: '',
  role: '1',
  avatar: '',
  EIO: '3',
  transport: 'polling',
  t: 'NOtQTME' }
[2020-12-06 17:37:31.551] [INFO] - [ 'sEFEXSTn8fZS8YNcACqV', 'room1' ]
[2020-12-06 17:43:30.213] [INFO] - query { rid: 'room1',
  uid: 'admin',
  username: '管理员',
  mobile: '',
  role: '1',
  avatar: '',
  EIO: '3',
  transport: 'polling',
  t: 'NOtRqwL' }
[2020-12-06 17:43:30.213] [INFO] - [ 'D5wj4OdmYck4hN5RACqW', 'room1' ]
[2020-12-06 17:49:30.147] [INFO] - query { rid: 'room1',
  uid: 'admin',
  username: '管理员',
  mobile: '',
  role: '1',
  avatar: '',
  EIO: '3',
  transport: 'polling',
  t: 'NOtTCoD' }
[2020-12-06 17:49:30.147] [INFO] - [ 'YMfJdq2FMJloxLP_ACqX', 'room1' ]
[2020-12-06 17:50:13.488] [INFO] - query { rid: 'room1',
  uid: 'admin',
  username: '管理员',
  mobile: '',
  role: '1',
  avatar: '',
  EIO: '3',
  transport: 'polling',
  t: 'NOtTNNe' }
[2020-12-06 17:50:13.490] [INFO] - [ 'SJvbiqoXnUy5fYW-ACqY', 'room1' ]
[2020-12-06 17:56:02.858] [INFO] - query { rid: 'room1',
  uid: 'admin',
  username: '管理员',
  mobile: '',
  role: '1',
  avatar: '',
  EIO: '3',
  transport: 'polling',
  t: 'NOtUigM' }
[2020-12-06 17:56:02.858] [INFO] - [ 'PwbdN_29sJzB308yACqZ', 'room1' ]
[2020-12-06 18:02:00.824] [INFO] - query { rid: 'room1',
  uid: 'admin',
  username: '管理员',
  mobile: '',
  role: '1',
  avatar: '',
  EIO: '3',
  transport: 'polling',
  t: 'NOtW43h' }
[2020-12-06 18:02:00.825] [INFO] - [ 'szTPy49Kth9y8MiEACqa', 'room1' ]
[2020-12-06 18:02:48.585] [INFO] - query { rid: 'room1',
  uid: 'admin',
  username: '管理员',
  mobile: '',
  role: '1',
  avatar: '',
  EIO: '3',
  transport: 'polling',
  t: 'NOtWFjs' }
[2020-12-06 18:02:48.585] [INFO] - [ 'guSjXjwftz6O2hwsACqb', 'room1' ]
[2020-12-06 18:08:52.827] [INFO] - query { rid: 'room1',
  uid: 'admin',
  username: '管理员',
  mobile: '',
  role: '1',
  avatar: '',
  EIO: '3',
  transport: 'polling',
  t: 'NOtXefE' }
[2020-12-06 18:08:52.827] [INFO] - [ '0DQ7PGi4R05Tq8e8ACqc', 'room1' ]
[2020-12-06 18:15:04.680] [INFO] - query { rid: 'room1',
  uid: 'admin',
  username: '管理员',
  mobile: '',
  role: '1',
  avatar: '',
  EIO: '3',
  transport: 'polling',
  t: 'NOtZ3RP' }
[2020-12-06 18:15:04.680] [INFO] - [ 'p5Tmz3v6GNldiyI3ACqd', 'room1' ]
[2020-12-06 18:21:36.209] [INFO] - query { rid: 'room1',
  uid: 'admin',
  username: '管理员',
  mobile: '',
  role: '1',
  avatar: '',
  EIO: '3',
  transport: 'polling',
  t: 'NOtaZ13' }
[2020-12-06 18:21:36.210] [INFO] - [ '0NlRfcYrLiFTLc63ACqe', 'room1' ]
[2020-12-06 18:27:47.303] [INFO] - query { rid: 'room1',
  uid: 'admin',
  username: '管理员',
  mobile: '',
  role: '1',
  avatar: '',
  EIO: '3',
  transport: 'polling',
  t: 'NOtbzdK' }
[2020-12-06 18:27:47.304] [INFO] - [ 'NEY6PZi4Gt_3vHaYACqf', 'room1' ]
[2020-12-06 18:28:36.556] [INFO] - query { rid: 'room1',
  uid: 'admin',
  username: '管理员',
  mobile: '',
  role: '1',
  avatar: '',
  EIO: '3',
  transport: 'polling',
  t: 'NOtc9ez' }
[2020-12-06 18:28:36.556] [INFO] - [ 'waCPYA922yK8LjFdACqg', 'room1' ]
[2020-12-06 18:34:26.656] [INFO] - query { rid: 'room1',
  uid: 'admin',
  username: '管理员',
  mobile: '',
  role: '1',
  avatar: '',
  EIO: '3',
  transport: 'polling',
  t: 'NOtdV7E' }
[2020-12-06 18:34:26.656] [INFO] - [ 'u8oK80z_ZraR_U3OACqh', 'room1' ]
[2020-12-06 18:40:38.777] [INFO] - query { rid: 'room1',
  uid: 'admin',
  username: '管理员',
  mobile: '',
  role: '1',
  avatar: '',
  EIO: '3',
  transport: 'polling',
  t: 'NOtevzb' }
[2020-12-06 18:40:38.777] [INFO] - [ '3J40S-NIfFxIcMSfACqi', 'room1' ]
[2020-12-06 18:46:51.728] [INFO] - query { rid: 'room1',
  uid: 'admin',
  username: '管理员',
  mobile: '',
  role: '1',
  avatar: '',
  EIO: '3',
  transport: 'polling',
  t: 'NOtgL0_' }
[2020-12-06 18:46:51.728] [INFO] - [ '71dDoucSnOm4KoQ_ACqj', 'room1' ]
[2020-12-06 18:52:49.616] [INFO] - query { rid: 'room1',
  uid: 'admin',
  username: '管理员',
  mobile: '',
  role: '1',
  avatar: '',
  EIO: '3',
  transport: 'polling',
  t: 'NOthiOx' }
[2020-12-06 18:52:49.616] [INFO] - [ 'iP9StXdxfJLjaeX4ACqk', 'room1' ]
[2020-12-06 18:58:57.722] [INFO] - query { rid: 'room1',
  uid: 'admin',
  username: '管理员',
  mobile: '',
  role: '1',
  avatar: '',
  EIO: '3',
  transport: 'polling',
  t: 'NOtj6Gj' }
[2020-12-06 18:58:57.723] [INFO] - [ 'h1eqHDQjrBjJUfcVACql', 'room1' ]
[2020-12-06 18:59:41.374] [INFO] - query { rid: 'room1',
  uid: 'admin',
  username: '管理员',
  mobile: '',
  role: '1',
  avatar: '',
  EIO: '3',
  transport: 'polling',
  t: 'NOtjGwh' }
[2020-12-06 18:59:41.374] [INFO] - [ 'ZbpPAw8sSVxWQMooACqm', 'room1' ]
[2020-12-06 19:05:42.075] [INFO] - query { rid: 'room1',
  uid: 'admin',
  username: '管理员',
  mobile: '',
  role: '1',
  avatar: '',
  EIO: '3',
  transport: 'polling',
  t: 'NOtke-j' }
[2020-12-06 19:05:42.076] [INFO] - [ 'JZ81_ncxaQ1aFQ5YACqn', 'room1' ]
[2020-12-06 19:12:01.503] [INFO] - query { rid: 'room1',
  uid: 'admin',
  username: '管理员',
  mobile: '',
  role: '1',
  avatar: '',
  EIO: '3',
  transport: 'polling',
  t: 'NOtm5dD' }
[2020-12-06 19:12:01.503] [INFO] - [ 'HrOt5ADHEZZuBLJ5ACqo', 'room1' ]
[2020-12-06 19:18:03.712] [INFO] - query { rid: 'room1',
  uid: 'admin',
  username: '管理员',
  mobile: '',
  role: '1',
  avatar: '',
  EIO: '3',
  transport: 'polling',
  t: 'NOtnU2m' }
[2020-12-06 19:18:03.712] [INFO] - [ 'geFNJmkVXb-NjAyEACqp', 'room1' ]
[2020-12-06 19:24:34.598] [INFO] - query { rid: 'room1',
  uid: 'admin',
  username: '管理员',
  mobile: '',
  role: '1',
  avatar: '',
  EIO: '3',
  transport: 'polling',
  t: 'NOtozUM' }
[2020-12-06 19:24:34.598] [INFO] - [ 'UAH267998oSczDwdACqq', 'room1' ]
[2020-12-06 19:30:52.745] [INFO] - query { rid: 'room1',
  uid: 'admin',
  username: '管理员',
  mobile: '',
  role: '1',
  avatar: '',
  EIO: '3',
  transport: 'polling',
  t: 'NOtqPow' }
[2020-12-06 19:30:52.745] [INFO] - [ 'IEpt0OF55WRI7DwUACqr', 'room1' ]
[2020-12-06 19:37:15.541] [INFO] - query { rid: 'room1',
  uid: 'admin',
  username: '管理员',
  mobile: '',
  role: '1',
  avatar: '',
  EIO: '3',
  transport: 'polling',
  t: 'NOtrtG0' }
[2020-12-06 19:37:15.542] [INFO] - [ 'epxFmVi-FiUHR0I4ACqs', 'room1' ]
[2020-12-06 19:38:10.165] [INFO] - query { rid: 'room1',
  uid: 'admin',
  username: '管理员',
  mobile: '',
  role: '1',
  avatar: '',
  EIO: '3',
  transport: 'polling',
  t: 'NOts4bb' }
[2020-12-06 19:38:10.166] [INFO] - [ 'vfYoceK_amIGInrcACqt', 'room1' ]
[2020-12-06 19:44:15.492] [INFO] - query { rid: 'room1',
  uid: 'admin',
  username: '管理员',
  mobile: '',
  role: '1',
  avatar: '',
  EIO: '3',
  transport: 'polling',
  t: 'NOttTnr' }
[2020-12-06 19:44:15.493] [INFO] - [ 'Fnlx9xWFyn13XJ66ACqu', 'room1' ]
[2020-12-06 19:50:25.585] [INFO] - query { rid: 'room1',
  uid: 'admin',
  username: '管理员',
  mobile: '',
  role: '1',
  avatar: '',
  EIO: '3',
  transport: 'polling',
  t: 'NOtuu8Y' }
[2020-12-06 19:50:25.585] [INFO] - [ '9AnVbCprGsqTK2sCACqv', 'room1' ]
[2020-12-06 19:51:14.152] [INFO] - query { rid: 'room1',
  uid: 'admin',
  username: '管理员',
  mobile: '',
  role: '1',
  avatar: '',
  EIO: '3',
  transport: 'polling',
  t: 'NOtv3_K' }
[2020-12-06 19:51:14.152] [INFO] - [ 'i4xjgmfxffRMUqbSACqw', 'room1' ]
[2020-12-06 19:57:08.582] [INFO] - query { rid: 'room1',
  uid: 'admin',
  username: '管理员',
  mobile: '',
  role: '1',
  avatar: '',
  EIO: '3',
  transport: 'polling',
  t: 'NOtwQXJ' }
[2020-12-06 19:57:08.582] [INFO] - [ 'StakPUVS34EfKr-aACqx', 'room1' ]
[2020-12-06 19:57:42.487] [INFO] - query { rid: 'room1',
  uid: 'admin',
  username: '管理员',
  mobile: '',
  role: '1',
  avatar: '',
  EIO: '3',
  transport: 'polling',
  t: 'NOtwYp4' }
[2020-12-06 19:57:42.487] [INFO] - [ '5k3ShCu08DFakvipACqy', 'room1' ]
[2020-12-06 20:03:59.573] [INFO] - query { rid: 'room1',
  uid: 'admin',
  username: '管理员',
  mobile: '',
  role: '1',
  avatar: '',
  EIO: '3',
  transport: 'polling',
  t: 'NOtx-t3' }
[2020-12-06 20:03:59.573] [INFO] - [ '7TFbwBrbTeKGSS8CACqz', 'room1' ]
[2020-12-06 20:10:18.815] [INFO] - query { rid: 'room1',
  uid: 'admin',
  username: '管理员',
  mobile: '',
  role: '1',
  avatar: '',
  EIO: '3',
  transport: 'polling',
  t: 'NOtzRSi' }
[2020-12-06 20:10:18.815] [INFO] - [ '-OOjSkqTG7QUL8S-ACq0', 'room1' ]
[2020-12-06 20:11:03.303] [INFO] - query { rid: 'room1',
  uid: 'admin',
  username: '管理员',
  mobile: '',
  role: '1',
  avatar: '',
  EIO: '3',
  transport: 'polling',
  t: 'NOtzcJj' }
[2020-12-06 20:11:03.303] [INFO] - [ 'Yo1oo2tkJhhF2JTxACq1', 'room1' ]
[2020-12-06 20:17:09.540] [INFO] - query { rid: 'room1',
  uid: 'admin',
  username: '管理员',
  mobile: '',
  role: '1',
  avatar: '',
  EIO: '3',
  transport: 'polling',
  t: 'NOt-_kH' }
[2020-12-06 20:17:09.540] [INFO] - [ '65s3Wym2UYvwvFRpACq2', 'room1' ]
[2020-12-06 20:23:18.381] [INFO] - query { rid: 'room1',
  uid: 'admin',
  username: '管理员',
  mobile: '',
  role: '1',
  avatar: '',
  EIO: '3',
  transport: 'polling',
  t: 'NOu0PnR' }
[2020-12-06 20:23:18.381] [INFO] - [ 'c7TczvxR5CxGPeBcACq3', 'room1' ]
[2020-12-06 20:24:11.116] [INFO] - query { rid: 'room1',
  uid: 'admin',
  username: '管理员',
  mobile: '',
  role: '1',
  avatar: '',
  EIO: '3',
  transport: 'polling',
  t: 'NOu0cfS' }
[2020-12-06 20:24:11.117] [INFO] - [ 'eVFjObfQhCMwnaq3ACq4', 'room1' ]
[2020-12-06 20:30:12.521] [INFO] - query { rid: 'room1',
  uid: 'admin',
  username: '管理员',
  mobile: '',
  role: '1',
  avatar: '',
  EIO: '3',
  transport: 'polling',
  t: 'NOu1-uO' }
[2020-12-06 20:30:12.521] [INFO] - [ 'qq-nvY3ajfrT0zMXACq5', 'room1' ]
[2020-12-06 20:30:46.436] [INFO] - query { rid: 'room1',
  uid: 'admin',
  username: '管理员',
  mobile: '',
  role: '1',
  avatar: '',
  EIO: '3',
  transport: 'polling',
  t: 'NOu27AF' }
[2020-12-06 20:30:46.436] [INFO] - [ '7PGJRrH7toZzVG9uACq6', 'room1' ]
[2020-12-06 20:31:30.061] [INFO] - query { rid: 'room1',
  uid: 'admin',
  username: '管理员',
  mobile: '',
  role: '1',
  avatar: '',
  EIO: '3',
  transport: 'polling',
  t: 'NOu2Hpv' }
[2020-12-06 20:31:30.061] [INFO] - [ 'gQ3ATynsoTQqLxqeACq7', 'room1' ]
[2020-12-06 20:37:36.747] [INFO] - query { rid: 'room1',
  uid: 'admin',
  username: '管理员',
  mobile: '',
  role: '1',
  avatar: '',
  EIO: '3',
  transport: 'polling',
  t: 'NOu3hL7' }
[2020-12-06 20:37:36.747] [INFO] - [ 'DxKfyFxSmTfX2pUoACq8', 'room1' ]
[2020-12-06 20:43:35.338] [INFO] - query { rid: 'room1',
  uid: 'admin',
  username: '管理员',
  mobile: '',
  role: '1',
  avatar: '',
  EIO: '3',
  transport: 'polling',
  t: 'NOu52uK' }
[2020-12-06 20:43:35.339] [INFO] - [ 'c6fXbWO6abPsVoUtACq9', 'room1' ]
[2020-12-06 20:44:23.088] [INFO] - query { rid: 'room1',
  uid: 'admin',
  username: '管理员',
  mobile: '',
  role: '1',
  avatar: '',
  EIO: '3',
  transport: 'polling',
  t: 'NOu5EYW' }
[2020-12-06 20:44:23.089] [INFO] - [ 'QlrpAWaT9CSv5ngMACq-', 'room1' ]
[2020-12-06 20:44:57.232] [INFO] - query { rid: 'room1',
  uid: 'admin',
  username: '管理员',
  mobile: '',
  role: '1',
  avatar: '',
  EIO: '3',
  transport: 'polling',
  t: 'NOu5Mt_' }
[2020-12-06 20:44:57.232] [INFO] - [ 'bUVrkGrr88nvU7-lACq_', 'room1' ]
[2020-12-06 20:50:51.433] [INFO] - query { rid: 'room1',
  uid: 'admin',
  username: '管理员',
  mobile: '',
  role: '1',
  avatar: '',
  EIO: '3',
  transport: 'polling',
  t: 'NOu6jMM' }
[2020-12-06 20:50:51.433] [INFO] - [ 'hykL3aWEdMfDarWHACrA', 'room1' ]
[2020-12-06 20:51:43.973] [INFO] - query { rid: 'room1',
  uid: 'admin',
  username: '管理员',
  mobile: '',
  role: '1',
  avatar: '',
  EIO: '3',
  transport: 'polling',
  t: 'NOu6wBF' }
[2020-12-06 20:51:43.973] [INFO] - [ '4uYgWm3KUnhkerbMACrB', 'room1' ]
[2020-12-06 20:57:46.261] [INFO] - query { rid: 'room1',
  uid: 'admin',
  username: '管理员',
  mobile: '',
  role: '1',
  avatar: '',
  EIO: '3',
  transport: 'polling',
  t: 'NOu8Ie3' }
[2020-12-06 20:57:46.261] [INFO] - [ 'fqBPjC2E3wgScL_bACrC', 'room1' ]
[2020-12-06 21:04:04.511] [INFO] - query { rid: 'room1',
  uid: 'admin',
  username: '管理员',
  mobile: '',
  role: '1',
  avatar: '',
  EIO: '3',
  transport: 'polling',
  t: 'NOu9k-8' }
[2020-12-06 21:04:04.511] [INFO] - [ 'zMDFhkGkevV0SzoiACrD', 'room1' ]
[2020-12-06 21:11:02.850] [INFO] - query { rid: 'room1',
  uid: 'admin',
  username: '管理员',
  mobile: '',
  role: '1',
  avatar: '',
  EIO: '3',
  transport: 'polling',
  t: 'NOuBL6q' }
[2020-12-06 21:11:02.850] [INFO] - [ 'fFjmIeiQ324U0eHmACrE', 'room1' ]
[2020-12-06 21:17:20.258] [INFO] - query { rid: 'room1',
  uid: 'admin',
  username: '管理员',
  mobile: '',
  role: '1',
  avatar: '',
  EIO: '3',
  transport: 'polling',
  t: 'NOuCnFn' }
[2020-12-06 21:17:20.259] [INFO] - [ 'OayiBUg3sRNXoPIcACrF', 'room1' ]
[2020-12-06 21:18:13.899] [INFO] - query { rid: 'room1',
  uid: 'admin',
  username: '管理员',
  mobile: '',
  role: '1',
  avatar: '',
  EIO: '3',
  transport: 'polling',
  t: 'NOuC-Lw' }
[2020-12-06 21:18:13.899] [INFO] - [ 'svo_kI9XMs1A6ccaACrG', 'room1' ]
[2020-12-06 21:24:23.092] [INFO] - [101.133.138.230] GET http:/// 200 1ms
[2020-12-06 21:24:34.450] [INFO] - query { rid: 'room1',
  uid: 'admin',
  username: '管理员',
  mobile: '',
  role: '1',
  avatar: '',
  EIO: '3',
  transport: 'polling',
  t: 'NOuERG3' }
[2020-12-06 21:24:34.450] [INFO] - [ 'onLeaEwyw2gwju5ZACrH', 'room1' ]
[2020-12-06 21:25:20.972] [INFO] - query { rid: 'room1',
  uid: 'admin',
  username: '管理员',
  mobile: '',
  role: '1',
  avatar: '',
  EIO: '3',
  transport: 'polling',
  t: 'NOuEccz' }
[2020-12-06 21:25:20.972] [INFO] - [ 'uSVAQY5V0DF9-th2ACrI', 'room1' ]
[2020-12-06 21:26:09.894] [INFO] - query { rid: 'room1',
  uid: 'admin',
  username: '管理员',
  mobile: '',
  role: '1',
  avatar: '',
  EIO: '3',
  transport: 'polling',
  t: 'NOuEoZC' }
[2020-12-06 21:26:09.895] [INFO] - [ '7bgUouNB_f5vGplnACrJ', 'room1' ]
[2020-12-06 21:26:58.892] [INFO] - query { rid: 'room1',
  uid: 'admin',
  username: '管理员',
  mobile: '',
  role: '1',
  avatar: '',
  EIO: '3',
  transport: 'polling',
  t: 'NOuE-Wu' }
[2020-12-06 21:26:58.892] [INFO] - [ 'ZNF-Sv6dfR6Ddx8JACrK', 'room1' ]
[2020-12-06 21:32:48.265] [INFO] - query { rid: 'room1',
  uid: 'admin',
  username: '管理员',
  mobile: '',
  role: '1',
  avatar: '',
  EIO: '3',
  transport: 'polling',
  t: 'NOuGJpw' }
[2020-12-06 21:32:48.266] [INFO] - [ 's8ZfsNdHBQbAYUCcACrL', 'room1' ]
[2020-12-06 21:38:52.289] [INFO] - query { rid: 'room1',
  uid: 'admin',
  username: '管理员',
  mobile: '',
  role: '1',
  avatar: '',
  EIO: '3',
  transport: 'polling',
  t: 'NOuHiho' }
[2020-12-06 21:38:52.289] [INFO] - [ '_5ScA2ki5XuzK4DFACrM', 'room1' ]
[2020-12-06 21:45:00.602] [INFO] - query { rid: 'room1',
  uid: 'admin',
  username: '管理员',
  mobile: '',
  role: '1',
  avatar: '',
  EIO: '3',
  transport: 'polling',
  t: 'NOuJ6ch' }
[2020-12-06 21:45:00.602] [INFO] - [ 'yCtE5jZLfOO79lwAACrN', 'room1' ]
[2020-12-06 21:51:08.413] [INFO] - query { rid: 'room1',
  uid: 'admin',
  username: '管理员',
  mobile: '',
  role: '1',
  avatar: '',
  EIO: '3',
  transport: 'polling',
  t: 'NOuKWPk' }
[2020-12-06 21:51:08.414] [INFO] - [ 'sPrC3WkSHoDQ2xMiACrO', 'room1' ]
[2020-12-06 21:57:39.141] [INFO] - query { rid: 'room1',
  uid: 'admin',
  username: '管理员',
  mobile: '',
  role: '1',
  avatar: '',
  EIO: '3',
  transport: 'polling',
  t: 'NOuL_os' }
[2020-12-06 21:57:39.142] [INFO] - [ 'Qr41pkP2sMnSqYZDACrP', 'room1' ]
[2020-12-06 22:03:46.463] [INFO] - query { rid: 'room1',
  uid: 'admin',
  username: '管理员',
  mobile: '',
  role: '1',
  avatar: '',
  EIO: '3',
  transport: 'polling',
  t: 'NOuNPUE' }
[2020-12-06 22:03:46.463] [INFO] - [ 'G5O7eRoz6hvXgIMFACrQ', 'room1' ]
[2020-12-06 22:10:22.587] [INFO] - query { rid: 'room1',
  uid: 'admin',
  username: '管理员',
  mobile: '',
  role: '1',
  avatar: '',
  EIO: '3',
  transport: 'polling',
  t: 'NOuOwBb' }
[2020-12-06 22:10:22.587] [INFO] - [ 'IXb8y527f1e-26z6ACrR', 'room1' ]
[2020-12-06 22:11:08.889] [INFO] - query { rid: 'room1',
  uid: 'admin',
  username: '管理员',
  mobile: '',
  role: '1',
  avatar: '',
  EIO: '3',
  transport: 'polling',
  t: 'NOuP5VA' }
[2020-12-06 22:11:08.890] [INFO] - [ 'EvnAcj8M8vIiiyOPACrS', 'room1' ]
[2020-12-06 22:18:01.383] [INFO] - query { rid: 'room1',
  uid: 'admin',
  username: '管理员',
  mobile: '',
  role: '1',
  avatar: '',
  EIO: '3',
  transport: 'polling',
  t: 'NOuQgCQ' }
[2020-12-06 22:18:01.384] [INFO] - [ 'fYjKqRu2zJFOQ6YyACrT', 'room1' ]
[2020-12-06 22:18:54.855] [INFO] - query { rid: 'room1',
  uid: 'admin',
  username: '管理员',
  mobile: '',
  role: '1',
  avatar: '',
  EIO: '3',
  transport: 'polling',
  t: 'NOuQtFr' }
[2020-12-06 22:18:54.855] [INFO] - [ 'gmbwtaSWVN3XyUTUACrU', 'room1' ]
[2020-12-06 22:25:08.002] [INFO] - query { rid: 'room1',
  uid: 'admin',
  username: '管理员',
  mobile: '',
  role: '1',
  avatar: '',
  EIO: '3',
  transport: 'polling',
  t: 'NOuSIMH' }
[2020-12-06 22:25:08.003] [INFO] - [ 'qW0a30Cv92aAhfRvACrV', 'room1' ]
[2020-12-06 22:31:19.096] [INFO] - query { rid: 'room1',
  uid: 'admin',
  username: '管理员',
  mobile: '',
  role: '1',
  avatar: '',
  EIO: '3',
  transport: 'polling',
  t: 'NOuTiyg' }
[2020-12-06 22:31:19.097] [INFO] - [ 'tIySFeWWTTxyZTABACrW', 'room1' ]
[2020-12-06 22:31:55.636] [INFO] - query { rid: 'room1',
  uid: 'admin',
  username: '管理员',
  mobile: '',
  role: '1',
  avatar: '',
  EIO: '3',
  transport: 'polling',
  t: 'NOuTrtW' }
[2020-12-06 22:31:55.636] [INFO] - [ 'y5qWUoI7-pSQZcEYACrX', 'room1' ]
[2020-12-06 22:32:44.182] [INFO] - query { rid: 'room1',
  uid: 'admin',
  username: '管理员',
  mobile: '',
  role: '1',
  avatar: '',
  EIO: '3',
  transport: 'polling',
  t: 'NOuU1k7' }
[2020-12-06 22:32:44.182] [INFO] - [ '_7OlW1gB5T5QuYpZACrY', 'room1' ]
[2020-12-06 22:38:51.058] [INFO] - query { rid: 'room1',
  uid: 'admin',
  username: '管理员',
  mobile: '',
  role: '1',
  avatar: '',
  EIO: '3',
  transport: 'polling',
  t: 'NOuVRIZ' }
[2020-12-06 22:38:51.059] [INFO] - [ '0YS8K1X_g6sBiw2fACrZ', 'room1' ]
[2020-12-06 22:44:56.125] [INFO] - query { rid: 'room1',
  uid: 'admin',
  username: '管理员',
  mobile: '',
  role: '1',
  avatar: '',
  EIO: '3',
  transport: 'polling',
  t: 'NOuWqQe' }
[2020-12-06 22:44:56.125] [INFO] - [ 'wSC_MyMDP_yp57nAACra', 'room1' ]
[2020-12-06 22:45:48.681] [INFO] - query { rid: 'room1',
  uid: 'admin',
  username: '管理员',
  mobile: '',
  role: '1',
  avatar: '',
  EIO: '3',
  transport: 'polling',
  t: 'NOuX1Fq' }
[2020-12-06 22:45:48.681] [INFO] - [ 'nutRmUzReYpy5DpwACrb', 'room1' ]
[2020-12-06 22:52:05.530] [INFO] - query { rid: 'room1',
  uid: 'admin',
  username: '管理员',
  mobile: '',
  role: '1',
  avatar: '',
  EIO: '3',
  transport: 'polling',
  t: 'NOuYTG9' }
[2020-12-06 22:52:05.530] [INFO] - [ '19WrwVLX-YOGLFfNACrc', 'room1' ]
[2020-12-06 22:52:54.218] [INFO] - query { rid: 'room1',
  uid: 'admin',
  username: '管理员',
  mobile: '',
  role: '1',
  avatar: '',
  EIO: '3',
  transport: 'polling',
  t: 'NOuYf8x' }
[2020-12-06 22:52:54.219] [INFO] - [ 'G3XeTLZuW9bpZ8vuACrd', 'room1' ]
[2020-12-06 22:59:08.292] [INFO] - query { rid: 'room1',
  uid: 'admin',
  username: '管理员',
  mobile: '',
  role: '1',
  avatar: '',
  EIO: '3',
  transport: 'polling',
  t: 'NOua4Tr' }
[2020-12-06 22:59:08.293] [INFO] - [ 'yJHuDZXcSWDzn_fVACre', 'room1' ]
[2020-12-06 23:00:02.661] [INFO] - query { rid: 'room1',
  uid: 'admin',
  username: '管理员',
  mobile: '',
  role: '1',
  avatar: '',
  EIO: '3',
  transport: 'polling',
  t: 'NOuaHlF' }
[2020-12-06 23:00:02.662] [INFO] - [ 'oLpJ3unKuwrrW-WMACrf', 'room1' ]
[2020-12-06 23:00:42.843] [INFO] - query { rid: 'room1',
  uid: 'admin',
  username: '管理员',
  mobile: '',
  role: '1',
  avatar: '',
  EIO: '3',
  transport: 'polling',
  t: 'NOuaRZE' }
[2020-12-06 23:00:42.844] [INFO] - [ 'UF5rdMh8tdC4gNDrACrg', 'room1' ]
[2020-12-06 23:07:04.026] [INFO] - query { rid: 'room1',
  uid: 'admin',
  username: '管理员',
  mobile: '',
  role: '1',
  avatar: '',
  EIO: '3',
  transport: 'polling',
  t: 'NOubud8' }
[2020-12-06 23:07:04.027] [INFO] - [ 'Key_UzzgIOyi8wz3ACrh', 'room1' ]
[2020-12-06 23:13:18.209] [INFO] - query { rid: 'room1',
  uid: 'admin',
  username: '管理员',
  mobile: '',
  role: '1',
  avatar: '',
  EIO: '3',
  transport: 'polling',
  t: 'NOudJzh' }
[2020-12-06 23:13:18.209] [INFO] - [ 'R7aRC_vcD8WllZUQACri', 'room1' ]
[2020-12-06 23:19:51.393] [INFO] - query { rid: 'room1',
  uid: 'admin',
  username: '管理员',
  mobile: '',
  role: '1',
  avatar: '',
  EIO: '3',
  transport: 'polling',
  t: 'NOuepzG' }
[2020-12-06 23:19:51.393] [INFO] - [ '68s7HoSXrksaprc4ACrj', 'room1' ]
[2020-12-06 23:20:46.572] [INFO] - query { rid: 'room1',
  uid: 'admin',
  username: '管理员',
  mobile: '',
  role: '1',
  avatar: '',
  EIO: '3',
  transport: 'polling',
  t: 'NOuf1RQ' }
[2020-12-06 23:20:46.572] [INFO] - [ 'ZVKz8yYm_OfyKRJjACrk', 'room1' ]
[2020-12-06 23:21:36.663] [INFO] - query { rid: 'room1',
  uid: 'admin',
  username: '管理员',
  mobile: '',
  role: '1',
  avatar: '',
  EIO: '3',
  transport: 'polling',
  t: 'NOufDg3' }
[2020-12-06 23:21:36.663] [INFO] - [ 'WGLlAyuDW89t9iLkACrl', 'room1' ]
[2020-12-06 23:27:47.026] [INFO] - query { rid: 'room1',
  uid: 'admin',
  username: '管理员',
  mobile: '',
  role: '1',
  avatar: '',
  EIO: '3',
  transport: 'polling',
  t: 'NOuge51' }
[2020-12-06 23:27:47.027] [INFO] - [ 'p8p5Msnwol36fwpqACrm', 'room1' ]
[2020-12-06 23:34:19.306] [INFO] - query { rid: 'room1',
  uid: 'admin',
  username: '管理员',
  mobile: '',
  role: '1',
  avatar: '',
  EIO: '3',
  transport: 'polling',
  t: 'NOui7sP' }
[2020-12-06 23:34:19.307] [INFO] - [ 'eSbqSXqUCgoE3TG0ACrn', 'room1' ]
[2020-12-06 23:40:47.961] [INFO] - query { rid: 'room1',
  uid: 'admin',
  username: '管理员',
  mobile: '',
  role: '1',
  avatar: '',
  EIO: '3',
  transport: 'polling',
  t: 'NOujcl3' }
[2020-12-06 23:40:47.962] [INFO] - [ 'ibThk2v4076YM7XBACro', 'room1' ]
[2020-12-06 23:41:37.047] [INFO] - query { rid: 'room1',
  uid: 'admin',
  username: '管理员',
  mobile: '',
  role: '1',
  avatar: '',
  EIO: '3',
  transport: 'polling',
  t: 'NOujok0' }
[2020-12-06 23:41:37.047] [INFO] - [ 'PTqkasXZTJbE27yhACrp', 'room1' ]
[2020-12-06 23:47:45.461] [INFO] - query { rid: 'room1',
  uid: 'admin',
  username: '管理员',
  mobile: '',
  role: '1',
  avatar: '',
  EIO: '3',
  transport: 'polling',
  t: 'NOulCgU' }
[2020-12-06 23:47:45.461] [INFO] - [ 'ldYHmmsnpJaWO6Z2ACrq', 'room1' ]
[2020-12-06 23:54:12.265] [INFO] - query { rid: 'room1',
  uid: 'admin',
  username: '管理员',
  mobile: '',
  role: '1',
  avatar: '',
  EIO: '3',
  transport: 'polling',
  t: 'NOumh6K' }
[2020-12-06 23:54:12.265] [INFO] - [ 'ofA5fplSJkoktbPKACrr', 'room1' ]
