[2020-11-11 10:13:50.701] [INFO] - query { rid: 'room1',
  uid: '16b9ba781f0340bfa254633accbc1025',
  username: 'a123456',
  role: '0',
  EIO: '3',
  transport: 'polling',
  t: 'NMr5A0n' }
[2020-11-11 10:13:50.702] [INFO] - [ '3onR6hls70evYTGlAAEU', 'room1' ]
[2020-11-11 10:13:51.759] [INFO] - query { rid: 'room1',
  uid: '16b9ba781f0340bfa254633accbc1025',
  username: 'a123456',
  role: '0',
  EIO: '3',
  transport: 'polling',
  t: 'NMr5AHa' }
[2020-11-11 10:13:51.760] [INFO] - [ 'A8HgYW1Tif28zZaNAAEV', 'room1' ]
[2020-11-11 10:15:51.007] [INFO] - query { rid: 'room1',
  uid: '16b9ba781f0340bfa254633accbc1025',
  username: 'a123456',
  role: '0',
  EIO: '3',
  transport: 'polling',
  t: 'NMr5dOJ' }
[2020-11-11 10:15:51.007] [INFO] - [ '3fUIKr0hfsM9mksvAAEW', 'room1' ]
[2020-11-11 10:16:10.222] [INFO] - query { rid: 'room1',
  uid: '16b9ba781f0340bfa254633accbc1025',
  username: 'a123456',
  role: '0',
  EIO: '3',
  transport: 'polling',
  t: 'NMr5i4w' }
[2020-11-11 10:16:10.223] [INFO] - [ 'uhNG4U_Q0OtPoY2HAAEX', 'room1' ]
[2020-11-11 10:18:28.205] [INFO] - query { rid: 'room1',
  uid: '16b9ba781f0340bfa254633accbc1025',
  username: 'a123456',
  role: '0',
  EIO: '3',
  transport: 'polling',
  t: 'NMr6Dm-' }
[2020-11-11 10:18:28.205] [INFO] - [ 'm7BI8WiPHg-gikz7AAEY', 'room1' ]
[2020-11-11 10:20:24.453] [INFO] - query { rid: 'room1',
  uid: 'admin',
  username: '管理员',
  mobile: '',
  role: '1',
  avatar: '',
  EIO: '3',
  transport: 'polling',
  t: 'NMr6g9Q' }
[2020-11-11 10:20:24.453] [INFO] - [ 'bJHbmBdvo-iMDbihAAEZ', 'room1' ]
[2020-11-11 10:22:09.970] [INFO] - query { rid: 'room1',
  uid: '16b9ba781f0340bfa254633accbc1025',
  username: 'a123456',
  role: '0',
  EIO: '3',
  transport: 'polling',
  t: 'NMr73vu' }
[2020-11-11 10:22:09.971] [INFO] - [ '3Ez8WfvWtW2XAMQRAAEa', 'room1' ]
[2020-11-11 10:22:45.763] [INFO] - query { rid: 'room1',
  uid: 'admin',
  username: '管理员',
  mobile: '',
  role: '1',
  avatar: '',
  EIO: '3',
  transport: 'polling',
  t: 'NMr7CfP' }
[2020-11-11 10:22:45.763] [INFO] - [ 'tzh1IPJZyKywLeMmAAEb', 'room1' ]
[2020-11-11 10:35:52.025] [INFO] - query { rid: 'room1',
  uid: '16b9ba781f0340bfa254633accbc1025',
  username: 'a123456',
  role: '0',
  EIO: '3',
  transport: 'polling',
  t: 'NMrACct' }
[2020-11-11 10:35:52.025] [INFO] - [ 'Q-HFy_YMty-y6HDKAAEc', 'room1' ]
[2020-11-11 10:37:36.372] [INFO] - query { rid: 'room1',
  uid: '16b9ba781f0340bfa254633accbc1025',
  username: 'a123456',
  role: '0',
  EIO: '3',
  transport: 'polling',
  t: 'NMrAc4i' }
[2020-11-11 10:37:36.372] [INFO] - [ 'exU9XO8sVa3xROQ8AAEd', 'room1' ]
[2020-11-11 10:38:02.675] [INFO] - query { rid: 'room1',
  uid: '16b9ba781f0340bfa254633accbc1025',
  username: 'a123456',
  role: '0',
  EIO: '3',
  transport: 'polling',
  t: 'NMrAiWR' }
[2020-11-11 10:38:02.676] [INFO] - [ 'RZcHz52NTik_bk60AAEe', 'room1' ]
[2020-11-11 10:39:02.333] [INFO] - query { rid: 'room1',
  uid: '16b9ba781f0340bfa254633accbc1025',
  username: 'a123456',
  role: '0',
  EIO: '3',
  transport: 'polling',
  t: 'NMrAx4U' }
[2020-11-11 10:39:02.333] [INFO] - [ 'roEqaqhdmtSmlunyAAEf', 'room1' ]
[2020-11-11 10:39:55.425] [INFO] - query { rid: 'room1',
  uid: '16b9ba781f0340bfa254633accbc1025',
  username: 'a123456',
  role: '0',
  EIO: '3',
  transport: 'polling',
  t: 'NMrB7zm' }
[2020-11-11 10:39:55.426] [INFO] - [ 's23kp2adB-L96CFbAAEg', 'room1' ]
[2020-11-11 10:40:02.995] [INFO] - query { rid: 'room1',
  uid: '16b9ba781f0340bfa254633accbc1025',
  username: 'a123456',
  role: '0',
  EIO: '3',
  transport: 'polling',
  t: 'NMrB9t-' }
[2020-11-11 10:40:02.996] [INFO] - [ '7KnKWsDbfbxNpdjkAAEh', 'room1' ]
[2020-11-11 10:47:19.048] [INFO] - query { rid: 'room1',
  uid: '16b9ba781f0340bfa254633accbc1025',
  username: 'a123456',
  role: '0',
  EIO: '3',
  transport: 'polling',
  t: 'NMrCqLt' }
[2020-11-11 10:47:19.049] [INFO] - [ 'AguTxaXKvw52vMeVAAEi', 'room1' ]
[2020-11-11 10:48:21.484] [INFO] - query { rid: 'room1',
  uid: '16b9ba781f0340bfa254633accbc1025',
  username: 'a123456',
  role: '0',
  EIO: '3',
  transport: 'polling',
  t: 'NMrD3bR' }
[2020-11-11 10:48:21.484] [INFO] - [ 'Cp3SQUSQxheUftSnAAEj', 'room1' ]
[2020-11-11 10:53:41.774] [INFO] - query { rid: 'room1',
  uid: '16b9ba781f0340bfa254633accbc1025',
  username: 'a123456',
  role: '0',
  EIO: '3',
  transport: 'polling',
  t: 'NMrEHnz' }
[2020-11-11 10:53:41.774] [INFO] - [ 'RydLZDgMh3ii8HdYAAEk', 'room1' ]
[2020-11-11 10:54:36.902] [INFO] - query { rid: 'room1',
  uid: '16b9ba781f0340bfa254633accbc1025',
  username: 'a123456',
  role: '0',
  EIO: '3',
  transport: 'polling',
  t: 'NMrEVFO' }
[2020-11-11 10:54:36.903] [INFO] - [ '-8akE4QXTEWCJVIYAAEl', 'room1' ]
[2020-11-11 10:55:15.818] [INFO] - query { rid: 'room1',
  uid: '16b9ba781f0340bfa254633accbc1025',
  username: 'a123456',
  role: '0',
  EIO: '3',
  transport: 'polling',
  t: 'NMrEelT' }
[2020-11-11 10:55:15.819] [INFO] - [ 'Nk1oSMeDT_4P9TcoAAEm', 'room1' ]
[2020-11-11 10:57:58.571] [INFO] - query { rid: 'room1',
  uid: '16b9ba781f0340bfa254633accbc1025',
  username: 'a123456',
  role: '0',
  EIO: '3',
  transport: 'polling',
  t: 'NMrFGUX' }
[2020-11-11 10:57:58.572] [INFO] - [ 'tvxRrpW8xcevtc8FAAEn', 'room1' ]
[2020-11-11 10:58:32.867] [INFO] - query { rid: 'room1',
  uid: '16b9ba781f0340bfa254633accbc1025',
  username: 'a123456',
  role: '0',
  EIO: '3',
  transport: 'polling',
  t: 'NMrFOsM' }
[2020-11-11 10:58:32.867] [INFO] - [ 'b3lY50YiV3rRQYwRAAEo', 'room1' ]
[2020-11-11 10:59:08.507] [INFO] - query { rid: 'room1',
  uid: '16b9ba781f0340bfa254633accbc1025',
  username: 'a123456',
  role: '0',
  EIO: '3',
  transport: 'polling',
  t: 'NMrFXZK' }
[2020-11-11 10:59:08.507] [INFO] - [ 'TPbs87aufkqbGMLSAAEp', 'room1' ]
[2020-11-11 11:00:02.795] [INFO] - query { rid: 'room1',
  uid: '16b9ba781f0340bfa254633accbc1025',
  username: 'a123456',
  role: '0',
  EIO: '3',
  transport: 'polling',
  t: 'NMrFkpV' }
[2020-11-11 11:00:02.795] [INFO] - [ '1jdplidHTOy0sA85AAEq', 'room1' ]
[2020-11-11 11:07:19.902] [INFO] - query { rid: 'room1',
  uid: '16b9ba781f0340bfa254633accbc1025',
  username: 'a123456',
  role: '0',
  EIO: '3',
  transport: 'polling',
  t: 'NMrHPX1' }
[2020-11-11 11:07:19.903] [INFO] - [ '8uR8-9TiMWrFgMMOAAEr', 'room1' ]
[2020-11-11 11:08:15.564] [INFO] - query { rid: 'room1',
  uid: '16b9ba781f0340bfa254633accbc1025',
  username: 'a123456',
  role: '0',
  EIO: '3',
  transport: 'polling',
  t: 'NMrHd6z' }
[2020-11-11 11:08:15.564] [INFO] - [ 'u4h3LY-t0Gkj9gSBAAEs', 'room1' ]
[2020-11-11 11:10:40.379] [INFO] - query { rid: 'room1',
  uid: '16b9ba781f0340bfa254633accbc1025',
  username: 'a123456',
  role: '0',
  EIO: '3',
  transport: 'polling',
  t: 'NMrIATz' }
[2020-11-11 11:10:40.379] [INFO] - [ 'g0W5_Uk2RSelvzcSAAEt', 'room1' ]
[2020-11-11 11:13:32.349] [INFO] - query { rid: 'room1',
  uid: '16b9ba781f0340bfa254633accbc1025',
  username: 'a123456',
  role: '0',
  EIO: '3',
  transport: 'polling',
  t: 'NMrIqSf' }
[2020-11-11 11:13:32.349] [INFO] - [ 's6UpcjhoNtl42h3lAAEu', 'room1' ]
[2020-11-11 11:14:06.824] [INFO] - query { rid: 'room1',
  uid: '16b9ba781f0340bfa254633accbc1025',
  username: 'a123456',
  role: '0',
  EIO: '3',
  transport: 'polling',
  t: 'NMrIyte' }
[2020-11-11 11:14:06.825] [INFO] - [ 'P9_HAqPhMKtKM9XhAAEv', 'room1' ]
[2020-11-11 11:14:56.145] [INFO] - query { rid: 'room1',
  uid: '16b9ba781f0340bfa254633accbc1025',
  username: 'a123456',
  role: '0',
  EIO: '3',
  transport: 'polling',
  t: 'NMrJ8wD' }
[2020-11-11 11:14:56.145] [INFO] - [ 'dp8eJFaonKEdrh_MAAEw', 'room1' ]
[2020-11-11 11:15:53.914] [INFO] - query { rid: 'room1',
  uid: '16b9ba781f0340bfa254633accbc1025',
  username: 'a123456',
  role: '0',
  EIO: '3',
  transport: 'polling',
  t: 'NMrJN10' }
[2020-11-11 11:15:53.914] [INFO] - [ 'fsp4OnSSTq8mcjq_AAEx', 'room1' ]
[2020-11-11 11:33:30.740] [INFO] - query { rid: 'room1',
  uid: '16b9ba781f0340bfa254633accbc1025',
  username: 'a123456',
  role: '0',
  EIO: '3',
  transport: 'polling',
  t: 'NMrNP2C' }
[2020-11-11 11:33:30.741] [INFO] - [ 'XsOIgkwjVkhx5KOHAAEy', 'room1' ]
[2020-11-11 11:37:49.506] [INFO] - [106.14.133.105] GET http://47.100.89.2:8250/ 200 1ms
[2020-11-11 13:25:37.136] [INFO] - query { rid: 'room1',
  uid: '16b9ba781f0340bfa254633accbc1025',
  username: 'a123456',
  role: '0',
  EIO: '3',
  transport: 'polling',
  t: 'NMrn3Dm' }
[2020-11-11 13:25:37.137] [INFO] - [ 'qzykUBZF9y2mO-cXAAEz', 'room1' ]
[2020-11-11 13:25:37.301] [INFO] - query { rid: 'room1',
  uid: 'admin',
  username: '管理员',
  mobile: '',
  role: '1',
  avatar: '',
  EIO: '3',
  transport: 'polling',
  t: 'NMrn3GR' }
[2020-11-11 13:25:37.301] [INFO] - [ 'J4cNM1Xee7Uvq49yAAE0', 'room1' ]
[2020-11-11 13:37:18.122] [INFO] - query { rid: 'room1',
  uid: '16b9ba781f0340bfa254633accbc1025',
  username: 'a123456',
  role: '0',
  EIO: '3',
  transport: 'polling',
  t: 'NMrpkMp' }
[2020-11-11 13:37:18.123] [INFO] - [ 'zR6uuIEQLSdMnuehAAE1', 'room1' ]
[2020-11-11 13:39:08.666] [INFO] - query { rid: 'room1',
  uid: '16b9ba781f0340bfa254633accbc1025',
  username: 'a123456',
  role: '0',
  EIO: '3',
  transport: 'polling',
  t: 'NMrq9Lz' }
[2020-11-11 13:39:08.667] [INFO] - [ 'Hfis4bSlbWVHmufWAAE2', 'room1' ]
[2020-11-11 13:40:30.769] [INFO] - query { rid: 'room1',
  uid: '16b9ba781f0340bfa254633accbc1025',
  username: 'a123456',
  role: '0',
  EIO: '3',
  transport: 'polling',
  t: 'NMrqTOi' }
[2020-11-11 13:40:30.769] [INFO] - [ 'aMHvtyLEzDIKX8c2AAE3', 'room1' ]
[2020-11-11 13:41:44.393] [INFO] - query { rid: 'room1',
  uid: '16b9ba781f0340bfa254633accbc1025',
  username: 'a123456',
  role: '0',
  EIO: '3',
  transport: 'polling',
  t: 'NMrqlN7' }
[2020-11-11 13:41:44.393] [INFO] - [ 'oClnjLEuA-awEcqLAAE4', 'room1' ]
[2020-11-11 13:41:51.437] [INFO] - query { rid: 'room1',
  uid: '16b9ba781f0340bfa254633accbc1025',
  username: 'a123456',
  role: '0',
  EIO: '3',
  transport: 'polling',
  t: 'NMrqn5Q' }
[2020-11-11 13:41:51.438] [INFO] - [ '6RZg8ZAub4NWDY0PAAE5', 'room1' ]
[2020-11-11 13:47:18.329] [INFO] - query { rid: 'room1',
  uid: '16b9ba781f0340bfa254633accbc1025',
  username: 'a123456',
  role: '0',
  EIO: '3',
  transport: 'polling',
  t: 'NMrs0ul' }
[2020-11-11 13:47:18.330] [INFO] - [ 'OB9YnvY6DuMNSMzAAAE6', 'room1' ]
[2020-11-11 14:10:19.079] [INFO] - query { rid: 'room1',
  uid: '16b9ba781f0340bfa254633accbc1025',
  username: 'a123456',
  role: '0',
  EIO: '3',
  transport: 'polling',
  t: 'NMrxH_h' }
[2020-11-11 14:10:19.079] [INFO] - [ 'Xwyw1zUy2tFYmSjuAAE7', 'room1' ]
[2020-11-11 14:11:39.195] [INFO] - query { rid: 'room1',
  uid: '52dffcf9fb9e4ab78827f9e93d9818c7',
  username: '蓝胖子仇',
  role: '0',
  EIO: '3',
  transport: 'polling',
  t: 'NMrxbg2' }
[2020-11-11 14:11:39.196] [INFO] - [ 'ZK7y_XJwvV8tj7wDAAE8', 'room1' ]
[2020-11-11 14:13:49.173] [INFO] - query { rid: 'room1',
  uid: '16b9ba781f0340bfa254633accbc1025',
  username: 'a123456',
  role: '0',
  EIO: '3',
  transport: 'polling',
  t: 'NMry5IU' }
[2020-11-11 14:13:49.173] [INFO] - [ 'XcbgJlFPIbgE95MgAAE9', 'room1' ]
[2020-11-11 14:14:41.007] [INFO] - query { rid: 'room1',
  uid: '52dffcf9fb9e4ab78827f9e93d9818c7',
  username: '蓝胖子仇',
  role: '0',
  EIO: '3',
  transport: 'polling',
  t: 'NMryI1y' }
[2020-11-11 14:14:41.008] [INFO] - [ 'L3EF7isWY51NrOHoAAE-', 'room1' ]
[2020-11-11 14:16:02.530] [INFO] - query { rid: 'room1',
  uid: '52dffcf9fb9e4ab78827f9e93d9818c7',
  username: '蓝胖子仇',
  role: '0',
  EIO: '3',
  transport: 'polling',
  t: 'NMryb-A' }
[2020-11-11 14:16:02.531] [INFO] - [ 'NV3XojOuTGtkn38iAAE_', 'room1' ]
[2020-11-11 14:16:33.445] [INFO] - query { rid: 'room1',
  uid: '52dffcf9fb9e4ab78827f9e93d9818c7',
  username: '蓝胖子仇',
  role: '0',
  EIO: '3',
  transport: 'polling',
  t: 'NMryjRV' }
[2020-11-11 14:16:33.445] [INFO] - [ 'u2lI0JDV1mvk0stoAAFA', 'room1' ]
[2020-11-11 14:16:48.352] [INFO] - query { rid: 'room1',
  uid: '16b9ba781f0340bfa254633accbc1025',
  username: 'a123456',
  role: '0',
  EIO: '3',
  transport: 'polling',
  t: 'NMryn29' }
[2020-11-11 14:16:48.353] [INFO] - [ 'KkJcXHbmh3KkZjG_AAFB', 'room1' ]
[2020-11-11 14:18:19.803] [INFO] - query { rid: 'room1',
  uid: '52dffcf9fb9e4ab78827f9e93d9818c7',
  username: '蓝胖子仇',
  role: '0',
  EIO: '3',
  transport: 'polling',
  t: 'NMrz7Sz' }
[2020-11-11 14:18:19.803] [INFO] - [ 'mU89UOnE12-RIr-3AAFC', 'room1' ]
[2020-11-11 14:20:07.093] [INFO] - query { rid: 'room1',
  uid: '52dffcf9fb9e4ab78827f9e93d9818c7',
  username: '蓝胖子仇',
  role: '0',
  EIO: '3',
  transport: 'polling',
  t: 'NMrzXiY' }
[2020-11-11 14:20:07.093] [INFO] - [ 'b0dxRm2YJowV47FbAAFD', 'room1' ]
[2020-11-11 14:22:25.562] [INFO] - query { rid: 'room1',
  uid: '52dffcf9fb9e4ab78827f9e93d9818c7',
  username: '蓝胖子仇',
  role: '0',
  EIO: '3',
  transport: 'polling',
  t: 'NMr-3Lv' }
[2020-11-11 14:22:25.563] [INFO] - [ 'lZWIKCixSuNmWY4DAAFE', 'room1' ]
[2020-11-11 14:23:28.327] [INFO] - query { rid: 'room1',
  uid: '52dffcf9fb9e4ab78827f9e93d9818c7',
  username: '蓝胖子仇',
  role: '0',
  EIO: '3',
  transport: 'polling',
  t: 'NMr-Isg' }
[2020-11-11 14:23:28.327] [INFO] - [ 'WfoSRYjLrkF67C6NAAFF', 'room1' ]
[2020-11-11 14:24:09.904] [INFO] - query { rid: 'room1',
  uid: '52dffcf9fb9e4ab78827f9e93d9818c7',
  username: '蓝胖子仇',
  role: '0',
  EIO: '3',
  transport: 'polling',
  t: 'NMr-Syo' }
[2020-11-11 14:24:09.905] [INFO] - [ 'hcpk-T5AYaK7_z4jAAFG', 'room1' ]
[2020-11-11 14:24:42.502] [INFO] - query { rid: 'room1',
  uid: '52dffcf9fb9e4ab78827f9e93d9818c7',
  username: '蓝胖子仇',
  role: '0',
  EIO: '3',
  transport: 'polling',
  t: 'NMr-ayY' }
[2020-11-11 14:24:42.502] [INFO] - [ 'uV9j77_1Hpe3b42tAAFH', 'room1' ]
[2020-11-11 14:25:08.027] [INFO] - query { rid: 'room1',
  uid: '16b9ba781f0340bfa254633accbc1025',
  username: 'a123456',
  role: '0',
  EIO: '3',
  transport: 'polling',
  t: 'NMr-h1O' }
[2020-11-11 14:25:08.027] [INFO] - [ 'ymWiTTf6Fco8Zt33AAFI', 'room1' ]
[2020-11-11 14:25:14.762] [INFO] - query { rid: 'room1',
  uid: '52dffcf9fb9e4ab78827f9e93d9818c7',
  username: '蓝胖子仇',
  role: '0',
  EIO: '3',
  transport: 'polling',
  t: 'NMr-ils' }
[2020-11-11 14:25:14.763] [INFO] - [ 'DpQiIG7dI0prYolmAAFJ', 'room1' ]
[2020-11-11 14:25:48.193] [INFO] - query { rid: 'room1',
  uid: '52dffcf9fb9e4ab78827f9e93d9818c7',
  username: '蓝胖子仇',
  role: '0',
  EIO: '3',
  transport: 'polling',
  t: 'NMr-qpx' }
[2020-11-11 14:25:48.193] [INFO] - [ 'vh_fdrfNJKGf67pFAAFK', 'room1' ]
[2020-11-11 14:26:13.522] [INFO] - query { rid: 'room1',
  uid: '16b9ba781f0340bfa254633accbc1025',
  username: 'a123456',
  role: '0',
  EIO: '3',
  transport: 'polling',
  t: 'NMr-x19' }
[2020-11-11 14:26:13.523] [INFO] - [ 'aNZ3Ltus7jKx860KAAFL', 'room1' ]
[2020-11-11 14:26:20.896] [INFO] - query { rid: 'room1',
  uid: '52dffcf9fb9e4ab78827f9e93d9818c7',
  username: '蓝胖子仇',
  role: '0',
  EIO: '3',
  transport: 'polling',
  t: 'NMr-yta' }
[2020-11-11 14:26:20.896] [INFO] - [ 'DmATNb__vH_jLvzZAAFM', 'room1' ]
[2020-11-11 14:27:35.869] [INFO] - query { rid: 'room1',
  uid: '52dffcf9fb9e4ab78827f9e93d9818c7',
  username: '蓝胖子仇',
  role: '0',
  EIO: '3',
  transport: 'polling',
  t: 'NMr_F3t' }
[2020-11-11 14:27:35.869] [INFO] - [ 'Xsb7ZrEiET56TivTAAFN', 'room1' ]
[2020-11-11 14:27:51.929] [INFO] - query { rid: 'room1',
  uid: '52dffcf9fb9e4ab78827f9e93d9818c7',
  username: '蓝胖子仇',
  role: '0',
  EIO: '3',
  transport: 'polling',
  t: 'NMr_J1_' }
[2020-11-11 14:27:51.930] [INFO] - [ 'edoGZd68VehREL4EAAFO', 'room1' ]
[2020-11-11 14:27:54.262] [INFO] - query { rid: 'room1',
  uid: '52dffcf9fb9e4ab78827f9e93d9818c7',
  username: '蓝胖子仇',
  role: '0',
  EIO: '3',
  transport: 'polling',
  t: 'NMr_JY_' }
[2020-11-11 14:27:54.262] [INFO] - [ '233Qi0WHVNb0bgF8AAFP', 'room1' ]
[2020-11-11 14:27:57.617] [INFO] - query { rid: 'room1',
  uid: '52dffcf9fb9e4ab78827f9e93d9818c7',
  username: '蓝胖子仇',
  role: '0',
  EIO: '3',
  transport: 'polling',
  t: 'NMr_KRa' }
[2020-11-11 14:27:57.618] [INFO] - [ 'Cf3KZIZ5oO4pFbtzAAFQ', 'room1' ]
[2020-11-11 14:28:08.063] [INFO] - query { rid: 'room1',
  uid: '52dffcf9fb9e4ab78827f9e93d9818c7',
  username: '蓝胖子仇',
  role: '0',
  EIO: '3',
  transport: 'polling',
  t: 'NMr_M-j' }
[2020-11-11 14:28:08.063] [INFO] - [ 'kUMYfWMVKgM7S3-KAAFR', 'room1' ]
[2020-11-11 14:28:16.343] [INFO] - query { rid: 'room1',
  uid: '52dffcf9fb9e4ab78827f9e93d9818c7',
  username: '蓝胖子仇',
  role: '0',
  EIO: '3',
  transport: 'polling',
  t: 'NMr_P0B' }
[2020-11-11 14:28:16.343] [INFO] - [ 'lf8dZU7rR_AdU7f3AAFS', 'room1' ]
[2020-11-11 14:29:16.188] [INFO] - query { rid: 'room1',
  uid: '16b9ba781f0340bfa254633accbc1025',
  username: 'a123456',
  role: '0',
  EIO: '3',
  transport: 'polling',
  t: 'NMr_ddO' }
[2020-11-11 14:29:16.189] [INFO] - [ 'n1cA1HKwah6BrQzEAAFT', 'room1' ]
[2020-11-11 14:29:55.737] [INFO] - query { rid: 'room1',
  uid: '52dffcf9fb9e4ab78827f9e93d9818c7',
  username: '蓝胖子仇',
  role: '0',
  EIO: '3',
  transport: 'polling',
  t: 'NMr_ncE' }
[2020-11-11 14:29:55.738] [INFO] - [ 'pzYnPYWaJgAxNf44AAFU', 'room1' ]
[2020-11-11 14:30:13.192] [INFO] - query { rid: 'room1',
  uid: '16b9ba781f0340bfa254633accbc1025',
  username: 'a123456',
  role: '0',
  EIO: '3',
  transport: 'polling',
  t: 'NMr_rXr' }
[2020-11-11 14:30:13.192] [INFO] - [ 'dga8rpYwggivNLAgAAFV', 'room1' ]
[2020-11-11 14:31:14.580] [INFO] - query { rid: 'room1',
  uid: '16b9ba781f0340bfa254633accbc1025',
  username: 'a123456',
  role: '0',
  EIO: '3',
  transport: 'polling',
  t: 'NMs04X1' }
[2020-11-11 14:31:14.580] [INFO] - [ '3ZqMdgZGfIAnKwmSAAFW', 'room1' ]
[2020-11-11 14:31:29.098] [INFO] - query { rid: 'room1',
  uid: '52dffcf9fb9e4ab78827f9e93d9818c7',
  username: '蓝胖子仇',
  role: '0',
  EIO: '3',
  transport: 'polling',
  t: 'NMs08Oz' }
[2020-11-11 14:31:29.099] [INFO] - [ 'D1eFVJKBNdiSsa-aAAFX', 'room1' ]
[2020-11-11 14:31:51.465] [INFO] - query { rid: 'room1',
  uid: '52dffcf9fb9e4ab78827f9e93d9818c7',
  username: '蓝胖子仇',
  role: '0',
  EIO: '3',
  transport: 'polling',
  t: 'NMs0DsS' }
[2020-11-11 14:31:51.467] [INFO] - [ '_el84n9xxq_7cGUhAAFY', 'room1' ]
[2020-11-11 14:32:15.660] [INFO] - query { rid: 'room1',
  uid: '4498a9c5a6614aaaa5f1fc380ee10359',
  username: 'LanCcccc',
  role: '0',
  EIO: '3',
  transport: 'polling',
  t: 'NMs0JRZ' }
[2020-11-11 14:32:15.661] [INFO] - [ 'MLQnQtqAqcsTKeUOAAFZ', 'room1' ]
[2020-11-11 14:32:19.456] [INFO] - query { rid: 'room1',
  uid: '52dffcf9fb9e4ab78827f9e93d9818c7',
  username: '蓝胖子仇',
  role: '0',
  EIO: '3',
  transport: 'polling',
  t: 'NMs0Khm' }
[2020-11-11 14:32:19.457] [INFO] - [ 'rWqbZmJIN4-bhXzVAAFa', 'room1' ]
[2020-11-11 14:32:24.567] [INFO] - query { rid: 'room1',
  uid: '52dffcf9fb9e4ab78827f9e93d9818c7',
  username: '蓝胖子仇',
  role: '0',
  EIO: '3',
  transport: 'polling',
  t: 'NMs0Lxt' }
[2020-11-11 14:32:24.567] [INFO] - [ 'Aw9iyAyC3lRUO3F5AAFb', 'room1' ]
[2020-11-11 14:32:30.516] [INFO] - query { rid: 'room1',
  uid: '52dffcf9fb9e4ab78827f9e93d9818c7',
  username: '蓝胖子仇',
  role: '0',
  EIO: '3',
  transport: 'polling',
  t: 'NMs0NOe' }
[2020-11-11 14:32:30.517] [INFO] - [ 'qdQppTTAE1Qtzr5PAAFc', 'room1' ]
[2020-11-11 14:32:39.060] [INFO] - query { rid: 'room1',
  uid: '52dffcf9fb9e4ab78827f9e93d9818c7',
  username: '蓝胖子仇',
  role: '0',
  EIO: '3',
  transport: 'polling',
  t: 'NMs0PU8' }
[2020-11-11 14:32:39.060] [INFO] - [ '_lKXJgN9VUzBYe86AAFd', 'room1' ]
[2020-11-11 14:32:52.205] [INFO] - query { rid: 'room1',
  uid: '52dffcf9fb9e4ab78827f9e93d9818c7',
  username: '蓝胖子仇',
  role: '0',
  EIO: '3',
  transport: 'polling',
  t: 'NMs0ShK' }
[2020-11-11 14:32:52.205] [INFO] - [ 'cUq-XuBepy6l0TieAAFe', 'room1' ]
[2020-11-11 14:33:08.692] [INFO] - query { rid: 'room1',
  uid: '52dffcf9fb9e4ab78827f9e93d9818c7',
  username: '蓝胖子仇',
  role: '0',
  EIO: '3',
  transport: 'polling',
  t: 'NMs0Wj4' }
[2020-11-11 14:33:08.693] [INFO] - [ 'k6VymW4chZRHvMutAAFf', 'room1' ]
[2020-11-11 14:33:27.349] [INFO] - query { rid: 'room1',
  uid: '52dffcf9fb9e4ab78827f9e93d9818c7',
  username: '蓝胖子仇',
  role: '0',
  EIO: '3',
  transport: 'polling',
  t: 'NMs0bGa' }
[2020-11-11 14:33:27.350] [INFO] - [ '6E3Q0KD5Cr88F-dZAAFg', 'room1' ]
[2020-11-11 14:34:38.995] [INFO] - query { rid: 'room1',
  uid: '52dffcf9fb9e4ab78827f9e93d9818c7',
  username: '蓝胖子仇',
  role: '0',
  EIO: '3',
  transport: 'polling',
  t: 'NMs0sm5' }
[2020-11-11 14:34:38.995] [INFO] - [ 'jJJw6nWV-FkSlPWrAAFh', 'room1' ]
[2020-11-11 14:35:49.631] [INFO] - query { rid: 'room1',
  uid: '52dffcf9fb9e4ab78827f9e93d9818c7',
  username: '蓝胖子仇',
  role: '0',
  EIO: '3',
  transport: 'polling',
  t: 'NMs17_k' }
[2020-11-11 14:35:49.631] [INFO] - [ 'unVreJ7XOCd7whAMAAFi', 'room1' ]
[2020-11-11 14:37:07.330] [INFO] - query { rid: 'room1',
  uid: '16b9ba781f0340bfa254633accbc1025',
  username: 'a123456',
  role: '0',
  EIO: '3',
  transport: 'polling',
  t: 'NMs1Qf0' }
[2020-11-11 14:37:07.330] [INFO] - [ 'WbaJOjmnUg3ukxmkAAFj', 'room1' ]
[2020-11-11 14:38:15.906] [INFO] - query { rid: 'room1',
  uid: '16b9ba781f0340bfa254633accbc1025',
  username: 'a123456',
  role: '0',
  EIO: '3',
  transport: 'polling',
  t: 'NMs1hOD' }
[2020-11-11 14:38:15.907] [INFO] - [ 'zIsXUmdCty0Yw3JlAAFk', 'room1' ]
[2020-11-11 14:39:14.958] [INFO] - query { rid: 'room1',
  uid: '16b9ba781f0340bfa254633accbc1025',
  username: 'a123456',
  role: '0',
  EIO: '3',
  transport: 'polling',
  t: 'NMs1vpA' }
[2020-11-11 14:39:14.958] [INFO] - [ 'PP-96CAZGqu97xmSAAFl', 'room1' ]
[2020-11-11 14:39:56.979] [INFO] - query { rid: 'room1',
  uid: '52dffcf9fb9e4ab78827f9e93d9818c7',
  username: '蓝胖子仇',
  role: '0',
  EIO: '3',
  transport: 'polling',
  t: 'NMs24Of' }
[2020-11-11 14:39:56.980] [INFO] - [ 'bq8ff-Ho-6MWKrDJAAFm', 'room1' ]
[2020-11-11 14:40:50.199] [INFO] - query { rid: 'room1',
  uid: '16b9ba781f0340bfa254633accbc1025',
  username: 'a123456',
  role: '0',
  EIO: '3',
  transport: 'polling',
  t: 'NMs2H34' }
[2020-11-11 14:40:50.199] [INFO] - [ 'XVvLrBldhON7mChCAAFn', 'room1' ]
[2020-11-11 14:41:40.811] [INFO] - query { rid: 'room1',
  uid: '16b9ba781f0340bfa254633accbc1025',
  username: 'a123456',
  role: '0',
  EIO: '3',
  transport: 'polling',
  t: 'NMs2TQ7' }
[2020-11-11 14:41:40.811] [INFO] - [ '7cJ0rnT7wpGtCqXjAAFo', 'room1' ]
[2020-11-11 14:42:50.794] [INFO] - query { rid: 'room1',
  uid: '16b9ba781f0340bfa254633accbc1025',
  username: 'a123456',
  role: '0',
  EIO: '3',
  transport: 'polling',
  t: 'NMs2kVm' }
[2020-11-11 14:42:50.794] [INFO] - [ 'cqnknLen-9-XhdYOAAFp', 'room1' ]
[2020-11-11 14:43:10.926] [INFO] - query { rid: 'room1',
  uid: '16b9ba781f0340bfa254633accbc1025',
  username: 'a123456',
  role: '0',
  EIO: '3',
  transport: 'polling',
  t: 'NMs2pOb' }
[2020-11-11 14:43:10.927] [INFO] - [ 'uGMWW5y0apoHoq1_AAFq', 'room1' ]
[2020-11-11 14:43:54.953] [INFO] - query { rid: 'room1',
  uid: '16b9ba781f0340bfa254633accbc1025',
  username: 'a123456',
  role: '0',
  EIO: '3',
  transport: 'polling',
  t: 'NMs2-AF' }
[2020-11-11 14:43:54.954] [INFO] - [ 'nqnb1ccmbK5ospu5AAFr', 'room1' ]
[2020-11-11 14:44:05.525] [INFO] - query { rid: 'room1',
  uid: '16b9ba781f0340bfa254633accbc1025',
  username: 'a123456',
  role: '0',
  EIO: '3',
  transport: 'polling',
  t: 'NMs30lQ' }
[2020-11-11 14:44:05.525] [INFO] - [ 'HT9HngiGjN_4wDBRAAFs', 'room1' ]
[2020-11-11 14:44:22.765] [INFO] - query { rid: 'room1',
  uid: '16b9ba781f0340bfa254633accbc1025',
  username: 'a123456',
  role: '0',
  EIO: '3',
  transport: 'polling',
  t: 'NMs34yv' }
[2020-11-11 14:44:22.765] [INFO] - [ '0uVcIFibJ8a_I_qFAAFt', 'room1' ]
[2020-11-11 14:45:54.621] [INFO] - query { rid: 'room1',
  uid: '52dffcf9fb9e4ab78827f9e93d9818c7',
  username: '蓝胖子仇',
  role: '0',
  EIO: '3',
  transport: 'polling',
  t: 'NMs3Rio' }
[2020-11-11 14:45:54.621] [INFO] - [ '3saRuf_S2wdIV9OoAAFu', 'room1' ]
[2020-11-11 14:46:05.474] [INFO] - query { rid: 'room1',
  uid: '52dffcf9fb9e4ab78827f9e93d9818c7',
  username: '蓝胖子仇',
  role: '0',
  EIO: '3',
  transport: 'polling',
  t: 'NMs3UML' }
[2020-11-11 14:46:05.475] [INFO] - [ 'Tqot-zTMiFJKDimUAAFv', 'room1' ]
[2020-11-11 14:47:33.509] [INFO] - query { rid: 'room1',
  uid: '52dffcf9fb9e4ab78827f9e93d9818c7',
  username: '蓝胖子仇',
  role: '0',
  EIO: '3',
  transport: 'polling',
  t: 'NMs3prh' }
[2020-11-11 14:47:33.510] [INFO] - [ 'PxxIko8ag-pIgFh_AAFw', 'room1' ]
[2020-11-11 14:48:39.838] [INFO] - query { rid: 'room1',
  uid: '52dffcf9fb9e4ab78827f9e93d9818c7',
  username: '蓝胖子仇',
  role: '0',
  EIO: '3',
  transport: 'polling',
  t: 'NMs43ov' }
[2020-11-11 14:48:39.838] [INFO] - [ 'sAZMvTkCa0NSAd29AAFx', 'room1' ]
[2020-11-11 14:48:42.489] [INFO] - query { rid: 'room1',
  uid: '16b9ba781f0340bfa254633accbc1025',
  username: 'a123456',
  role: '0',
  EIO: '3',
  transport: 'polling',
  t: 'NMs44N2' }
[2020-11-11 14:48:42.489] [INFO] - [ 'ilp2flon3fBWIbdRAAFy', 'room1' ]
[2020-11-11 14:49:37.549] [INFO] - query { rid: 'room1',
  uid: '52dffcf9fb9e4ab78827f9e93d9818c7',
  username: '蓝胖子仇',
  role: '0',
  EIO: '3',
  transport: 'polling',
  t: 'NMs4Hoa' }
[2020-11-11 14:49:37.550] [INFO] - [ 'H5gUQT0_A6dpgYrUAAFz', 'room1' ]
[2020-11-11 14:49:42.101] [INFO] - query { rid: 'room1',
  uid: '52dffcf9fb9e4ab78827f9e93d9818c7',
  username: '蓝胖子仇',
  role: '0',
  EIO: '3',
  transport: 'polling',
  t: 'NMs4JEx' }
[2020-11-11 14:49:42.102] [INFO] - [ '6Q9agdd3R4Om5h55AAF0', 'room1' ]
[2020-11-11 14:49:47.672] [INFO] - query { rid: 'room1',
  uid: '16b9ba781f0340bfa254633accbc1025',
  username: 'a123456',
  role: '0',
  EIO: '3',
  transport: 'polling',
  t: 'NMs4KHd' }
[2020-11-11 14:49:47.673] [INFO] - [ 's7osFN8W2gkUDn_7AAF1', 'room1' ]
[2020-11-11 14:50:05.667] [INFO] - query { rid: 'room1',
  uid: '4498a9c5a6614aaaa5f1fc380ee10359',
  username: 'LanCcccc',
  role: '0',
  EIO: '3',
  transport: 'polling',
  t: 'NMs4Of7' }
[2020-11-11 14:50:05.667] [INFO] - [ 'B4jYmIRB-ZRbxgJ8AAF2', 'room1' ]
[2020-11-11 14:50:09.282] [INFO] - query { rid: 'room1',
  uid: '52dffcf9fb9e4ab78827f9e93d9818c7',
  username: '蓝胖子仇',
  role: '0',
  EIO: '3',
  transport: 'polling',
  t: 'NMs4PiQ' }
[2020-11-11 14:50:09.283] [INFO] - [ '-C_R3qpV0yYZoyt8AAF3', 'room1' ]
[2020-11-11 14:51:29.560] [INFO] - query { rid: 'room1',
  uid: '52dffcf9fb9e4ab78827f9e93d9818c7',
  username: '蓝胖子仇',
  role: '0',
  EIO: '3',
  transport: 'polling',
  t: 'NMs4j6E' }
[2020-11-11 14:51:29.560] [INFO] - [ 'nrfEfOQdi0zgpUT_AAF4', 'room1' ]
[2020-11-11 14:52:58.184] [INFO] - query { rid: 'room1',
  uid: '16b9ba781f0340bfa254633accbc1025',
  username: 'a123456',
  role: '0',
  EIO: '3',
  transport: 'polling',
  t: 'NMs52oM' }
[2020-11-11 14:52:58.184] [INFO] - [ 'gmNII8NY4-FcYrvJAAF5', 'room1' ]
[2020-11-11 14:54:34.170] [INFO] - query { rid: 'room1',
  uid: '16b9ba781f0340bfa254633accbc1025',
  username: 'a123456',
  role: '0',
  EIO: '3',
  transport: 'polling',
  t: 'NMs5QEC' }
[2020-11-11 14:54:34.171] [INFO] - [ 'CsqgVETMxoD1C0tZAAF6', 'room1' ]
[2020-11-11 14:58:13.224] [INFO] - query { rid: 'room1',
  uid: '16b9ba781f0340bfa254633accbc1025',
  username: 'a123456',
  role: '0',
  EIO: '3',
  transport: 'polling',
  t: 'NMs6Fi-' }
[2020-11-11 14:58:13.224] [INFO] - [ 'Mv_8zpz750zUDR3dAAF7', 'room1' ]
[2020-11-11 14:59:48.957] [INFO] - query { rid: 'room1',
  uid: '4498a9c5a6614aaaa5f1fc380ee10359',
  username: 'LanCcccc',
  role: '0',
  EIO: '3',
  transport: 'polling',
  t: 'NMs6d2L' }
[2020-11-11 14:59:48.957] [INFO] - [ 'RDwjvpmW-SgfSx7vAAF8', 'room1' ]
[2020-11-11 15:00:44.367] [INFO] - query { rid: 'room1',
  uid: '16b9ba781f0340bfa254633accbc1025',
  username: 'a123456',
  role: '0',
  EIO: '3',
  transport: 'polling',
  t: 'NMs6qcW' }
[2020-11-11 15:00:44.367] [INFO] - [ 'a_mpjVQLsGOrWOufAAF9', 'room1' ]
[2020-11-11 15:01:08.433] [INFO] - query { rid: 'room1',
  uid: '16b9ba781f0340bfa254633accbc1025',
  username: 'a123456',
  role: '0',
  EIO: '3',
  transport: 'polling',
  t: 'NMs6wUf' }
[2020-11-11 15:01:08.434] [INFO] - [ '3lFIdKICqz1VgpLnAAF-', 'room1' ]
[2020-11-11 15:02:32.418] [INFO] - query { rid: 'room1',
  uid: '4498a9c5a6614aaaa5f1fc380ee10359',
  username: 'LanCcccc',
  role: '0',
  EIO: '3',
  transport: 'polling',
  t: 'NMs7EyB' }
[2020-11-11 15:02:32.418] [INFO] - [ 'DbBKgRlwbpewgB5gAAF_', 'room1' ]
[2020-11-11 15:05:14.779] [INFO] - query { rid: 'room1',
  uid: '16b9ba781f0340bfa254633accbc1025',
  username: 'a123456',
  role: '0',
  EIO: '3',
  transport: 'polling',
  t: 'NMs7sdq' }
[2020-11-11 15:05:14.779] [INFO] - [ 'uG92m6uFsZLgxtf8AAGA', 'room1' ]
[2020-11-11 15:05:32.320] [INFO] - query { rid: 'room1',
  uid: '16b9ba781f0340bfa254633accbc1025',
  username: 'a123456',
  role: '0',
  EIO: '3',
  transport: 'polling',
  t: 'NMs7wvv' }
[2020-11-11 15:05:32.320] [INFO] - [ 'mo4U0WOKqIjkzFiyAAGB', 'room1' ]
[2020-11-11 15:06:01.807] [INFO] - query { rid: 'room1',
  uid: '16b9ba781f0340bfa254633accbc1025',
  username: 'a123456',
  role: '0',
  EIO: '3',
  transport: 'polling',
  t: 'NMs826h' }
[2020-11-11 15:06:01.807] [INFO] - [ 'VG-MEBKXK0gymuv1AAGC', 'room1' ]
[2020-11-11 15:07:57.011] [INFO] - query { rid: 'room1',
  uid: '16b9ba781f0340bfa254633accbc1025',
  username: 'a123456',
  role: '0',
  EIO: '3',
  transport: 'polling',
  t: 'NMs8UEi' }
[2020-11-11 15:07:57.012] [INFO] - [ 'Mk9Fe5-ZwYoH6fJcAAGD', 'room1' ]
[2020-11-11 15:10:23.982] [INFO] - query { rid: 'room1',
  uid: '16b9ba781f0340bfa254633accbc1025',
  username: 'a123456',
  role: '0',
  EIO: '3',
  transport: 'polling',
  t: 'NMs9278' }
[2020-11-11 15:10:23.982] [INFO] - [ 'QzQVSqwIqSIP5yH-AAGE', 'room1' ]
[2020-11-11 15:12:13.837] [INFO] - query { rid: 'room1',
  uid: '4498a9c5a6614aaaa5f1fc380ee10359',
  username: 'LanCcccc',
  role: '0',
  EIO: '3',
  transport: 'polling',
  t: 'NMs9Su7' }
[2020-11-11 15:12:13.838] [INFO] - [ 'ePqu7XHvXwRrvzxGAAGF', 'room1' ]
[2020-11-11 15:13:08.031] [INFO] - query { rid: 'room1',
  uid: '16b9ba781f0340bfa254633accbc1025',
  username: 'a123456',
  role: '0',
  EIO: '3',
  transport: 'polling',
  t: 'NMs9gAZ' }
[2020-11-11 15:13:08.032] [INFO] - [ 'WRzOOT2hqeK3nOnuAAGG', 'room1' ]
[2020-11-11 15:13:26.308] [INFO] - query { rid: 'room1',
  uid: '16b9ba781f0340bfa254633accbc1025',
  username: 'a123456',
  role: '0',
  EIO: '3',
  transport: 'polling',
  t: 'NMs9ke6' }
[2020-11-11 15:13:26.308] [INFO] - [ 'H_4-g70TCRuqiX43AAGH', 'room1' ]
[2020-11-11 15:14:07.819] [INFO] - query { rid: 'room1',
  uid: '16b9ba781f0340bfa254633accbc1025',
  username: 'a123456',
  role: '0',
  EIO: '3',
  transport: 'polling',
  t: 'NMs9umj' }
[2020-11-11 15:14:07.819] [INFO] - [ 'SyjW01slE1J9ybaiAAGI', 'room1' ]
[2020-11-11 15:14:22.287] [INFO] - query { rid: 'room1',
  uid: '4498a9c5a6614aaaa5f1fc380ee10359',
  username: 'LanCcccc',
  role: '0',
  EIO: '3',
  transport: 'polling',
  t: 'NMs9ybz' }
[2020-11-11 15:14:22.288] [INFO] - [ 'pRV2iwAiuSN8a5EhAAGJ', 'room1' ]
[2020-11-11 15:14:47.747] [INFO] - query { rid: 'room1',
  uid: '16b9ba781f0340bfa254633accbc1025',
  username: 'a123456',
  role: '0',
  EIO: '3',
  transport: 'polling',
  t: 'NMsA2WY' }
[2020-11-11 15:14:47.747] [INFO] - [ 'AQZphS7NsroulXk1AAGK', 'room1' ]
[2020-11-11 15:14:58.442] [INFO] - query { rid: 'room1',
  uid: '52dffcf9fb9e4ab78827f9e93d9818c7',
  username: '蓝胖子仇',
  role: '0',
  EIO: '3',
  transport: 'polling',
  t: 'NMsA5RY' }
[2020-11-11 15:14:58.442] [INFO] - [ 'U5JzQVxYI_fn_qiZAAGL', 'room1' ]
[2020-11-11 15:15:07.959] [INFO] - query { rid: 'room1',
  uid: '4498a9c5a6614aaaa5f1fc380ee10359',
  username: 'LanCcccc',
  role: '0',
  EIO: '3',
  transport: 'polling',
  t: 'NMsA7lb' }
[2020-11-11 15:15:07.959] [INFO] - [ 'k-1w0h3LSUXW7auJAAGM', 'room1' ]
[2020-11-11 15:15:19.294] [INFO] - query { rid: 'room1',
  uid: '16b9ba781f0340bfa254633accbc1025',
  username: 'a123456',
  role: '0',
  EIO: '3',
  transport: 'polling',
  t: 'NMsAADX' }
[2020-11-11 15:15:19.294] [INFO] - [ '8DDMJ7m4lhDceJ9VAAGN', 'room1' ]
[2020-11-11 15:16:24.198] [INFO] - query { rid: 'room1',
  uid: '16b9ba781f0340bfa254633accbc1025',
  username: 'a123456',
  role: '0',
  EIO: '3',
  transport: 'polling',
  t: 'NMsAQ22' }
[2020-11-11 15:16:24.202] [INFO] - [ '8nnJ_wqMJ8Q47btdAAGO', 'room1' ]
[2020-11-11 15:17:56.681] [INFO] - query { rid: 'room1',
  uid: '16b9ba781f0340bfa254633accbc1025',
  username: 'a123456',
  role: '0',
  EIO: '3',
  transport: 'polling',
  t: 'NMsAmeo' }
[2020-11-11 15:17:56.682] [INFO] - [ '4mzuTD3WroD02bO8AAGP', 'room1' ]
[2020-11-11 15:20:41.983] [INFO] - query { rid: 'room1',
  uid: '16b9ba781f0340bfa254633accbc1025',
  username: 'a123456',
  role: '0',
  EIO: '3',
  transport: 'polling',
  t: 'NMsBO_h' }
[2020-11-11 15:20:41.984] [INFO] - [ 'fqjJ1MvE0WypwmmeAAGQ', 'room1' ]
[2020-11-11 15:20:46.161] [INFO] - query { rid: 'room1',
  uid: '16b9ba781f0340bfa254633accbc1025',
  username: 'a123456',
  role: '0',
  EIO: '3',
  transport: 'polling',
  t: 'NMsBQ10' }
[2020-11-11 15:20:46.161] [INFO] - [ 'dPBQqAwsBIW15olGAAGR', 'room1' ]
[2020-11-11 15:20:50.017] [INFO] - query { rid: 'room1',
  uid: '16b9ba781f0340bfa254633accbc1025',
  username: 'a123456',
  role: '0',
  EIO: '3',
  transport: 'polling',
  t: 'NMsBQzJ' }
[2020-11-11 15:20:50.018] [INFO] - [ 'moYOZ5DT3ssPJfNoAAGS', 'room1' ]
[2020-11-11 15:21:01.477] [INFO] - query { rid: 'room1',
  uid: '4498a9c5a6614aaaa5f1fc380ee10359',
  username: 'LanCcccc',
  role: '0',
  EIO: '3',
  transport: 'polling',
  t: 'NMsBThv' }
[2020-11-11 15:21:01.477] [INFO] - [ 'mSdCnOKrOzH92lDyAAGT', 'room1' ]
[2020-11-11 15:21:30.943] [INFO] - query { rid: 'room1',
  uid: '16b9ba781f0340bfa254633accbc1025',
  username: 'a123456',
  role: '0',
  EIO: '3',
  transport: 'polling',
  t: 'NMsBbEh' }
[2020-11-11 15:21:30.943] [INFO] - [ 'LacLn5VBsor4ZSk0AAGU', 'room1' ]
[2020-11-11 15:22:54.496] [INFO] - query { rid: 'room1',
  uid: '16b9ba781f0340bfa254633accbc1025',
  username: 'a123456',
  role: '0',
  EIO: '3',
  transport: 'polling',
  t: 'NMsBvpK' }
[2020-11-11 15:22:54.497] [INFO] - [ '2jGjrXKth1pGjnzwAAGV', 'room1' ]
[2020-11-11 15:24:26.068] [INFO] - query { rid: 'room1',
  uid: '16b9ba781f0340bfa254633accbc1025',
  username: 'a123456',
  role: '0',
  EIO: '3',
  transport: 'polling',
  t: 'NMsCDeA' }
[2020-11-11 15:24:26.068] [INFO] - [ 'F2OF6swWaov0vumbAAGW', 'room1' ]
[2020-11-11 15:24:42.203] [INFO] - query { rid: 'room1',
  uid: '16b9ba781f0340bfa254633accbc1025',
  username: 'a123456',
  role: '0',
  EIO: '3',
  transport: 'polling',
  t: 'NMsCK34' }
[2020-11-11 15:24:42.203] [INFO] - [ 'M8RaDY6oiVRd2ZfRAAGX', 'room1' ]
[2020-11-11 15:25:42.547] [INFO] - query { rid: 'room1',
  uid: '16b9ba781f0340bfa254633accbc1025',
  username: 'a123456',
  role: '0',
  EIO: '3',
  transport: 'polling',
  t: 'NMsCYg0' }
[2020-11-11 15:25:42.548] [INFO] - [ 'n4-KUes4yYL3O_eDAAGY', 'room1' ]
[2020-11-11 15:26:05.904] [INFO] - query { rid: 'room1',
  uid: '16b9ba781f0340bfa254633accbc1025',
  username: 'a123456',
  role: '0',
  EIO: '3',
  transport: 'polling',
  t: 'NMsCeWQ' }
[2020-11-11 15:26:05.904] [INFO] - [ 'fU7GPtnDPhYzS1XHAAGZ', 'room1' ]
[2020-11-11 15:26:19.782] [INFO] - query { rid: 'room1',
  uid: '16b9ba781f0340bfa254633accbc1025',
  username: 'a123456',
  role: '0',
  EIO: '3',
  transport: 'polling',
  t: 'NMsChvE' }
[2020-11-11 15:26:19.783] [INFO] - [ 'rpqhaKCHYEzNUD8EAAGa', 'room1' ]
[2020-11-11 15:27:25.470] [INFO] - query { rid: 'room1',
  uid: '16b9ba781f0340bfa254633accbc1025',
  username: 'a123456',
  role: '0',
  EIO: '3',
  transport: 'polling',
  t: 'NMsCxnJ' }
[2020-11-11 15:27:25.470] [INFO] - [ 't_oQmbyRurp_RQpXAAGb', 'room1' ]
[2020-11-11 15:28:35.522] [INFO] - query { rid: 'room1',
  uid: '16b9ba781f0340bfa254633accbc1025',
  username: 'a123456',
  role: '0',
  EIO: '3',
  transport: 'polling',
  t: 'NMsDCcs' }
[2020-11-11 15:28:35.522] [INFO] - [ 'm6QMs3JnMr12JU-uAAGc', 'room1' ]
[2020-11-11 15:28:43.707] [INFO] - query { rid: 'room1',
  uid: '16b9ba781f0340bfa254633accbc1025',
  username: 'a123456',
  role: '0',
  EIO: '3',
  transport: 'polling',
  t: 'NMsDF0Q' }
[2020-11-11 15:28:43.708] [INFO] - [ 'zy_6o_L7Vrn_Y3fvAAGd', 'room1' ]
[2020-11-11 15:28:52.434] [INFO] - query { rid: 'room1',
  uid: '16b9ba781f0340bfa254633accbc1025',
  username: 'a123456',
  role: '0',
  EIO: '3',
  transport: 'polling',
  t: 'NMsDH8f' }
[2020-11-11 15:28:52.434] [INFO] - [ 'oaisVr4Acw-CP7EFAAGe', 'room1' ]
[2020-11-11 15:30:13.830] [INFO] - query { rid: 'room1',
  uid: '16b9ba781f0340bfa254633accbc1025',
  username: 'a123456',
  role: '0',
  EIO: '3',
  transport: 'polling',
  t: 'NMsDb2n' }
[2020-11-11 15:30:13.830] [INFO] - [ '_mx7ps1fEXXmGydQAAGf', 'room1' ]
[2020-11-11 15:30:45.265] [INFO] - query { rid: 'room1',
  uid: '16b9ba781f0340bfa254633accbc1025',
  username: 'a123456',
  role: '0',
  EIO: '3',
  transport: 'polling',
  t: 'NMsDics' }
[2020-11-11 15:30:45.266] [INFO] - [ 'pPp4X4Pkg8CElbNkAAGg', 'room1' ]
[2020-11-11 15:31:25.417] [INFO] - query { rid: 'room1',
  uid: '16b9ba781f0340bfa254633accbc1025',
  username: 'a123456',
  role: '0',
  EIO: '3',
  transport: 'polling',
  t: 'NMsDsPH' }
[2020-11-11 15:31:25.418] [INFO] - [ 's-mQKQsfeRqgDNyUAAGh', 'room1' ]
[2020-11-11 15:31:51.854] [INFO] - query { rid: 'room1',
  uid: '52dffcf9fb9e4ab78827f9e93d9818c7',
  username: '蓝胖子仇',
  role: '0',
  EIO: '3',
  transport: 'polling',
  t: 'NMsDyqd' }
[2020-11-11 15:31:51.855] [INFO] - [ '2Ysoyz6evdVFe6uhAAGi', 'room1' ]
[2020-11-11 15:33:05.989] [INFO] - query { rid: 'room1',
  uid: '16b9ba781f0340bfa254633accbc1025',
  username: 'a123456',
  role: '0',
  EIO: '3',
  transport: 'polling',
  t: 'NMsEF3K' }
[2020-11-11 15:33:05.989] [INFO] - [ 'DRTsVu6NOI2kNOpgAAGj', 'room1' ]
[2020-11-11 15:33:38.256] [INFO] - query { rid: 'room1',
  uid: '16b9ba781f0340bfa254633accbc1025',
  username: 'a123456',
  role: '0',
  EIO: '3',
  transport: 'polling',
  t: 'NMsEMwQ' }
[2020-11-11 15:33:38.257] [INFO] - [ 'qKfi4O31Rza-aNZHAAGk', 'room1' ]
[2020-11-11 15:34:48.795] [INFO] - query { rid: 'room1',
  uid: '16b9ba781f0340bfa254633accbc1025',
  username: 'a123456',
  role: '0',
  EIO: '3',
  transport: 'polling',
  t: 'NMsEdW0' }
[2020-11-11 15:34:48.796] [INFO] - [ 'scRuJ7qvtdb902l6AAGl', 'room1' ]
[2020-11-11 15:34:53.687] [INFO] - query { rid: 'room1',
  uid: '16b9ba781f0340bfa254633accbc1025',
  username: 'a123456',
  role: '0',
  EIO: '3',
  transport: 'polling',
  t: 'NMsEfQt' }
[2020-11-11 15:34:53.687] [INFO] - [ 'Yki3gqze6J10QeU-AAGm', 'room1' ]
[2020-11-11 15:35:28.904] [INFO] - query { rid: 'room1',
  uid: '16b9ba781f0340bfa254633accbc1025',
  username: 'a123456',
  role: '0',
  EIO: '3',
  transport: 'polling',
  t: 'NMsEnzh' }
[2020-11-11 15:35:28.905] [INFO] - [ '4W-l1ev1eMBjYycuAAGn', 'room1' ]
[2020-11-11 15:36:11.087] [INFO] - query { rid: 'room1',
  uid: '52dffcf9fb9e4ab78827f9e93d9818c7',
  username: '蓝胖子仇',
  role: '0',
  EIO: '3',
  transport: 'polling',
  t: 'NMsEy6u' }
[2020-11-11 15:36:11.087] [INFO] - [ 'jySD0HWnlgUDmwTxAAGo', 'room1' ]
[2020-11-11 15:37:25.818] [INFO] - query { rid: 'room1',
  uid: '16b9ba781f0340bfa254633accbc1025',
  username: 'a123456',
  role: '0',
  EIO: '3',
  transport: 'polling',
  t: 'NMsFEXl' }
[2020-11-11 15:37:25.818] [INFO] - [ 'WX_hGFhqYDnSWg8RAAGp', 'room1' ]
[2020-11-11 15:37:57.042] [INFO] - query { rid: 'room1',
  uid: '16b9ba781f0340bfa254633accbc1025',
  username: 'a123456',
  role: '0',
  EIO: '3',
  transport: 'polling',
  t: 'NMsFM1R' }
[2020-11-11 15:37:57.042] [INFO] - [ '9uFjPMUY_Te3hDD4AAGq', 'room1' ]
[2020-11-11 15:38:22.083] [INFO] - query { rid: 'room1',
  uid: '4498a9c5a6614aaaa5f1fc380ee10359',
  username: 'LanCcccc',
  role: '0',
  EIO: '3',
  transport: 'polling',
  t: 'NMsFS5R' }
[2020-11-11 15:38:22.084] [INFO] - [ 'yo33etKNbhii4MbFAAGr', 'room1' ]
[2020-11-11 15:38:28.908] [INFO] - query { rid: 'room1',
  uid: '16b9ba781f0340bfa254633accbc1025',
  username: 'a123456',
  role: '0',
  EIO: '3',
  transport: 'polling',
  t: 'NMsFTs-' }
[2020-11-11 15:38:28.908] [INFO] - [ 'vbsN7boh7chCvpDAAAGs', 'room1' ]
[2020-11-11 15:39:00.086] [INFO] - query { rid: 'room1',
  uid: '16b9ba781f0340bfa254633accbc1025',
  username: 'a123456',
  role: '0',
  EIO: '3',
  transport: 'polling',
  t: 'NMsFbPC' }
[2020-11-11 15:39:00.087] [INFO] - [ 'NWl8mMn3XgRCAeiQAAGt', 'room1' ]
[2020-11-11 15:39:32.091] [INFO] - query { rid: 'room1',
  uid: '16b9ba781f0340bfa254633accbc1025',
  username: 'a123456',
  role: '0',
  EIO: '3',
  transport: 'polling',
  t: 'NMsFjLx' }
[2020-11-11 15:39:32.092] [INFO] - [ 'Py-r5hsNL5HDxsDWAAGu', 'room1' ]
[2020-11-11 15:39:50.080] [INFO] - query { rid: 'room1',
  uid: '4498a9c5a6614aaaa5f1fc380ee10359',
  username: 'LanCcccc',
  role: '0',
  EIO: '3',
  transport: 'polling',
  t: 'NMsFnCw' }
[2020-11-11 15:39:50.080] [INFO] - [ 'QYB2CgbZKDxV73vdAAGv', 'room1' ]
[2020-11-11 15:40:19.157] [INFO] - query { rid: 'room1',
  uid: '4498a9c5a6614aaaa5f1fc380ee10359',
  username: 'LanCcccc',
  role: '0',
  EIO: '3',
  transport: 'polling',
  t: 'NMsFuJE' }
[2020-11-11 15:40:19.158] [INFO] - [ 'xLxMT7qsVkxhRYCEAAGw', 'room1' ]
[2020-11-11 15:40:20.920] [INFO] - query { rid: 'room1',
  uid: '16b9ba781f0340bfa254633accbc1025',
  username: 'a123456',
  role: '0',
  EIO: '3',
  transport: 'polling',
  t: 'NMsFvG1' }
[2020-11-11 15:40:20.921] [INFO] - [ 'HMLJ2l17gi4QXYV3AAGx', 'room1' ]
[2020-11-11 15:40:52.896] [INFO] - query { rid: 'room1',
  uid: '16b9ba781f0340bfa254633accbc1025',
  username: 'a123456',
  role: '0',
  EIO: '3',
  transport: 'polling',
  t: 'NMsG0yC' }
[2020-11-11 15:40:52.896] [INFO] - [ 'grsNGXJOrIOuzQiLAAGy', 'room1' ]
[2020-11-11 15:41:12.571] [INFO] - query { rid: 'room1',
  uid: '4498a9c5a6614aaaa5f1fc380ee10359',
  username: 'LanCcccc',
  role: '0',
  EIO: '3',
  transport: 'polling',
  t: 'NMsG5jL' }
[2020-11-11 15:41:12.571] [INFO] - [ '7FlDPJD0Cb1DVmH-AAGz', 'room1' ]
[2020-11-11 15:41:24.902] [INFO] - query { rid: 'room1',
  uid: '16b9ba781f0340bfa254633accbc1025',
  username: 'a123456',
  role: '0',
  EIO: '3',
  transport: 'polling',
  t: 'NMsG8s7' }
[2020-11-11 15:41:24.902] [INFO] - [ 'uuZLtc1otlQEkGoaAAG0', 'room1' ]
[2020-11-11 15:41:57.670] [INFO] - query { rid: 'room1',
  uid: '16b9ba781f0340bfa254633accbc1025',
  username: 'a123456',
  role: '0',
  EIO: '3',
  transport: 'polling',
  t: 'NMsGGmc' }
[2020-11-11 15:41:57.671] [INFO] - [ 'c0xdndAmCNguxpTYAAG1', 'room1' ]
[2020-11-11 15:42:29.116] [INFO] - query { rid: 'room1',
  uid: '16b9ba781f0340bfa254633accbc1025',
  username: 'a123456',
  role: '0',
  EIO: '3',
  transport: 'polling',
  t: 'NMsGOZR' }
[2020-11-11 15:42:29.116] [INFO] - [ 'seayJCyjT8hIJnMGAAG2', 'room1' ]
[2020-11-11 15:43:30.941] [INFO] - query { rid: 'room1',
  uid: '16b9ba781f0340bfa254633accbc1025',
  username: 'a123456',
  role: '0',
  EIO: '3',
  transport: 'polling',
  t: 'NMsGdfj' }
[2020-11-11 15:43:30.941] [INFO] - [ 'G9o0Ay9hqCMYGgH5AAG3', 'room1' ]
[2020-11-11 15:43:50.681] [INFO] - query { rid: 'room1',
  uid: '52dffcf9fb9e4ab78827f9e93d9818c7',
  username: '蓝胖子仇',
  role: '0',
  EIO: '3',
  transport: 'polling',
  t: 'NMsGiJ_' }
[2020-11-11 15:43:50.681] [INFO] - [ 'jCLAZGllwyn-YzRsAAG4', 'room1' ]
[2020-11-11 15:44:02.711] [INFO] - query { rid: 'room1',
  uid: '16b9ba781f0340bfa254633accbc1025',
  username: 'a123456',
  role: '0',
  EIO: '3',
  transport: 'polling',
  t: 'NMsGlPF' }
[2020-11-11 15:44:02.712] [INFO] - [ 'MvvGc8WSxDcbdTzWAAG5', 'room1' ]
[2020-11-11 15:44:04.991] [INFO] - query { rid: 'room1',
  uid: '51dcbca6a626420f8e0ea15ce8bf3da5',
  username: '哈哈哈',
  role: '0',
  EIO: '3',
  transport: 'polling',
  t: 'NMsGliG' }
[2020-11-11 15:44:04.993] [INFO] - [ 'NKLC7h8Lqvp0vxztAAG6', 'room1' ]
[2020-11-11 15:44:28.462] [INFO] - query { rid: 'room1',
  uid: '16b9ba781f0340bfa254633accbc1025',
  username: 'a123456',
  role: '0',
  EIO: '3',
  transport: 'polling',
  t: 'NMsGrY7' }
[2020-11-11 15:44:28.463] [INFO] - [ 'vLY8Gu8CDTdHtcCjAAG7', 'room1' ]
[2020-11-11 15:44:29.673] [INFO] - query { rid: 'room1',
  uid: '52dffcf9fb9e4ab78827f9e93d9818c7',
  username: '蓝胖子仇',
  role: '0',
  EIO: '3',
  transport: 'polling',
  t: 'NMsGrS-' }
[2020-11-11 15:44:29.674] [INFO] - [ 'NuAtSyJ1kOfuut5qAAG8', 'room1' ]
[2020-11-11 15:45:18.154] [INFO] - query { rid: 'room1',
  uid: '16b9ba781f0340bfa254633accbc1025',
  username: 'a123456',
  role: '0',
  EIO: '3',
  transport: 'polling',
  t: 'NMsH1mn' }
[2020-11-11 15:45:18.154] [INFO] - [ 'Rh38SydC7U2JvMizAAG9', 'room1' ]
[2020-11-11 15:46:13.760] [INFO] - query { rid: 'room1',
  uid: '16b9ba781f0340bfa254633accbc1025',
  username: 'a123456',
  role: '0',
  EIO: '3',
  transport: 'polling',
  t: 'NMsHFRm' }
[2020-11-11 15:46:13.762] [INFO] - [ 'Bm60k6NWdNvb0rxxAAG-', 'room1' ]
[2020-11-11 15:46:45.524] [INFO] - query { rid: 'room1',
  uid: '16b9ba781f0340bfa254633accbc1025',
  username: 'a123456',
  role: '0',
  EIO: '3',
  transport: 'polling',
  t: 'NMsHM_Q' }
[2020-11-11 15:46:45.525] [INFO] - [ '807Jz1oyTfVpMNznAAG_', 'room1' ]
[2020-11-11 15:46:55.672] [INFO] - query { rid: 'room1',
  uid: '51dcbca6a626420f8e0ea15ce8bf3da5',
  username: '哈哈哈',
  role: '0',
  EIO: '3',
  transport: 'polling',
  t: 'NMsHPN7' }
[2020-11-11 15:46:55.672] [INFO] - [ 'RfvJKPPRjwdNK3PvAAHA', 'room1' ]
[2020-11-11 15:47:04.940] [INFO] - query { rid: 'room1',
  uid: '51dcbca6a626420f8e0ea15ce8bf3da5',
  username: '哈哈哈',
  role: '0',
  EIO: '3',
  transport: 'polling',
  t: 'NMsHReV' }
[2020-11-11 15:47:04.940] [INFO] - [ 'RNw6638IG_cJwUAuAAHB', 'room1' ]
[2020-11-11 15:47:13.239] [INFO] - query { rid: 'room1',
  uid: '51dcbca6a626420f8e0ea15ce8bf3da5',
  username: '哈哈哈',
  role: '0',
  EIO: '3',
  transport: 'polling',
  t: 'NMsHTfy' }
[2020-11-11 15:47:13.239] [INFO] - [ 'VOJKW1yeYjEXmDHsAAHC', 'room1' ]
[2020-11-11 15:47:16.881] [INFO] - query { rid: 'room1',
  uid: '16b9ba781f0340bfa254633accbc1025',
  username: 'a123456',
  role: '0',
  EIO: '3',
  transport: 'polling',
  t: 'NMsHUlL' }
[2020-11-11 15:47:16.882] [INFO] - [ '45BrjoJZi0g9hDkgAAHD', 'room1' ]
[2020-11-11 15:48:05.465] [INFO] - query { rid: 'room1',
  uid: '52dffcf9fb9e4ab78827f9e93d9818c7',
  username: '蓝胖子仇',
  role: '0',
  EIO: '3',
  transport: 'polling',
  t: 'NMsHgWx' }
[2020-11-11 15:48:05.466] [INFO] - [ 'x4kck9-wprUjNgG9AAHE', 'room1' ]
[2020-11-11 15:48:19.387] [INFO] - query { rid: 'room1',
  uid: '52dffcf9fb9e4ab78827f9e93d9818c7',
  username: '蓝胖子仇',
  role: '0',
  EIO: '3',
  transport: 'polling',
  t: 'NMsHjwc' }
[2020-11-11 15:48:19.388] [INFO] - [ 'qqEHDqVVKy-rda-FAAHF', 'room1' ]
[2020-11-11 15:48:39.902] [INFO] - query { rid: 'room1',
  uid: '16b9ba781f0340bfa254633accbc1025',
  username: 'a123456',
  role: '0',
  EIO: '3',
  transport: 'polling',
  t: 'NMsHccO' }
[2020-11-11 15:48:39.903] [INFO] - [ 'KMUNd7BrxbMw7PxSAAHG', 'room1' ]
[2020-11-11 15:49:11.638] [INFO] - query { rid: 'room1',
  uid: '16b9ba781f0340bfa254633accbc1025',
  username: 'a123456',
  role: '0',
  EIO: '3',
  transport: 'polling',
  t: 'NMsHwpJ' }
[2020-11-11 15:49:11.638] [INFO] - [ 'HRkMcM7mXG4bGM3uAAHH', 'room1' ]
[2020-11-11 15:49:43.551] [INFO] - query { rid: 'room1',
  uid: '16b9ba781f0340bfa254633accbc1025',
  username: 'a123456',
  role: '0',
  EIO: '3',
  transport: 'polling',
  t: 'NMsI2cw' }
[2020-11-11 15:49:43.552] [INFO] - [ 'aveJSYQcF5qfHSTyAAHI', 'room1' ]
[2020-11-11 15:50:33.196] [INFO] - query { rid: 'room1',
  uid: '16b9ba781f0340bfa254633accbc1025',
  username: 'a123456',
  role: '0',
  EIO: '3',
  transport: 'polling',
  t: 'NMsIEgX' }
[2020-11-11 15:50:33.196] [INFO] - [ 'PkAGn1wVBaSZ5lRfAAHJ', 'room1' ]
[2020-11-11 15:57:29.938] [INFO] - query { rid: 'room1',
  uid: '826a0b7b4749431c9555d3a608b610ea',
  username: 'fedfd',
  role: '0',
  EIO: '3',
  transport: 'polling',
  t: 'NMsJqMD' }
[2020-11-11 15:57:29.938] [INFO] - [ '9d844MvI3mcONWuFAAHK', 'room1' ]
[2020-11-11 15:58:44.907] [INFO] - query { rid: 'room1',
  uid: '16b9ba781f0340bfa254633accbc1025',
  username: 'a123456',
  role: '0',
  EIO: '3',
  transport: 'polling',
  t: 'NMsK6Ms' }
[2020-11-11 15:58:44.907] [INFO] - [ '3j1DXU2tlrpNiWDdAAHL', 'room1' ]
[2020-11-11 15:59:53.818] [INFO] - query { rid: 'room1',
  uid: '16b9ba781f0340bfa254633accbc1025',
  username: 'a123456',
  role: '0',
  EIO: '3',
  transport: 'polling',
  t: 'NMsKNBe' }
[2020-11-11 15:59:53.818] [INFO] - [ 'T7cz_uu5h5czwAXRAAHM', 'room1' ]
[2020-11-11 16:00:10.393] [INFO] - query { rid: 'room1',
  uid: '4498a9c5a6614aaaa5f1fc380ee10359',
  username: 'LanCcccc',
  role: '0',
  EIO: '3',
  transport: 'polling',
  t: 'NMsKR6n' }
[2020-11-11 16:00:10.393] [INFO] - [ 'BZCqG5oJJcQUgOLmAAHN', 'room1' ]
[2020-11-11 16:02:49.292] [INFO] - query { rid: 'room1',
  uid: '826a0b7b4749431c9555d3a608b610ea',
  username: 'fedfd',
  role: '0',
  EIO: '3',
  transport: 'polling',
  t: 'NMsL2Jv' }
[2020-11-11 16:02:49.293] [INFO] - [ '4QsBGtyXqakyym80AAHO', 'room1' ]
[2020-11-11 16:03:12.793] [INFO] - query { rid: 'room1',
  uid: '16b9ba781f0340bfa254633accbc1025',
  username: 'a123456',
  role: '0',
  EIO: '3',
  transport: 'polling',
  t: 'NMsL7mi' }
[2020-11-11 16:03:12.794] [INFO] - [ 'KJ226HkUfwppc83lAAHP', 'room1' ]
[2020-11-11 16:11:01.033] [INFO] - query { rid: 'room1',
  uid: '16b9ba781f0340bfa254633accbc1025',
  username: 'a123456',
  role: '0',
  EIO: '3',
  transport: 'polling',
  t: 'NMsMw4-' }
[2020-11-11 16:11:01.033] [INFO] - [ '6-lrR9woBhyPGeeCAAHQ', 'room1' ]
[2020-11-11 16:11:01.358] [INFO] - query { rid: 'room1',
  uid: '16b9ba781f0340bfa254633accbc1025',
  username: 'a123456',
  role: '0',
  EIO: '3',
  transport: 'polling',
  t: 'NMsMwA6' }
[2020-11-11 16:11:01.358] [INFO] - [ '8Qd3yrbaD6nGTdpyAAHR', 'room1' ]
[2020-11-11 16:15:04.470] [INFO] - query { rid: 'room1',
  uid: '52dffcf9fb9e4ab78827f9e93d9818c7',
  username: '蓝胖子仇',
  role: '0',
  EIO: '3',
  transport: 'polling',
  t: 'NMsNrjL' }
[2020-11-11 16:15:04.470] [INFO] - [ 'XF-6ICa_MBYZk1_uAAHS', 'room1' ]
[2020-11-11 16:16:14.839] [INFO] - query { rid: 'room1',
  uid: '52dffcf9fb9e4ab78827f9e93d9818c7',
  username: '蓝胖子仇',
  role: '0',
  EIO: '3',
  transport: 'polling',
  t: 'NMsO6uv' }
[2020-11-11 16:16:14.839] [INFO] - [ 'OrEgrmdtF3T1TRUnAAHT', 'room1' ]
[2020-11-11 16:19:41.226] [INFO] - query { rid: 'room1',
  uid: '52dffcf9fb9e4ab78827f9e93d9818c7',
  username: '蓝胖子仇',
  role: '0',
  EIO: '3',
  transport: 'polling',
  t: 'NMsOvA5' }
[2020-11-11 16:19:41.226] [INFO] - [ 'V8eKqLY4yh22ZmZYAAHU', 'room1' ]
[2020-11-11 16:26:28.517] [INFO] - query { rid: 'room1',
  uid: '826a0b7b4749431c9555d3a608b610ea',
  username: 'fedfd',
  role: '0',
  EIO: '3',
  transport: 'polling',
  t: 'NMsQSoL' }
[2020-11-11 16:26:28.518] [INFO] - [ 'dF9Mh9sA-WRVCwOCAAHV', 'room1' ]
[2020-11-11 16:27:30.857] [INFO] - query { rid: 'room1',
  uid: '16b9ba781f0340bfa254633accbc1025',
  username: 'a123456',
  role: '0',
  EIO: '3',
  transport: 'polling',
  t: 'NMsQhlI' }
[2020-11-11 16:27:30.858] [INFO] - [ 'HhlGjcUdYw7h4laJAAHW', 'room1' ]
[2020-11-11 16:28:31.211] [INFO] - query { rid: 'room1',
  uid: '16b9ba781f0340bfa254633accbc1025',
  username: 'a123456',
  role: '0',
  EIO: '3',
  transport: 'polling',
  t: 'NMsQwUF' }
[2020-11-11 16:28:31.212] [INFO] - [ 'HdR7ifBNjU1zTUpsAAHX', 'room1' ]
[2020-11-11 16:32:02.813] [INFO] - query { rid: 'room1',
  uid: '16b9ba781f0340bfa254633accbc1025',
  username: 'a123456',
  role: '0',
  EIO: '3',
  transport: 'polling',
  t: 'NMsRk8h' }
[2020-11-11 16:32:02.814] [INFO] - [ 'khIhaQp9HEExvfv_AAHY', 'room1' ]
[2020-11-11 16:32:24.475] [INFO] - query { rid: 'room1',
  uid: '16b9ba781f0340bfa254633accbc1025',
  username: 'a123456',
  role: '0',
  EIO: '3',
  transport: 'polling',
  t: 'NMsRpRA' }
[2020-11-11 16:32:24.475] [INFO] - [ 'BJ89d4Q5ptcNPuPzAAHZ', 'room1' ]
[2020-11-11 16:33:08.725] [INFO] - query { rid: 'room1',
  uid: '16b9ba781f0340bfa254633accbc1025',
  username: 'a123456',
  role: '0',
  EIO: '3',
  transport: 'polling',
  t: 'NMsR-EX' }
[2020-11-11 16:33:08.726] [INFO] - [ 'VtrWgf3TuETlnaB4AAHa', 'room1' ]
[2020-11-11 16:33:14.511] [INFO] - query { rid: 'room1',
  uid: '826a0b7b4749431c9555d3a608b610ea',
  username: 'fedfd',
  role: '0',
  EIO: '3',
  transport: 'polling',
  t: 'NMsR_xM' }
[2020-11-11 16:33:14.511] [INFO] - [ 'hedBMv_lIv8pqvbBAAHb', 'room1' ]
[2020-11-11 16:33:40.078] [INFO] - query { rid: 'room1',
  uid: '16b9ba781f0340bfa254633accbc1025',
  username: 'a123456',
  role: '0',
  EIO: '3',
  transport: 'polling',
  t: 'NMsS5uU' }
[2020-11-11 16:33:40.078] [INFO] - [ 'NJGTd3SWgsc9Gv8_AAHc', 'room1' ]
[2020-11-11 16:34:41.536] [INFO] - query { rid: 'room1',
  uid: '16b9ba781f0340bfa254633accbc1025',
  username: 'a123456',
  role: '0',
  EIO: '3',
  transport: 'polling',
  t: 'NMsSKum' }
[2020-11-11 16:34:41.537] [INFO] - [ 'NWogHUMVZUNs4YbkAAHd', 'room1' ]
[2020-11-11 16:34:49.518] [INFO] - query { rid: 'room1',
  uid: '16b9ba781f0340bfa254633accbc1025',
  username: 'a123456',
  role: '0',
  EIO: '3',
  transport: 'polling',
  t: 'NMsSMrW' }
[2020-11-11 16:34:49.518] [INFO] - [ 'kJLN_RBmMwDEkVLuAAHe', 'room1' ]
[2020-11-11 16:35:20.387] [INFO] - query { rid: 'room1',
  uid: '16b9ba781f0340bfa254633accbc1025',
  username: 'a123456',
  role: '0',
  EIO: '3',
  transport: 'polling',
  t: 'NMsSUNn' }
[2020-11-11 16:35:20.387] [INFO] - [ 'zOy5zWz_6VMLRuowAAHf', 'room1' ]
[2020-11-11 16:42:01.581] [INFO] - query { rid: 'room1',
  uid: '16b9ba781f0340bfa254633accbc1025',
  username: 'a123456',
  role: '0',
  EIO: '3',
  transport: 'polling',
  t: 'NMsU0Kb' }
[2020-11-11 16:42:01.582] [INFO] - [ 'CoMrBIVARum3fUhXAAHg', 'room1' ]
[2020-11-11 16:42:28.262] [INFO] - query { rid: 'room1',
  uid: '16b9ba781f0340bfa254633accbc1025',
  username: 'a123456',
  role: '0',
  EIO: '3',
  transport: 'polling',
  t: 'NMsU6rS' }
[2020-11-11 16:42:28.262] [INFO] - [ 'wD_YbsGs4UmhOPy7AAHh', 'room1' ]
[2020-11-11 16:43:20.347] [INFO] - query { rid: 'room1',
  uid: '16b9ba781f0340bfa254633accbc1025',
  username: 'a123456',
  role: '0',
  EIO: '3',
  transport: 'polling',
  t: 'NMsUJZH' }
[2020-11-11 16:43:20.349] [INFO] - [ 'pl4YHDGn8kTZk3_3AAHi', 'room1' ]
[2020-11-11 16:45:45.713] [INFO] - query { rid: 'room1',
  uid: '51dcbca6a626420f8e0ea15ce8bf3da5',
  username: '哈哈哈',
  role: '0',
  EIO: '3',
  transport: 'polling',
  t: 'NMsUtCa' }
[2020-11-11 16:45:45.714] [INFO] - [ 'iHBRxtdbgPp4UorkAAHj', 'room1' ]
[2020-11-11 16:46:42.546] [INFO] - query { rid: 'room1',
  uid: '16b9ba781f0340bfa254633accbc1025',
  username: 'a123456',
  role: '0',
  EIO: '3',
  transport: 'polling',
  t: 'NMsV4wa' }
[2020-11-11 16:46:42.546] [INFO] - [ '5nml9RktbsOpCawkAAHk', 'room1' ]
[2020-11-11 16:46:48.438] [INFO] - query { rid: 'room1',
  uid: '51dcbca6a626420f8e0ea15ce8bf3da5',
  username: '哈哈哈',
  role: '0',
  EIO: '3',
  transport: 'polling',
  t: 'NMsV6Wd' }
[2020-11-11 16:46:48.440] [INFO] - [ 'U4gi3MvFovGPGiXtAAHl', 'room1' ]
[2020-11-11 16:46:58.675] [INFO] - query { rid: 'room1',
  uid: '16b9ba781f0340bfa254633accbc1025',
  username: 'a123456',
  role: '0',
  EIO: '3',
  transport: 'polling',
  t: 'NMsV8si' }
[2020-11-11 16:46:58.676] [INFO] - [ 'YA45J3cnIdimn_SOAAHm', 'room1' ]
[2020-11-11 16:47:34.147] [INFO] - query { rid: 'room1',
  uid: '51dcbca6a626420f8e0ea15ce8bf3da5',
  username: '哈哈哈',
  role: '0',
  EIO: '3',
  transport: 'polling',
  t: 'NMsVHgr' }
[2020-11-11 16:47:34.147] [INFO] - [ 'xv9Laj5SE_ifq35WAAHn', 'room1' ]
[2020-11-11 16:47:43.710] [INFO] - query { rid: 'room1',
  uid: '16b9ba781f0340bfa254633accbc1025',
  username: 'a123456',
  role: '0',
  EIO: '3',
  transport: 'polling',
  t: 'NMsVJsQ' }
[2020-11-11 16:47:43.710] [INFO] - [ 'Eunw_FzUBcZeh2wlAAHo', 'room1' ]
[2020-11-11 16:47:56.590] [INFO] - query { rid: 'room1',
  uid: '4498a9c5a6614aaaa5f1fc380ee10359',
  username: 'LanCcccc',
  role: '0',
  EIO: '3',
  transport: 'polling',
  t: 'NMsVMph' }
[2020-11-11 16:47:56.590] [INFO] - [ '9FXFRQPMYEACfkEGAAHp', 'room1' ]
[2020-11-11 16:47:58.783] [INFO] - query { rid: 'room1',
  uid: '51dcbca6a626420f8e0ea15ce8bf3da5',
  username: '哈哈哈',
  role: '0',
  EIO: '3',
  transport: 'polling',
  t: 'NMsVNhn' }
[2020-11-11 16:47:58.783] [INFO] - [ 'WS1QKCniXYhhnpRoAAHq', 'room1' ]
[2020-11-11 16:48:58.900] [INFO] - query { rid: 'room1',
  uid: '51dcbca6a626420f8e0ea15ce8bf3da5',
  username: '哈哈哈',
  role: '0',
  EIO: '3',
  transport: 'polling',
  t: 'NMsVcMd' }
[2020-11-11 16:48:58.901] [INFO] - [ 'MrQFyoaMopbx5LTWAAHr', 'room1' ]
[2020-11-11 16:49:36.936] [INFO] - query { rid: 'room1',
  uid: '51dcbca6a626420f8e0ea15ce8bf3da5',
  username: '哈哈哈',
  role: '0',
  EIO: '3',
  transport: 'polling',
  t: 'NMsVlfC' }
[2020-11-11 16:49:36.936] [INFO] - [ 'RSpEd9SawUxhJrQYAAHs', 'room1' ]
[2020-11-11 16:50:02.346] [INFO] - query { rid: 'room1',
  uid: '4498a9c5a6614aaaa5f1fc380ee10359',
  username: 'LanCcccc',
  role: '0',
  EIO: '3',
  transport: 'polling',
  t: 'NMsVrWN' }
[2020-11-11 16:50:02.347] [INFO] - [ '1eJtdt4tEEbv0MlRAAHt', 'room1' ]
[2020-11-11 16:50:16.742] [INFO] - query { rid: 'room1',
  uid: '4498a9c5a6614aaaa5f1fc380ee10359',
  username: 'LanCcccc',
  role: '0',
  EIO: '3',
  transport: 'polling',
  t: 'NMsVv1L' }
[2020-11-11 16:50:16.743] [INFO] - [ 'JBVy1CtgzUFfI_U7AAHu', 'room1' ]
[2020-11-11 16:50:19.692] [INFO] - query { rid: 'room1',
  uid: '51dcbca6a626420f8e0ea15ce8bf3da5',
  username: '哈哈哈',
  role: '0',
  EIO: '3',
  transport: 'polling',
  t: 'NMsVw5Q' }
[2020-11-11 16:50:19.693] [INFO] - [ 'wnLlyd8ZBbtY4sK1AAHv', 'room1' ]
[2020-11-11 16:50:54.172] [INFO] - query { rid: 'room1',
  uid: '51dcbca6a626420f8e0ea15ce8bf3da5',
  username: '哈哈哈',
  role: '0',
  EIO: '3',
  transport: 'polling',
  t: 'NMsW2WA' }
[2020-11-11 16:50:54.173] [INFO] - [ 'A7W6bgWrkPwTzVxOAAHw', 'room1' ]
[2020-11-11 16:51:53.748] [INFO] - query { rid: 'room1',
  uid: '51dcbca6a626420f8e0ea15ce8bf3da5',
  username: '哈哈哈',
  role: '0',
  EIO: '3',
  transport: 'polling',
  t: 'NMsWH2Y' }
[2020-11-11 16:51:53.748] [INFO] - [ 'FX_oyObyMWAJMKYPAAHx', 'room1' ]
[2020-11-11 16:52:41.365] [INFO] - query { rid: 'room1',
  uid: '51dcbca6a626420f8e0ea15ce8bf3da5',
  username: '哈哈哈',
  role: '0',
  EIO: '3',
  transport: 'polling',
  t: 'NMsWSh0' }
[2020-11-11 16:52:41.366] [INFO] - [ 'Czqr3AMKdvTdRokIAAHy', 'room1' ]
[2020-11-11 16:53:19.634] [INFO] - query { rid: 'room1',
  uid: '16b9ba781f0340bfa254633accbc1025',
  username: 'a123456',
  role: '0',
  EIO: '3',
  transport: 'polling',
  t: 'NMsWbtJ' }
[2020-11-11 16:53:19.634] [INFO] - [ 'Qp6zwNnntMzKkohBAAHz', 'room1' ]
[2020-11-11 16:53:41.113] [INFO] - query { rid: 'room1',
  uid: '51dcbca6a626420f8e0ea15ce8bf3da5',
  username: '哈哈哈',
  role: '0',
  EIO: '3',
  transport: 'polling',
  t: 'NMsWhGS' }
[2020-11-11 16:53:41.114] [INFO] - [ 'Iu9whilXOv9TEaXtAAH0', 'room1' ]
[2020-11-11 16:54:13.110] [INFO] - query { rid: 'room1',
  uid: '51dcbca6a626420f8e0ea15ce8bf3da5',
  username: '哈哈哈',
  role: '0',
  EIO: '3',
  transport: 'polling',
  t: 'NMsWp41' }
[2020-11-11 16:54:13.110] [INFO] - [ '7UZ-NrgLlDbYMAKkAAH1', 'room1' ]
[2020-11-11 17:00:24.121] [INFO] - query { rid: 'room1',
  uid: '4498a9c5a6614aaaa5f1fc380ee10359',
  username: 'LanCcccc',
  role: '0',
  EIO: '3',
  transport: 'polling',
  t: 'NMsYDIq' }
[2020-11-11 17:00:24.121] [INFO] - [ 'KMnkhQKBqH3Q6rdmAAH2', 'room1' ]
[2020-11-11 17:01:22.348] [INFO] - query { rid: 'room1',
  uid: '51dcbca6a626420f8e0ea15ce8bf3da5',
  username: '哈哈哈',
  role: '0',
  EIO: '3',
  transport: 'polling',
  t: 'NMsYRtO' }
[2020-11-11 17:01:22.349] [INFO] - [ 'kdMXX5XCMnYF8MNfAAH3', 'room1' ]
[2020-11-11 17:02:43.139] [INFO] - query { rid: 'room1',
  uid: '4498a9c5a6614aaaa5f1fc380ee10359',
  username: 'LanCcccc',
  role: '0',
  EIO: '3',
  transport: 'polling',
  t: 'NMsYlEp' }
[2020-11-11 17:02:43.139] [INFO] - [ 'UI58_YwoQz7AYoduAAH4', 'room1' ]
[2020-11-11 17:03:50.334] [INFO] - query { rid: 'room1',
  uid: '51dcbca6a626420f8e0ea15ce8bf3da5',
  username: '哈哈哈',
  role: '0',
  EIO: '3',
  transport: 'polling',
  t: 'NMsY__n' }
[2020-11-11 17:03:50.334] [INFO] - [ '0SmtANCZYl_Ahl2yAAH5', 'room1' ]
[2020-11-11 17:04:04.163] [INFO] - query { rid: 'room1',
  uid: '51dcbca6a626420f8e0ea15ce8bf3da5',
  username: '哈哈哈',
  role: '0',
  EIO: '3',
  transport: 'polling',
  t: 'NMsZ3Nu' }
[2020-11-11 17:04:04.164] [INFO] - [ 'yZFB4rMs8peh6Ty5AAH6', 'room1' ]
[2020-11-11 17:04:38.268] [INFO] - query { rid: 'room1',
  uid: '51dcbca6a626420f8e0ea15ce8bf3da5',
  username: '哈哈哈',
  role: '0',
  EIO: '3',
  transport: 'polling',
  t: 'NMsZBim' }
[2020-11-11 17:04:38.268] [INFO] - [ 'yvf-o_O-tyXF9-GXAAH7', 'room1' ]
[2020-11-11 17:04:46.754] [INFO] - query { rid: 'room1',
  uid: '51dcbca6a626420f8e0ea15ce8bf3da5',
  username: '哈哈哈',
  role: '0',
  EIO: '3',
  transport: 'polling',
  t: 'NMsZDnO' }
[2020-11-11 17:04:46.754] [INFO] - [ 'eYdJrYdw0bAvDbPjAAH8', 'room1' ]
[2020-11-11 17:05:05.887] [INFO] - query { rid: 'room1',
  uid: '51dcbca6a626420f8e0ea15ce8bf3da5',
  username: '哈哈哈',
  role: '0',
  EIO: '3',
  transport: 'polling',
  t: 'NMsZIS8' }
[2020-11-11 17:05:05.887] [INFO] - [ 'eArMqiD_gF9ooGfOAAH9', 'room1' ]
[2020-11-11 17:06:34.729] [INFO] - query { rid: 'room1',
  uid: '4498a9c5a6614aaaa5f1fc380ee10359',
  username: 'LanCcccc',
  role: '0',
  EIO: '3',
  transport: 'polling',
  t: 'NMsZdnE' }
[2020-11-11 17:06:34.730] [INFO] - [ 'hEy81vsYNe93hs5eAAH-', 'room1' ]
[2020-11-11 17:06:38.297] [INFO] - query { rid: 'room1',
  uid: '51dcbca6a626420f8e0ea15ce8bf3da5',
  username: '哈哈哈',
  role: '0',
  EIO: '3',
  transport: 'polling',
  t: 'NMsZe_S' }
[2020-11-11 17:06:38.297] [INFO] - [ '93eXkZTUlVGG_DMMAAH_', 'room1' ]
[2020-11-11 17:07:12.836] [INFO] - query { rid: 'room1',
  uid: '51dcbca6a626420f8e0ea15ce8bf3da5',
  username: '哈哈哈',
  role: '0',
  EIO: '3',
  transport: 'polling',
  t: 'NMsZnRH' }
[2020-11-11 17:07:12.837] [INFO] - [ 'lfQoyWK6KxHfi0sQAAIA', 'room1' ]
[2020-11-11 17:07:44.547] [INFO] - query { rid: 'room1',
  uid: '51dcbca6a626420f8e0ea15ce8bf3da5',
  username: '哈哈哈',
  role: '0',
  EIO: '3',
  transport: 'polling',
  t: 'NMsZvB5' }
[2020-11-11 17:07:44.548] [INFO] - [ 'tDHcc1CBtsoZeYfmAAIB', 'room1' ]
[2020-11-11 17:08:37.356] [INFO] - query { rid: 'room1',
  uid: '51dcbca6a626420f8e0ea15ce8bf3da5',
  username: '哈哈哈',
  role: '0',
  EIO: '3',
  transport: 'polling',
  t: 'NMsa643' }
[2020-11-11 17:08:37.357] [INFO] - [ 'PMqzVhPUyJZkANvvAAIC', 'room1' ]
[2020-11-11 17:08:56.638] [INFO] - query { rid: 'room1',
  uid: '16b9ba781f0340bfa254633accbc1025',
  username: 'a123456',
  role: '0',
  EIO: '3',
  transport: 'polling',
  t: 'NMsaAeF' }
[2020-11-11 17:08:56.638] [INFO] - [ 'AVKAxyJU9HrnHJknAAID', 'room1' ]
[2020-11-11 17:09:00.345] [INFO] - query { rid: 'room1',
  uid: '16b9ba781f0340bfa254633accbc1025',
  username: 'a123456',
  role: '0',
  EIO: '3',
  transport: 'polling',
  t: 'NMsaBYG' }
[2020-11-11 17:09:00.346] [INFO] - [ 'lB4mgyNqbLwMp-_fAAIE', 'room1' ]
[2020-11-11 17:09:13.990] [INFO] - query { rid: 'room1',
  uid: '826a0b7b4749431c9555d3a608b610ea',
  username: 'fedfd',
  role: '0',
  EIO: '3',
  transport: 'polling',
  t: 'NMsaFBW' }
[2020-11-11 17:09:13.990] [INFO] - [ 'MMlWOp2qcUzkHoG8AAIF', 'room1' ]
[2020-11-11 17:10:04.808] [INFO] - query { rid: 'room1',
  uid: '16b9ba781f0340bfa254633accbc1025',
  username: 'a123456',
  role: '0',
  EIO: '3',
  transport: 'polling',
  t: 'NMsaReq' }
[2020-11-11 17:10:04.809] [INFO] - [ 'SHTZk_gtRGZIMkGAAAIG', 'room1' ]
[2020-11-11 17:10:18.901] [INFO] - query { rid: 'room1',
  uid: '16b9ba781f0340bfa254633accbc1025',
  username: 'a123456',
  role: '0',
  EIO: '3',
  transport: 'polling',
  t: 'NMsaV51' }
[2020-11-11 17:10:18.901] [INFO] - [ '96dbntqtoN6vQHxdAAIH', 'room1' ]
[2020-11-11 17:10:32.293] [INFO] - query { rid: 'room1',
  uid: '16b9ba781f0340bfa254633accbc1025',
  username: 'a123456',
  role: '0',
  EIO: '3',
  transport: 'polling',
  t: 'NMsaYMJ' }
[2020-11-11 17:10:32.293] [INFO] - [ 'Z4HNG5LJI0i6PAXpAAII', 'room1' ]
[2020-11-11 17:11:22.923] [INFO] - query { rid: 'room1',
  uid: '16b9ba781f0340bfa254633accbc1025',
  username: 'a123456',
  role: '0',
  EIO: '3',
  transport: 'polling',
  t: 'NMsakL-' }
[2020-11-11 17:11:22.923] [INFO] - [ 'QU5bZezsh0RemUXIAAIJ', 'room1' ]
[2020-11-11 17:12:38.875] [INFO] - query { rid: 'room1',
  uid: '16b9ba781f0340bfa254633accbc1025',
  username: 'a123456',
  role: '0',
  EIO: '3',
  transport: 'polling',
  t: 'NMsb0um' }
[2020-11-11 17:12:38.875] [INFO] - [ '_G2r0FdgTPee4LXlAAIK', 'room1' ]
[2020-11-11 17:13:23.012] [INFO] - query { rid: 'room1',
  uid: '4498a9c5a6614aaaa5f1fc380ee10359',
  username: 'LanCcccc',
  role: '0',
  EIO: '3',
  transport: 'polling',
  t: 'NMsbBSB' }
[2020-11-11 17:13:23.013] [INFO] - [ 'IernedNDajCUfehWAAIL', 'room1' ]
[2020-11-11 17:15:01.408] [INFO] - query { rid: 'room1',
  uid: '4498a9c5a6614aaaa5f1fc380ee10359',
  username: 'LanCcccc',
  role: '0',
  EIO: '3',
  transport: 'polling',
  t: 'NMsbZTT' }
[2020-11-11 17:15:01.409] [INFO] - [ '6cTOk9oLQkP4LPG-AAIM', 'room1' ]
[2020-11-11 17:24:25.393] [INFO] - query { rid: 'room1',
  uid: '4498a9c5a6614aaaa5f1fc380ee10359',
  username: 'LanCcccc',
  role: '0',
  EIO: '3',
  transport: 'polling',
  t: 'NMsdj90' }
[2020-11-11 17:24:25.394] [INFO] - [ '0hMg8H7iHjuvJeJHAAIN', 'room1' ]
[2020-11-11 17:24:27.162] [INFO] - query { rid: 'room1',
  uid: '16b9ba781f0340bfa254633accbc1025',
  username: 'a123456',
  role: '0',
  EIO: '3',
  transport: 'polling',
  t: 'NMsdjps' }
[2020-11-11 17:24:27.162] [INFO] - [ 'tCL51uJCvbacW-nTAAIO', 'room1' ]
[2020-11-11 17:25:48.417] [INFO] - query { rid: 'room1',
  uid: '16b9ba781f0340bfa254633accbc1025',
  username: 'a123456',
  role: '0',
  EIO: '3',
  transport: 'polling',
  t: 'NMse1fX' }
[2020-11-11 17:25:48.417] [INFO] - [ 'Q_MgcMg77kP7IrK4AAIP', 'room1' ]
[2020-11-11 17:30:11.403] [INFO] - query { rid: 'room1',
  uid: '16b9ba781f0340bfa254633accbc1025',
  username: 'a123456',
  role: '0',
  EIO: '3',
  transport: 'polling',
  t: 'NMsf1sl' }
[2020-11-11 17:30:11.403] [INFO] - [ 'X_74MSp3tBh3jkL8AAIQ', 'room1' ]
[2020-11-11 17:33:32.561] [INFO] - query { rid: 'room1',
  uid: '16b9ba781f0340bfa254633accbc1025',
  username: 'a123456',
  role: '0',
  EIO: '3',
  transport: 'polling',
  t: 'NMsfpHa' }
[2020-11-11 17:33:32.561] [INFO] - [ 'sujyupRVCc89QzxUAAIR', 'room1' ]
[2020-11-11 17:33:50.912] [INFO] - query { rid: 'room1',
  uid: '16b9ba781f0340bfa254633accbc1025',
  username: 'a123456',
  role: '0',
  EIO: '3',
  transport: 'polling',
  t: 'NMsftmJ' }
[2020-11-11 17:33:50.912] [INFO] - [ '-LRrPBE6-ZCFh3CUAAIS', 'room1' ]
[2020-11-11 17:35:59.554] [INFO] - query { rid: 'room1',
  uid: '16b9ba781f0340bfa254633accbc1025',
  username: 'a123456',
  role: '0',
  EIO: '3',
  transport: 'polling',
  t: 'NMsgNAK' }
[2020-11-11 17:35:59.555] [INFO] - [ 'fu2tdHtgYr-YCmQFAAIT', 'room1' ]
[2020-11-11 17:37:49.132] [INFO] - query { rid: 'room1',
  uid: '16b9ba781f0340bfa254633accbc1025',
  username: 'a123456',
  role: '0',
  EIO: '3',
  transport: 'polling',
  t: 'NMsgnwc' }
[2020-11-11 17:37:49.133] [INFO] - [ '74AegmOtWbTLI_yDAAIU', 'room1' ]
[2020-11-11 17:40:38.907] [INFO] - query { rid: 'room1',
  uid: '16b9ba781f0340bfa254633accbc1025',
  username: 'a123456',
  role: '0',
  EIO: '3',
  transport: 'polling',
  t: 'NMshRTZ' }
[2020-11-11 17:40:38.908] [INFO] - [ 'kvj4bmNHKSaywGbXAAIV', 'room1' ]
[2020-11-11 17:41:39.482] [INFO] - query { rid: 'room1',
  uid: '16b9ba781f0340bfa254633accbc1025',
  username: 'a123456',
  role: '0',
  EIO: '3',
  transport: 'polling',
  t: 'NMshfrz' }
[2020-11-11 17:41:39.483] [INFO] - [ 'SJtOzBqhod-t6v_bAAIW', 'room1' ]
[2020-11-11 17:43:39.995] [INFO] - query { rid: 'room1',
  uid: '16b9ba781f0340bfa254633accbc1025',
  username: 'a123456',
  role: '0',
  EIO: '3',
  transport: 'polling',
  t: 'NMsi7hL' }
[2020-11-11 17:43:39.996] [INFO] - [ '4aXw8dNQsSrP8QumAAIX', 'room1' ]
[2020-11-11 17:44:39.111] [INFO] - query { rid: 'room1',
  uid: '16b9ba781f0340bfa254633accbc1025',
  username: 'a123456',
  role: '0',
  EIO: '3',
  transport: 'polling',
  t: 'NMsiM7T' }
[2020-11-11 17:44:39.113] [INFO] - [ 'iS9D8RB2rgtJCIOcAAIY', 'room1' ]
[2020-11-11 17:48:04.853] [INFO] - query { rid: 'room1',
  uid: '16b9ba781f0340bfa254633accbc1025',
  username: 'a123456',
  role: '0',
  EIO: '3',
  transport: 'polling',
  t: 'NMsj8M8' }
[2020-11-11 17:48:04.854] [INFO] - [ 'kiExUX9TvTOSl0FTAAIZ', 'room1' ]
[2020-11-11 17:48:36.051] [INFO] - query { rid: 'room1',
  uid: '16b9ba781f0340bfa254633accbc1025',
  username: 'a123456',
  role: '0',
  EIO: '3',
  transport: 'polling',
  t: 'NMsjFrY' }
[2020-11-11 17:48:36.051] [INFO] - [ 'bd3tGl55gKjinABhAAIa', 'room1' ]
[2020-11-11 17:50:48.525] [INFO] - query { rid: 'room1',
  uid: '16b9ba781f0340bfa254633accbc1025',
  username: 'a123456',
  role: '0',
  EIO: '3',
  transport: 'polling',
  t: 'NMsjm9A' }
[2020-11-11 17:50:48.525] [INFO] - [ 'qlXuZINUGJFAJ03uAAIb', 'room1' ]
[2020-11-11 17:52:11.301] [INFO] - query { rid: 'room1',
  uid: '16b9ba781f0340bfa254633accbc1025',
  username: 'a123456',
  role: '0',
  EIO: '3',
  transport: 'polling',
  t: 'NMsk46U' }
[2020-11-11 17:52:11.302] [INFO] - [ 'BnBGmpnBU6wGBWgVAAIc', 'room1' ]
[2020-11-11 17:53:16.998] [INFO] - query { rid: 'room1',
  uid: '16b9ba781f0340bfa254633accbc1025',
  username: 'a123456',
  role: '0',
  EIO: '3',
  transport: 'polling',
  t: 'NMskK91' }
[2020-11-11 17:53:16.999] [INFO] - [ 'XhKJYrx1ig3xGdoOAAId', 'room1' ]
[2020-11-11 17:53:26.700] [INFO] - query { rid: 'room1',
  uid: '16b9ba781f0340bfa254633accbc1025',
  username: 'a123456',
  role: '0',
  EIO: '3',
  transport: 'polling',
  t: 'NMskMWY' }
[2020-11-11 17:53:26.700] [INFO] - [ 'FTDX7LRFxQkdj99rAAIe', 'room1' ]
[2020-11-11 17:53:55.678] [INFO] - query { rid: 'room1',
  uid: '16b9ba781f0340bfa254633accbc1025',
  username: 'a123456',
  role: '0',
  EIO: '3',
  transport: 'polling',
  t: 'NMskTbN' }
[2020-11-11 17:53:55.679] [INFO] - [ 'WJRI3xZQBJ1-s2Q9AAIf', 'room1' ]
[2020-11-11 17:54:14.573] [INFO] - query { rid: 'room1',
  uid: '826a0b7b4749431c9555d3a608b610ea',
  username: 'fedfd',
  role: '0',
  EIO: '3',
  transport: 'polling',
  t: 'NMskYQD' }
[2020-11-11 17:54:14.574] [INFO] - [ '6XdyB7NlFxDvTRz7AAIg', 'room1' ]
[2020-11-11 17:54:27.985] [INFO] - query { rid: 'room1',
  uid: '16b9ba781f0340bfa254633accbc1025',
  username: 'a123456',
  role: '0',
  EIO: '3',
  transport: 'polling',
  t: 'NMskbyf' }
[2020-11-11 17:54:27.985] [INFO] - [ 'gBd5oFdrUxXvUYdRAAIh', 'room1' ]
[2020-11-11 17:54:35.788] [INFO] - query { rid: 'room1',
  uid: '16b9ba781f0340bfa254633accbc1025',
  username: 'a123456',
  role: '0',
  EIO: '3',
  transport: 'polling',
  t: 'NMskdsd' }
[2020-11-11 17:54:35.789] [INFO] - [ 'hCEHG-dFDv7vIldvAAIi', 'room1' ]
[2020-11-11 17:55:12.521] [INFO] - query { rid: 'room1',
  uid: '16b9ba781f0340bfa254633accbc1025',
  username: 'a123456',
  role: '0',
  EIO: '3',
  transport: 'polling',
  t: 'NMskmqZ' }
[2020-11-11 17:55:12.522] [INFO] - [ 'cDyu8SDBv8ZebkviAAIj', 'room1' ]
[2020-11-11 17:56:40.917] [INFO] - query { rid: 'room1',
  uid: '16b9ba781f0340bfa254633accbc1025',
  username: 'a123456',
  role: '0',
  EIO: '3',
  transport: 'polling',
  t: 'NMsl6Lg' }
[2020-11-11 17:56:40.918] [INFO] - [ '3q97lz4NcKjBcItCAAIk', 'room1' ]
[2020-11-11 17:57:08.514] [INFO] - query { rid: 'room1',
  uid: '16b9ba781f0340bfa254633accbc1025',
  username: 'a123456',
  role: '0',
  EIO: '3',
  transport: 'polling',
  t: 'NMslCgW' }
[2020-11-11 17:57:08.514] [INFO] - [ 'Vc5tJh_a3ZjmxWThAAIl', 'room1' ]
[2020-11-11 17:57:13.936] [INFO] - query { rid: 'room1',
  uid: '16b9ba781f0340bfa254633accbc1025',
  username: 'a123456',
  role: '0',
  EIO: '3',
  transport: 'polling',
  t: 'NMslEOL' }
[2020-11-11 17:57:13.936] [INFO] - [ 'JXx9hbdQUOM47cH1AAIm', 'room1' ]
[2020-11-11 17:58:22.496] [INFO] - query { rid: 'room1',
  uid: '16b9ba781f0340bfa254633accbc1025',
  username: 'a123456',
  role: '0',
  EIO: '3',
  transport: 'polling',
  t: 'NMslUkV' }
[2020-11-11 17:58:22.496] [INFO] - [ '4w6mKn_Hq0leAyi1AAIn', 'room1' ]
[2020-11-11 17:58:40.003] [INFO] - query { rid: 'room1',
  uid: '16b9ba781f0340bfa254633accbc1025',
  username: 'a123456',
  role: '0',
  EIO: '3',
  transport: 'polling',
  t: 'NMslZPv' }
[2020-11-11 17:58:40.003] [INFO] - [ 'syDAIfsFpn_v1SG7AAIo', 'room1' ]
[2020-11-11 17:59:11.481] [INFO] - query { rid: 'room1',
  uid: '16b9ba781f0340bfa254633accbc1025',
  username: 'a123456',
  role: '0',
  EIO: '3',
  transport: 'polling',
  t: 'NMslgyF' }
[2020-11-11 17:59:11.481] [INFO] - [ 'pV6nlMZAwSh5t4J9AAIp', 'room1' ]
[2020-11-11 17:59:43.724] [INFO] - query { rid: 'room1',
  uid: '16b9ba781f0340bfa254633accbc1025',
  username: 'a123456',
  role: '0',
  EIO: '3',
  transport: 'polling',
  t: 'NMslp1W' }
[2020-11-11 17:59:43.724] [INFO] - [ 'mwBTBHDL-NS5ce8iAAIq', 'room1' ]
[2020-11-11 17:59:49.500] [INFO] - query { rid: 'room1',
  uid: '16b9ba781f0340bfa254633accbc1025',
  username: 'a123456',
  role: '0',
  EIO: '3',
  transport: 'polling',
  t: 'NMslpzz' }
[2020-11-11 17:59:49.500] [INFO] - [ 'riOY_Q7qK4RT-xnbAAIr', 'room1' ]
[2020-11-11 18:00:20.741] [INFO] - query { rid: 'room1',
  uid: '16b9ba781f0340bfa254633accbc1025',
  username: 'a123456',
  role: '0',
  EIO: '3',
  transport: 'polling',
  t: 'NMsly2H' }
[2020-11-11 18:00:20.741] [INFO] - [ '3BE-BmFOOoZFqFlvAAIs', 'room1' ]
[2020-11-11 18:00:37.104] [INFO] - query { rid: 'room1',
  uid: '826a0b7b4749431c9555d3a608b610ea',
  username: 'fedfd',
  role: '0',
  EIO: '3',
  transport: 'polling',
  t: 'NMsl_st' }
[2020-11-11 18:00:37.104] [INFO] - [ '3OWkin-R5C4tXqHkAAIt', 'room1' ]
[2020-11-11 18:01:06.690] [INFO] - query { rid: 'room1',
  uid: '826a0b7b4749431c9555d3a608b610ea',
  username: 'fedfd',
  role: '0',
  EIO: '3',
  transport: 'polling',
  t: 'NMsm75F' }
[2020-11-11 18:01:06.691] [INFO] - [ 'GdA8mqgMdn1W3ZjaAAIu', 'room1' ]
[2020-11-11 18:01:17.153] [INFO] - query { rid: 'room1',
  uid: '16b9ba781f0340bfa254633accbc1025',
  username: 'a123456',
  role: '0',
  EIO: '3',
  transport: 'polling',
  t: 'NMsm9ei' }
[2020-11-11 18:01:17.153] [INFO] - [ 'aRwE9PG9SoORxjBfAAIv', 'room1' ]
[2020-11-11 18:01:36.673] [INFO] - query { rid: 'room1',
  uid: '826a0b7b4749431c9555d3a608b610ea',
  username: 'fedfd',
  role: '0',
  EIO: '3',
  transport: 'polling',
  t: 'NMsmEPl' }
[2020-11-11 18:01:36.674] [INFO] - [ '_aTpEFMgpPAvUX5wAAIw', 'room1' ]
[2020-11-11 18:01:48.888] [INFO] - query { rid: 'room1',
  uid: '16b9ba781f0340bfa254633accbc1025',
  username: 'a123456',
  role: '0',
  EIO: '3',
  transport: 'polling',
  t: 'NMsmHSd' }
[2020-11-11 18:01:48.888] [INFO] - [ 'keNy8e5R3fqq4ddzAAIx', 'room1' ]
[2020-11-11 18:03:08.839] [INFO] - query { rid: 'room1',
  uid: '16b9ba781f0340bfa254633accbc1025',
  username: 'a123456',
  role: '0',
  EIO: '3',
  transport: 'polling',
  t: 'NMsmb32' }
[2020-11-11 18:03:08.839] [INFO] - [ 'QN_uitVznQAf5gdHAAIy', 'room1' ]
[2020-11-11 18:10:58.639] [INFO] - query { rid: 'room1',
  uid: '826a0b7b4749431c9555d3a608b610ea',
  username: 'fedfd',
  role: '0',
  EIO: '3',
  transport: 'polling',
  t: 'NMsoNc0' }
[2020-11-11 18:10:58.639] [INFO] - [ 'y-yqbFKMw9BqSVvKAAIz', 'room1' ]
[2020-11-11 18:11:13.171] [INFO] - query { rid: 'room1',
  uid: '826a0b7b4749431c9555d3a608b610ea',
  username: 'fedfd',
  role: '0',
  EIO: '3',
  transport: 'polling',
  t: 'NMsoR98' }
[2020-11-11 18:11:13.171] [INFO] - [ '1bqVpZldCdj4SqrzAAI0', 'room1' ]
[2020-11-11 18:22:26.943] [INFO] - query { rid: 'room1',
  uid: '826a0b7b4749431c9555d3a608b610ea',
  username: 'fedfd',
  role: '0',
  EIO: '3',
  transport: 'polling',
  t: 'NMsq_eM' }
[2020-11-11 18:22:26.943] [INFO] - [ 'btsOCEtmIBgndIkKAAI1', 'room1' ]
[2020-11-11 18:22:37.365] [INFO] - query { rid: 'room1',
  uid: '826a0b7b4749431c9555d3a608b610ea',
  username: 'fedfd',
  role: '0',
  EIO: '3',
  transport: 'polling',
  t: 'NMsr2BB' }
[2020-11-11 18:22:37.365] [INFO] - [ 'JooMYLdPwdqxDUhZAAI2', 'room1' ]
[2020-11-11 18:22:54.647] [INFO] - query { rid: 'room1',
  uid: '826a0b7b4749431c9555d3a608b610ea',
  username: 'fedfd',
  role: '0',
  EIO: '3',
  transport: 'polling',
  t: 'NMsr6PD' }
[2020-11-11 18:22:54.648] [INFO] - [ 'taMrN9Er7DPoGWp4AAI3', 'room1' ]
[2020-11-11 18:39:22.501] [INFO] - query { rid: 'room1',
  uid: '826a0b7b4749431c9555d3a608b610ea',
  username: 'fedfd',
  role: '0',
  EIO: '3',
  transport: 'polling',
  t: 'NMsutby' }
[2020-11-11 18:39:22.501] [INFO] - [ '-8RIFt19-DDvt_ARAAI4', 'room1' ]
