[2020-12-20 00:56:16.548] [INFO] - [127.0.0.1] GET http://127.0.0.1:8250/ 200 1ms
[2020-12-20 01:59:47.532] [INFO] - [127.0.0.1] GET http://127.0.0.1:8250/.env 200 1ms
[2020-12-20 01:59:49.223] [INFO] - [127.0.0.1] GET http://127.0.0.1:8250/admin/.env 200 0ms
[2020-12-20 01:59:50.783] [INFO] - [127.0.0.1] GET http://127.0.0.1:8250/laravel/.env 200 1ms
[2020-12-20 01:59:52.405] [INFO] - [127.0.0.1] GET http://127.0.0.1:8250/public/.env 200 0ms
[2020-12-20 01:59:54.038] [INFO] - [127.0.0.1] GET http://127.0.0.1:8250/v1/.env 200 1ms
[2020-12-20 01:59:55.743] [INFO] - [127.0.0.1] GET http://127.0.0.1:8250/app/.env 200 0ms
[2020-12-20 01:59:57.492] [INFO] - [127.0.0.1] GET http://127.0.0.1:8250/config/.env 200 0ms
[2020-12-20 01:59:59.195] [INFO] - [127.0.0.1] GET http://127.0.0.1:8250/core/.env 200 0ms
[2020-12-20 02:00:00.743] [INFO] - [127.0.0.1] GET http://127.0.0.1:8250/apps/.env 200 1ms
[2020-12-20 02:05:52.905] [INFO] - [127.0.0.1] GET http://127.0.0.1:8250/ 200 0ms
[2020-12-20 02:11:09.767] [INFO] - [127.0.0.1] GET http://127.0.0.1:8250/ 200 0ms
[2020-12-20 02:15:07.507] [INFO] - [127.0.0.1] GET http://127.0.0.1:8250/.env 200 0ms
[2020-12-20 02:15:08.943] [INFO] - [127.0.0.1] GET http://127.0.0.1:8250/admin/.env 200 0ms
[2020-12-20 02:15:10.333] [INFO] - [127.0.0.1] GET http://127.0.0.1:8250/laravel/.env 200 0ms
[2020-12-20 02:15:11.903] [INFO] - [127.0.0.1] GET http://127.0.0.1:8250/public/.env 200 0ms
[2020-12-20 02:15:13.355] [INFO] - [127.0.0.1] GET http://127.0.0.1:8250/v1/.env 200 0ms
[2020-12-20 02:15:14.813] [INFO] - [127.0.0.1] GET http://127.0.0.1:8250/app/.env 200 1ms
[2020-12-20 02:15:16.221] [INFO] - [127.0.0.1] GET http://127.0.0.1:8250/config/.env 200 0ms
[2020-12-20 02:15:17.699] [INFO] - [127.0.0.1] GET http://127.0.0.1:8250/core/.env 200 1ms
[2020-12-20 02:15:19.116] [INFO] - [127.0.0.1] GET http://127.0.0.1:8250/apps/.env 200 0ms
[2020-12-20 02:15:20.580] [INFO] - [127.0.0.1] GET http://127.0.0.1:8250/lib/.env 200 0ms
[2020-12-20 02:37:35.145] [INFO] - [127.0.0.1] GET http://127.0.0.1:8250/.env 200 0ms
[2020-12-20 02:37:36.109] [INFO] - [127.0.0.1] POST http://127.0.0.1:8250/ {"0x":["androxgh0st"]} 405 0ms
[2020-12-20 03:33:26.365] [INFO] - [127.0.0.1] GET http://127.0.0.1:8250/dns-query?dns=AAABAAABAAAAAAAAA3d3dwdleGFtcGxlA2NvbQAAAQAB 200 0ms
[2020-12-20 03:33:27.260] [INFO] - [127.0.0.1] POST http://127.0.0.1:8250/dns-query {} 405 0ms
[2020-12-20 03:44:17.708] [INFO] - [127.0.0.1] GET http://127.0.0.1:8250/ 200 1ms
[2020-12-20 04:59:47.503] [INFO] - [127.0.0.1] GET http://127.0.0.1:8250/ 200 0ms
[2020-12-20 05:14:59.827] [INFO] - [127.0.0.1] GET http://127.0.0.1:8250/ 200 0ms
[2020-12-20 05:48:52.864] [INFO] - [127.0.0.1] GET http://127.0.0.1:8250/actuator/health 200 1ms
[2020-12-20 05:50:06.153] [INFO] - [127.0.0.1] GET http://127.0.0.1:8250/ 200 1ms
[2020-12-20 05:51:32.576] [INFO] - [127.0.0.1] GET http://127.0.0.1:8250/actuator/health 200 0ms
[2020-12-20 06:39:46.240] [INFO] - [127.0.0.1] GET http://127.0.0.1:8250/ 200 1ms
[2020-12-20 07:13:56.702] [INFO] - [127.0.0.1] GET http://127.0.0.1:8250/ 200 0ms
[2020-12-20 07:13:57.498] [INFO] - [127.0.0.1] GET http://127.0.0.1:8250/ 200 1ms
[2020-12-20 07:58:37.559] [INFO] - [127.0.0.1] GET http://127.0.0.1:8250/ 200 0ms
[2020-12-20 08:02:34.848] [INFO] - [127.0.0.1] GET http://127.0.0.1:8250/ 200 1ms
[2020-12-20 08:02:53.984] [INFO] - [127.0.0.1] GET http://127.0.0.1:8250/ 200 1ms
[2020-12-20 08:23:01.790] [INFO] - [127.0.0.1] GET http://127.0.0.1:8250/ 200 1ms
[2020-12-20 08:23:02.771] [INFO] - [127.0.0.1] GET http://127.0.0.1:8250/ 200 1ms
[2020-12-20 08:23:02.914] [INFO] - [127.0.0.1] GET http://127.0.0.1:8250/favicon.ico 200 1ms
[2020-12-20 08:28:22.348] [INFO] - [127.0.0.1] GET http://127.0.0.1:8250/ 200 0ms
[2020-12-20 09:46:53.803] [INFO] - [127.0.0.1] GET http://127.0.0.1:8250/dns-query?dns=AAABAAABAAAAAAAAA3d3dwdleGFtcGxlA2NvbQAAAQAB 200 1ms
[2020-12-20 09:46:54.840] [INFO] - [127.0.0.1] POST http://127.0.0.1:8250/dns-query {} 405 0ms
[2020-12-20 10:05:40.736] [INFO] - [127.0.0.1] GET http://127.0.0.1:8250/.env 200 1ms
[2020-12-20 10:05:42.136] [INFO] - [127.0.0.1] GET http://127.0.0.1:8250/admin/.env 200 1ms
[2020-12-20 10:05:43.567] [INFO] - [127.0.0.1] GET http://127.0.0.1:8250/laravel/.env 200 0ms
[2020-12-20 10:05:44.967] [INFO] - [127.0.0.1] GET http://127.0.0.1:8250/public/.env 200 0ms
[2020-12-20 10:05:46.424] [INFO] - [127.0.0.1] GET http://127.0.0.1:8250/v1/.env 200 0ms
[2020-12-20 10:05:47.934] [INFO] - [127.0.0.1] GET http://127.0.0.1:8250/app/.env 200 0ms
[2020-12-20 10:05:49.334] [INFO] - [127.0.0.1] GET http://127.0.0.1:8250/config/.env 200 0ms
[2020-12-20 10:05:50.777] [INFO] - [127.0.0.1] GET http://127.0.0.1:8250/core/.env 200 1ms
[2020-12-20 10:05:52.176] [INFO] - [127.0.0.1] GET http://127.0.0.1:8250/apps/.env 200 0ms
[2020-12-20 10:05:53.578] [INFO] - [127.0.0.1] GET http://127.0.0.1:8250/lib/.env 200 0ms
[2020-12-20 10:10:47.694] [INFO] - query { rid: 'a1e1ed0ec78f4ac1a5bb7903695c93aa',
  uid: '52dffcf9fb9e4ab78827f9e93d9818c7',
  username: '蓝胖子仇',
  role: '0',
  EIO: '3',
  transport: 'polling',
  t: 'NPzwTx1' }
[2020-12-20 10:10:47.694] [INFO] - [ '6nlfM2h-3HG193qiADWB', 'a1e1ed0ec78f4ac1a5bb7903695c93aa' ]
[2020-12-20 10:10:49.388] [INFO] - query { rid: 'a1e1ed0ec78f4ac1a5bb7903695c93aa',
  uid: '20a479ee1b174c26b39a51ad3374218c',
  username: '冰莹',
  role: '0',
  EIO: '3',
  transport: 'polling',
  t: 'NPzwUMA' }
[2020-12-20 10:10:49.389] [INFO] - [ '3gJ3uBd6Od9NDlgCADWC', 'a1e1ed0ec78f4ac1a5bb7903695c93aa' ]
[2020-12-20 10:10:51.765] [INFO] - query { rid: 'a1e1ed0ec78f4ac1a5bb7903695c93aa',
  uid: '59b5507a0b1d4c178d074f397c2707c7',
  username: '小桥流水',
  role: '0',
  EIO: '3',
  transport: 'polling',
  t: 'NPzwU-7' }
[2020-12-20 10:10:51.800] [INFO] - [ 'N8GN-4NL2rbhnPsJADWD', 'a1e1ed0ec78f4ac1a5bb7903695c93aa' ]
[2020-12-20 10:11:03.797] [INFO] - gift { role: 0,
  _id: '6nlfM2h-3HG193qiADWB',
  msg: '金皇冠',
  num: 5,
  img: 'https://culturecloud-live.oss-cn-shanghai.aliyuncs.com/gift/金皇冠.png' }
[2020-12-20 10:11:20.756] [INFO] - query { rid: 'a1e1ed0ec78f4ac1a5bb7903695c93aa',
  uid: '52dffcf9fb9e4ab78827f9e93d9818c7',
  username: '蓝胖子仇',
  role: '0',
  EIO: '3',
  transport: 'polling',
  t: 'NPzwc05' }
[2020-12-20 10:11:20.756] [INFO] - [ 'aCVytZY7vopVaGnPADWE', 'a1e1ed0ec78f4ac1a5bb7903695c93aa' ]
[2020-12-20 10:11:23.401] [INFO] - msg { role: 0,
  username: '蓝胖子仇',
  _id: 'aCVytZY7vopVaGnPADWE',
  msg: '那你想你想不吃不能吃呢' }
[2020-12-20 10:11:44.369] [INFO] - query { rid: 'a1e1ed0ec78f4ac1a5bb7903695c93aa',
  uid: '59b5507a0b1d4c178d074f397c2707c7',
  username: '小桥流水',
  role: '0',
  EIO: '3',
  transport: 'polling',
  t: 'NPzwhqI' }
[2020-12-20 10:11:44.370] [INFO] - [ 'eiJPUEIrg0xZX_aDADWF', 'a1e1ed0ec78f4ac1a5bb7903695c93aa' ]
[2020-12-20 10:11:48.775] [INFO] - query { rid: 'a1e1ed0ec78f4ac1a5bb7903695c93aa',
  uid: '59b5507a0b1d4c178d074f397c2707c7',
  username: '小桥流水',
  role: '0',
  EIO: '3',
  transport: 'polling',
  t: 'NPzwiv9' }
[2020-12-20 10:11:48.775] [INFO] - [ 'EzP0RmArp6V_JLHGADWG', 'a1e1ed0ec78f4ac1a5bb7903695c93aa' ]
[2020-12-20 10:11:48.971] [INFO] - query { rid: 'a1e1ed0ec78f4ac1a5bb7903695c93aa',
  uid: '52dffcf9fb9e4ab78827f9e93d9818c7',
  username: '蓝胖子仇',
  role: '0',
  EIO: '3',
  transport: 'polling',
  t: 'NPzwiv5' }
[2020-12-20 10:11:48.971] [INFO] - [ 'hjOpy7xJjqQaKuURADWH', 'a1e1ed0ec78f4ac1a5bb7903695c93aa' ]
[2020-12-20 10:12:03.844] [INFO] - msg { role: 0,
  username: '蓝胖子仇',
  _id: 'hjOpy7xJjqQaKuURADWH',
  msg: '刚刚v才吃饭' }
[2020-12-20 10:12:17.069] [INFO] - gift { role: 0,
  _id: 'EzP0RmArp6V_JLHGADWG',
  msg: '下午茶',
  num: 4,
  img: 'https://culturecloud-live.oss-cn-shanghai.aliyuncs.com/gift/下午茶.png' }
[2020-12-20 10:12:32.159] [INFO] - gift { role: 0,
  _id: 'hjOpy7xJjqQaKuURADWH',
  msg: '送元宝',
  num: 7,
  img: 'https://culturecloud-live.oss-cn-shanghai.aliyuncs.com/gift/送元宝.png' }
[2020-12-20 10:12:49.661] [INFO] - gift { role: 0,
  _id: 'EzP0RmArp6V_JLHGADWG',
  msg: '送气球',
  num: 100,
  img: 'https://culturecloud-live.oss-cn-shanghai.aliyuncs.com/gift/送气球.png' }
[2020-12-20 10:13:37.183] [INFO] - query { rid: 'a1e1ed0ec78f4ac1a5bb7903695c93aa',
  uid: '59b5507a0b1d4c178d074f397c2707c7',
  username: '小桥流水',
  role: '0',
  EIO: '3',
  transport: 'polling',
  t: 'NPzx7N0' }
[2020-12-20 10:13:37.183] [INFO] - [ '23IRhwYz8T8OJao-ADWI', 'a1e1ed0ec78f4ac1a5bb7903695c93aa' ]
[2020-12-20 10:14:28.382] [INFO] - query { rid: 'a1e1ed0ec78f4ac1a5bb7903695c93aa',
  uid: 'c49a991fb606421a980e6d26ef288d37',
  username: '高山流水',
  role: '0',
  EIO: '3',
  transport: 'polling',
  t: 'NPzxJo8' }
[2020-12-20 10:14:28.382] [INFO] - [ '88jHDEQC1JrBfISLADWJ', 'a1e1ed0ec78f4ac1a5bb7903695c93aa' ]
[2020-12-20 10:14:57.039] [INFO] - query { rid: 'a1e1ed0ec78f4ac1a5bb7903695c93aa',
  uid: '59b5507a0b1d4c178d074f397c2707c7',
  username: '小桥流水',
  role: '0',
  EIO: '3',
  transport: 'polling',
  t: 'NPzxQoj' }
[2020-12-20 10:14:57.039] [INFO] - [ '9y9l-3GaSqvlc35NADWK', 'a1e1ed0ec78f4ac1a5bb7903695c93aa' ]
[2020-12-20 10:14:59.094] [INFO] - gift { role: 0,
  _id: 'hjOpy7xJjqQaKuURADWH',
  msg: '泰迪熊',
  num: 8,
  img: 'https://culturecloud-live.oss-cn-shanghai.aliyuncs.com/gift/泰迪熊.png' }
[2020-12-20 10:15:01.377] [INFO] - query { rid: 'a1e1ed0ec78f4ac1a5bb7903695c93aa',
  uid: '59b5507a0b1d4c178d074f397c2707c7',
  username: '小桥流水',
  role: '0',
  EIO: '3',
  transport: 'polling',
  t: 'NPzxRwd' }
[2020-12-20 10:15:01.378] [INFO] - [ 'EByINyM4-drz6qvVADWL', 'a1e1ed0ec78f4ac1a5bb7903695c93aa' ]
[2020-12-20 10:15:09.702] [INFO] - query { rid: 'a1e1ed0ec78f4ac1a5bb7903695c93aa',
  uid: '4498a9c5a6614aaaa5f1fc380ee10359',
  username: 'LanCcccc',
  role: '0',
  EIO: '3',
  transport: 'polling',
  t: 'NPzxTw9' }
[2020-12-20 10:15:09.702] [INFO] - [ 'u4CGugZwTl4wxtdtADWM', 'a1e1ed0ec78f4ac1a5bb7903695c93aa' ]
[2020-12-20 10:15:10.678] [INFO] - query { rid: 'a1e1ed0ec78f4ac1a5bb7903695c93aa',
  uid: '59b5507a0b1d4c178d074f397c2707c7',
  username: '小桥流水',
  role: '0',
  EIO: '3',
  transport: 'polling',
  t: 'NPzxUBq' }
[2020-12-20 10:15:10.679] [INFO] - [ 's2LqqzDDn1MJgQVDADWN', 'a1e1ed0ec78f4ac1a5bb7903695c93aa' ]
[2020-12-20 10:15:12.675] [INFO] - query { rid: 'a1e1ed0ec78f4ac1a5bb7903695c93aa',
  uid: '52dffcf9fb9e4ab78827f9e93d9818c7',
  username: '蓝胖子仇',
  role: '0',
  EIO: '3',
  transport: 'polling',
  t: 'NPzxUdl' }
[2020-12-20 10:15:12.675] [INFO] - [ 'GCd9p13DTvhSxSW1ADWO', 'a1e1ed0ec78f4ac1a5bb7903695c93aa' ]
[2020-12-20 10:15:16.686] [INFO] - query { rid: 'a1e1ed0ec78f4ac1a5bb7903695c93aa',
  uid: '59b5507a0b1d4c178d074f397c2707c7',
  username: '小桥流水',
  role: '0',
  EIO: '3',
  transport: 'polling',
  t: 'NPzxVfQ' }
[2020-12-20 10:15:16.686] [INFO] - [ 'vFkcMziV-Gt-t9lqADWP', 'a1e1ed0ec78f4ac1a5bb7903695c93aa' ]
[2020-12-20 10:15:17.193] [INFO] - gift { role: 0,
  _id: 'u4CGugZwTl4wxtdtADWM',
  msg: '棒棒糖',
  num: 10,
  img: 'https://culturecloud-live.oss-cn-shanghai.aliyuncs.com/gift/棒棒糖.png' }
[2020-12-20 10:15:17.999] [INFO] - query { rid: 'a1e1ed0ec78f4ac1a5bb7903695c93aa',
  uid: '52dffcf9fb9e4ab78827f9e93d9818c7',
  username: '蓝胖子仇',
  role: '0',
  EIO: '3',
  transport: 'polling',
  t: 'NPzxVx5' }
[2020-12-20 10:15:17.999] [INFO] - [ 'H7zUsFAXNgEecoKAADWQ', 'a1e1ed0ec78f4ac1a5bb7903695c93aa' ]
[2020-12-20 10:15:21.890] [INFO] - query { rid: 'a1e1ed0ec78f4ac1a5bb7903695c93aa',
  uid: '59b5507a0b1d4c178d074f397c2707c7',
  username: '小桥流水',
  role: '0',
  EIO: '3',
  transport: 'polling',
  t: 'NPzxWxE' }
[2020-12-20 10:15:21.890] [INFO] - [ 'NaPorOjelrk84ogUADWR', 'a1e1ed0ec78f4ac1a5bb7903695c93aa' ]
[2020-12-20 10:15:22.849] [INFO] - query { rid: 'a1e1ed0ec78f4ac1a5bb7903695c93aa',
  uid: '52dffcf9fb9e4ab78827f9e93d9818c7',
  username: '蓝胖子仇',
  role: '0',
  EIO: '3',
  transport: 'polling',
  t: 'NPzxX71' }
[2020-12-20 10:15:22.850] [INFO] - [ 'QBs_GMQr4wMg4o-sADWS', 'a1e1ed0ec78f4ac1a5bb7903695c93aa' ]
[2020-12-20 10:15:27.292] [INFO] - query { rid: 'a1e1ed0ec78f4ac1a5bb7903695c93aa',
  uid: '59b5507a0b1d4c178d074f397c2707c7',
  username: '小桥流水',
  role: '0',
  EIO: '3',
  transport: 'polling',
  t: 'NPzxYFM' }
[2020-12-20 10:15:27.292] [INFO] - [ 'ExmgMfr92Fmg8CAzADWT', 'a1e1ed0ec78f4ac1a5bb7903695c93aa' ]
[2020-12-20 10:15:27.868] [INFO] - msg { role: 0,
  username: '蓝胖子仇',
  _id: 'QBs_GMQr4wMg4o-sADWS',
  msg: ' 你承诺你能在' }
[2020-12-20 10:15:39.396] [INFO] - query { rid: 'a1e1ed0ec78f4ac1a5bb7903695c93aa',
  uid: '4498a9c5a6614aaaa5f1fc380ee10359',
  username: 'LanCcccc',
  role: '0',
  EIO: '3',
  transport: 'polling',
  t: 'NPzxb9r' }
[2020-12-20 10:15:39.396] [INFO] - [ '-jdJbOEcFuMu8FpvADWU', 'a1e1ed0ec78f4ac1a5bb7903695c93aa' ]
[2020-12-20 10:15:48.904] [INFO] - msg { role: 0,
  username: 'LanCcccc',
  _id: '-jdJbOEcFuMu8FpvADWU',
  msg: '早哦～' }
[2020-12-20 10:16:05.627] [INFO] - query { rid: 'a1e1ed0ec78f4ac1a5bb7903695c93aa',
  uid: '52dffcf9fb9e4ab78827f9e93d9818c7',
  username: '蓝胖子仇',
  role: '0',
  EIO: '3',
  transport: 'polling',
  t: 'NPzxhZI' }
[2020-12-20 10:16:05.627] [INFO] - [ 'N6ynUZOa-fpb0x5kADWV', 'a1e1ed0ec78f4ac1a5bb7903695c93aa' ]
[2020-12-20 10:16:06.924] [INFO] - query { rid: 'a1e1ed0ec78f4ac1a5bb7903695c93aa',
  uid: '4498a9c5a6614aaaa5f1fc380ee10359',
  username: 'LanCcccc',
  role: '0',
  EIO: '3',
  transport: 'polling',
  t: 'NPzxhtX' }
[2020-12-20 10:16:06.924] [INFO] - [ 'X7wF6D2YbG2sBvh2ADWW', 'a1e1ed0ec78f4ac1a5bb7903695c93aa' ]
[2020-12-20 10:16:16.044] [INFO] - query { rid: 'a1e1ed0ec78f4ac1a5bb7903695c93aa',
  uid: '52dffcf9fb9e4ab78827f9e93d9818c7',
  username: '蓝胖子仇',
  role: '0',
  EIO: '3',
  transport: 'polling',
  t: 'NPzxk5x' }
[2020-12-20 10:16:16.044] [INFO] - [ 'JOk0NWHZrMe1qqzDADWX', 'a1e1ed0ec78f4ac1a5bb7903695c93aa' ]
[2020-12-20 10:18:07.054] [INFO] - query { rid: 'a1e1ed0ec78f4ac1a5bb7903695c93aa',
  uid: '52dffcf9fb9e4ab78827f9e93d9818c7',
  username: '蓝胖子仇',
  role: '0',
  EIO: '3',
  transport: 'polling',
  t: 'NPzy9CU' }
[2020-12-20 10:18:07.054] [INFO] - [ 'll2gPEQAFdIkbft-ADWY', 'a1e1ed0ec78f4ac1a5bb7903695c93aa' ]
[2020-12-20 10:18:09.372] [INFO] - [127.0.0.1] GET http://127.0.0.1:8250/ 200 0ms
[2020-12-20 10:18:09.506] [INFO] - [127.0.0.1] GET http://127.0.0.1:8250/ 200 0ms
[2020-12-20 10:18:09.552] [INFO] - [127.0.0.1] GET http://127.0.0.1:8250/favicon.ico 200 0ms
[2020-12-20 10:18:36.949] [INFO] - query { rid: 'a1e1ed0ec78f4ac1a5bb7903695c93aa',
  uid: '4498a9c5a6614aaaa5f1fc380ee10359',
  username: 'LanCcccc',
  role: '0',
  EIO: '3',
  transport: 'polling',
  t: 'NPzyGVy' }
[2020-12-20 10:18:36.949] [INFO] - [ 'T94w4d8JVfpN53iSADWZ', 'a1e1ed0ec78f4ac1a5bb7903695c93aa' ]
[2020-12-20 10:18:55.140] [INFO] - query { rid: 'a1e1ed0ec78f4ac1a5bb7903695c93aa',
  uid: '52dffcf9fb9e4ab78827f9e93d9818c7',
  username: '蓝胖子仇',
  role: '0',
  EIO: '3',
  transport: 'polling',
  t: 'NPzyKxs' }
[2020-12-20 10:18:55.140] [INFO] - [ '1pkYESSuivnihLAwADWa', 'a1e1ed0ec78f4ac1a5bb7903695c93aa' ]
[2020-12-20 10:19:45.143] [INFO] - query { rid: 'a1e1ed0ec78f4ac1a5bb7903695c93aa',
  uid: '52dffcf9fb9e4ab78827f9e93d9818c7',
  username: '蓝胖子仇',
  role: '0',
  EIO: '3',
  transport: 'polling',
  t: 'NPzyX9D' }
[2020-12-20 10:19:45.143] [INFO] - [ 'PEpDhiDSgv7n5pfrADWb', 'a1e1ed0ec78f4ac1a5bb7903695c93aa' ]
[2020-12-20 10:20:01.063] [INFO] - query { rid: 'a1e1ed0ec78f4ac1a5bb7903695c93aa',
  uid: '52dffcf9fb9e4ab78827f9e93d9818c7',
  username: '蓝胖子仇',
  role: '0',
  EIO: '3',
  transport: 'polling',
  t: 'NPzyb1u' }
[2020-12-20 10:20:01.064] [INFO] - [ '6KutINZaUWjHmTd9ADWc', 'a1e1ed0ec78f4ac1a5bb7903695c93aa' ]
[2020-12-20 10:20:12.181] [INFO] - query { rid: 'a1e1ed0ec78f4ac1a5bb7903695c93aa',
  uid: '59b5507a0b1d4c178d074f397c2707c7',
  username: '小桥流水',
  role: '0',
  EIO: '3',
  transport: 'polling',
  t: 'NPzydoz' }
[2020-12-20 10:20:12.182] [INFO] - [ 'GwJ49qSFs8oVRqOlADWd', 'a1e1ed0ec78f4ac1a5bb7903695c93aa' ]
[2020-12-20 10:20:18.952] [INFO] - query { rid: 'a1e1ed0ec78f4ac1a5bb7903695c93aa',
  uid: '52dffcf9fb9e4ab78827f9e93d9818c7',
  username: '蓝胖子仇',
  role: '0',
  EIO: '3',
  transport: 'polling',
  t: 'NPzyfPO' }
[2020-12-20 10:20:18.952] [INFO] - [ 'xqc3otV-Dzpu1533ADWe', 'a1e1ed0ec78f4ac1a5bb7903695c93aa' ]
[2020-12-20 10:20:35.501] [INFO] - query { rid: 'a1e1ed0ec78f4ac1a5bb7903695c93aa',
  uid: '59b5507a0b1d4c178d074f397c2707c7',
  username: '小桥流水',
  role: '0',
  EIO: '3',
  transport: 'polling',
  t: 'NPzyjV8' }
[2020-12-20 10:20:35.501] [INFO] - [ 'waji72MZKOI74GyUADWf', 'a1e1ed0ec78f4ac1a5bb7903695c93aa' ]
[2020-12-20 10:20:53.612] [INFO] - query { rid: 'a1e1ed0ec78f4ac1a5bb7903695c93aa',
  uid: '59b5507a0b1d4c178d074f397c2707c7',
  username: '小桥流水',
  role: '0',
  EIO: '3',
  transport: 'polling',
  t: 'NPzynw2' }
[2020-12-20 10:20:53.612] [INFO] - [ '6v_QdFlIZNz-zf3WADWg', 'a1e1ed0ec78f4ac1a5bb7903695c93aa' ]
[2020-12-20 10:21:01.760] [INFO] - msg { role: 0,
  username: '小桥流水',
  _id: '6v_QdFlIZNz-zf3WADWg',
  msg: '行吧' }
[2020-12-20 10:21:16.400] [INFO] - gift { role: 0,
  _id: '6v_QdFlIZNz-zf3WADWg',
  msg: '泰迪熊',
  num: 1,
  img: 'https://culturecloud-live.oss-cn-shanghai.aliyuncs.com/gift/泰迪熊.png' }
[2020-12-20 10:21:39.406] [INFO] - gift { role: 0,
  _id: '6v_QdFlIZNz-zf3WADWg',
  msg: '大飞机',
  num: 1,
  img: 'https://culturecloud-live.oss-cn-shanghai.aliyuncs.com/gift/大飞机.png' }
[2020-12-20 10:25:13.199] [INFO] - query { rid: 'a1e1ed0ec78f4ac1a5bb7903695c93aa',
  uid: '20a479ee1b174c26b39a51ad3374218c',
  username: '冰莹',
  role: '0',
  EIO: '3',
  transport: 'polling',
  t: 'NPzznFD' }
[2020-12-20 10:25:13.199] [INFO] - [ 'GywW2HzLOMXk4JhbADWh', 'a1e1ed0ec78f4ac1a5bb7903695c93aa' ]
[2020-12-20 10:25:26.610] [INFO] - query { rid: 'a1e1ed0ec78f4ac1a5bb7903695c93aa',
  uid: '20a479ee1b174c26b39a51ad3374218c',
  username: '冰莹',
  role: '0',
  EIO: '3',
  transport: 'polling',
  t: 'NPzzqWu' }
[2020-12-20 10:25:26.610] [INFO] - [ 'nEWYA1U8UN2aYEa2ADWi', 'a1e1ed0ec78f4ac1a5bb7903695c93aa' ]
[2020-12-20 10:25:35.303] [INFO] - query { rid: 'a1e1ed0ec78f4ac1a5bb7903695c93aa',
  uid: '59b5507a0b1d4c178d074f397c2707c7',
  username: '小桥流水',
  role: '0',
  EIO: '3',
  transport: 'polling',
  t: 'NPzzsfs' }
[2020-12-20 10:25:35.304] [INFO] - [ 'hCc5Rs7okdAulbZQADWj', 'a1e1ed0ec78f4ac1a5bb7903695c93aa' ]
[2020-12-20 10:25:41.385] [INFO] - query { rid: 'a1e1ed0ec78f4ac1a5bb7903695c93aa',
  uid: '59b5507a0b1d4c178d074f397c2707c7',
  username: '小桥流水',
  role: '0',
  EIO: '3',
  transport: 'polling',
  t: 'NPzzuAe' }
[2020-12-20 10:25:41.385] [INFO] - [ 'ndAKtfBVASC-_pogADWk', 'a1e1ed0ec78f4ac1a5bb7903695c93aa' ]
[2020-12-20 10:25:46.265] [INFO] - query { rid: 'a1e1ed0ec78f4ac1a5bb7903695c93aa',
  uid: '59b5507a0b1d4c178d074f397c2707c7',
  username: '小桥流水',
  role: '0',
  EIO: '3',
  transport: 'polling',
  t: 'NPzzvMm' }
[2020-12-20 10:25:46.265] [INFO] - [ '4gv4fXuZCXcqoU1uADWl', 'a1e1ed0ec78f4ac1a5bb7903695c93aa' ]
[2020-12-20 10:25:47.132] [INFO] - query { rid: 'a1e1ed0ec78f4ac1a5bb7903695c93aa',
  uid: '52dffcf9fb9e4ab78827f9e93d9818c7',
  username: '蓝胖子仇',
  role: '0',
  EIO: '3',
  transport: 'polling',
  t: 'NPzzvXF' }
[2020-12-20 10:25:47.133] [INFO] - [ 'x9BHUZZovrqROvUTADWm', 'a1e1ed0ec78f4ac1a5bb7903695c93aa' ]
[2020-12-20 10:26:20.554] [INFO] - query { rid: 'a1e1ed0ec78f4ac1a5bb7903695c93aa',
  uid: '59b5507a0b1d4c178d074f397c2707c7',
  username: '小桥流水',
  role: '0',
  EIO: '3',
  transport: 'polling',
  t: 'NPz-1kh' }
[2020-12-20 10:26:20.554] [INFO] - [ 'aM3Y7p9qA14YCOQuADWn', 'a1e1ed0ec78f4ac1a5bb7903695c93aa' ]
[2020-12-20 10:26:20.698] [INFO] - query { rid: 'a1e1ed0ec78f4ac1a5bb7903695c93aa',
  uid: '20a479ee1b174c26b39a51ad3374218c',
  username: '冰莹',
  role: '0',
  EIO: '3',
  transport: 'polling',
  t: 'NPz-1js' }
[2020-12-20 10:26:20.700] [INFO] - [ 'cYiug8BdjqEdEZumADWo', 'a1e1ed0ec78f4ac1a5bb7903695c93aa' ]
[2020-12-20 10:26:45.974] [INFO] - query { rid: 'a1e1ed0ec78f4ac1a5bb7903695c93aa',
  uid: '59b5507a0b1d4c178d074f397c2707c7',
  username: '小桥流水',
  role: '0',
  EIO: '3',
  transport: 'polling',
  t: 'NPz-7xq' }
[2020-12-20 10:26:45.974] [INFO] - [ 'GidinWhSiq3sZtQ1ADWp', 'a1e1ed0ec78f4ac1a5bb7903695c93aa' ]
[2020-12-20 10:26:50.807] [INFO] - query { rid: 'a1e1ed0ec78f4ac1a5bb7903695c93aa',
  uid: '20a479ee1b174c26b39a51ad3374218c',
  username: '冰莹',
  role: '0',
  EIO: '3',
  transport: 'polling',
  t: 'NPz-94K' }
[2020-12-20 10:26:50.808] [INFO] - [ 'cxio4-omsdgR7EIYADWq', 'a1e1ed0ec78f4ac1a5bb7903695c93aa' ]
[2020-12-20 10:26:53.594] [INFO] - query { rid: 'a1e1ed0ec78f4ac1a5bb7903695c93aa',
  uid: '59b5507a0b1d4c178d074f397c2707c7',
  username: '小桥流水',
  role: '0',
  EIO: '3',
  transport: 'polling',
  t: 'NPz-9op' }
[2020-12-20 10:26:53.594] [INFO] - [ 'xeKNYUz59-wd3lkjADWr', 'a1e1ed0ec78f4ac1a5bb7903695c93aa' ]
[2020-12-20 10:26:58.416] [INFO] - query { rid: 'a1e1ed0ec78f4ac1a5bb7903695c93aa',
  uid: '20a479ee1b174c26b39a51ad3374218c',
  username: '冰莹',
  role: '0',
  EIO: '3',
  transport: 'polling',
  t: 'NPz-Ax4' }
[2020-12-20 10:26:58.416] [INFO] - [ 'LBKBbuQth-xyvY2kADWs', 'a1e1ed0ec78f4ac1a5bb7903695c93aa' ]
[2020-12-20 10:27:17.601] [INFO] - query { rid: 'a1e1ed0ec78f4ac1a5bb7903695c93aa',
  uid: '20a479ee1b174c26b39a51ad3374218c',
  username: '冰莹',
  role: '0',
  EIO: '3',
  transport: 'polling',
  t: 'NPz-Fcw' }
[2020-12-20 10:27:17.602] [INFO] - [ 'kh_bUXVM3qMTexDiADWt', 'a1e1ed0ec78f4ac1a5bb7903695c93aa' ]
[2020-12-20 10:27:20.693] [INFO] - query { rid: 'a1e1ed0ec78f4ac1a5bb7903695c93aa',
  uid: '59b5507a0b1d4c178d074f397c2707c7',
  username: '小桥流水',
  role: '0',
  EIO: '3',
  transport: 'polling',
  t: 'NPz-GQT' }
[2020-12-20 10:27:20.693] [INFO] - [ 'ejd5gwpujgyvHEv9ADWu', 'a1e1ed0ec78f4ac1a5bb7903695c93aa' ]
[2020-12-20 10:27:26.315] [INFO] - query { rid: 'a1e1ed0ec78f4ac1a5bb7903695c93aa',
  uid: '59b5507a0b1d4c178d074f397c2707c7',
  username: '小桥流水',
  role: '0',
  EIO: '3',
  transport: 'polling',
  t: 'NPz-Ho8' }
[2020-12-20 10:27:26.315] [INFO] - [ '7noXwl_iarRCEiq6ADWv', 'a1e1ed0ec78f4ac1a5bb7903695c93aa' ]
[2020-12-20 10:27:36.954] [INFO] - query { rid: 'a1e1ed0ec78f4ac1a5bb7903695c93aa',
  uid: '4498a9c5a6614aaaa5f1fc380ee10359',
  username: 'LanCcccc',
  role: '0',
  EIO: '3',
  transport: 'polling',
  t: 'NPz-KM3' }
[2020-12-20 10:27:36.954] [INFO] - [ 'MRvTPJxj7OU7NTspADWw', 'a1e1ed0ec78f4ac1a5bb7903695c93aa' ]
[2020-12-20 10:28:15.554] [INFO] - query { rid: 'a1e1ed0ec78f4ac1a5bb7903695c93aa',
  uid: '59b5507a0b1d4c178d074f397c2707c7',
  username: '小桥流水',
  role: '0',
  EIO: '3',
  transport: 'polling',
  t: 'NPz-TpX' }
[2020-12-20 10:28:15.554] [INFO] - [ 'EQFC8eLME4ca_jF0ADWx', 'a1e1ed0ec78f4ac1a5bb7903695c93aa' ]
[2020-12-20 10:28:21.129] [INFO] - query { rid: 'a1e1ed0ec78f4ac1a5bb7903695c93aa',
  uid: '59b5507a0b1d4c178d074f397c2707c7',
  username: '小桥流水',
  role: '0',
  EIO: '3',
  transport: 'polling',
  t: 'NPz-VAj' }
[2020-12-20 10:28:21.130] [INFO] - [ 'v0pVXRPJ4l4lK8cCADWy', 'a1e1ed0ec78f4ac1a5bb7903695c93aa' ]
[2020-12-20 10:28:25.195] [INFO] - query { rid: 'a1e1ed0ec78f4ac1a5bb7903695c93aa',
  uid: '59b5507a0b1d4c178d074f397c2707c7',
  username: '小桥流水',
  role: '0',
  EIO: '3',
  transport: 'polling',
  t: 'NPz-WAP' }
[2020-12-20 10:28:25.195] [INFO] - [ 'IeSf98OAmsXCUUJpADWz', 'a1e1ed0ec78f4ac1a5bb7903695c93aa' ]
[2020-12-20 10:28:29.367] [INFO] - [127.0.0.1] GET http://127.0.0.1:8250/ 200 1ms
[2020-12-20 10:28:50.751] [INFO] - query { rid: 'a1e1ed0ec78f4ac1a5bb7903695c93aa',
  uid: '20a479ee1b174c26b39a51ad3374218c',
  username: '冰莹',
  role: '0',
  EIO: '3',
  transport: 'polling',
  t: 'NPz-cMa' }
[2020-12-20 10:28:50.752] [INFO] - [ 'N7tb8Nkat3KElZR0ADW0', 'a1e1ed0ec78f4ac1a5bb7903695c93aa' ]
[2020-12-20 10:29:11.450] [INFO] - query { rid: 'a1e1ed0ec78f4ac1a5bb7903695c93aa',
  uid: '59b5507a0b1d4c178d074f397c2707c7',
  username: '小桥流水',
  role: '0',
  EIO: '3',
  transport: 'polling',
  t: 'NPz-hSv' }
[2020-12-20 10:29:11.452] [INFO] - [ 'JBAQRgWolCatT5eQADW1', 'a1e1ed0ec78f4ac1a5bb7903695c93aa' ]
[2020-12-20 10:29:19.635] [INFO] - query { rid: 'a1e1ed0ec78f4ac1a5bb7903695c93aa',
  uid: '59b5507a0b1d4c178d074f397c2707c7',
  username: '小桥流水',
  role: '0',
  EIO: '3',
  transport: 'polling',
  t: 'NPz-jSg' }
[2020-12-20 10:29:19.635] [INFO] - [ 'F0_z8E_RptN9y1hVADW2', 'a1e1ed0ec78f4ac1a5bb7903695c93aa' ]
[2020-12-20 10:29:19.753] [INFO] - query { rid: 'a1e1ed0ec78f4ac1a5bb7903695c93aa',
  uid: '20a479ee1b174c26b39a51ad3374218c',
  username: '冰莹',
  role: '0',
  EIO: '3',
  transport: 'polling',
  t: 'NPz-jRb' }
[2020-12-20 10:29:19.754] [INFO] - [ '99h9KGpM3BSNRu0KADW3', 'a1e1ed0ec78f4ac1a5bb7903695c93aa' ]
[2020-12-20 10:29:55.730] [INFO] - query { rid: 'a1e1ed0ec78f4ac1a5bb7903695c93aa',
  uid: '59b5507a0b1d4c178d074f397c2707c7',
  username: '小桥流水',
  role: '0',
  EIO: '3',
  transport: 'polling',
  t: 'NPz-sGH' }
[2020-12-20 10:29:55.731] [INFO] - [ 'TndIy7UnOWFlgBAzADW4', 'a1e1ed0ec78f4ac1a5bb7903695c93aa' ]
[2020-12-20 10:30:02.471] [INFO] - query { rid: 'a1e1ed0ec78f4ac1a5bb7903695c93aa',
  uid: '59b5507a0b1d4c178d074f397c2707c7',
  username: '小桥流水',
  role: '0',
  EIO: '3',
  transport: 'polling',
  t: 'NPz-tvv' }
[2020-12-20 10:30:02.471] [INFO] - [ 'qhAxlNuzFIyWfSssADW5', 'a1e1ed0ec78f4ac1a5bb7903695c93aa' ]
[2020-12-20 10:40:41.863] [INFO] - query { rid: 'a1bfcabe20f04c0087e3607a81ad3db4',
  uid: 'c49a991fb606421a980e6d26ef288d37',
  username: '高山流水',
  role: '0',
  EIO: '3',
  transport: 'polling',
  t: 'NP-1Jxh' }
[2020-12-20 10:40:41.863] [INFO] - [ '1M0htmX_oocrtLL3ADW6', 'a1bfcabe20f04c0087e3607a81ad3db4' ]
[2020-12-20 10:40:44.603] [INFO] - query { rid: 'a1bfcabe20f04c0087e3607a81ad3db4',
  uid: '52dffcf9fb9e4ab78827f9e93d9818c7',
  username: '蓝胖子仇',
  role: '0',
  EIO: '3',
  transport: 'polling',
  t: 'NP-1KeB' }
[2020-12-20 10:40:44.603] [INFO] - [ '_Oa8-xWKI2SKv11YADW7', 'a1bfcabe20f04c0087e3607a81ad3db4' ]
[2020-12-20 10:40:50.386] [INFO] - query { rid: 'a1bfcabe20f04c0087e3607a81ad3db4',
  uid: '16b9ba781f0340bfa254633accbc1025',
  username: 'a123456',
  role: '0',
  EIO: '3',
  transport: 'polling',
  t: 'NP-1MkA' }
[2020-12-20 10:40:50.386] [INFO] - [ 'iGdlqfJ58XfIro_sADW8', 'a1bfcabe20f04c0087e3607a81ad3db4' ]
[2020-12-20 10:40:52.534] [INFO] - query { rid: 'a1bfcabe20f04c0087e3607a81ad3db4',
  uid: '59b5507a0b1d4c178d074f397c2707c7',
  username: '小桥流水',
  role: '0',
  EIO: '3',
  transport: 'polling',
  t: 'NP-1MdM' }
[2020-12-20 10:40:52.535] [INFO] - [ 'jn0Sv2lFBvFBCJJCADW9', 'a1bfcabe20f04c0087e3607a81ad3db4' ]
[2020-12-20 10:40:52.645] [INFO] - query { rid: 'a1bfcabe20f04c0087e3607a81ad3db4',
  uid: '52dffcf9fb9e4ab78827f9e93d9818c7',
  username: '蓝胖子仇',
  role: '0',
  EIO: '3',
  transport: 'polling',
  t: 'NP-1McG' }
[2020-12-20 10:40:52.645] [INFO] - [ 't7Nvt8q4KzRqhNY4ADW-', 'a1bfcabe20f04c0087e3607a81ad3db4' ]
[2020-12-20 10:41:29.244] [INFO] - gift { role: 0,
  _id: 'jn0Sv2lFBvFBCJJCADW9',
  msg: '送气球',
  num: 1,
  img: 'https://culturecloud-live.oss-cn-shanghai.aliyuncs.com/gift/送气球.png' }
[2020-12-20 10:41:38.088] [INFO] - gift { role: 0,
  _id: 'jn0Sv2lFBvFBCJJCADW9',
  msg: '棒棒糖',
  num: 1,
  img: 'https://culturecloud-live.oss-cn-shanghai.aliyuncs.com/gift/棒棒糖.png' }
[2020-12-20 10:41:50.115] [INFO] - gift { role: 0,
  _id: 'jn0Sv2lFBvFBCJJCADW9',
  msg: '下午茶',
  num: 1,
  img: 'https://culturecloud-live.oss-cn-shanghai.aliyuncs.com/gift/下午茶.png' }
[2020-12-20 10:42:00.294] [INFO] - query { rid: 'a1bfcabe20f04c0087e3607a81ad3db4',
  uid: '52dffcf9fb9e4ab78827f9e93d9818c7',
  username: '蓝胖子仇',
  role: '0',
  EIO: '3',
  transport: 'polling',
  t: 'NP-1d7H' }
[2020-12-20 10:42:00.295] [INFO] - [ 'Uh5JfwCnbIUmEXfzADW_', 'a1bfcabe20f04c0087e3607a81ad3db4' ]
[2020-12-20 10:42:06.431] [INFO] - query { rid: 'a1bfcabe20f04c0087e3607a81ad3db4',
  uid: '16b9ba781f0340bfa254633accbc1025',
  username: 'a123456',
  role: '0',
  EIO: '3',
  transport: 'polling',
  t: 'NP-1eiw' }
[2020-12-20 10:42:06.432] [INFO] - [ 'qH05b1NF_quupAfpADXA', 'a1bfcabe20f04c0087e3607a81ad3db4' ]
[2020-12-20 10:43:36.244] [INFO] - query { rid: 'a1bfcabe20f04c0087e3607a81ad3db4',
  uid: '59b5507a0b1d4c178d074f397c2707c7',
  username: '小桥流水',
  role: '0',
  EIO: '3',
  transport: 'polling',
  t: 'NP-1-bJ' }
[2020-12-20 10:43:36.244] [INFO] - [ '2dyUnB1MARP9EHuuADXB', 'a1bfcabe20f04c0087e3607a81ad3db4' ]
[2020-12-20 10:43:58.147] [INFO] - query { rid: 'a1bfcabe20f04c0087e3607a81ad3db4',
  uid: '59b5507a0b1d4c178d074f397c2707c7',
  username: '小桥流水',
  role: '0',
  EIO: '3',
  transport: 'polling',
  t: 'NP-23xe' }
[2020-12-20 10:43:58.147] [INFO] - [ '1lYXkG1heB4Lr-1cADXC', 'a1bfcabe20f04c0087e3607a81ad3db4' ]
[2020-12-20 10:44:01.844] [INFO] - query { rid: 'a1bfcabe20f04c0087e3607a81ad3db4',
  uid: '59b5507a0b1d4c178d074f397c2707c7',
  username: '小桥流水',
  role: '0',
  EIO: '3',
  transport: 'polling',
  t: 'NP-24rC' }
[2020-12-20 10:44:01.844] [INFO] - [ '7N5n0kxuVRb6euL8ADXD', 'a1bfcabe20f04c0087e3607a81ad3db4' ]
[2020-12-20 10:44:10.064] [INFO] - query { rid: 'a1bfcabe20f04c0087e3607a81ad3db4',
  uid: '59b5507a0b1d4c178d074f397c2707c7',
  username: '小桥流水',
  role: '0',
  EIO: '3',
  transport: 'polling',
  t: 'NP-26rp' }
[2020-12-20 10:44:10.064] [INFO] - [ 'ax42ACA_FQ88JWdBADXE', 'a1bfcabe20f04c0087e3607a81ad3db4' ]
[2020-12-20 10:44:32.635] [INFO] - query { rid: 'a1bfcabe20f04c0087e3607a81ad3db4',
  uid: '59b5507a0b1d4c178d074f397c2707c7',
  username: '小桥流水',
  role: '0',
  EIO: '3',
  transport: 'polling',
  t: 'NP-2CMK' }
[2020-12-20 10:44:32.636] [INFO] - [ 'QFcqHMXpGOp5FmFgADXF', 'a1bfcabe20f04c0087e3607a81ad3db4' ]
[2020-12-20 10:45:49.592] [INFO] - query { rid: 'a1bfcabe20f04c0087e3607a81ad3db4',
  uid: '59b5507a0b1d4c178d074f397c2707c7',
  username: '小桥流水',
  role: '0',
  EIO: '3',
  transport: 'polling',
  t: 'NP-2V8o' }
[2020-12-20 10:45:49.593] [INFO] - [ 'd4zpF7YtcB-A5E2fADXG', 'a1bfcabe20f04c0087e3607a81ad3db4' ]
[2020-12-20 10:51:13.448] [INFO] - query { rid: 'a1bfcabe20f04c0087e3607a81ad3db4',
  uid: '59b5507a0b1d4c178d074f397c2707c7',
  username: '小桥流水',
  role: '0',
  EIO: '3',
  transport: 'polling',
  t: 'NP-3kDE' }
[2020-12-20 10:51:13.448] [INFO] - [ 'Px1LXkHUuwae3moWADXH', 'a1bfcabe20f04c0087e3607a81ad3db4' ]
[2020-12-20 10:51:58.318] [INFO] - query { rid: 'a1bfcabe20f04c0087e3607a81ad3db4',
  uid: '52dffcf9fb9e4ab78827f9e93d9818c7',
  username: '蓝胖子仇',
  role: '0',
  EIO: '3',
  transport: 'polling',
  t: 'NP-3v7S' }
[2020-12-20 10:51:58.319] [INFO] - [ 'dnG0UsJxcE6Y8av_ADXI', 'a1bfcabe20f04c0087e3607a81ad3db4' ]
[2020-12-20 10:52:06.411] [INFO] - query { rid: 'a1bfcabe20f04c0087e3607a81ad3db4',
  uid: '59b5507a0b1d4c178d074f397c2707c7',
  username: '小桥流水',
  role: '0',
  EIO: '3',
  transport: 'polling',
  t: 'NP-3x8O' }
[2020-12-20 10:52:06.411] [INFO] - [ 'vmymzyYuVxw_f5I_ADXJ', 'a1bfcabe20f04c0087e3607a81ad3db4' ]
[2020-12-20 10:52:11.706] [INFO] - query { rid: 'a1bfcabe20f04c0087e3607a81ad3db4',
  uid: '59b5507a0b1d4c178d074f397c2707c7',
  username: '小桥流水',
  role: '0',
  EIO: '3',
  transport: 'polling',
  t: 'NP-3yRQ' }
[2020-12-20 10:52:11.706] [INFO] - [ '2h3EL5W95TWwjsuIADXK', 'a1bfcabe20f04c0087e3607a81ad3db4' ]
[2020-12-20 10:52:16.020] [INFO] - query { rid: 'a1bfcabe20f04c0087e3607a81ad3db4',
  uid: '52dffcf9fb9e4ab78827f9e93d9818c7',
  username: '蓝胖子仇',
  role: '0',
  EIO: '3',
  transport: 'polling',
  t: 'NP-3zRy' }
[2020-12-20 10:52:16.021] [INFO] - [ 'mA5TA3ILPp9i386LADXL', 'a1bfcabe20f04c0087e3607a81ad3db4' ]
[2020-12-20 10:54:13.504] [INFO] - query { rid: 'a1bfcabe20f04c0087e3607a81ad3db4',
  uid: '52dffcf9fb9e4ab78827f9e93d9818c7',
  username: '蓝胖子仇',
  role: '0',
  EIO: '3',
  transport: 'polling',
  t: 'NP-4Q7k' }
[2020-12-20 10:54:13.504] [INFO] - [ '6bMgAppp33n5aRVeADXM', 'a1bfcabe20f04c0087e3607a81ad3db4' ]
[2020-12-20 10:55:08.633] [INFO] - query { rid: 'a1bfcabe20f04c0087e3607a81ad3db4',
  uid: '59b5507a0b1d4c178d074f397c2707c7',
  username: '小桥流水',
  role: '0',
  EIO: '3',
  transport: 'polling',
  t: 'NP-4ddi' }
[2020-12-20 10:55:08.633] [INFO] - [ 'lwxryB34QsJ2z11FADXN', 'a1bfcabe20f04c0087e3607a81ad3db4' ]
[2020-12-20 10:55:53.820] [INFO] - query { rid: 'a1bfcabe20f04c0087e3607a81ad3db4',
  uid: '59b5507a0b1d4c178d074f397c2707c7',
  username: '小桥流水',
  role: '0',
  EIO: '3',
  transport: 'polling',
  t: 'NP-4ofs' }
[2020-12-20 10:55:53.820] [INFO] - [ 'kZmajCtK2yGckWgCADXO', 'a1bfcabe20f04c0087e3607a81ad3db4' ]
[2020-12-20 10:56:45.461] [INFO] - [127.0.0.1] GET http://127.0.0.1:8250/ 200 0ms
[2020-12-20 10:56:54.635] [INFO] - query { rid: 'a1bfcabe20f04c0087e3607a81ad3db4',
  uid: '52dffcf9fb9e4ab78827f9e93d9818c7',
  username: '蓝胖子仇',
  role: '0',
  EIO: '3',
  transport: 'polling',
  t: 'NP-51T9' }
[2020-12-20 10:56:54.635] [INFO] - [ 'fKGOVgmqwZjuAprGADXP', 'a1bfcabe20f04c0087e3607a81ad3db4' ]
[2020-12-20 10:56:56.897] [INFO] - query { rid: 'a1bfcabe20f04c0087e3607a81ad3db4',
  uid: '52dffcf9fb9e4ab78827f9e93d9818c7',
  username: '蓝胖子仇',
  role: '0',
  EIO: '3',
  transport: 'polling',
  t: 'NP-520t' }
[2020-12-20 10:56:56.897] [INFO] - [ '56MVyTKZZokkOndwADXQ', 'a1bfcabe20f04c0087e3607a81ad3db4' ]
[2020-12-20 10:57:07.410] [INFO] - query { rid: 'a1bfcabe20f04c0087e3607a81ad3db4',
  uid: '52dffcf9fb9e4ab78827f9e93d9818c7',
  username: '蓝胖子仇',
  role: '0',
  EIO: '3',
  transport: 'polling',
  t: 'NP-54b1' }
[2020-12-20 10:57:07.411] [INFO] - [ 'P_UXCcmLr4BCGVvTADXR', 'a1bfcabe20f04c0087e3607a81ad3db4' ]
[2020-12-20 10:57:21.299] [INFO] - query { rid: 'a1bfcabe20f04c0087e3607a81ad3db4',
  uid: '52dffcf9fb9e4ab78827f9e93d9818c7',
  username: '蓝胖子仇',
  role: '0',
  EIO: '3',
  transport: 'polling',
  t: 'NP-57-0' }
[2020-12-20 10:57:21.299] [INFO] - [ 'MIGDuWmbqJVbVK42ADXS', 'a1bfcabe20f04c0087e3607a81ad3db4' ]
[2020-12-20 10:57:25.344] [INFO] - query { rid: 'a1bfcabe20f04c0087e3607a81ad3db4',
  uid: '59b5507a0b1d4c178d074f397c2707c7',
  username: '小桥流水',
  role: '0',
  EIO: '3',
  transport: 'polling',
  t: 'NP-58_t' }
[2020-12-20 10:57:25.344] [INFO] - [ 'aJFqhLHeRaCaHzbuADXT', 'a1bfcabe20f04c0087e3607a81ad3db4' ]
[2020-12-20 10:57:39.546] [INFO] - query { rid: 'a1bfcabe20f04c0087e3607a81ad3db4',
  uid: '59b5507a0b1d4c178d074f397c2707c7',
  username: '小桥流水',
  role: '0',
  EIO: '3',
  transport: 'polling',
  t: 'NP-5CU1' }
[2020-12-20 10:57:39.547] [INFO] - [ 'YKG1g9ne5mtNDwwyADXU', 'a1bfcabe20f04c0087e3607a81ad3db4' ]
[2020-12-20 10:58:18.999] [INFO] - query { rid: 'a1bfcabe20f04c0087e3607a81ad3db4',
  uid: '59b5507a0b1d4c178d074f397c2707c7',
  username: '小桥流水',
  role: '0',
  EIO: '3',
  transport: 'polling',
  t: 'NP-5M0r' }
[2020-12-20 10:58:18.999] [INFO] - [ '-hLD3_EORGMMlP_7ADXV', 'a1bfcabe20f04c0087e3607a81ad3db4' ]
[2020-12-20 10:58:32.406] [INFO] - query { rid: 'a1bfcabe20f04c0087e3607a81ad3db4',
  uid: '52dffcf9fb9e4ab78827f9e93d9818c7',
  username: '蓝胖子仇',
  role: '0',
  EIO: '3',
  transport: 'polling',
  t: 'NP-5PL5' }
[2020-12-20 10:58:32.406] [INFO] - [ 'm2fOeUaDjhouxZmwADXW', 'a1bfcabe20f04c0087e3607a81ad3db4' ]
[2020-12-20 10:59:14.543] [INFO] - query { rid: 'a1bfcabe20f04c0087e3607a81ad3db4',
  uid: '52dffcf9fb9e4ab78827f9e93d9818c7',
  username: '蓝胖子仇',
  role: '0',
  EIO: '3',
  transport: 'polling',
  t: 'NP-5ZdP' }
[2020-12-20 10:59:14.544] [INFO] - [ 'XPVZpw-e6UR6-hHoADXX', 'a1bfcabe20f04c0087e3607a81ad3db4' ]
[2020-12-20 11:00:27.090] [INFO] - query { rid: 'a1bfcabe20f04c0087e3607a81ad3db4',
  uid: '59b5507a0b1d4c178d074f397c2707c7',
  username: '小桥流水',
  role: '0',
  EIO: '3',
  transport: 'polling',
  t: 'NP-5rNp' }
[2020-12-20 11:00:27.090] [INFO] - [ 'I78gSp5ZSfysVMVaADXY', 'a1bfcabe20f04c0087e3607a81ad3db4' ]
[2020-12-20 11:00:44.458] [INFO] - query { rid: 'a1bfcabe20f04c0087e3607a81ad3db4',
  uid: '59b5507a0b1d4c178d074f397c2707c7',
  username: '小桥流水',
  role: '0',
  EIO: '3',
  transport: 'polling',
  t: 'NP-5vd5' }
[2020-12-20 11:00:44.458] [INFO] - [ 'qjEwVrLiAbpFbpFLADXZ', 'a1bfcabe20f04c0087e3607a81ad3db4' ]
[2020-12-20 11:01:04.314] [INFO] - query { rid: 'a1bfcabe20f04c0087e3607a81ad3db4',
  uid: '52dffcf9fb9e4ab78827f9e93d9818c7',
  username: '蓝胖子仇',
  role: '0',
  EIO: '3',
  transport: 'polling',
  t: 'NP-5-Qa' }
[2020-12-20 11:01:04.315] [INFO] - [ 'EiQ0gBbRBncSAkfBADXa', 'a1bfcabe20f04c0087e3607a81ad3db4' ]
[2020-12-20 11:01:42.036] [INFO] - query { rid: 'a1bfcabe20f04c0087e3607a81ad3db4',
  uid: '59b5507a0b1d4c178d074f397c2707c7',
  username: '小桥流水',
  role: '0',
  EIO: '3',
  transport: 'polling',
  t: 'NP-67gx' }
[2020-12-20 11:01:42.037] [INFO] - [ '3khazR1AXhNQQHuCADXb', 'a1bfcabe20f04c0087e3607a81ad3db4' ]
[2020-12-20 11:01:47.408] [INFO] - query { rid: 'a1bfcabe20f04c0087e3607a81ad3db4',
  uid: '59b5507a0b1d4c178d074f397c2707c7',
  username: '小桥流水',
  role: '0',
  EIO: '3',
  transport: 'polling',
  t: 'NP-68-n' }
[2020-12-20 11:01:47.408] [INFO] - [ 'L-5lJa7k0YE0Bwn4ADXc', 'a1bfcabe20f04c0087e3607a81ad3db4' ]
[2020-12-20 11:02:35.091] [INFO] - query { rid: 'a1bfcabe20f04c0087e3607a81ad3db4',
  uid: '59b5507a0b1d4c178d074f397c2707c7',
  username: '小桥流水',
  role: '0',
  EIO: '3',
  transport: 'polling',
  t: 'NP-6Kds' }
[2020-12-20 11:02:35.091] [INFO] - [ '5dKK7mr1QrMyAA62ADXd', 'a1bfcabe20f04c0087e3607a81ad3db4' ]
[2020-12-20 11:05:31.506] [INFO] - query { rid: 'a1bfcabe20f04c0087e3607a81ad3db4',
  uid: '52dffcf9fb9e4ab78827f9e93d9818c7',
  username: '蓝胖子仇',
  role: '0',
  EIO: '3',
  transport: 'polling',
  t: 'NP-6_fX' }
[2020-12-20 11:05:31.506] [INFO] - [ 'U_dkLN8YVDwdfzDEADXe', 'a1bfcabe20f04c0087e3607a81ad3db4' ]
[2020-12-20 11:05:53.301] [INFO] - query { rid: 'a1bfcabe20f04c0087e3607a81ad3db4',
  uid: '52dffcf9fb9e4ab78827f9e93d9818c7',
  username: '蓝胖子仇',
  role: '0',
  EIO: '3',
  transport: 'polling',
  t: 'NP-74zy' }
[2020-12-20 11:05:53.301] [INFO] - [ 'cPb5m996weLN7LQTADXf', 'a1bfcabe20f04c0087e3607a81ad3db4' ]
[2020-12-20 11:05:55.356] [INFO] - query { rid: 'a1bfcabe20f04c0087e3607a81ad3db4',
  uid: '59b5507a0b1d4c178d074f397c2707c7',
  username: '小桥流水',
  role: '0',
  EIO: '3',
  transport: 'polling',
  t: 'NP-75X0' }
[2020-12-20 11:05:55.356] [INFO] - [ 'I3uftwDg0lfI03IZADXg', 'a1bfcabe20f04c0087e3607a81ad3db4' ]
[2020-12-20 11:06:02.140] [INFO] - query { rid: 'a1bfcabe20f04c0087e3607a81ad3db4',
  uid: '52dffcf9fb9e4ab78827f9e93d9818c7',
  username: '蓝胖子仇',
  role: '0',
  EIO: '3',
  transport: 'polling',
  t: 'NP-778B' }
[2020-12-20 11:06:02.141] [INFO] - [ 'Ro_OLn9jksEP7yM4ADXh', 'a1bfcabe20f04c0087e3607a81ad3db4' ]
[2020-12-20 11:06:06.565] [INFO] - query { rid: 'a1bfcabe20f04c0087e3607a81ad3db4',
  uid: '52dffcf9fb9e4ab78827f9e93d9818c7',
  username: '蓝胖子仇',
  role: '0',
  EIO: '3',
  transport: 'polling',
  t: 'NP-78DO' }
[2020-12-20 11:06:06.566] [INFO] - [ 'Cz971PAerN9tRjMoADXi', 'a1bfcabe20f04c0087e3607a81ad3db4' ]
[2020-12-20 11:06:14.063] [INFO] - query { rid: 'a1bfcabe20f04c0087e3607a81ad3db4',
  uid: '52dffcf9fb9e4ab78827f9e93d9818c7',
  username: '蓝胖子仇',
  role: '0',
  EIO: '3',
  transport: 'polling',
  t: 'NP-7A2S' }
[2020-12-20 11:06:14.064] [INFO] - [ 'qwoWTSTP4sWq_Yd6ADXj', 'a1bfcabe20f04c0087e3607a81ad3db4' ]
[2020-12-20 11:06:40.174] [INFO] - query { rid: 'a1bfcabe20f04c0087e3607a81ad3db4',
  uid: '59b5507a0b1d4c178d074f397c2707c7',
  username: '小桥流水',
  role: '0',
  EIO: '3',
  transport: 'polling',
  t: 'NP-7GTG' }
[2020-12-20 11:06:40.174] [INFO] - [ 'hxuH4jYFLNULhnX9ADXk', 'a1bfcabe20f04c0087e3607a81ad3db4' ]
[2020-12-20 11:06:48.468] [INFO] - query { rid: 'a1bfcabe20f04c0087e3607a81ad3db4',
  uid: '52dffcf9fb9e4ab78827f9e93d9818c7',
  username: '蓝胖子仇',
  role: '0',
  EIO: '3',
  transport: 'polling',
  t: 'NP-7IR-' }
[2020-12-20 11:06:48.468] [INFO] - [ 'ahrNKEh8EfTYr7PwADXl', 'a1bfcabe20f04c0087e3607a81ad3db4' ]
[2020-12-20 11:06:53.351] [INFO] - query { rid: 'a1bfcabe20f04c0087e3607a81ad3db4',
  uid: '52dffcf9fb9e4ab78827f9e93d9818c7',
  username: '蓝胖子仇',
  role: '0',
  EIO: '3',
  transport: 'polling',
  t: 'NP-7JeV' }
[2020-12-20 11:06:53.351] [INFO] - [ 'TxDqHWjRjzM-10MIADXm', 'a1bfcabe20f04c0087e3607a81ad3db4' ]
[2020-12-20 11:07:45.171] [INFO] - query { rid: 'a1bfcabe20f04c0087e3607a81ad3db4',
  uid: '59b5507a0b1d4c178d074f397c2707c7',
  username: '小桥流水',
  role: '0',
  EIO: '3',
  transport: 'polling',
  t: 'NP-7WKi' }
[2020-12-20 11:07:45.172] [INFO] - [ 'odHVap8a-TTzbNSsADXn', 'a1bfcabe20f04c0087e3607a81ad3db4' ]
[2020-12-20 11:07:59.768] [INFO] - query { rid: 'a1bfcabe20f04c0087e3607a81ad3db4',
  uid: '52dffcf9fb9e4ab78827f9e93d9818c7',
  username: '蓝胖子仇',
  role: '0',
  EIO: '3',
  transport: 'polling',
  t: 'NP-7Zrx' }
[2020-12-20 11:07:59.769] [INFO] - [ 'Qr_zdcrDgBRDzzK4ADXo', 'a1bfcabe20f04c0087e3607a81ad3db4' ]
[2020-12-20 11:09:17.103] [INFO] - query { rid: 'a1bfcabe20f04c0087e3607a81ad3db4',
  uid: '59b5507a0b1d4c178d074f397c2707c7',
  username: '小桥流水',
  role: '0',
  EIO: '3',
  transport: 'polling',
  t: 'NP-7snE' }
[2020-12-20 11:09:17.103] [INFO] - [ 'UfglMNjUmppIo7J2ADXp', 'a1bfcabe20f04c0087e3607a81ad3db4' ]
[2020-12-20 11:09:30.546] [INFO] - query { rid: 'a1bfcabe20f04c0087e3607a81ad3db4',
  uid: '59b5507a0b1d4c178d074f397c2707c7',
  username: '小桥流水',
  role: '0',
  EIO: '3',
  transport: 'polling',
  t: 'NP-7w39' }
[2020-12-20 11:09:30.546] [INFO] - [ 'EDaET72Nsko0JafKADXq', 'a1bfcabe20f04c0087e3607a81ad3db4' ]
[2020-12-20 11:10:22.658] [INFO] - query { rid: 'a1bfcabe20f04c0087e3607a81ad3db4',
  uid: '59b5507a0b1d4c178d074f397c2707c7',
  username: '小桥流水',
  role: '0',
  EIO: '3',
  transport: 'polling',
  t: 'NP-86nS' }
[2020-12-20 11:10:22.658] [INFO] - [ 'ivbNLIHDDbc9Lu2CADXr', 'a1bfcabe20f04c0087e3607a81ad3db4' ]
[2020-12-20 11:11:17.026] [INFO] - query { rid: 'a1bfcabe20f04c0087e3607a81ad3db4',
  uid: '52dffcf9fb9e4ab78827f9e93d9818c7',
  username: '蓝胖子仇',
  role: '0',
  EIO: '3',
  transport: 'polling',
  t: 'NP-8K0D' }
[2020-12-20 11:11:17.027] [INFO] - [ 'V45K74BCvH09Dd7iADXs', 'a1bfcabe20f04c0087e3607a81ad3db4' ]
[2020-12-20 11:11:20.280] [INFO] - query { rid: 'a1bfcabe20f04c0087e3607a81ad3db4',
  uid: 'c49a991fb606421a980e6d26ef288d37',
  username: '高山流水',
  role: '0',
  EIO: '3',
  transport: 'polling',
  t: 'NP-8Kmy' }
[2020-12-20 11:11:20.280] [INFO] - [ 'pjqmCL1xaJxfYEd1ADXt', 'a1bfcabe20f04c0087e3607a81ad3db4' ]
[2020-12-20 11:11:43.236] [INFO] - msg { role: 0,
  username: '高山流水',
  _id: 'pjqmCL1xaJxfYEd1ADXt',
  msg: '红' }
[2020-12-20 11:13:20.326] [INFO] - query { rid: 'a1bfcabe20f04c0087e3607a81ad3db4',
  uid: '52dffcf9fb9e4ab78827f9e93d9818c7',
  username: '蓝胖子仇',
  role: '0',
  EIO: '3',
  transport: 'polling',
  t: 'NP-8o6s' }
[2020-12-20 11:13:20.326] [INFO] - [ 'hO8j_TIT86Q2WOy-ADXu', 'a1bfcabe20f04c0087e3607a81ad3db4' ]
[2020-12-20 11:13:26.865] [INFO] - msg { role: 0,
  username: '蓝胖子仇',
  _id: 'hO8j_TIT86Q2WOy-ADXu',
  msg: 'h h h j n b' }
[2020-12-20 11:15:02.267] [INFO] - gift { role: 0,
  _id: 'ivbNLIHDDbc9Lu2CADXr',
  msg: '送元宝',
  num: 5,
  img: 'https://culturecloud-live.oss-cn-shanghai.aliyuncs.com/gift/送元宝.png' }
[2020-12-20 11:15:08.891] [INFO] - query { rid: 'a1bfcabe20f04c0087e3607a81ad3db4',
  uid: '59b5507a0b1d4c178d074f397c2707c7',
  username: '小桥流水',
  role: '0',
  EIO: '3',
  transport: 'polling',
  t: 'NP-9CfW' }
[2020-12-20 11:15:08.891] [INFO] - [ 'UcRFe9NqHb9n8qMBADXv', 'a1bfcabe20f04c0087e3607a81ad3db4' ]
[2020-12-20 11:15:22.360] [INFO] - query { rid: 'a1bfcabe20f04c0087e3607a81ad3db4',
  uid: '59b5507a0b1d4c178d074f397c2707c7',
  username: '小桥流水',
  role: '0',
  EIO: '3',
  transport: 'polling',
  t: 'NP-9FyM' }
[2020-12-20 11:15:22.360] [INFO] - [ 'lGb-ljqPT-jiptU2ADXw', 'a1bfcabe20f04c0087e3607a81ad3db4' ]
[2020-12-20 11:16:02.360] [INFO] - query { rid: 'a1bfcabe20f04c0087e3607a81ad3db4',
  uid: '52dffcf9fb9e4ab78827f9e93d9818c7',
  username: '蓝胖子仇',
  role: '0',
  EIO: '3',
  transport: 'polling',
  t: 'NP-9Pgb' }
[2020-12-20 11:16:02.361] [INFO] - [ 'su4i2BjVgA19BJr2ADXx', 'a1bfcabe20f04c0087e3607a81ad3db4' ]
[2020-12-20 11:16:15.844] [INFO] - query { rid: 'a1bfcabe20f04c0087e3607a81ad3db4',
  uid: '52dffcf9fb9e4ab78827f9e93d9818c7',
  username: '蓝胖子仇',
  role: '0',
  EIO: '3',
  transport: 'polling',
  t: 'NP-9SzC' }
[2020-12-20 11:16:15.845] [INFO] - [ 'SRIYLLXFAdo8hC1rADXy', 'a1bfcabe20f04c0087e3607a81ad3db4' ]
[2020-12-20 11:16:34.635] [INFO] - query { rid: 'a1bfcabe20f04c0087e3607a81ad3db4',
  uid: '59b5507a0b1d4c178d074f397c2707c7',
  username: '小桥流水',
  role: '0',
  EIO: '3',
  transport: 'polling',
  t: 'NP-9Xbj' }
[2020-12-20 11:16:34.636] [INFO] - [ 'zFuSnDRDDpOlgeAbADXz', 'a1bfcabe20f04c0087e3607a81ad3db4' ]
[2020-12-20 11:17:02.395] [INFO] - query { rid: 'a1bfcabe20f04c0087e3607a81ad3db4',
  uid: '59b5507a0b1d4c178d074f397c2707c7',
  username: '小桥流水',
  role: '0',
  EIO: '3',
  transport: 'polling',
  t: 'NP-9eNN' }
[2020-12-20 11:17:02.395] [INFO] - [ 'xecBtbxWr6gGC2KgADX0', 'a1bfcabe20f04c0087e3607a81ad3db4' ]
[2020-12-20 11:17:10.748] [INFO] - query { rid: 'a1bfcabe20f04c0087e3607a81ad3db4',
  uid: '59b5507a0b1d4c178d074f397c2707c7',
  username: '小桥流水',
  role: '0',
  EIO: '3',
  transport: 'polling',
  t: 'NP-9gP3' }
[2020-12-20 11:17:10.748] [INFO] - [ 'mphaaduvYzZmB81hADX1', 'a1bfcabe20f04c0087e3607a81ad3db4' ]
[2020-12-20 11:17:19.563] [INFO] - query { rid: 'a1bfcabe20f04c0087e3607a81ad3db4',
  uid: '59b5507a0b1d4c178d074f397c2707c7',
  username: '小桥流水',
  role: '0',
  EIO: '3',
  transport: 'polling',
  t: 'NP-9iZd' }
[2020-12-20 11:17:19.563] [INFO] - [ '_E5JzQNsytdLpzWHADX2', 'a1bfcabe20f04c0087e3607a81ad3db4' ]
[2020-12-20 11:18:09.008] [INFO] - query { rid: 'a1bfcabe20f04c0087e3607a81ad3db4',
  uid: '52dffcf9fb9e4ab78827f9e93d9818c7',
  username: '蓝胖子仇',
  role: '0',
  EIO: '3',
  transport: 'polling',
  t: 'NP-9ubS' }
[2020-12-20 11:18:09.008] [INFO] - [ 'h27gaAxTZOVSwZZMADX3', 'a1bfcabe20f04c0087e3607a81ad3db4' ]
[2020-12-20 11:18:14.467] [INFO] - query { rid: 'a1bfcabe20f04c0087e3607a81ad3db4',
  uid: '59b5507a0b1d4c178d074f397c2707c7',
  username: '小桥流水',
  role: '0',
  EIO: '3',
  transport: 'polling',
  t: 'NP-9vzS' }
[2020-12-20 11:18:14.468] [INFO] - [ 'bkA9OgiJ-DotSMq_ADX4', 'a1bfcabe20f04c0087e3607a81ad3db4' ]
[2020-12-20 11:22:10.172] [INFO] - query { rid: 'a1bfcabe20f04c0087e3607a81ad3db4',
  uid: '52dffcf9fb9e4ab78827f9e93d9818c7',
  username: '蓝胖子仇',
  role: '0',
  EIO: '3',
  transport: 'polling',
  t: 'NP-ApTg' }
[2020-12-20 11:22:10.172] [INFO] - [ 'cvZjv8NaFo24i6bmADX5', 'a1bfcabe20f04c0087e3607a81ad3db4' ]
[2020-12-20 11:22:32.235] [INFO] - query { rid: 'a1bfcabe20f04c0087e3607a81ad3db4',
  uid: '52dffcf9fb9e4ab78827f9e93d9818c7',
  username: '蓝胖子仇',
  role: '0',
  EIO: '3',
  transport: 'polling',
  t: 'NP-AusE' }
[2020-12-20 11:22:32.235] [INFO] - [ '1i3LH7f4-hJvp-lXADX6', 'a1bfcabe20f04c0087e3607a81ad3db4' ]
[2020-12-20 11:22:33.817] [INFO] - query { rid: 'a1bfcabe20f04c0087e3607a81ad3db4',
  uid: '59b5507a0b1d4c178d074f397c2707c7',
  username: '小桥流水',
  role: '0',
  EIO: '3',
  transport: 'polling',
  t: 'NP-AvHv' }
[2020-12-20 11:22:33.817] [INFO] - [ 'F9ZIH5h8SR3U2c-BADX7', 'a1bfcabe20f04c0087e3607a81ad3db4' ]
[2020-12-20 11:22:35.679] [INFO] - msg { role: 0,
  username: '蓝胖子仇',
  _id: '1i3LH7f4-hJvp-lXADX6',
  msg: '仿佛纯纯粹粹' }
[2020-12-20 11:22:40.526] [INFO] - msg { role: 0,
  username: '蓝胖子仇',
  _id: '1i3LH7f4-hJvp-lXADX6',
  msg: '喜欢喜欢超级课程表崔波经常看你崔波猝不及防就能烦恼' }
[2020-12-20 11:22:45.650] [INFO] - msg { role: 0,
  username: '蓝胖子仇',
  _id: '1i3LH7f4-hJvp-lXADX6',
  msg: '解放军才能变成不吵不闹b b c n c n c m m' }
[2020-12-20 11:22:49.386] [INFO] - msg { role: 0,
  username: '蓝胖子仇',
  _id: '1i3LH7f4-hJvp-lXADX6',
  msg: '就烦恼妇女们开车开车吗承诺承诺你承诺承诺' }
[2020-12-20 11:22:52.830] [INFO] - msg { role: 0,
  username: '蓝胖子仇',
  _id: '1i3LH7f4-hJvp-lXADX6',
  msg: '部分女女女女女女女女女' }
[2020-12-20 11:22:55.813] [INFO] - msg { role: 0,
  username: '蓝胖子仇',
  _id: '1i3LH7f4-hJvp-lXADX6',
  msg: 'n f n nc nf nc nc n n' }
[2020-12-20 11:23:00.125] [INFO] - msg { role: 0,
  username: '蓝胖子仇',
  _id: '1i3LH7f4-hJvp-lXADX6',
  msg: '部分女女女女女女女' }
[2020-12-20 11:23:03.606] [INFO] - msg { role: 0,
  username: '蓝胖子仇',
  _id: '1i3LH7f4-hJvp-lXADX6',
  msg: '你承诺出门女女女女女女烦恼' }
[2020-12-20 11:25:33.085] [INFO] - query { rid: 'a1bfcabe20f04c0087e3607a81ad3db4',
  uid: '52dffcf9fb9e4ab78827f9e93d9818c7',
  username: '蓝胖子仇',
  role: '0',
  EIO: '3',
  transport: 'polling',
  t: 'NP-Bb08' }
[2020-12-20 11:25:33.086] [INFO] - [ 'xnz6djqsZKYz5wn4ADX8', 'a1bfcabe20f04c0087e3607a81ad3db4' ]
[2020-12-20 11:26:38.419] [INFO] - query { rid: 'a1bfcabe20f04c0087e3607a81ad3db4',
  uid: '59b5507a0b1d4c178d074f397c2707c7',
  username: '小桥流水',
  role: '0',
  EIO: '3',
  transport: 'polling',
  t: 'NP-Bq_l' }
[2020-12-20 11:26:38.419] [INFO] - [ 'kAIosQDPW87JP2PxADX9', 'a1bfcabe20f04c0087e3607a81ad3db4' ]
[2020-12-20 11:27:11.668] [INFO] - query { rid: 'a1bfcabe20f04c0087e3607a81ad3db4',
  uid: '59b5507a0b1d4c178d074f397c2707c7',
  username: '小桥流水',
  role: '0',
  EIO: '3',
  transport: 'polling',
  t: 'NP-Bz7D' }
[2020-12-20 11:27:11.668] [INFO] - [ 'JrSsdTsOVW83t6IpADX-', 'a1bfcabe20f04c0087e3607a81ad3db4' ]
[2020-12-20 11:27:33.531] [INFO] - gift { role: 0,
  _id: 'JrSsdTsOVW83t6IpADX-',
  msg: '棒棒糖',
  num: 1,
  img: 'https://culturecloud-live.oss-cn-shanghai.aliyuncs.com/gift/棒棒糖.png' }
[2020-12-20 11:29:37.769] [INFO] - query { rid: 'a1bfcabe20f04c0087e3607a81ad3db4',
  uid: '59b5507a0b1d4c178d074f397c2707c7',
  username: '小桥流水',
  role: '0',
  EIO: '3',
  transport: 'polling',
  t: 'NP-CWo3' }
[2020-12-20 11:29:37.769] [INFO] - [ 'z2eMNEt4Z2L4cgC6ADX_', 'a1bfcabe20f04c0087e3607a81ad3db4' ]
[2020-12-20 11:29:46.448] [INFO] - query { rid: 'a1bfcabe20f04c0087e3607a81ad3db4',
  uid: '59b5507a0b1d4c178d074f397c2707c7',
  username: '小桥流水',
  role: '0',
  EIO: '3',
  transport: 'polling',
  t: 'NP-CYvd' }
[2020-12-20 11:29:46.448] [INFO] - [ 'UNUeN8CG-1-i4iQQADYA', 'a1bfcabe20f04c0087e3607a81ad3db4' ]
[2020-12-20 11:30:06.320] [INFO] - query { rid: 'a1bfcabe20f04c0087e3607a81ad3db4',
  uid: '59b5507a0b1d4c178d074f397c2707c7',
  username: '小桥流水',
  role: '0',
  EIO: '3',
  transport: 'polling',
  t: 'NP-Cdm9' }
[2020-12-20 11:30:06.321] [INFO] - [ '0ucllXh3nt8RXkn2ADYB', 'a1bfcabe20f04c0087e3607a81ad3db4' ]
[2020-12-20 11:30:40.736] [INFO] - query { rid: 'a1bfcabe20f04c0087e3607a81ad3db4',
  uid: '59b5507a0b1d4c178d074f397c2707c7',
  username: '小桥流水',
  role: '0',
  EIO: '3',
  transport: 'polling',
  t: 'NP-Cm9f' }
[2020-12-20 11:30:40.736] [INFO] - [ 'u8rLWi29dilB13HCADYC', 'a1bfcabe20f04c0087e3607a81ad3db4' ]
[2020-12-20 11:30:44.828] [INFO] - query { rid: 'a1bfcabe20f04c0087e3607a81ad3db4',
  uid: '4498a9c5a6614aaaa5f1fc380ee10359',
  username: 'LanCcccc',
  role: '0',
  EIO: '3',
  transport: 'polling',
  t: 'NP-Cn4p' }
[2020-12-20 11:30:44.828] [INFO] - [ 'mCHpqJe7rKMv7MmWADYD', 'a1bfcabe20f04c0087e3607a81ad3db4' ]
[2020-12-20 11:30:49.325] [INFO] - msg { role: 0,
  username: '小桥流水',
  _id: 'u8rLWi29dilB13HCADYC',
  msg: '🐭 🐭 ' }
[2020-12-20 11:31:05.309] [INFO] - query { rid: 'a1bfcabe20f04c0087e3607a81ad3db4',
  uid: '20a479ee1b174c26b39a51ad3374218c',
  username: '冰莹',
  role: '0',
  EIO: '3',
  transport: 'polling',
  t: 'NP-Cs73' }
[2020-12-20 11:31:05.310] [INFO] - [ 'TC7osJ2yA_MJ6vyKADYE', 'a1bfcabe20f04c0087e3607a81ad3db4' ]
[2020-12-20 11:31:14.764] [INFO] - msg { role: 0,
  username: '小桥流水',
  _id: 'u8rLWi29dilB13HCADYC',
  msg: ' 早睡早起早睡早起' }
[2020-12-20 11:31:23.281] [INFO] - query { rid: 'a1bfcabe20f04c0087e3607a81ad3db4',
  uid: '20a479ee1b174c26b39a51ad3374218c',
  username: '冰莹',
  role: '0',
  EIO: '3',
  transport: 'polling',
  t: 'NP-CwVh' }
[2020-12-20 11:31:23.281] [INFO] - [ 'wYbbzEWW5Db6m29qADYF', 'a1bfcabe20f04c0087e3607a81ad3db4' ]
[2020-12-20 11:31:33.082] [INFO] - gift { role: 0,
  _id: 'u8rLWi29dilB13HCADYC',
  msg: '送气球',
  num: 2,
  img: 'https://culturecloud-live.oss-cn-shanghai.aliyuncs.com/gift/送气球.png' }
[2020-12-20 11:31:37.709] [INFO] - query { rid: 'a1bfcabe20f04c0087e3607a81ad3db4',
  uid: '59b5507a0b1d4c178d074f397c2707c7',
  username: '小桥流水',
  role: '0',
  EIO: '3',
  transport: 'polling',
  t: 'NP-C-4E' }
[2020-12-20 11:31:37.709] [INFO] - [ 'hVBA9eVy2x7rFBBCADYG', 'a1bfcabe20f04c0087e3607a81ad3db4' ]
[2020-12-20 11:31:45.074] [INFO] - query { rid: 'a1bfcabe20f04c0087e3607a81ad3db4',
  uid: '59b5507a0b1d4c178d074f397c2707c7',
  username: '小桥流水',
  role: '0',
  EIO: '3',
  transport: 'polling',
  t: 'NP-C_t3' }
[2020-12-20 11:31:45.074] [INFO] - [ 'd5Nyd2pOsI60YUIoADYH', 'a1bfcabe20f04c0087e3607a81ad3db4' ]
[2020-12-20 11:31:48.300] [INFO] - query { rid: 'a1bfcabe20f04c0087e3607a81ad3db4',
  uid: '20a479ee1b174c26b39a51ad3374218c',
  username: '冰莹',
  role: '0',
  EIO: '3',
  transport: 'polling',
  t: 'NP-D0cd' }
[2020-12-20 11:31:48.300] [INFO] - [ 'v6JCHONo3xlWAaYqADYI', 'a1bfcabe20f04c0087e3607a81ad3db4' ]
[2020-12-20 11:31:55.647] [INFO] - query { rid: 'a1bfcabe20f04c0087e3607a81ad3db4',
  uid: '20a479ee1b174c26b39a51ad3374218c',
  username: '冰莹',
  role: '0',
  EIO: '3',
  transport: 'polling',
  t: 'NP-D2Pe' }
[2020-12-20 11:31:55.648] [INFO] - [ 'TZRzFafHUir_UnalADYJ', 'a1bfcabe20f04c0087e3607a81ad3db4' ]
[2020-12-20 11:32:00.868] [INFO] - query { rid: 'a1bfcabe20f04c0087e3607a81ad3db4',
  uid: '20a479ee1b174c26b39a51ad3374218c',
  username: '冰莹',
  role: '0',
  EIO: '3',
  transport: 'polling',
  t: 'NP-D3h5' }
[2020-12-20 11:32:00.869] [INFO] - [ 'DRpaJ7NclBMI2pzkADYK', 'a1bfcabe20f04c0087e3607a81ad3db4' ]
[2020-12-20 11:32:09.224] [INFO] - query { rid: 'a1bfcabe20f04c0087e3607a81ad3db4',
  uid: 'c49a991fb606421a980e6d26ef288d37',
  username: '高山流水',
  role: '0',
  EIO: '3',
  transport: 'polling',
  t: 'NP-D5hc' }
[2020-12-20 11:32:09.225] [INFO] - [ '3Bgtou-EU3C2jS4JADYL', 'a1bfcabe20f04c0087e3607a81ad3db4' ]
[2020-12-20 11:32:20.690] [INFO] - msg { role: 0,
  username: '高山流水',
  _id: '3Bgtou-EU3C2jS4JADYL',
  msg: '😂 😂 😃 ' }
[2020-12-20 11:32:40.424] [INFO] - msg { role: 0,
  username: '高山流水',
  _id: '3Bgtou-EU3C2jS4JADYL',
  msg: '0' }
[2020-12-20 11:34:35.502] [INFO] - query { rid: 'a1bfcabe20f04c0087e3607a81ad3db4',
  uid: '59b5507a0b1d4c178d074f397c2707c7',
  username: '小桥流水',
  role: '0',
  EIO: '3',
  transport: 'polling',
  t: 'NP-DfT_' }
[2020-12-20 11:34:35.502] [INFO] - [ 'kIy_fEMraxzIrx-BADYM', 'a1bfcabe20f04c0087e3607a81ad3db4' ]
[2020-12-20 11:34:54.580] [INFO] - query { rid: 'a1bfcabe20f04c0087e3607a81ad3db4',
  uid: '59b5507a0b1d4c178d074f397c2707c7',
  username: '小桥流水',
  role: '0',
  EIO: '3',
  transport: 'polling',
  t: 'NP-Dk8E' }
[2020-12-20 11:34:54.580] [INFO] - [ 'M8otiCkWdjt2s1PnADYN', 'a1bfcabe20f04c0087e3607a81ad3db4' ]
[2020-12-20 11:35:30.621] [INFO] - query { rid: 'a1bfcabe20f04c0087e3607a81ad3db4',
  uid: '59b5507a0b1d4c178d074f397c2707c7',
  username: '小桥流水',
  role: '0',
  EIO: '3',
  transport: 'polling',
  t: 'NP-DsxU' }
[2020-12-20 11:35:30.621] [INFO] - [ 'tqmbrjBl_EDdJSsRADYO', 'a1bfcabe20f04c0087e3607a81ad3db4' ]
[2020-12-20 11:35:36.639] [INFO] - query { rid: 'a1bfcabe20f04c0087e3607a81ad3db4',
  uid: '59b5507a0b1d4c178d074f397c2707c7',
  username: '小桥流水',
  role: '0',
  EIO: '3',
  transport: 'polling',
  t: 'NP-DuPP' }
[2020-12-20 11:35:36.639] [INFO] - [ 'XbwNU4SfQ8Q_tk6lADYP', 'a1bfcabe20f04c0087e3607a81ad3db4' ]
[2020-12-20 11:36:24.148] [INFO] - query { rid: 'a1bfcabe20f04c0087e3607a81ad3db4',
  uid: '59b5507a0b1d4c178d074f397c2707c7',
  username: '小桥流水',
  role: '0',
  EIO: '3',
  transport: 'polling',
  t: 'NP-E3_f' }
[2020-12-20 11:36:24.148] [INFO] - [ 'WFE_WkisK-rFf0oTADYQ', 'a1bfcabe20f04c0087e3607a81ad3db4' ]
[2020-12-20 11:43:58.556] [INFO] - query { rid: 'a1bfcabe20f04c0087e3607a81ad3db4',
  uid: '4498a9c5a6614aaaa5f1fc380ee10359',
  username: 'LanCcccc',
  role: '0',
  EIO: '3',
  transport: 'polling',
  t: 'NP-Foub' }
[2020-12-20 11:43:58.557] [INFO] - [ 'LNDlcjvWKbBiRQiMADYR', 'a1bfcabe20f04c0087e3607a81ad3db4' ]
[2020-12-20 11:52:09.794] [INFO] - query { rid: 'a1bfcabe20f04c0087e3607a81ad3db4',
  uid: '4498a9c5a6614aaaa5f1fc380ee10359',
  username: 'LanCcccc',
  role: '0',
  EIO: '3',
  transport: 'polling',
  t: 'NP-Hglw' }
[2020-12-20 11:52:09.794] [INFO] - [ 'mQTwyz__BCPggTKPADYS', 'a1bfcabe20f04c0087e3607a81ad3db4' ]
[2020-12-20 12:19:56.227] [INFO] - query { rid: 'a1bfcabe20f04c0087e3607a81ad3db4',
  uid: '4498a9c5a6614aaaa5f1fc380ee10359',
  username: 'LanCcccc',
  role: '0',
  EIO: '3',
  transport: 'polling',
  t: 'NP-LITl' }
[2020-12-20 12:19:56.228] [INFO] - [ 'Okv66_z3byDQFS6KADYT', 'a1bfcabe20f04c0087e3607a81ad3db4' ]
[2020-12-20 12:24:58.625] [INFO] - query { rid: 'a1bfcabe20f04c0087e3607a81ad3db4',
  uid: '4498a9c5a6614aaaa5f1fc380ee10359',
  username: 'LanCcccc',
  role: '0',
  EIO: '3',
  transport: 'polling',
  t: 'NP-PBDv' }
[2020-12-20 12:24:58.625] [INFO] - [ 'WvdeAAj6HrqvWl1QADYU', 'a1bfcabe20f04c0087e3607a81ad3db4' ]
[2020-12-20 12:25:39.328] [INFO] - [127.0.0.1] GET http://127.0.0.1:8250/ 200 1ms
[2020-12-20 12:32:57.533] [INFO] - [127.0.0.1] POST http://127.0.0.1:8250/Autodiscover/Autodiscover.xml {} 405 1ms
[2020-12-20 13:07:20.525] [INFO] - query { rid: 'a1bfcabe20f04c0087e3607a81ad3db4',
  uid: '4498a9c5a6614aaaa5f1fc380ee10359',
  username: 'LanCcccc',
  role: '0',
  EIO: '3',
  transport: 'polling',
  t: 'NP-Yrh6' }
[2020-12-20 13:07:20.526] [INFO] - [ 'IBgoJBjskryF9dEWADYV', 'a1bfcabe20f04c0087e3607a81ad3db4' ]
[2020-12-20 13:09:07.765] [INFO] - query { rid: 'a1bfcabe20f04c0087e3607a81ad3db4',
  uid: '4498a9c5a6614aaaa5f1fc380ee10359',
  username: 'LanCcccc',
  role: '0',
  EIO: '3',
  transport: 'polling',
  t: 'NP-ZIBN' }
[2020-12-20 13:09:07.765] [INFO] - [ 'pGPRbZxMCC4c3K9PADYW', 'a1bfcabe20f04c0087e3607a81ad3db4' ]
[2020-12-20 13:12:36.331] [INFO] - query { rid: 'a1bfcabe20f04c0087e3607a81ad3db4',
  uid: '4498a9c5a6614aaaa5f1fc380ee10359',
  username: 'LanCcccc',
  role: '0',
  EIO: '3',
  transport: 'polling',
  t: 'NP-a574' }
[2020-12-20 13:12:36.332] [INFO] - [ 'tG9XHHR13ASFOaBJADYX', 'a1bfcabe20f04c0087e3607a81ad3db4' ]
[2020-12-20 13:13:36.375] [INFO] - query { rid: 'a1bfcabe20f04c0087e3607a81ad3db4',
  uid: '4498a9c5a6614aaaa5f1fc380ee10359',
  username: 'LanCcccc',
  role: '0',
  EIO: '3',
  transport: 'polling',
  t: 'NP-aJmj' }
[2020-12-20 13:13:36.376] [INFO] - [ 'ui79qoYT-Ri_sG7JADYY', 'a1bfcabe20f04c0087e3607a81ad3db4' ]
[2020-12-20 13:15:23.850] [INFO] - query { rid: 'a1bfcabe20f04c0087e3607a81ad3db4',
  uid: '4498a9c5a6614aaaa5f1fc380ee10359',
  username: 'LanCcccc',
  role: '0',
  EIO: '3',
  transport: 'polling',
  t: 'NP-aj_D' }
[2020-12-20 13:15:23.850] [INFO] - [ 'NnqGfAy_f7_RihQgADYZ', 'a1bfcabe20f04c0087e3607a81ad3db4' ]
[2020-12-20 13:19:24.565] [INFO] - [127.0.0.1] GET http://127.0.0.1:8250/ 200 1ms
[2020-12-20 13:20:57.527] [INFO] - [127.0.0.1] GET http://127.0.0.1:8250/ 200 0ms
[2020-12-20 13:20:58.648] [INFO] - [127.0.0.1] GET http://127.0.0.1:8250/ 200 0ms
[2020-12-20 13:24:21.576] [INFO] - query { rid: 'a1bfcabe20f04c0087e3607a81ad3db4',
  uid: '4498a9c5a6614aaaa5f1fc380ee10359',
  username: 'LanCcccc',
  role: '0',
  EIO: '3',
  transport: 'polling',
  t: 'NP-aj_D' }
[2020-12-20 13:24:21.576] [INFO] - [ '2ump-YSZ6VfVmuXaADYa', 'a1bfcabe20f04c0087e3607a81ad3db4' ]
[2020-12-20 13:24:23.980] [INFO] - query { rid: 'a1bfcabe20f04c0087e3607a81ad3db4',
  uid: '4498a9c5a6614aaaa5f1fc380ee10359',
  username: 'LanCcccc',
  role: '0',
  EIO: '3',
  transport: 'polling',
  t: 'NP-cnqn' }
[2020-12-20 13:24:23.981] [INFO] - [ 'KHQOdB-kfINXH-ZBADYb', 'a1bfcabe20f04c0087e3607a81ad3db4' ]
[2020-12-20 13:29:21.318] [INFO] - query { rid: 'a1bfcabe20f04c0087e3607a81ad3db4',
  uid: '4498a9c5a6614aaaa5f1fc380ee10359',
  username: 'LanCcccc',
  role: '0',
  EIO: '3',
  transport: 'polling',
  t: 'NP-dwRc' }
[2020-12-20 13:29:21.318] [INFO] - [ 'tLQdRLZQH8RusjJgADYc', 'a1bfcabe20f04c0087e3607a81ad3db4' ]
[2020-12-20 13:34:59.597] [INFO] - [127.0.0.1] GET http://127.0.0.1:8250/ 200 0ms
[2020-12-20 13:51:45.750] [INFO] - [167.248.133.40] GET http://47.100.89.2:8250/ 200 0ms
[2020-12-20 13:51:46.188] [INFO] - [167.248.133.40] GET http://47.100.89.2:8250/ 200 0ms
[2020-12-20 14:41:49.499] [INFO] - [127.0.0.1] GET http://127.0.0.1:8250/ 200 0ms
[2020-12-20 15:42:57.859] [INFO] - [127.0.0.1] GET http://127.0.0.1:8250/ 200 1ms
[2020-12-20 16:01:08.755] [INFO] - [127.0.0.1] GET http://127.0.0.1:8250/ 200 2ms
[2020-12-20 16:22:30.763] [INFO] - [127.0.0.1] GET http://127.0.0.1:8250/ 200 1ms
[2020-12-20 18:00:02.357] [INFO] - [127.0.0.1] GET http://127.0.0.1:8250/ 200 1ms
[2020-12-20 18:40:22.675] [INFO] - [127.0.0.1] GET http://127.0.0.1:8250/.env 200 0ms
[2020-12-20 18:40:24.231] [INFO] - [127.0.0.1] GET http://127.0.0.1:8250/admin/.env 200 0ms
[2020-12-20 18:40:25.822] [INFO] - [127.0.0.1] GET http://127.0.0.1:8250/laravel/.env 200 0ms
[2020-12-20 18:40:27.404] [INFO] - [127.0.0.1] GET http://127.0.0.1:8250/public/.env 200 0ms
[2020-12-20 18:40:29.077] [INFO] - [127.0.0.1] GET http://127.0.0.1:8250/v1/.env 200 1ms
[2020-12-20 18:40:30.778] [INFO] - [127.0.0.1] GET http://127.0.0.1:8250/app/.env 200 0ms
[2020-12-20 18:40:32.572] [INFO] - [127.0.0.1] GET http://127.0.0.1:8250/config/.env 200 0ms
[2020-12-20 18:40:34.293] [INFO] - [127.0.0.1] GET http://127.0.0.1:8250/core/.env 200 0ms
[2020-12-20 18:40:36.001] [INFO] - [127.0.0.1] GET http://127.0.0.1:8250/apps/.env 200 0ms
[2020-12-20 19:20:32.156] [INFO] - [47.103.33.128] GET http:/// 200 0ms
[2020-12-20 19:20:34.568] [INFO] - [47.103.33.128] OPTIONS http:/// undefined 200 0ms
[2020-12-20 19:20:57.424] [INFO] - [47.103.33.128] GET http:///nice%20ports%2C/Tri%6Eity.txt%2ebak 200 0ms
[2020-12-20 19:21:14.470] [INFO] - [47.103.33.128] GET http:///?CAVIT 200 0ms
[2020-12-20 19:27:39.343] [INFO] - [47.103.33.128] GET http://47.100.89.2:8250/nmaplowercheck1608463659 200 1ms
[2020-12-20 19:27:39.492] [INFO] - [47.103.33.128] GET http://47.100.89.2:8250/NmapUpperCheck1608463659 200 1ms
[2020-12-20 19:27:39.639] [INFO] - [47.103.33.128] GET http://47.100.89.2:8250/Nmap/folder/check1608463659 200 0ms
[2020-12-20 19:28:02.534] [INFO] - [47.103.33.128] POST http://47.100.89.2:8250/sdk {} 405 1ms
[2020-12-20 19:28:23.172] [INFO] - [47.103.33.128] GET http://47.100.89.2/ 200 0ms
[2020-12-20 20:04:51.943] [INFO] - [127.0.0.1] GET http://127.0.0.1:8250/ 200 0ms
[2020-12-20 20:10:07.980] [INFO] - [127.0.0.1] GET http://127.0.0.1:8250/ 200 0ms
[2020-12-20 20:27:10.097] [INFO] - [127.0.0.1] GET http://127.0.0.1:8250/owa/auth/logon.aspx?url=https%3a%2f%2f1%2fecp%2f 200 0ms
[2020-12-20 20:30:08.593] [INFO] - [127.0.0.1] GET http://127.0.0.1:8250/owa/auth/logon.aspx?url=https%3a%2f%2f1%2fecp%2f 200 0ms
