[2021-05-22 01:45:59.640] [INFO] - [127.0.0.1] GET http://127.0.0.1:8250/ 200 0ms
[2021-05-22 02:17:11.209] [INFO] - [127.0.0.1] GET http://127.0.0.1:8250/ 200 0ms
[2021-05-22 02:59:51.853] [INFO] - [127.0.0.1] GET http://127.0.0.1:8250/ 200 1ms
[2021-05-22 03:21:20.540] [INFO] - [127.0.0.1] GET http://127.0.0.1:8250/ 200 0ms
[2021-05-22 03:32:39.847] [INFO] - [127.0.0.1] GET http://127.0.0.1:8250/ 200 0ms
[2021-05-22 04:15:15.324] [INFO] - [127.0.0.1] GET http://127.0.0.1:8250/ 200 0ms
[2021-05-22 04:23:33.344] [INFO] - [127.0.0.1] GET http://127.0.0.1:8250/ 200 0ms
[2021-05-22 04:25:37.040] [INFO] - [127.0.0.1] GET http://127.0.0.1:8250/ 200 0ms
[2021-05-22 04:40:10.953] [INFO] - [127.0.0.1] GET http://127.0.0.1:8250/ 200 0ms
[2021-05-22 04:56:14.968] [INFO] - [127.0.0.1] GET http://127.0.0.1:8250/ 200 1ms
[2021-05-22 05:09:10.960] [INFO] - [127.0.0.1] GET http://127.0.0.1:8250/ 200 0ms
[2021-05-22 05:12:38.490] [INFO] - [127.0.0.1] GET http://127.0.0.1:8250/ 200 1ms
[2021-05-22 05:15:32.075] [INFO] - [127.0.0.1] GET http://127.0.0.1:8250/ 200 0ms
[2021-05-22 05:16:03.601] [INFO] - [127.0.0.1] GET http://127.0.0.1:8250/ 200 0ms
[2021-05-22 05:26:59.124] [INFO] - [127.0.0.1] GET http://127.0.0.1:8250/ 200 0ms
[2021-05-22 05:28:29.365] [INFO] - [127.0.0.1] GET http://127.0.0.1:8250/ 200 0ms
[2021-05-22 06:11:21.904] [INFO] - [127.0.0.1] GET http://127.0.0.1:8250/solr/ 200 0ms
[2021-05-22 06:13:30.019] [INFO] - [127.0.0.1] GET http://127.0.0.1:8250/ 200 0ms
[2021-05-22 06:49:27.549] [INFO] - [127.0.0.1] GET http://127.0.0.1:8250/ 200 0ms
[2021-05-22 06:49:28.454] [INFO] - [127.0.0.1] GET http://127.0.0.1:8250/ 200 0ms
[2021-05-22 06:51:16.906] [INFO] - [127.0.0.1] GET http://127.0.0.1:8250/ 200 0ms
[2021-05-22 07:02:03.562] [INFO] - [127.0.0.1] GET http://127.0.0.1:8250/ 200 1ms
[2021-05-22 07:07:13.628] [INFO] - [127.0.0.1] GET http://127.0.0.1:8250/solr/ 200 1ms
[2021-05-22 08:16:09.781] [INFO] - [127.0.0.1] GET http://127.0.0.1:8250/ 200 0ms
[2021-05-22 08:54:49.446] [INFO] - [127.0.0.1] GET http://127.0.0.1:8250/ 200 0ms
[2021-05-22 09:03:55.285] [INFO] - [47.101.199.176] GET http://47.100.89.2:8250/ 200 0ms
[2021-05-22 09:40:58.187] [INFO] - [127.0.0.1] GET http://127.0.0.1:8250/ 200 0ms
[2021-05-22 09:53:01.647] [INFO] - [127.0.0.1] GET http://127.0.0.1:8250/ 200 1ms
[2021-05-22 09:56:47.438] [INFO] - [127.0.0.1] GET http://127.0.0.1:8250/ 200 1ms
[2021-05-22 09:57:17.331] [INFO] - [127.0.0.1] GET http://127.0.0.1:8250/ 200 0ms
[2021-05-22 10:55:35.556] [INFO] - [127.0.0.1] GET http://127.0.0.1:8250/ 200 1ms
[2021-05-22 11:18:02.603] [INFO] - [127.0.0.1] GET http://127.0.0.1:8250/ 200 0ms
[2021-05-22 11:29:30.265] [INFO] - [127.0.0.1] GET http://127.0.0.1:8250/ 200 0ms
[2021-05-22 11:29:31.251] [INFO] - [127.0.0.1] GET http://127.0.0.1:8250/ 200 0ms
[2021-05-22 12:47:09.800] [INFO] - [127.0.0.1] GET http://127.0.0.1:8250/ 200 0ms
[2021-05-22 13:06:46.250] [INFO] - [127.0.0.1] GET http://127.0.0.1:8250/ 200 0ms
[2021-05-22 13:33:51.629] [INFO] - [127.0.0.1] GET http://127.0.0.1:8250/ 200 0ms
[2021-05-22 13:48:55.652] [INFO] - [127.0.0.1] GET http://127.0.0.1:8250/owa/auth/logon.aspx?url=https%3a%2f%2f1%2fecp%2f 200 0ms
[2021-05-22 13:54:05.699] [INFO] - [127.0.0.1] GET http://127.0.0.1:8250/owa/auth/logon.aspx?url=https%3a%2f%2f1%2fecp%2f 200 0ms
[2021-05-22 14:27:15.039] [INFO] - [127.0.0.1] GET http://127.0.0.1:8250/ 200 0ms
[2021-05-22 14:53:59.829] [INFO] - [127.0.0.1] GET http://127.0.0.1:8250/ 200 0ms
[2021-05-22 16:51:24.215] [INFO] - [127.0.0.1] GET http://127.0.0.1:8250/ 200 0ms
[2021-05-22 17:43:24.352] [INFO] - [127.0.0.1] GET http://127.0.0.1:8250/ 200 1ms
[2021-05-22 18:18:27.737] [INFO] - [127.0.0.1] GET http://127.0.0.1:8250/ 200 1ms
[2021-05-22 18:20:58.469] [INFO] - query { rid: '92db982b73164af892ca4e20bbc0092c',
  uid: '7668f76ff70948a3b23a3f2d7da51918',
  username: '苏宇轩',
  role: '0',
  EIO: '3',
  transport: 'polling',
  t: 'NcJbvnb' }
[2021-05-22 18:20:58.470] [INFO] - [ 'NctifsU70Ln4NIRcAFl_', '92db982b73164af892ca4e20bbc0092c' ]
[2021-05-22 18:22:32.899] [INFO] - query { rid: '92db982b73164af892ca4e20bbc0092c',
  uid: 'cb776d36179f49f2830dc665341ca625',
  username: '火夫',
  role: '0',
  EIO: '3',
  transport: 'polling',
  t: 'NcJcG_F' }
[2021-05-22 18:22:32.900] [INFO] - [ 'xvMRCACwd6jGP6gxAFmA', '92db982b73164af892ca4e20bbc0092c' ]
[2021-05-22 18:23:07.149] [INFO] - query { rid: '92db982b73164af892ca4e20bbc0092c',
  uid: 'cb776d36179f49f2830dc665341ca625',
  username: '火夫',
  role: '0',
  EIO: '3',
  transport: 'polling',
  t: 'NcJcPMZ' }
[2021-05-22 18:23:07.150] [INFO] - [ 'qMIDf2nIKZnroZgnAFmB', '92db982b73164af892ca4e20bbc0092c' ]
[2021-05-22 18:23:18.460] [INFO] - query { rid: '92db982b73164af892ca4e20bbc0092c',
  uid: 'cb776d36179f49f2830dc665341ca625',
  username: '火夫',
  role: '0',
  EIO: '3',
  transport: 'polling',
  t: 'NcJcS7G' }
[2021-05-22 18:23:18.460] [INFO] - [ 'f5yJ3rU74xaS-pNpAFmC', '92db982b73164af892ca4e20bbc0092c' ]
[2021-05-22 18:23:56.283] [INFO] - query { rid: '92db982b73164af892ca4e20bbc0092c',
  uid: '7668f76ff70948a3b23a3f2d7da51918',
  username: '苏宇轩',
  role: '0',
  EIO: '3',
  transport: 'polling',
  t: 'NcJcayg' }
[2021-05-22 18:23:56.283] [INFO] - [ 'grhygAK12KjeMdzFAFmD', '92db982b73164af892ca4e20bbc0092c' ]
[2021-05-22 18:25:05.454] [INFO] - query { rid: '92db982b73164af892ca4e20bbc0092c',
  uid: 'cb776d36179f49f2830dc665341ca625',
  username: '火夫',
  role: '0',
  EIO: '3',
  transport: 'polling',
  t: 'NcJcsIq' }
[2021-05-22 18:25:05.455] [INFO] - [ 'LTEJ8coBI0M8uDseAFmE', '92db982b73164af892ca4e20bbc0092c' ]
[2021-05-22 18:25:14.388] [INFO] - query { rid: '92db982b73164af892ca4e20bbc0092c',
  uid: '7668f76ff70948a3b23a3f2d7da51918',
  username: '苏宇轩',
  role: '0',
  EIO: '3',
  transport: 'polling',
  t: 'NcJcuGA' }
[2021-05-22 18:25:14.388] [INFO] - [ '4fxO_mWQuPoPBskiAFmF', '92db982b73164af892ca4e20bbc0092c' ]
[2021-05-22 18:25:28.037] [INFO] - query { rid: '92db982b73164af892ca4e20bbc0092c',
  uid: '7668f76ff70948a3b23a3f2d7da51918',
  username: '苏宇轩',
  role: '0',
  EIO: '3',
  transport: 'polling',
  t: 'NcJcxbg' }
[2021-05-22 18:25:28.037] [INFO] - [ '17HjoMrezSh4msUhAFmG', '92db982b73164af892ca4e20bbc0092c' ]
[2021-05-22 18:38:13.070] [INFO] - query { rid: '92db982b73164af892ca4e20bbc0092c',
  uid: '7668f76ff70948a3b23a3f2d7da51918',
  username: '苏宇轩',
  role: '0',
  EIO: '3',
  transport: 'polling',
  t: 'NcJfsNB' }
[2021-05-22 18:38:13.070] [INFO] - [ 'LU_XpELC7Qh8DwVlAFmH', '92db982b73164af892ca4e20bbc0092c' ]
[2021-05-22 18:42:07.374] [INFO] - [127.0.0.1] GET http://127.0.0.1:8250/ecp/Current/exporttool/microsoft.exchange.ediscovery.exporttool.application 200 0ms
[2021-05-22 18:42:25.864] [INFO] - [127.0.0.1] GET http://127.0.0.1:8250/ecp/Current/exporttool/microsoft.exchange.ediscovery.exporttool.application 200 0ms
[2021-05-22 18:45:23.135] [INFO] - [127.0.0.1] GET http://127.0.0.1:8250/ 200 1ms
[2021-05-22 18:45:23.291] [INFO] - [127.0.0.1] GET http://127.0.0.1:8250/ 200 0ms
[2021-05-22 18:45:23.355] [INFO] - [127.0.0.1] GET http://127.0.0.1:8250/favicon.ico 200 1ms
[2021-05-22 18:46:42.143] [INFO] - query { rid: '92db982b73164af892ca4e20bbc0092c',
  uid: 'cb776d36179f49f2830dc665341ca625',
  username: '火夫',
  role: '0',
  EIO: '3',
  transport: 'polling',
  t: 'NcJho_I' }
[2021-05-22 18:46:42.143] [INFO] - [ 'TPMBjuPD4Bw26KVQAFmI', '92db982b73164af892ca4e20bbc0092c' ]
[2021-05-22 18:46:43.092] [INFO] - query { rid: '92db982b73164af892ca4e20bbc0092c',
  uid: '7668f76ff70948a3b23a3f2d7da51918',
  username: '苏宇轩',
  role: '0',
  EIO: '3',
  transport: 'polling',
  t: 'NcJhot_' }
[2021-05-22 18:46:43.092] [INFO] - [ 'h7VMVOo1dURbMK6UAFmJ', '92db982b73164af892ca4e20bbc0092c' ]
[2021-05-22 18:52:30.902] [INFO] - query { rid: '92db982b73164af892ca4e20bbc0092c',
  uid: '7668f76ff70948a3b23a3f2d7da51918',
  username: '苏宇轩',
  role: '0',
  EIO: '3',
  transport: 'polling',
  t: 'NcJj7nH' }
[2021-05-22 18:52:30.903] [INFO] - [ '2jKnRq9wgPju3mdYAFmK', '92db982b73164af892ca4e20bbc0092c' ]
[2021-05-22 19:15:00.979] [INFO] - query { rid: 'c206359d257843bfad58adba762be338',
  uid: '158039486dcc4dbf83e4167b900c8f6b',
  username: '学文',
  role: '0',
  EIO: '3',
  transport: 'polling',
  t: 'NcJoHUM' }
[2021-05-22 19:15:00.979] [INFO] - [ 'IdR7i6jfVg0MFODxAFmL', 'c206359d257843bfad58adba762be338' ]
[2021-05-22 19:15:01.736] [INFO] - query { rid: 'c206359d257843bfad58adba762be338',
  uid: '34bddff0e8e4440ca330db53a7394739',
  username: 'dongdong',
  role: '0',
  EIO: '3',
  transport: 'polling',
  t: 'NcJoHuf' }
[2021-05-22 19:15:01.736] [INFO] - [ 'u1F1PlKBJRc9sbOKAFmM', 'c206359d257843bfad58adba762be338' ]
[2021-05-22 19:15:33.445] [INFO] - query { rid: 'c206359d257843bfad58adba762be338',
  uid: '1f349199823d49978adfdc243a9d0644',
  username: '花雨下的誓言',
  role: '0',
  EIO: '3',
  transport: 'polling',
  t: 'NcJoPA1' }
[2021-05-22 19:15:33.445] [INFO] - [ 'ECZob4xPT9qg0ZfLAFmN', 'c206359d257843bfad58adba762be338' ]
[2021-05-22 19:16:14.952] [INFO] - query { rid: 'c206359d257843bfad58adba762be338',
  uid: '34bddff0e8e4440ca330db53a7394739',
  username: 'dongdong',
  role: '0',
  EIO: '3',
  transport: 'polling',
  t: 'NcJoZmU' }
[2021-05-22 19:16:14.953] [INFO] - [ '9uweyUR3L5GMXGrtAFmO', 'c206359d257843bfad58adba762be338' ]
[2021-05-22 19:16:27.913] [INFO] - query { rid: 'c206359d257843bfad58adba762be338',
  uid: 'bf42c619e8d0424f90e7adef848fb223',
  username: '香織（Kaori）',
  role: '0',
  EIO: '3',
  transport: 'polling',
  t: 'NcJocrQ' }
[2021-05-22 19:16:27.913] [INFO] - [ 'Oh3bBuuaNf8xaG_ZAFmP', 'c206359d257843bfad58adba762be338' ]
[2021-05-22 19:17:49.878] [INFO] - query { rid: 'c206359d257843bfad58adba762be338',
  uid: '34bddff0e8e4440ca330db53a7394739',
  username: 'dongdong',
  role: '0',
  EIO: '3',
  transport: 'polling',
  t: 'NcJowxq' }
[2021-05-22 19:17:49.878] [INFO] - [ '53etdTiMbuhURRNSAFmQ', 'c206359d257843bfad58adba762be338' ]
[2021-05-22 19:19:44.594] [INFO] - query { rid: 'c206359d257843bfad58adba762be338',
  uid: 'bf42c619e8d0424f90e7adef848fb223',
  username: '香織（Kaori）',
  role: '0',
  EIO: '3',
  transport: 'polling',
  t: 'NcJpMsS' }
[2021-05-22 19:19:44.595] [INFO] - [ 'BODwIMjYBjhxPGf-AFmR', 'c206359d257843bfad58adba762be338' ]
[2021-05-22 19:19:50.056] [INFO] - query { rid: 'c206359d257843bfad58adba762be338',
  uid: '4e7f2d0cfefa4539af7e445f83dd2729',
  username: '周志敏',
  role: '0',
  EIO: '3',
  transport: 'polling',
  t: 'NcJpO9g' }
[2021-05-22 19:19:50.056] [INFO] - [ 'lPafixg6OyhasvVSAFmS', 'c206359d257843bfad58adba762be338' ]
[2021-05-22 19:20:54.682] [INFO] - query { rid: 'c206359d257843bfad58adba762be338',
  uid: '34bddff0e8e4440ca330db53a7394739',
  username: 'dongdong',
  role: '0',
  EIO: '3',
  transport: 'polling',
  t: 'NcJpe3J' }
[2021-05-22 19:20:54.682] [INFO] - [ 'ta5T7NNAnblFgaFVAFmT', 'c206359d257843bfad58adba762be338' ]
[2021-05-22 19:21:01.835] [INFO] - query { rid: 'c206359d257843bfad58adba762be338',
  uid: 'a29a8e8ba4c640bca1ee0ce2802a3f52',
  username: '水野',
  role: '0',
  EIO: '3',
  transport: 'polling',
  t: 'NcJpfax' }
[2021-05-22 19:21:01.836] [INFO] - [ '-_UHBuRK-lFmx68uAFmU', 'c206359d257843bfad58adba762be338' ]
[2021-05-22 19:22:21.195] [INFO] - query { rid: 'c206359d257843bfad58adba762be338',
  uid: '7668f76ff70948a3b23a3f2d7da51918',
  username: '苏宇轩',
  role: '0',
  EIO: '3',
  transport: 'polling',
  t: 'NcJpyuE' }
[2021-05-22 19:22:21.196] [INFO] - [ 'Vj4y3zXNTHDpiJnbAFmV', 'c206359d257843bfad58adba762be338' ]
[2021-05-22 19:22:50.962] [INFO] - query { rid: 'c206359d257843bfad58adba762be338',
  uid: 'e0e2e3a293b24551a02377613dd55bd7',
  username: '彦',
  role: '0',
  EIO: '3',
  transport: 'polling',
  t: 'NcJq4DZ' }
[2021-05-22 19:22:50.962] [INFO] - [ 'wQyFtTh_cF3Fk7wMAFmW', 'c206359d257843bfad58adba762be338' ]
[2021-05-22 19:23:43.025] [INFO] - query { rid: 'c206359d257843bfad58adba762be338',
  uid: '4e7f2d0cfefa4539af7e445f83dd2729',
  username: '周志敏',
  role: '0',
  EIO: '3',
  transport: 'polling',
  t: 'NcJqH1V' }
[2021-05-22 19:23:43.026] [INFO] - [ 'GXJs9wzfPdrQ7_P3AFmX', 'c206359d257843bfad58adba762be338' ]
[2021-05-22 19:24:23.607] [INFO] - query { rid: 'c206359d257843bfad58adba762be338',
  uid: '34bddff0e8e4440ca330db53a7394739',
  username: 'dongdong',
  role: '0',
  EIO: '3',
  transport: 'polling',
  t: 'NcJqR3q' }
[2021-05-22 19:24:23.608] [INFO] - [ 'mmfL9Nh2ZhvVVbYoAFmY', 'c206359d257843bfad58adba762be338' ]
[2021-05-22 19:24:31.930] [INFO] - query { rid: 'c206359d257843bfad58adba762be338',
  uid: '554f87a5338d49b68850450a4d61fd70',
  username: 'chris',
  role: '0',
  EIO: '3',
  transport: 'polling',
  t: 'NcJqTXa' }
[2021-05-22 19:24:31.930] [INFO] - [ 'Us913sJdPmCCCG7JAFmZ', 'c206359d257843bfad58adba762be338' ]
[2021-05-22 19:24:56.839] [INFO] - query { rid: 'c206359d257843bfad58adba762be338',
  uid: 'b90e8ba8bbe7435ba52c0280fddc09c1',
  username: '水清',
  role: '0',
  EIO: '3',
  transport: 'polling',
  t: 'NcJqYj9' }
[2021-05-22 19:24:56.840] [INFO] - [ 'SW7MTHzdSR05GPP2AFma', 'c206359d257843bfad58adba762be338' ]
[2021-05-22 19:26:20.953] [INFO] - query { rid: 'c206359d257843bfad58adba762be338',
  uid: 'bf42c619e8d0424f90e7adef848fb223',
  username: '香織（Kaori）',
  role: '0',
  EIO: '3',
  transport: 'polling',
  t: 'NcJqtdM' }
[2021-05-22 19:26:20.953] [INFO] - [ 'LZggDqH1B1Pw8Vo4AFmb', 'c206359d257843bfad58adba762be338' ]
[2021-05-22 19:26:28.894] [INFO] - query { rid: 'c206359d257843bfad58adba762be338',
  uid: '4e7f2d0cfefa4539af7e445f83dd2729',
  username: '周志敏',
  role: '0',
  EIO: '3',
  transport: 'polling',
  t: 'NcJqvXc' }
[2021-05-22 19:26:28.894] [INFO] - [ 'AxMy9jBZxcfazcCyAFmc', 'c206359d257843bfad58adba762be338' ]
[2021-05-22 19:27:00.428] [INFO] - query { rid: 'c206359d257843bfad58adba762be338',
  uid: '4e7f2d0cfefa4539af7e445f83dd2729',
  username: '周志敏',
  role: '0',
  EIO: '3',
  transport: 'polling',
  t: 'NcJr1DZ' }
[2021-05-22 19:27:00.430] [INFO] - [ 'M9JOS0lvLd7I5xBxAFmd', 'c206359d257843bfad58adba762be338' ]
[2021-05-22 19:28:00.495] [INFO] - query { rid: 'c206359d257843bfad58adba762be338',
  uid: '4e7f2d0cfefa4539af7e445f83dd2729',
  username: '周志敏',
  role: '0',
  EIO: '3',
  transport: 'polling',
  t: 'NcJrFuf' }
[2021-05-22 19:28:00.495] [INFO] - [ 'R3hLkH8rx35Zsy9wAFme', 'c206359d257843bfad58adba762be338' ]
[2021-05-22 19:28:08.547] [INFO] - query { rid: 'c206359d257843bfad58adba762be338',
  uid: '5cd5ae9749c540e586992c79401699cf',
  username: 'SatomiO',
  role: '0',
  EIO: '3',
  transport: 'polling',
  t: 'NcJrHyC' }
[2021-05-22 19:28:08.547] [INFO] - [ 'n522KoABMrMEhjiEAFmf', 'c206359d257843bfad58adba762be338' ]
[2021-05-22 19:28:32.579] [INFO] - query { rid: 'c206359d257843bfad58adba762be338',
  uid: '4e7f2d0cfefa4539af7e445f83dd2729',
  username: '周志敏',
  role: '0',
  EIO: '3',
  transport: 'polling',
  t: 'NcJrNjw' }
[2021-05-22 19:28:32.579] [INFO] - [ 'nkqSgbvMRlVPsYo_AFmg', 'c206359d257843bfad58adba762be338' ]
[2021-05-22 19:30:23.762] [INFO] - query { rid: 'c206359d257843bfad58adba762be338',
  uid: 'bf42c619e8d0424f90e7adef848fb223',
  username: '香織（Kaori）',
  role: '0',
  EIO: '3',
  transport: 'polling',
  t: 'NcJrovH' }
[2021-05-22 19:30:23.763] [INFO] - [ 'jckgCrQW3kxQb6XIAFmh', 'c206359d257843bfad58adba762be338' ]
[2021-05-22 19:31:03.643] [INFO] - query { rid: 'c206359d257843bfad58adba762be338',
  uid: '7d9a33229df54af1ba00438b4dd407a7',
  username: '罗成',
  role: '0',
  EIO: '3',
  transport: 'polling',
  t: 'NcJrycD' }
[2021-05-22 19:31:03.643] [INFO] - [ '7ZY6HZRqbFz9-j3nAFmi', 'c206359d257843bfad58adba762be338' ]
[2021-05-22 19:34:35.511] [INFO] - query { rid: 'c206359d257843bfad58adba762be338',
  uid: '3fc8977da69e458b870feee23226def4',
  username: '玢玢BinBin',
  role: '0',
  EIO: '3',
  transport: 'polling',
  t: 'NcJsmAl' }
[2021-05-22 19:34:35.512] [INFO] - [ 'RaqOh_8LcoOiX061AFmj', 'c206359d257843bfad58adba762be338' ]
[2021-05-22 19:34:36.524] [INFO] - query { rid: 'c206359d257843bfad58adba762be338',
  uid: 'b42a958fce09419aa510993a79aba3cb',
  username: '春',
  role: '0',
  EIO: '3',
  transport: 'polling',
  t: 'NcJsmQ4' }
[2021-05-22 19:34:36.525] [INFO] - [ 'MX3n3M43bd28Ah9aAFmk', 'c206359d257843bfad58adba762be338' ]
[2021-05-22 19:35:06.058] [INFO] - query { rid: 'c206359d257843bfad58adba762be338',
  uid: 'e8510cb38a314835861dbe7b58086012',
  username: '红枫',
  role: '0',
  EIO: '3',
  transport: 'polling',
  t: 'NcJstW7' }
[2021-05-22 19:35:06.058] [INFO] - [ 'kS8X1zPDk8WqsH6ZAFml', 'c206359d257843bfad58adba762be338' ]
[2021-05-22 19:35:47.687] [INFO] - query { rid: 'c206359d257843bfad58adba762be338',
  uid: '34bddff0e8e4440ca330db53a7394739',
  username: 'dongdong',
  role: '0',
  EIO: '3',
  transport: 'polling',
  t: 'NcJt24a' }
[2021-05-22 19:35:47.687] [INFO] - [ 'TCSXdC1xZTYlbTO7AFmm', 'c206359d257843bfad58adba762be338' ]
[2021-05-22 19:36:44.690] [INFO] - query { rid: 'c206359d257843bfad58adba762be338',
  uid: 'b90e8ba8bbe7435ba52c0280fddc09c1',
  username: '水清',
  role: '0',
  EIO: '3',
  transport: 'polling',
  t: 'NcJtFbb' }
[2021-05-22 19:36:44.690] [INFO] - [ 'DH14Auh_XtKDcbZ6AFmn', 'c206359d257843bfad58adba762be338' ]
[2021-05-22 19:37:16.311] [INFO] - query { rid: 'c206359d257843bfad58adba762be338',
  uid: 'b90e8ba8bbe7435ba52c0280fddc09c1',
  username: '水清',
  role: '0',
  EIO: '3',
  transport: 'polling',
  t: 'NcJtNQh' }
[2021-05-22 19:37:16.311] [INFO] - [ 'A_tL0H5wGobSJvbkAFmo', 'c206359d257843bfad58adba762be338' ]
[2021-05-22 19:37:48.618] [INFO] - query { rid: 'c206359d257843bfad58adba762be338',
  uid: 'b90e8ba8bbe7435ba52c0280fddc09c1',
  username: '水清',
  role: '0',
  EIO: '3',
  transport: 'polling',
  t: 'NcJtVCb' }
[2021-05-22 19:37:48.618] [INFO] - [ 'A5CMDJ5KfypDUY_BAFmp', 'c206359d257843bfad58adba762be338' ]
[2021-05-22 19:38:20.639] [INFO] - query { rid: 'c206359d257843bfad58adba762be338',
  uid: 'b90e8ba8bbe7435ba52c0280fddc09c1',
  username: '水清',
  role: '0',
  EIO: '3',
  transport: 'polling',
  t: 'NcJtcvy' }
[2021-05-22 19:38:20.639] [INFO] - [ 'Qg3MPk20KIBZzFhIAFmq', 'c206359d257843bfad58adba762be338' ]
[2021-05-22 19:38:52.758] [INFO] - query { rid: 'c206359d257843bfad58adba762be338',
  uid: 'b90e8ba8bbe7435ba52c0280fddc09c1',
  username: '水清',
  role: '0',
  EIO: '3',
  transport: 'polling',
  t: 'NcJtk-a' }
[2021-05-22 19:38:52.758] [INFO] - [ 'y5BnFOtrTk32xitvAFmr', 'c206359d257843bfad58adba762be338' ]
[2021-05-22 19:38:54.668] [INFO] - query { rid: 'c206359d257843bfad58adba762be338',
  uid: 'e8e26a6dad334ab7bfc8333a35406fe5',
  username: 'Ferrari-嘉',
  role: '0',
  EIO: '3',
  transport: 'polling',
  t: 'NcJtlYT' }
[2021-05-22 19:38:54.668] [INFO] - [ 'N9ilITwBPjfWG_dDAFms', 'c206359d257843bfad58adba762be338' ]
[2021-05-22 19:39:03.731] [INFO] - query { rid: 'c206359d257843bfad58adba762be338',
  uid: 'e0d89c25ed8b4b6691a006f87f5ae790',
  username: '阿三',
  role: '0',
  EIO: '3',
  transport: 'polling',
  t: 'NcJtnmy' }
[2021-05-22 19:39:03.732] [INFO] - [ 'LfMoZTMAQcWRqf65AFmt', 'c206359d257843bfad58adba762be338' ]
[2021-05-22 19:39:15.144] [INFO] - [47.101.63.151] GET http://47.100.89.2:8250/ 200 0ms
[2021-05-22 19:39:26.471] [INFO] - query { rid: 'c206359d257843bfad58adba762be338',
  uid: 'e0d89c25ed8b4b6691a006f87f5ae790',
  username: '阿三',
  role: '0',
  EIO: '3',
  transport: 'polling',
  t: 'NcJttJ_' }
[2021-05-22 19:39:26.471] [INFO] - [ 'G5iFcY-ocWcMEUZTAFmu', 'c206359d257843bfad58adba762be338' ]
[2021-05-22 19:39:28.969] [INFO] - query { rid: 'c206359d257843bfad58adba762be338',
  uid: 'b90e8ba8bbe7435ba52c0280fddc09c1',
  username: '水清',
  role: '0',
  EIO: '3',
  transport: 'polling',
  t: 'NcJttdt' }
[2021-05-22 19:39:28.970] [INFO] - [ 'h88qZ2KLOKfhQ7HHAFmv', 'c206359d257843bfad58adba762be338' ]
[2021-05-22 19:39:42.470] [INFO] - query { rid: 'c206359d257843bfad58adba762be338',
  uid: 'cb776d36179f49f2830dc665341ca625',
  username: '火夫',
  role: '0',
  EIO: '3',
  transport: 'polling',
  t: 'NcJtxOw' }
[2021-05-22 19:39:42.471] [INFO] - [ 'lCRieyjdSiBCqrADAFmw', 'c206359d257843bfad58adba762be338' ]
[2021-05-22 19:39:49.720] [INFO] - query { rid: 'c206359d257843bfad58adba762be338',
  uid: '34bddff0e8e4440ca330db53a7394739',
  username: 'dongdong',
  role: '0',
  EIO: '3',
  transport: 'polling',
  t: 'NcJtzA6' }
[2021-05-22 19:39:49.720] [INFO] - [ 'TJSdEK-dU2tfcqgPAFmx', 'c206359d257843bfad58adba762be338' ]
[2021-05-22 19:40:42.205] [INFO] - query { rid: 'c206359d257843bfad58adba762be338',
  uid: '554f87a5338d49b68850450a4d61fd70',
  username: 'chris',
  role: '0',
  EIO: '3',
  transport: 'polling',
  t: 'NcJuAKk' }
[2021-05-22 19:40:42.206] [INFO] - [ 'g03UYdYSIniEDJaNAFmy', 'c206359d257843bfad58adba762be338' ]
[2021-05-22 19:40:51.653] [INFO] - query { rid: 'c206359d257843bfad58adba762be338',
  uid: '7668f76ff70948a3b23a3f2d7da51918',
  username: '苏宇轩',
  role: '0',
  EIO: '3',
  transport: 'polling',
  t: 'NcJuB-n' }
[2021-05-22 19:40:51.653] [INFO] - [ 'pJFcGL7IdMFE5keBAFmz', 'c206359d257843bfad58adba762be338' ]
[2021-05-22 19:40:59.346] [INFO] - query { rid: 'c206359d257843bfad58adba762be338',
  uid: 'cb776d36179f49f2830dc665341ca625',
  username: '火夫',
  role: '0',
  EIO: '3',
  transport: 'polling',
  t: 'NcJuEBI' }
[2021-05-22 19:40:59.347] [INFO] - [ 'kvy-8iPZaKjKc-VGAFm0', 'c206359d257843bfad58adba762be338' ]
[2021-05-22 19:41:14.094] [INFO] - query { rid: 'c206359d257843bfad58adba762be338',
  uid: '7668f76ff70948a3b23a3f2d7da51918',
  username: '苏宇轩',
  role: '0',
  EIO: '3',
  transport: 'polling',
  t: 'NcJuHTZ' }
[2021-05-22 19:41:14.094] [INFO] - [ 'ZZ0lwt6BBL5KogDTAFm1', 'c206359d257843bfad58adba762be338' ]
[2021-05-22 19:41:16.210] [INFO] - query { rid: 'c206359d257843bfad58adba762be338',
  uid: '1e4c06efcd9a4c63baaf910c8b9f181c',
  username: '嘉懿',
  role: '0',
  EIO: '3',
  transport: 'polling',
  t: 'NcJuIF2' }
[2021-05-22 19:41:16.210] [INFO] - [ 'YCsqHuqx-1jBwJmfAFm2', 'c206359d257843bfad58adba762be338' ]
[2021-05-22 19:41:17.006] [INFO] - query { rid: 'c206359d257843bfad58adba762be338',
  uid: '1f6a04feee46453993135fae43f831ee',
  username: '乌龙格格',
  role: '0',
  EIO: '3',
  transport: 'polling',
  t: 'NcJuIQ5' }
[2021-05-22 19:41:17.006] [INFO] - [ 'PouO1vwZ6XNhLt8OAFm3', 'c206359d257843bfad58adba762be338' ]
[2021-05-22 19:43:37.198] [INFO] - query { rid: 'c206359d257843bfad58adba762be338',
  uid: 'cb776d36179f49f2830dc665341ca625',
  username: '火夫',
  role: '0',
  EIO: '3',
  transport: 'polling',
  t: 'NcJuqao' }
[2021-05-22 19:43:37.199] [INFO] - [ 'Mo0kBSOqktzVu0yTAFm4', 'c206359d257843bfad58adba762be338' ]
[2021-05-22 19:43:38.994] [INFO] - query { rid: 'c206359d257843bfad58adba762be338',
  uid: 'cb776d36179f49f2830dc665341ca625',
  username: '火夫',
  role: '0',
  EIO: '3',
  transport: 'polling',
  t: 'NcJur1c' }
[2021-05-22 19:43:38.994] [INFO] - [ 'lAFw5Xzmk5G7vXPEAFm5', 'c206359d257843bfad58adba762be338' ]
[2021-05-22 19:44:26.020] [INFO] - query { rid: 'c206359d257843bfad58adba762be338',
  uid: 'ff2b4f654d544e2caffade612f6bf925',
  username: 'Zcx',
  role: '0',
  EIO: '3',
  transport: 'polling',
  t: 'NcJv10L' }
[2021-05-22 19:44:26.020] [INFO] - [ 'Ifxodgfq7_ppCSxkAFm6', 'c206359d257843bfad58adba762be338' ]
[2021-05-22 19:44:35.720] [INFO] - query { rid: 'c206359d257843bfad58adba762be338',
  uid: 'cb776d36179f49f2830dc665341ca625',
  username: '火夫',
  role: '0',
  EIO: '3',
  transport: 'polling',
  t: 'NcJv2zx' }
[2021-05-22 19:44:35.720] [INFO] - [ 'bseVvebRLGMb3H6NAFm7', 'c206359d257843bfad58adba762be338' ]
[2021-05-22 19:44:41.615] [INFO] - query { rid: 'c206359d257843bfad58adba762be338',
  uid: 'cb776d36179f49f2830dc665341ca625',
  username: '火夫',
  role: '0',
  EIO: '3',
  transport: 'polling',
  t: 'NcJv4JO' }
[2021-05-22 19:44:41.615] [INFO] - [ 'ZjSHAFStNL2c55GPAFm8', 'c206359d257843bfad58adba762be338' ]
[2021-05-22 19:44:41.690] [INFO] - query { rid: 'c206359d257843bfad58adba762be338',
  uid: 'ff2b4f654d544e2caffade612f6bf925',
  username: 'Zcx',
  role: '0',
  EIO: '3',
  transport: 'polling',
  t: 'NcJv4r2' }
[2021-05-22 19:44:41.690] [INFO] - [ 'boKR4e5aBaRPofHnAFm9', 'c206359d257843bfad58adba762be338' ]
[2021-05-22 19:44:59.541] [INFO] - query { rid: 'c206359d257843bfad58adba762be338',
  uid: 'b90e8ba8bbe7435ba52c0280fddc09c1',
  username: '水清',
  role: '0',
  EIO: '3',
  transport: 'polling',
  t: 'NcJv8Pe' }
[2021-05-22 19:44:59.541] [INFO] - [ 'dLwwZF3m64TkMdP7AFm-', 'c206359d257843bfad58adba762be338' ]
[2021-05-22 19:45:07.813] [INFO] - query { rid: 'c206359d257843bfad58adba762be338',
  uid: 'cb776d36179f49f2830dc665341ca625',
  username: '火夫',
  role: '0',
  EIO: '3',
  transport: 'polling',
  t: 'NcJvAfo' }
[2021-05-22 19:45:07.813] [INFO] - [ 'cEijwVWvLMBvPwIKAFm_', 'c206359d257843bfad58adba762be338' ]
[2021-05-22 19:45:13.897] [INFO] - query { rid: 'c206359d257843bfad58adba762be338',
  uid: 'cb776d36179f49f2830dc665341ca625',
  username: '火夫',
  role: '0',
  EIO: '3',
  transport: 'polling',
  t: 'NcJvCEY' }
[2021-05-22 19:45:13.898] [INFO] - [ 'rpbl94yuOyTvY_uRAFnA', 'c206359d257843bfad58adba762be338' ]
[2021-05-22 19:45:39.994] [INFO] - query { rid: 'c206359d257843bfad58adba762be338',
  uid: 'cb776d36179f49f2830dc665341ca625',
  username: '火夫',
  role: '0',
  EIO: '3',
  transport: 'polling',
  t: 'NcJvIWZ' }
[2021-05-22 19:45:39.995] [INFO] - [ '1MHu0ApxlUMfda64AFnB', 'c206359d257843bfad58adba762be338' ]
[2021-05-22 19:45:46.731] [INFO] - query { rid: 'c206359d257843bfad58adba762be338',
  uid: 'cb776d36179f49f2830dc665341ca625',
  username: '火夫',
  role: '0',
  EIO: '3',
  transport: 'polling',
  t: 'NcJvKDx' }
[2021-05-22 19:45:46.731] [INFO] - [ 'OlGclZlhILMncb0EAFnC', 'c206359d257843bfad58adba762be338' ]
[2021-05-22 19:46:14.512] [INFO] - query { rid: 'c206359d257843bfad58adba762be338',
  uid: 'cb776d36179f49f2830dc665341ca625',
  username: '火夫',
  role: '0',
  EIO: '3',
  transport: 'polling',
  t: 'NcJvR5O' }
[2021-05-22 19:46:14.512] [INFO] - [ 'oPAfrexVG0vMgCq7AFnD', 'c206359d257843bfad58adba762be338' ]
[2021-05-22 19:46:20.204] [INFO] - query { rid: 'c206359d257843bfad58adba762be338',
  uid: 'cb776d36179f49f2830dc665341ca625',
  username: '火夫',
  role: '0',
  EIO: '3',
  transport: 'polling',
  t: 'NcJvSTu' }
[2021-05-22 19:46:20.204] [INFO] - [ 'aMJ2RjM9r7xvsIs6AFnE', 'c206359d257843bfad58adba762be338' ]
[2021-05-22 19:46:51.028] [INFO] - query { rid: 'c206359d257843bfad58adba762be338',
  uid: 'cb776d36179f49f2830dc665341ca625',
  username: '火夫',
  role: '0',
  EIO: '3',
  transport: 'polling',
  t: 'NcJva2R' }
[2021-05-22 19:46:51.029] [INFO] - [ 'e9eC5zXXrwxY9QkzAFnF', 'c206359d257843bfad58adba762be338' ]
[2021-05-22 19:46:51.676] [INFO] - query { rid: 'c206359d257843bfad58adba762be338',
  uid: 'cb776d36179f49f2830dc665341ca625',
  username: '火夫',
  role: '0',
  EIO: '3',
  transport: 'polling',
  t: 'NcJvaCf' }
[2021-05-22 19:46:51.676] [INFO] - [ 'RDOtM8Xymz1hWyNIAFnG', 'c206359d257843bfad58adba762be338' ]
[2021-05-22 19:47:23.765] [INFO] - query { rid: 'c206359d257843bfad58adba762be338',
  uid: 'cb776d36179f49f2830dc665341ca625',
  username: '火夫',
  role: '0',
  EIO: '3',
  transport: 'polling',
  t: 'NcJvhw0' }
[2021-05-22 19:47:23.765] [INFO] - [ 'QIgc2ovOl3H7MgsvAFnH', 'c206359d257843bfad58adba762be338' ]
[2021-05-22 19:48:15.172] [INFO] - query { rid: 'c206359d257843bfad58adba762be338',
  uid: 'aac8e6d2e9d1488fadfa4b1737ed5d7c',
  username: '张志勇',
  role: '0',
  EIO: '3',
  transport: 'polling',
  t: 'NcJvuJz' }
[2021-05-22 19:48:15.173] [INFO] - [ 'QWz-UNWoTVsq2iNwAFnI', 'c206359d257843bfad58adba762be338' ]
[2021-05-22 19:48:34.388] [INFO] - query { rid: 'c206359d257843bfad58adba762be338',
  uid: 'aac8e6d2e9d1488fadfa4b1737ed5d7c',
  username: '张志勇',
  role: '0',
  EIO: '3',
  transport: 'polling',
  t: 'NcJvz0W' }
[2021-05-22 19:48:34.388] [INFO] - [ 'kX9eEw8cWqSG5dleAFnJ', 'c206359d257843bfad58adba762be338' ]
[2021-05-22 19:48:37.840] [INFO] - query { rid: 'c206359d257843bfad58adba762be338',
  uid: 'aac8e6d2e9d1488fadfa4b1737ed5d7c',
  username: '张志勇',
  role: '0',
  EIO: '3',
  transport: 'polling',
  t: 'NcJvzsr' }
[2021-05-22 19:48:37.840] [INFO] - [ 'JZAwOBQDUQxTEPvOAFnK', 'c206359d257843bfad58adba762be338' ]
[2021-05-22 19:49:11.267] [INFO] - query { rid: 'c206359d257843bfad58adba762be338',
  uid: 'aac8e6d2e9d1488fadfa4b1737ed5d7c',
  username: '张志勇',
  role: '0',
  EIO: '3',
  transport: 'polling',
  t: 'NcJw60e' }
[2021-05-22 19:49:11.267] [INFO] - [ '1C9Q7zp9yeE5OKQNAFnL', 'c206359d257843bfad58adba762be338' ]
[2021-05-22 19:49:28.567] [INFO] - query { rid: 'c206359d257843bfad58adba762be338',
  uid: '158039486dcc4dbf83e4167b900c8f6b',
  username: '学文',
  role: '0',
  EIO: '3',
  transport: 'polling',
  t: 'NcJwAGM' }
[2021-05-22 19:49:28.567] [INFO] - [ 'yTU9r_J4f5hwop31AFnM', 'c206359d257843bfad58adba762be338' ]
[2021-05-22 19:49:30.976] [INFO] - query { rid: 'c206359d257843bfad58adba762be338',
  uid: '158039486dcc4dbf83e4167b900c8f6b',
  username: '学文',
  role: '0',
  EIO: '3',
  transport: 'polling',
  t: 'NcJwAs3' }
[2021-05-22 19:49:30.978] [INFO] - [ 'DNzy2FNXhyKsTe2_AFnN', 'c206359d257843bfad58adba762be338' ]
[2021-05-22 19:50:07.433] [INFO] - [47.100.190.74] GET http://47.100.89.2:8250/ 200 1ms
[2021-05-22 19:50:07.435] [INFO] - [101.132.119.255] GET http://47.100.89.2:8250/ 200 1ms
[2021-05-22 19:50:36.442] [INFO] - query { rid: 'c206359d257843bfad58adba762be338',
  uid: 'aac8e6d2e9d1488fadfa4b1737ed5d7c',
  username: '张志勇',
  role: '0',
  EIO: '3',
  transport: 'polling',
  t: 'NcJwQpl' }
[2021-05-22 19:50:36.442] [INFO] - [ 'WJ3NYOYNmCRBNfMBAFnO', 'c206359d257843bfad58adba762be338' ]
[2021-05-22 19:50:55.469] [INFO] - query { rid: 'c206359d257843bfad58adba762be338',
  uid: 'fcfe6f788734437eaf45e50d89b7627c',
  username: '胖猴',
  role: '0',
  EIO: '3',
  transport: 'polling',
  t: 'NcJwVak' }
[2021-05-22 19:50:55.469] [INFO] - [ 'o_V_p5zUPkkmoGKeAFnP', 'c206359d257843bfad58adba762be338' ]
[2021-05-22 19:51:09.942] [INFO] - query { rid: 'c206359d257843bfad58adba762be338',
  uid: 'c6064c5ec529404d827526a5460f1208',
  username: 'eugene',
  role: '0',
  EIO: '3',
  transport: 'polling',
  t: 'NcJwZC0' }
[2021-05-22 19:51:09.942] [INFO] - [ 'NjHxDofVawQ253O_AFnQ', 'c206359d257843bfad58adba762be338' ]
[2021-05-22 19:51:10.867] [INFO] - query { rid: 'c206359d257843bfad58adba762be338',
  uid: 'cb776d36179f49f2830dc665341ca625',
  username: '火夫',
  role: '0',
  EIO: '3',
  transport: 'polling',
  t: 'NcJwZWp' }
[2021-05-22 19:51:10.867] [INFO] - [ 'bjR5sMzqmi4ajsQqAFnR', 'c206359d257843bfad58adba762be338' ]
[2021-05-22 19:51:43.134] [INFO] - query { rid: 'c206359d257843bfad58adba762be338',
  uid: 'cb776d36179f49f2830dc665341ca625',
  username: '火夫',
  role: '0',
  EIO: '3',
  transport: 'polling',
  t: 'NcJwhNY' }
[2021-05-22 19:51:43.134] [INFO] - [ 'jdE7y648UxDSjphJAFnS', 'c206359d257843bfad58adba762be338' ]
[2021-05-22 19:52:11.664] [INFO] - query { rid: 'c206359d257843bfad58adba762be338',
  uid: 'a29a8e8ba4c640bca1ee0ce2802a3f52',
  username: '水野',
  role: '0',
  EIO: '3',
  transport: 'polling',
  t: 'NcJwo4s' }
[2021-05-22 19:52:11.664] [INFO] - [ 'gOHWJrNCXe7qEA6JAFnT', 'c206359d257843bfad58adba762be338' ]
[2021-05-22 19:52:14.990] [INFO] - query { rid: 'c206359d257843bfad58adba762be338',
  uid: 'cb776d36179f49f2830dc665341ca625',
  username: '火夫',
  role: '0',
  EIO: '3',
  transport: 'polling',
  t: 'NcJwp7j' }
[2021-05-22 19:52:14.990] [INFO] - [ 'Ic_rqpo7jeo2knv6AFnU', 'c206359d257843bfad58adba762be338' ]
[2021-05-22 19:52:48.192] [INFO] - [127.0.0.1] GET http://127.0.0.1:8250/ 200 0ms
[2021-05-22 19:52:52.220] [INFO] - query { rid: 'c206359d257843bfad58adba762be338',
  uid: '0bf55275d8a245a0a3b905f2dfc45bb5',
  username: '草履虫脑壳儿疼',
  role: '0',
  EIO: '3',
  transport: 'polling',
  t: 'NcJwy1G' }
[2021-05-22 19:52:52.220] [INFO] - [ 'kBPeLe4xgYNWgZoHAFnV', 'c206359d257843bfad58adba762be338' ]
[2021-05-22 19:53:09.565] [INFO] - query { rid: 'c206359d257843bfad58adba762be338',
  uid: '0bf55275d8a245a0a3b905f2dfc45bb5',
  username: '草履虫脑壳儿疼',
  role: '0',
  EIO: '3',
  transport: 'polling',
  t: 'NcJx0HD' }
[2021-05-22 19:53:09.566] [INFO] - [ '6cBc_R7ilQ23EY9hAFnW', 'c206359d257843bfad58adba762be338' ]
[2021-05-22 19:53:10.131] [INFO] - query { rid: 'c206359d257843bfad58adba762be338',
  uid: '4e7f2d0cfefa4539af7e445f83dd2729',
  username: '周志敏',
  role: '0',
  EIO: '3',
  transport: 'polling',
  t: 'NcJx0Nf' }
[2021-05-22 19:53:10.131] [INFO] - [ 'pDYEaM_OFY-HwFptAFnX', 'c206359d257843bfad58adba762be338' ]
[2021-05-22 19:53:11.935] [INFO] - query { rid: 'c206359d257843bfad58adba762be338',
  uid: 'cb776d36179f49f2830dc665341ca625',
  username: '火夫',
  role: '0',
  EIO: '3',
  transport: 'polling',
  t: 'NcJx0rX' }
[2021-05-22 19:53:11.935] [INFO] - [ 'PKHUsIXSeFSKIcgHAFnY', 'c206359d257843bfad58adba762be338' ]
[2021-05-22 19:53:15.842] [INFO] - query { rid: 'c206359d257843bfad58adba762be338',
  uid: '4e7f2d0cfefa4539af7e445f83dd2729',
  username: '周志敏',
  role: '0',
  EIO: '3',
  transport: 'polling',
  t: 'NcJx1mo' }
[2021-05-22 19:53:15.842] [INFO] - [ 'Mk_CreoY1yLVOsfuAFnZ', 'c206359d257843bfad58adba762be338' ]
[2021-05-22 19:53:49.046] [INFO] - query { rid: 'c206359d257843bfad58adba762be338',
  uid: 'cb776d36179f49f2830dc665341ca625',
  username: '火夫',
  role: '0',
  EIO: '3',
  transport: 'polling',
  t: 'NcJx9k8' }
[2021-05-22 19:53:49.046] [INFO] - [ 'g1kUr8wr6INBcS_nAFna', 'c206359d257843bfad58adba762be338' ]
[2021-05-22 19:55:48.249] [INFO] - query { rid: 'c206359d257843bfad58adba762be338',
  uid: 'b698d567c4f7427982b2be7a2c7aa9fc',
  username: 'Z J',
  role: '0',
  EIO: '3',
  transport: 'polling',
  t: 'NcJxczb' }
[2021-05-22 19:55:48.250] [INFO] - [ 'mDsknDFAz_g7tQYuAFnb', 'c206359d257843bfad58adba762be338' ]
[2021-05-22 19:56:01.666] [INFO] - query { rid: 'c206359d257843bfad58adba762be338',
  uid: '1e4c06efcd9a4c63baaf910c8b9f181c',
  username: '嘉懿',
  role: '0',
  EIO: '3',
  transport: 'polling',
  t: 'NcJxgQ4' }
[2021-05-22 19:56:01.667] [INFO] - [ 'w_-9pVVkVb8L7kGvAFnc', 'c206359d257843bfad58adba762be338' ]
[2021-05-22 19:58:40.879] [INFO] - query { rid: 'c206359d257843bfad58adba762be338',
  uid: 'fcfe6f788734437eaf45e50d89b7627c',
  username: '胖猴',
  role: '0',
  EIO: '3',
  transport: 'polling',
  t: 'NcJyHCk' }
[2021-05-22 19:58:40.879] [INFO] - [ '71BGNwFLPApio_RHAFnd', 'c206359d257843bfad58adba762be338' ]
[2021-05-22 19:58:42.908] [INFO] - query { rid: 'c206359d257843bfad58adba762be338',
  uid: '1e4c06efcd9a4c63baaf910c8b9f181c',
  username: '嘉懿',
  role: '0',
  EIO: '3',
  transport: 'polling',
  t: 'NcJyHnN' }
[2021-05-22 19:58:42.908] [INFO] - [ 'lXZDjxRByluk6F-fAFne', 'c206359d257843bfad58adba762be338' ]
[2021-05-22 19:59:21.306] [INFO] - query { rid: 'c206359d257843bfad58adba762be338',
  uid: '3fc8977da69e458b870feee23226def4',
  username: '玢玢BinBin',
  role: '0',
  EIO: '3',
  transport: 'polling',
  t: 'NcJyQwO' }
[2021-05-22 19:59:21.307] [INFO] - [ 'Dub-9Kr6Ow1mk_-tAFnf', 'c206359d257843bfad58adba762be338' ]
[2021-05-22 20:00:10.529] [INFO] - query { rid: 'c206359d257843bfad58adba762be338',
  uid: '7668f76ff70948a3b23a3f2d7da51918',
  username: '苏宇轩',
  role: '0',
  EIO: '3',
  transport: 'polling',
  t: 'NcJycwL' }
[2021-05-22 20:00:10.529] [INFO] - [ 'ntx5Hq9-xDqjn_vbAFng', 'c206359d257843bfad58adba762be338' ]
[2021-05-22 20:00:30.395] [INFO] - query { rid: 'c206359d257843bfad58adba762be338',
  uid: 'b90e8ba8bbe7435ba52c0280fddc09c1',
  username: '水清',
  role: '0',
  EIO: '3',
  transport: 'polling',
  t: 'NcJyhwr' }
[2021-05-22 20:00:30.395] [INFO] - [ 'h05_zY0BrZ_RHKnQAFnh', 'c206359d257843bfad58adba762be338' ]
[2021-05-22 20:00:38.512] [INFO] - query { rid: 'c206359d257843bfad58adba762be338',
  uid: 'cd5e0086ba074fee88461f617b8d4976',
  username: '颖颖',
  role: '0',
  EIO: '3',
  transport: 'polling',
  t: 'NcJyjxK' }
[2021-05-22 20:00:38.513] [INFO] - [ 'vsUNiwPsIaosvFOHAFni', 'c206359d257843bfad58adba762be338' ]
[2021-05-22 20:00:43.360] [INFO] - query { rid: 'c206359d257843bfad58adba762be338',
  uid: '7668f76ff70948a3b23a3f2d7da51918',
  username: '苏宇轩',
  role: '0',
  EIO: '3',
  transport: 'polling',
  t: 'NcJykwy' }
[2021-05-22 20:00:43.360] [INFO] - [ 'Ja-YjYb8qAJ9j6i_AFnj', 'c206359d257843bfad58adba762be338' ]
[2021-05-22 20:01:01.696] [INFO] - query { rid: 'c206359d257843bfad58adba762be338',
  uid: 'cd5e0086ba074fee88461f617b8d4976',
  username: '颖颖',
  role: '0',
  EIO: '3',
  transport: 'polling',
  t: 'NcJypbe' }
[2021-05-22 20:01:01.696] [INFO] - [ 'FuDxB9ad4juQGIpMAFnk', 'c206359d257843bfad58adba762be338' ]
[2021-05-22 20:01:05.234] [INFO] - query { rid: 'c206359d257843bfad58adba762be338',
  uid: 'cd5e0086ba074fee88461f617b8d4976',
  username: '颖颖',
  role: '0',
  EIO: '3',
  transport: 'polling',
  t: 'NcJyqTL' }
[2021-05-22 20:01:05.234] [INFO] - [ '0G7Jl4yNjBwcyRy4AFnl', 'c206359d257843bfad58adba762be338' ]
[2021-05-22 20:02:21.868] [INFO] - query { rid: 'c206359d257843bfad58adba762be338',
  uid: '8869b2bc1f954e90b9d9d35403b84bd0',
  username: '艾梦  西田雅集',
  role: '0',
  EIO: '3',
  transport: 'polling',
  t: 'NcJz75O' }
[2021-05-22 20:02:21.868] [INFO] - [ 'S-RK7h82o1uWhydJAFnm', 'c206359d257843bfad58adba762be338' ]
[2021-05-22 20:02:47.289] [INFO] - query { rid: 'c206359d257843bfad58adba762be338',
  uid: '8869b2bc1f954e90b9d9d35403b84bd0',
  username: '艾梦  西田雅集',
  role: '0',
  EIO: '3',
  transport: 'polling',
  t: 'NcJzDIC' }
[2021-05-22 20:02:47.290] [INFO] - [ 'zlh_N4xxdyH1QFR1AFnn', 'c206359d257843bfad58adba762be338' ]
[2021-05-22 20:03:10.676] [INFO] - query { rid: 'c206359d257843bfad58adba762be338',
  uid: 'cb776d36179f49f2830dc665341ca625',
  username: '火夫',
  role: '0',
  EIO: '3',
  transport: 'polling',
  t: 'NcJzJCE' }
[2021-05-22 20:03:10.676] [INFO] - [ 'UWpkxW-2cWRb9FE6AFno', 'c206359d257843bfad58adba762be338' ]
[2021-05-22 20:03:28.347] [INFO] - query { rid: 'c206359d257843bfad58adba762be338',
  uid: 'cb776d36179f49f2830dc665341ca625',
  username: '火夫',
  role: '0',
  EIO: '3',
  transport: 'polling',
  t: 'NcJzNWX' }
[2021-05-22 20:03:28.347] [INFO] - [ '6uniWTdgAMMaduUUAFnp', 'c206359d257843bfad58adba762be338' ]
[2021-05-22 20:03:47.986] [INFO] - query { rid: 'c206359d257843bfad58adba762be338',
  uid: 'cb776d36179f49f2830dc665341ca625',
  username: '火夫',
  role: '0',
  EIO: '3',
  transport: 'polling',
  t: 'NcJzSIF' }
[2021-05-22 20:03:47.986] [INFO] - [ 'cjfFC4vDzMKYtbDmAFnq', 'c206359d257843bfad58adba762be338' ]
[2021-05-22 20:04:03.033] [INFO] - query { rid: 'c206359d257843bfad58adba762be338',
  uid: 'cb776d36179f49f2830dc665341ca625',
  username: '火夫',
  role: '0',
  EIO: '3',
  transport: 'polling',
  t: 'NcJzV-I' }
[2021-05-22 20:04:03.033] [INFO] - [ 'U--TDLjla8A3J8N0AFnr', 'c206359d257843bfad58adba762be338' ]
[2021-05-22 20:05:22.514] [INFO] - query { rid: 'c206359d257843bfad58adba762be338',
  uid: 'b90e8ba8bbe7435ba52c0280fddc09c1',
  username: '水清',
  role: '0',
  EIO: '3',
  transport: 'polling',
  t: 'NcJzpDx' }
[2021-05-22 20:05:22.514] [INFO] - [ 'Qjyc9rUMbFdj0FXuAFns', 'c206359d257843bfad58adba762be338' ]
[2021-05-22 20:09:11.402] [INFO] - query { rid: 'c206359d257843bfad58adba762be338',
  uid: '46f2554a79db408cbd7bd3a2871e4939',
  username: '乔',
  role: '0',
  EIO: '3',
  transport: 'polling',
  t: 'NcJ-h8D' }
[2021-05-22 20:09:11.403] [INFO] - [ 'hOWcfG_V5PgrzXBzAFnt', 'c206359d257843bfad58adba762be338' ]
[2021-05-22 20:09:43.079] [INFO] - query { rid: 'c206359d257843bfad58adba762be338',
  uid: '46f2554a79db408cbd7bd3a2871e4939',
  username: '乔',
  role: '0',
  EIO: '3',
  transport: 'polling',
  t: 'NcJ-ost' }
[2021-05-22 20:09:43.079] [INFO] - [ 'g513LFXVkpPgGswrAFnu', 'c206359d257843bfad58adba762be338' ]
[2021-05-22 20:14:56.050] [INFO] - query { rid: 'c206359d257843bfad58adba762be338',
  uid: '34bddff0e8e4440ca330db53a7394739',
  username: 'dongdong',
  role: '0',
  EIO: '3',
  transport: 'polling',
  t: 'NcJ__ce' }
[2021-05-22 20:14:56.051] [INFO] - [ 'AnVJ2nb5_mP3sCxbAFnv', 'c206359d257843bfad58adba762be338' ]
[2021-05-22 20:17:46.352] [INFO] - [127.0.0.1] GET http://127.0.0.1:8250/owa/ 200 0ms
[2021-05-22 20:19:32.720] [INFO] - query { rid: 'c206359d257843bfad58adba762be338',
  uid: '2d02367046b04d7983d49bb36fcb0603',
  username: '追梦者',
  role: '0',
  EIO: '3',
  transport: 'polling',
  t: 'NcK131w' }
[2021-05-22 20:19:32.720] [INFO] - [ 'OiB0_K_recCPXMvGAFnw', 'c206359d257843bfad58adba762be338' ]
[2021-05-22 20:22:20.848] [INFO] - query { rid: 'c206359d257843bfad58adba762be338',
  uid: '3ac50d7d3317427ba64551e3c567672f',
  username: '静',
  role: '0',
  EIO: '3',
  transport: 'polling',
  t: 'NcK1hr6' }
[2021-05-22 20:22:20.848] [INFO] - [ '5hl3biooDOafMx_uAFnx', 'c206359d257843bfad58adba762be338' ]
[2021-05-22 20:23:17.608] [INFO] - query { rid: 'c206359d257843bfad58adba762be338',
  uid: 'e8510cb38a314835861dbe7b58086012',
  username: '红枫',
  role: '0',
  EIO: '3',
  transport: 'polling',
  t: 'NcK1vSy' }
[2021-05-22 20:23:17.608] [INFO] - [ 'UcLVyKZhbXWbuxnpAFny', 'c206359d257843bfad58adba762be338' ]
[2021-05-22 20:24:23.033] [INFO] - query { rid: 'c206359d257843bfad58adba762be338',
  uid: 'e8510cb38a314835861dbe7b58086012',
  username: '红枫',
  role: '0',
  EIO: '3',
  transport: 'polling',
  t: 'NcK29RA' }
[2021-05-22 20:24:23.033] [INFO] - [ 'bExlLGf03N2cLmoGAFnz', 'c206359d257843bfad58adba762be338' ]
[2021-05-22 20:25:53.748] [INFO] - query { rid: 'c206359d257843bfad58adba762be338',
  uid: 'e8510cb38a314835861dbe7b58086012',
  username: '红枫',
  role: '0',
  EIO: '3',
  transport: 'polling',
  t: 'NcK2VaW' }
[2021-05-22 20:25:53.748] [INFO] - [ 'jpreEZT1WV4x31YlAFn0', 'c206359d257843bfad58adba762be338' ]
[2021-05-22 20:37:42.353] [INFO] - [47.101.159.176] GET http://47.100.89.2:8250/ 200 0ms
[2021-05-22 20:38:25.777] [INFO] - query { rid: 'c206359d257843bfad58adba762be338',
  uid: '116f86219a3a4d3f90da964452bc25c6',
  username: '亮亮',
  role: '0',
  EIO: '3',
  transport: 'polling',
  t: 'NcK5N4S' }
[2021-05-22 20:38:25.777] [INFO] - [ '1dXRlRL2CzDAhMu5AFn1', 'c206359d257843bfad58adba762be338' ]
[2021-05-22 20:38:37.049] [INFO] - query { rid: 'c206359d257843bfad58adba762be338',
  uid: '5cd5ae9749c540e586992c79401699cf',
  username: 'SatomiO',
  role: '0',
  EIO: '3',
  transport: 'polling',
  t: 'NcK5QFN' }
[2021-05-22 20:38:37.050] [INFO] - [ 'yjW7yeXMGclnJvG3AFn2', 'c206359d257843bfad58adba762be338' ]
[2021-05-22 21:21:09.440] [INFO] - [127.0.0.1] GET http://127.0.0.1:8250/ 200 0ms
[2021-05-22 22:09:47.750] [INFO] - [127.0.0.1] GET http://127.0.0.1:8250/owa/ 200 1ms
[2021-05-22 22:19:06.447] [INFO] - [127.0.0.1] GET http://127.0.0.1:8250/ 200 0ms
[2021-05-22 23:05:00.444] [INFO] - [127.0.0.1] GET http://127.0.0.1:8250/actuator/health 200 0ms
[2021-05-22 23:08:19.098] [INFO] - [127.0.0.1] GET http://127.0.0.1:8250/actuator/health 200 0ms
