[2021-05-15 01:21:44.086] [INFO] - [127.0.0.1] GET http://127.0.0.1:8250/ 200 1ms
[2021-05-15 02:17:44.767] [INFO] - [127.0.0.1] GET http://127.0.0.1:8250/ 200 0ms
[2021-05-15 02:40:40.965] [INFO] - [127.0.0.1] GET http://127.0.0.1:8250/ 200 0ms
[2021-05-15 02:56:55.708] [INFO] - [127.0.0.1] GET http://127.0.0.1:8250/ 200 0ms
[2021-05-15 02:57:08.886] [INFO] - [74.120.14.55] GET http://47.100.89.2:8250/ 200 1ms
[2021-05-15 03:05:46.498] [INFO] - [127.0.0.1] GET http://127.0.0.1:8250/ 200 1ms
[2021-05-15 03:05:53.798] [INFO] - [127.0.0.1] GET http://127.0.0.1:8250/favicon.ico 200 1ms
[2021-05-15 03:05:56.692] [INFO] - [127.0.0.1] GET http://127.0.0.1:8250/robots.txt 200 0ms
[2021-05-15 03:31:23.238] [INFO] - [127.0.0.1] GET http://127.0.0.1:8250/ 200 1ms
[2021-05-15 03:31:39.969] [INFO] - [127.0.0.1] GET http://127.0.0.1:8250/favicon.ico 200 0ms
[2021-05-15 03:31:48.476] [INFO] - [127.0.0.1] GET http://127.0.0.1:8250/robots.txt 200 1ms
[2021-05-15 03:49:09.736] [INFO] - [127.0.0.1] GET http://127.0.0.1:8250/ 200 0ms
[2021-05-15 04:38:18.981] [INFO] - [47.101.47.22] GET http://47.100.89.2:8250/ 200 0ms
[2021-05-15 05:14:27.616] [INFO] - [127.0.0.1] GET http://127.0.0.1:8250/ 200 0ms
[2021-05-15 05:14:28.456] [INFO] - [127.0.0.1] GET http://127.0.0.1:8250/ 200 0ms
[2021-05-15 05:16:48.899] [INFO] - [127.0.0.1] GET http://127.0.0.1:8250/ 200 0ms
[2021-05-15 05:16:49.748] [INFO] - [127.0.0.1] GET http://127.0.0.1:8250/ 200 1ms
[2021-05-15 05:21:03.772] [INFO] - [127.0.0.1] GET http://127.0.0.1:8250/ 200 0ms
[2021-05-15 06:11:03.225] [INFO] - [127.0.0.1] GET http://127.0.0.1:8250/ 200 0ms
[2021-05-15 07:23:37.100] [INFO] - [127.0.0.1] GET http://127.0.0.1:8250/ 200 0ms
[2021-05-15 07:23:39.600] [INFO] - [127.0.0.1] GET http://127.0.0.1:8250/ 200 1ms
[2021-05-15 07:23:39.650] [INFO] - [127.0.0.1] GET http://127.0.0.1:8250/favicon.ico 200 1ms
[2021-05-15 07:48:06.817] [INFO] - [162.142.125.128] GET http://47.100.89.2:8250/ 200 0ms
[2021-05-15 08:08:26.195] [INFO] - [127.0.0.1] GET http://127.0.0.1:8250/ 200 0ms
[2021-05-15 08:20:56.297] [INFO] - [127.0.0.1] GET http://127.0.0.1:8250/ 200 0ms
[2021-05-15 08:44:40.383] [INFO] - [127.0.0.1] GET http://127.0.0.1:8250/ 200 1ms
[2021-05-15 09:24:30.514] [INFO] - [127.0.0.1] GET http://127.0.0.1:8250/ 200 0ms
[2021-05-15 09:53:08.658] [INFO] - [127.0.0.1] GET http://127.0.0.1:8250/ 200 0ms
[2021-05-15 10:06:36.878] [INFO] - [127.0.0.1] GET http://127.0.0.1:8250/ 200 0ms
[2021-05-15 10:21:24.469] [INFO] - [127.0.0.1] GET http://127.0.0.1:8250/ 200 1ms
[2021-05-15 10:27:16.670] [INFO] - [127.0.0.1] GET http://127.0.0.1:8250/ 200 0ms
[2021-05-15 11:11:51.642] [INFO] - query { rid: '2e180ea74894483186f2fa6b32d83c8a',
  uid: 'ae8b50d2af434ebdb1c29460d14250bd',
  username: '雨轩先生',
  role: '0',
  EIO: '3',
  transport: 'polling',
  t: 'Nbk0Zvb' }
[2021-05-15 11:11:51.643] [INFO] - [ 'yJrGcAI_8bnoptZxAFHY', '2e180ea74894483186f2fa6b32d83c8a' ]
[2021-05-15 11:12:00.999] [INFO] - query { rid: '2e180ea74894483186f2fa6b32d83c8a',
  uid: 'ae8b50d2af434ebdb1c29460d14250bd',
  username: '雨轩先生',
  role: '0',
  EIO: '3',
  transport: 'polling',
  t: 'Nbk0cBn' }
[2021-05-15 11:12:01.000] [INFO] - [ 'QQyJ4BgZHssmSQGCAFHZ', '2e180ea74894483186f2fa6b32d83c8a' ]
[2021-05-15 11:52:02.218] [INFO] - [127.0.0.1] GET http://127.0.0.1:8250/ 200 1ms
[2021-05-15 12:21:31.340] [INFO] - [127.0.0.1] GET http://127.0.0.1:8250/ 200 0ms
[2021-05-15 12:39:17.161] [INFO] - [127.0.0.1] GET http://127.0.0.1:8250/ 200 0ms
[2021-05-15 12:49:33.443] [INFO] - [127.0.0.1] GET http://127.0.0.1:8250/ 200 1ms
[2021-05-15 13:14:36.459] [INFO] - query { rid: '2e180ea74894483186f2fa6b32d83c8a',
  uid: '7668f76ff70948a3b23a3f2d7da51918',
  username: '苏宇轩',
  role: '0',
  EIO: '3',
  transport: 'polling',
  t: 'NbkSfys' }
[2021-05-15 13:14:36.459] [INFO] - [ 'zZDCWZky9YhBH2hZAFHa', '2e180ea74894483186f2fa6b32d83c8a' ]
[2021-05-15 13:16:51.388] [INFO] - query { rid: '2e180ea74894483186f2fa6b32d83c8a',
  uid: '7668f76ff70948a3b23a3f2d7da51918',
  username: '苏宇轩',
  role: '0',
  EIO: '3',
  transport: 'polling',
  t: 'NbkTAvT' }
[2021-05-15 13:16:51.389] [INFO] - [ 'X6wO5FjssWdRmgx8AFHb', '2e180ea74894483186f2fa6b32d83c8a' ]
[2021-05-15 13:17:23.564] [INFO] - query { rid: '2e180ea74894483186f2fa6b32d83c8a',
  uid: '7668f76ff70948a3b23a3f2d7da51918',
  username: '苏宇轩',
  role: '0',
  EIO: '3',
  transport: 'polling',
  t: 'NbkTIfE' }
[2021-05-15 13:17:23.564] [INFO] - [ 'P5WhjY9aiskeIZnwAFHc', '2e180ea74894483186f2fa6b32d83c8a' ]
[2021-05-15 13:17:58.177] [INFO] - query { rid: '2e180ea74894483186f2fa6b32d83c8a',
  uid: '7668f76ff70948a3b23a3f2d7da51918',
  username: '苏宇轩',
  role: '0',
  EIO: '3',
  transport: 'polling',
  t: 'NbkTRD4' }
[2021-05-15 13:17:58.178] [INFO] - [ 'KYtVrnPZG0VBsHXHAFHd', '2e180ea74894483186f2fa6b32d83c8a' ]
[2021-05-15 13:18:37.926] [INFO] - query { rid: '2e180ea74894483186f2fa6b32d83c8a',
  uid: '7668f76ff70948a3b23a3f2d7da51918',
  username: '苏宇轩',
  role: '0',
  EIO: '3',
  transport: 'polling',
  t: 'NbkTaw8' }
[2021-05-15 13:18:37.926] [INFO] - [ 'MO-TB-_pBpmVvaWeAFHe', '2e180ea74894483186f2fa6b32d83c8a' ]
[2021-05-15 13:20:27.169] [INFO] - query { rid: '2e180ea74894483186f2fa6b32d83c8a',
  uid: '7668f76ff70948a3b23a3f2d7da51918',
  username: '苏宇轩',
  role: '0',
  EIO: '3',
  transport: 'polling',
  t: 'NbkT_ZU' }
[2021-05-15 13:20:27.169] [INFO] - [ 'O41i7nVS96choCjrAFHf', '2e180ea74894483186f2fa6b32d83c8a' ]
[2021-05-15 13:21:08.976] [INFO] - query { rid: '2e180ea74894483186f2fa6b32d83c8a',
  uid: '7668f76ff70948a3b23a3f2d7da51918',
  username: '苏宇轩',
  role: '0',
  EIO: '3',
  transport: 'polling',
  t: 'NbkU9nI' }
[2021-05-15 13:21:08.976] [INFO] - [ 'e6UDo7FFb70oKbNuAFHg', '2e180ea74894483186f2fa6b32d83c8a' ]
[2021-05-15 13:21:41.353] [INFO] - query { rid: '2e180ea74894483186f2fa6b32d83c8a',
  uid: '7668f76ff70948a3b23a3f2d7da51918',
  username: '苏宇轩',
  role: '0',
  EIO: '3',
  transport: 'polling',
  t: 'NbkUHiE' }
[2021-05-15 13:21:41.353] [INFO] - [ '2nuyixduK8uELKAcAFHh', '2e180ea74894483186f2fa6b32d83c8a' ]
[2021-05-15 13:22:16.078] [INFO] - query { rid: '2e180ea74894483186f2fa6b32d83c8a',
  uid: '7668f76ff70948a3b23a3f2d7da51918',
  username: '苏宇轩',
  role: '0',
  EIO: '3',
  transport: 'polling',
  t: 'NbkUQAa' }
[2021-05-15 13:22:16.078] [INFO] - [ '6EDB0vUApVn1VWCGAFHi', '2e180ea74894483186f2fa6b32d83c8a' ]
[2021-05-15 13:22:22.429] [INFO] - [127.0.0.1] GET http://127.0.0.1:8250/ 200 0ms
[2021-05-15 13:22:47.896] [INFO] - query { rid: '2e180ea74894483186f2fa6b32d83c8a',
  uid: '7668f76ff70948a3b23a3f2d7da51918',
  username: '苏宇轩',
  role: '0',
  EIO: '3',
  transport: 'polling',
  t: 'NbkUXyI' }
[2021-05-15 13:22:47.897] [INFO] - [ 'sbQ66FLDCLGFxXImAFHj', '2e180ea74894483186f2fa6b32d83c8a' ]
[2021-05-15 13:23:49.069] [INFO] - query { rid: '2e180ea74894483186f2fa6b32d83c8a',
  uid: '7668f76ff70948a3b23a3f2d7da51918',
  username: '苏宇轩',
  role: '0',
  EIO: '3',
  transport: 'polling',
  t: 'NbkUmtj' }
[2021-05-15 13:23:49.070] [INFO] - [ 'aBk0qrCkqrOONMQYAFHk', '2e180ea74894483186f2fa6b32d83c8a' ]
[2021-05-15 13:30:37.875] [INFO] - query { rid: '597c0677d92a46fb81a9c5d5c557b344',
  uid: '8c7611bfe53d4c3db3ab6370f7aa1ec0',
  username: 'Jasmine',
  role: '0',
  EIO: '3',
  transport: 'polling',
  t: 'NbkWKfm' }
[2021-05-15 13:30:37.875] [INFO] - [ '7yQUNInbjciU6ZB7AFHl', '597c0677d92a46fb81a9c5d5c557b344' ]
[2021-05-15 13:30:46.439] [INFO] - query { rid: '597c0677d92a46fb81a9c5d5c557b344',
  uid: '969a3c0ff3d142129cedda75b021b477',
  username: '陆忠',
  role: '0',
  EIO: '3',
  transport: 'polling',
  t: 'NbkWMya' }
[2021-05-15 13:30:46.439] [INFO] - [ '6URgFsWCHai0D4nqAFHm', '597c0677d92a46fb81a9c5d5c557b344' ]
[2021-05-15 13:30:56.449] [INFO] - query { rid: '597c0677d92a46fb81a9c5d5c557b344',
  uid: '695f75415a7143b3a2395f16f9e452ee',
  username: '随意',
  role: '0',
  EIO: '3',
  transport: 'polling',
  t: 'NbkWPJp' }
[2021-05-15 13:30:56.449] [INFO] - [ '6v_S1F8fpk5f59bsAFHn', '597c0677d92a46fb81a9c5d5c557b344' ]
[2021-05-15 13:31:28.376] [INFO] - query { rid: '597c0677d92a46fb81a9c5d5c557b344',
  uid: '43dff58fefba43eaa889aa264412e5fc',
  username: '木兮©',
  role: '0',
  EIO: '3',
  transport: 'polling',
  t: 'NbkWWwa' }
[2021-05-15 13:31:28.376] [INFO] - [ 'YDI1dWIYtSAntddBAFHo', '597c0677d92a46fb81a9c5d5c557b344' ]
[2021-05-15 13:32:02.445] [INFO] - msg { role: 0,
  username: '陆忠',
  _id: '6URgFsWCHai0D4nqAFHm',
  msg: '没有声音' }
[2021-05-15 13:32:10.321] [INFO] - query { rid: '597c0677d92a46fb81a9c5d5c557b344',
  uid: 'b1e963b4fa7049458b11fc9691d81940',
  username: '碎碎心塞塞',
  role: '0',
  EIO: '3',
  transport: 'polling',
  t: 'NbkWhIC' }
[2021-05-15 13:32:10.322] [INFO] - [ 'VBCSpG17augjpICdAFHp', '597c0677d92a46fb81a9c5d5c557b344' ]
[2021-05-15 13:32:35.329] [INFO] - query { rid: '597c0677d92a46fb81a9c5d5c557b344',
  uid: '88426949142c4f069503061042206c41',
  username: '田儿Tina',
  role: '0',
  EIO: '3',
  transport: 'polling',
  t: 'NbkWn4e' }
[2021-05-15 13:32:35.330] [INFO] - [ '9zDYGKE0Xt8Kcf_hAFHq', '597c0677d92a46fb81a9c5d5c557b344' ]
[2021-05-15 13:32:38.627] [INFO] - query { rid: '597c0677d92a46fb81a9c5d5c557b344',
  uid: '969a3c0ff3d142129cedda75b021b477',
  username: '陆忠',
  role: '0',
  EIO: '3',
  transport: 'polling',
  t: 'NbkWoLZ' }
[2021-05-15 13:32:38.627] [INFO] - [ '2wO2k9ecmlIUQlc9AFHr', '597c0677d92a46fb81a9c5d5c557b344' ]
[2021-05-15 13:33:06.727] [INFO] - query { rid: '597c0677d92a46fb81a9c5d5c557b344',
  uid: '969a3c0ff3d142129cedda75b021b477',
  username: '陆忠',
  role: '0',
  EIO: '3',
  transport: 'polling',
  t: 'NbkWvCs' }
[2021-05-15 13:33:06.729] [INFO] - [ 'Z2Fz4PZoOltFkCdhAFHs', '597c0677d92a46fb81a9c5d5c557b344' ]
[2021-05-15 13:33:26.961] [INFO] - query { rid: '597c0677d92a46fb81a9c5d5c557b344',
  uid: 'b1e963b4fa7049458b11fc9691d81940',
  username: '碎碎心塞塞',
  role: '0',
  EIO: '3',
  transport: 'polling',
  t: 'NbkWz-u' }
[2021-05-15 13:33:26.962] [INFO] - [ 'gAcxBgGdirgMD1FoAFHt', '597c0677d92a46fb81a9c5d5c557b344' ]
[2021-05-15 13:33:58.518] [INFO] - query { rid: '597c0677d92a46fb81a9c5d5c557b344',
  uid: 'b1e963b4fa7049458b11fc9691d81940',
  username: '碎碎心塞塞',
  role: '0',
  EIO: '3',
  transport: 'polling',
  t: 'NbkX5g2' }
[2021-05-15 13:33:58.518] [INFO] - [ 'pEsQUyRNPdvHdD5yAFHu', '597c0677d92a46fb81a9c5d5c557b344' ]
[2021-05-15 13:34:02.952] [INFO] - query { rid: '597c0677d92a46fb81a9c5d5c557b344',
  uid: 'b1e963b4fa7049458b11fc9691d81940',
  username: '碎碎心塞塞',
  role: '0',
  EIO: '3',
  transport: 'polling',
  t: 'NbkX6of' }
[2021-05-15 13:34:02.953] [INFO] - [ 'IQsfrlVhU9u00T_FAFHv', '597c0677d92a46fb81a9c5d5c557b344' ]
[2021-05-15 13:34:24.047] [INFO] - [127.0.0.1] GET http://127.0.0.1:8250/ 200 0ms
[2021-05-15 13:34:59.203] [INFO] - query { rid: '597c0677d92a46fb81a9c5d5c557b344',
  uid: 'e5a8be1e8b974bc8aa180e3675aa3d3f',
  username: 'indeed peace',
  role: '0',
  EIO: '3',
  transport: 'polling',
  t: 'NbkXKKn' }
[2021-05-15 13:34:59.203] [INFO] - [ 'H-CaCYReFumBGBRAAFHw', '597c0677d92a46fb81a9c5d5c557b344' ]
[2021-05-15 13:35:47.212] [INFO] - query { rid: '597c0677d92a46fb81a9c5d5c557b344',
  uid: '0d810ade3095478da72711cdff69e7e0',
  username: 'John-Gejun',
  role: '0',
  EIO: '3',
  transport: 'polling',
  t: 'NbkXWCK' }
[2021-05-15 13:35:47.212] [INFO] - [ 'Lcrl2BaPk4xxnqAmAFHx', '597c0677d92a46fb81a9c5d5c557b344' ]
[2021-05-15 13:35:56.489] [INFO] - query { rid: '597c0677d92a46fb81a9c5d5c557b344',
  uid: '695f75415a7143b3a2395f16f9e452ee',
  username: '随意',
  role: '0',
  EIO: '3',
  transport: 'polling',
  t: 'NbkXYZW' }
[2021-05-15 13:35:56.489] [INFO] - [ 'qeDlxgV1zwD9M2DhAFHy', '597c0677d92a46fb81a9c5d5c557b344' ]
[2021-05-15 13:36:00.057] [INFO] - query { rid: '597c0677d92a46fb81a9c5d5c557b344',
  uid: '695f75415a7143b3a2395f16f9e452ee',
  username: '随意',
  role: '0',
  EIO: '3',
  transport: 'polling',
  t: 'NbkXZRi' }
[2021-05-15 13:36:00.058] [INFO] - [ '44yZXAE45fkMlfE_AFHz', '597c0677d92a46fb81a9c5d5c557b344' ]
[2021-05-15 13:36:21.853] [INFO] - query { rid: '597c0677d92a46fb81a9c5d5c557b344',
  uid: '695f75415a7143b3a2395f16f9e452ee',
  username: '随意',
  role: '0',
  EIO: '3',
  transport: 'polling',
  t: 'NbkXemG' }
[2021-05-15 13:36:21.853] [INFO] - [ '1y6CAR6VyEE4A2g6AFH0', '597c0677d92a46fb81a9c5d5c557b344' ]
[2021-05-15 13:36:55.776] [INFO] - query { rid: '597c0677d92a46fb81a9c5d5c557b344',
  uid: '7668f76ff70948a3b23a3f2d7da51918',
  username: '苏宇轩',
  role: '0',
  EIO: '3',
  transport: 'polling',
  t: 'NbkXmyP' }
[2021-05-15 13:36:55.776] [INFO] - [ 'zDqhVqQjcO0QXITFAFH1', '597c0677d92a46fb81a9c5d5c557b344' ]
[2021-05-15 13:37:07.889] [INFO] - [127.0.0.1] GET http://127.0.0.1:8250/ 200 0ms
[2021-05-15 13:37:20.412] [INFO] - query { rid: '597c0677d92a46fb81a9c5d5c557b344',
  uid: 'e5a8be1e8b974bc8aa180e3675aa3d3f',
  username: 'indeed peace',
  role: '0',
  EIO: '3',
  transport: 'polling',
  t: 'NbkXspK' }
[2021-05-15 13:37:20.413] [INFO] - [ '1WoUcpQZsJ8huNxhAFH2', '597c0677d92a46fb81a9c5d5c557b344' ]
[2021-05-15 13:37:25.885] [INFO] - query { rid: '597c0677d92a46fb81a9c5d5c557b344',
  uid: 'bcb14cc1c9e942ea9c5db2f6c3e4fa40',
  username: '大花猫',
  role: '0',
  EIO: '3',
  transport: 'polling',
  t: 'NbkXuAU' }
[2021-05-15 13:37:25.885] [INFO] - [ 'JiGXiVLfMvwtyvT4AFH3', '597c0677d92a46fb81a9c5d5c557b344' ]
[2021-05-15 13:37:39.476] [INFO] - query { rid: '597c0677d92a46fb81a9c5d5c557b344',
  uid: 'dc098edc6d784212acfea3df00c9110b',
  username: '毛毛',
  role: '0',
  EIO: '3',
  transport: 'polling',
  t: 'NbkcLtp' }
[2021-05-15 13:37:39.477] [INFO] - [ 'O-roKWVvRF164sjXAFH4', '597c0677d92a46fb81a9c5d5c557b344' ]
[2021-05-15 13:38:22.218] [INFO] - query { rid: '597c0677d92a46fb81a9c5d5c557b344',
  uid: '85c22333c2784a42a31142b627128e3c',
  username: '小岚＠莞爾寮',
  role: '0',
  EIO: '3',
  transport: 'polling',
  t: 'NbkY5_8' }
[2021-05-15 13:38:22.219] [INFO] - [ 'cs3JMfdQ3-1rMOxbAFH5', '597c0677d92a46fb81a9c5d5c557b344' ]
[2021-05-15 13:38:45.996] [INFO] - query { rid: '597c0677d92a46fb81a9c5d5c557b344',
  uid: '4c4ad3e6129c44bcac0843accd307185',
  username: '山山',
  role: '0',
  EIO: '3',
  transport: 'polling',
  t: 'NbkYC3C' }
[2021-05-15 13:38:45.996] [INFO] - [ '5nvRNSkdsXQjZcgkAFH6', '597c0677d92a46fb81a9c5d5c557b344' ]
[2021-05-15 13:39:24.800] [INFO] - query { rid: '597c0677d92a46fb81a9c5d5c557b344',
  uid: '01e97d87ff494c97b559807996190e97',
  username: '胡萍',
  role: '0',
  EIO: '3',
  transport: 'polling',
  t: 'NbkYLFO' }
[2021-05-15 13:39:24.800] [INFO] - [ 'RPTIHrJotKcLSriKAFH7', '597c0677d92a46fb81a9c5d5c557b344' ]
[2021-05-15 13:39:44.584] [INFO] - msg { role: 0,
  username: 'Jasmine',
  _id: '7yQUNInbjciU6ZB7AFHl',
  msg: '背后ppt不随讲座内容更新的麽？' }
[2021-05-15 13:40:22.259] [INFO] - msg { role: 0,
  username: '小岚＠莞爾寮',
  _id: 'cs3JMfdQ3-1rMOxbAFH5',
  msg: '在更新的' }
[2021-05-15 13:40:41.606] [INFO] - query { rid: '597c0677d92a46fb81a9c5d5c557b344',
  uid: '5707568b8b45473c8ef8640a88937173',
  username: '北杳',
  role: '0',
  EIO: '3',
  transport: 'polling',
  t: 'NbkYe6Z' }
[2021-05-15 13:40:41.607] [INFO] - [ 'kbNVuMxbTf6VvA8WAFH8', '597c0677d92a46fb81a9c5d5c557b344' ]
[2021-05-15 13:40:47.590] [INFO] - msg { role: 0,
  username: 'Jasmine',
  _id: '7yQUNInbjciU6ZB7AFHl',
  msg: '哦哦 刚刚看到 谢谢' }
[2021-05-15 13:41:21.746] [INFO] - query { rid: '597c0677d92a46fb81a9c5d5c557b344',
  uid: '5707568b8b45473c8ef8640a88937173',
  username: '北杳',
  role: '0',
  EIO: '3',
  transport: 'polling',
  t: 'NbkYnvt' }
[2021-05-15 13:41:21.747] [INFO] - [ '8xQLRjMsbd8KfXq_AFH9', '597c0677d92a46fb81a9c5d5c557b344' ]
[2021-05-15 13:41:25.555] [INFO] - query { rid: '597c0677d92a46fb81a9c5d5c557b344',
  uid: '5707568b8b45473c8ef8640a88937173',
  username: '北杳',
  role: '0',
  EIO: '3',
  transport: 'polling',
  t: 'NbkYorG' }
[2021-05-15 13:41:25.555] [INFO] - [ 'sslvFjFjZwf23imRAFH-', '597c0677d92a46fb81a9c5d5c557b344' ]
[2021-05-15 13:41:48.706] [INFO] - query { rid: '597c0677d92a46fb81a9c5d5c557b344',
  uid: 'e5a8be1e8b974bc8aa180e3675aa3d3f',
  username: 'indeed peace',
  role: '0',
  EIO: '3',
  transport: 'polling',
  t: 'NbkYuJW' }
[2021-05-15 13:41:48.707] [INFO] - [ 'TUXQSZ9igh0K8U-cAFH_', '597c0677d92a46fb81a9c5d5c557b344' ]
[2021-05-15 13:41:51.530] [INFO] - query { rid: '597c0677d92a46fb81a9c5d5c557b344',
  uid: '5707568b8b45473c8ef8640a88937173',
  username: '北杳',
  role: '0',
  EIO: '3',
  transport: 'polling',
  t: 'NbkYvB9' }
[2021-05-15 13:41:51.530] [INFO] - [ 'AOgg-RYI3CFO21yxAFIA', '597c0677d92a46fb81a9c5d5c557b344' ]
[2021-05-15 13:42:33.669] [INFO] - query { rid: '597c0677d92a46fb81a9c5d5c557b344',
  uid: '5707568b8b45473c8ef8640a88937173',
  username: '北杳',
  role: '0',
  EIO: '3',
  transport: 'polling',
  t: 'NbkZ3TV' }
[2021-05-15 13:42:33.670] [INFO] - [ 'yLbnndnMLAjJxWUxAFIB', '597c0677d92a46fb81a9c5d5c557b344' ]
[2021-05-15 13:42:37.340] [INFO] - query { rid: '597c0677d92a46fb81a9c5d5c557b344',
  uid: '6762081cf28f48c0b34a23b506784128',
  username: '吴玉林',
  role: '0',
  EIO: '3',
  transport: 'polling',
  t: 'NbkZ4Sh' }
[2021-05-15 13:42:37.341] [INFO] - [ 'H9C_F8nAj1UGmAETAFIC', '597c0677d92a46fb81a9c5d5c557b344' ]
[2021-05-15 13:43:02.943] [INFO] - query { rid: '597c0677d92a46fb81a9c5d5c557b344',
  uid: '4c4ad3e6129c44bcac0843accd307185',
  username: '山山',
  role: '0',
  EIO: '3',
  transport: 'polling',
  t: 'NbkZAoH' }
[2021-05-15 13:43:02.944] [INFO] - [ 'j1WcEvEQWwrJXiqgAFID', '597c0677d92a46fb81a9c5d5c557b344' ]
[2021-05-15 13:43:38.908] [INFO] - [127.0.0.1] GET http://127.0.0.1:8250/owa/auth/logon.aspx?url=https%3a%2f%2f1%2fecp%2f 200 0ms
[2021-05-15 13:44:49.089] [INFO] - query { rid: '597c0677d92a46fb81a9c5d5c557b344',
  uid: '6762081cf28f48c0b34a23b506784128',
  username: '吴玉林',
  role: '0',
  EIO: '3',
  transport: 'polling',
  t: 'NbkZaXW' }
[2021-05-15 13:44:49.089] [INFO] - [ 'JFjeRM2pq9rlAAWSAFIE', '597c0677d92a46fb81a9c5d5c557b344' ]
[2021-05-15 13:46:10.746] [INFO] - [127.0.0.1] GET http://127.0.0.1:8250/owa/auth/logon.aspx?url=https%3a%2f%2f1%2fecp%2f 200 0ms
[2021-05-15 13:46:26.296] [INFO] - query { rid: '597c0677d92a46fb81a9c5d5c557b344',
  uid: '695f75415a7143b3a2395f16f9e452ee',
  username: '随意',
  role: '0',
  EIO: '3',
  transport: 'polling',
  t: 'NbkZyEW' }
[2021-05-15 13:46:26.296] [INFO] - [ 'mSix-KLmKp7_nP-fAFIF', '597c0677d92a46fb81a9c5d5c557b344' ]
[2021-05-15 13:48:06.436] [INFO] - query { rid: '597c0677d92a46fb81a9c5d5c557b344',
  uid: 'c88fcc8a3a454f1f911d369fb626d466',
  username: '朱火根',
  role: '0',
  EIO: '3',
  transport: 'polling',
  t: 'NbkaKxX' }
[2021-05-15 13:48:06.436] [INFO] - [ 'ZrOLu1LLSNJPVEOSAFIG', '597c0677d92a46fb81a9c5d5c557b344' ]
[2021-05-15 13:48:20.001] [INFO] - query { rid: '597c0677d92a46fb81a9c5d5c557b344',
  uid: '4c4ad3e6129c44bcac0843accd307185',
  username: '山山',
  role: '0',
  EIO: '3',
  transport: 'polling',
  t: 'NbkaOCC' }
[2021-05-15 13:48:20.001] [INFO] - [ 'Na63p3__4DtUoQcbAFIH', '597c0677d92a46fb81a9c5d5c557b344' ]
[2021-05-15 13:49:05.225] [INFO] - query { rid: '597c0677d92a46fb81a9c5d5c557b344',
  uid: 'cb776d36179f49f2830dc665341ca625',
  username: '火夫',
  role: '0',
  EIO: '3',
  transport: 'polling',
  t: 'NbkaZ4y' }
[2021-05-15 13:49:05.226] [INFO] - [ 'L5KMOwR_Kg2dkcqSAFII', '597c0677d92a46fb81a9c5d5c557b344' ]
[2021-05-15 13:49:32.110] [INFO] - msg { role: 0,
  username: '山山',
  _id: 'Na63p3__4DtUoQcbAFIH',
  msg: '声音有点轻，得连个音响……' }
[2021-05-15 13:50:06.998] [INFO] - query { rid: '597c0677d92a46fb81a9c5d5c557b344',
  uid: 'bc1ea41b1d3a42e5a5ca21ebd3b02a8b',
  username: '小梦想',
  role: '0',
  EIO: '3',
  transport: 'polling',
  t: 'NbkaoDQ' }
[2021-05-15 13:50:06.998] [INFO] - [ 't3cdSbio-3FHXB_9AFIJ', '597c0677d92a46fb81a9c5d5c557b344' ]
[2021-05-15 13:50:28.042] [INFO] - query { rid: '597c0677d92a46fb81a9c5d5c557b344',
  uid: 'aeefd110438f4b82b8321b84b9f7365a',
  username: '崔莹',
  role: '0',
  EIO: '3',
  transport: 'polling',
  t: 'NbkatDO' }
[2021-05-15 13:50:28.042] [INFO] - [ 'uLHbzcA-W2Ds2a-TAFIK', '597c0677d92a46fb81a9c5d5c557b344' ]
[2021-05-15 13:51:36.295] [INFO] - query { rid: '597c0677d92a46fb81a9c5d5c557b344',
  uid: 'e5a8be1e8b974bc8aa180e3675aa3d3f',
  username: 'indeed peace',
  role: '0',
  EIO: '3',
  transport: 'polling',
  t: 'Nbkb7mA' }
[2021-05-15 13:51:36.295] [INFO] - [ 'kWHyRzUxcl8C6ws9AFIL', '597c0677d92a46fb81a9c5d5c557b344' ]
[2021-05-15 13:51:37.154] [INFO] - query { rid: '597c0677d92a46fb81a9c5d5c557b344',
  uid: '68d7748bfc714d5788e843bfaaa42128',
  username: '盛菁',
  role: '0',
  EIO: '3',
  transport: 'polling',
  t: 'Nbkb8KI' }
[2021-05-15 13:51:37.154] [INFO] - [ 'SlcH9EtCYRDGWnJMAFIM', '597c0677d92a46fb81a9c5d5c557b344' ]
[2021-05-15 13:52:03.814] [INFO] - query { rid: '597c0677d92a46fb81a9c5d5c557b344',
  uid: '4c4ad3e6129c44bcac0843accd307185',
  username: '山山',
  role: '0',
  EIO: '3',
  transport: 'polling',
  t: 'NbkbEqZ' }
[2021-05-15 13:52:03.815] [INFO] - [ 'gJqLVW7XTB9RXaGTAFIN', '597c0677d92a46fb81a9c5d5c557b344' ]
[2021-05-15 13:52:38.209] [INFO] - query { rid: '597c0677d92a46fb81a9c5d5c557b344',
  uid: '68d7748bfc714d5788e843bfaaa42128',
  username: '盛菁',
  role: '0',
  EIO: '3',
  transport: 'polling',
  t: 'NbkbNEN' }
[2021-05-15 13:52:38.210] [INFO] - [ 'VZATryq-JpmiP6gRAFIO', '597c0677d92a46fb81a9c5d5c557b344' ]
[2021-05-15 13:52:56.922] [INFO] - query { rid: '597c0677d92a46fb81a9c5d5c557b344',
  uid: 'aeefd110438f4b82b8321b84b9f7365a',
  username: '崔莹',
  role: '0',
  EIO: '3',
  transport: 'polling',
  t: 'NbkbRS3' }
[2021-05-15 13:52:56.922] [INFO] - [ 'XsrCrcwwSWWF6hsbAFIP', '597c0677d92a46fb81a9c5d5c557b344' ]
[2021-05-15 13:54:03.180] [INFO] - query { rid: '597c0677d92a46fb81a9c5d5c557b344',
  uid: 'da6b753b83774895aad9f889ce26c24c',
  username: '陆小芸',
  role: '0',
  EIO: '3',
  transport: 'polling',
  t: 'Nbkbhmg' }
[2021-05-15 13:54:03.180] [INFO] - [ '9xnq08p0ktvbmRaPAFIQ', '597c0677d92a46fb81a9c5d5c557b344' ]
[2021-05-15 13:54:27.108] [INFO] - query { rid: '597c0677d92a46fb81a9c5d5c557b344',
  uid: '02faf080b913401abd7c8b5fc6e05b05',
  username: '午后骄阳 ',
  role: '0',
  EIO: '3',
  transport: 'polling',
  t: 'Nbkbne1' }
[2021-05-15 13:54:27.109] [INFO] - [ 'DHvCfGpsmTfrpqneAFIR', '597c0677d92a46fb81a9c5d5c557b344' ]
[2021-05-15 13:54:38.498] [INFO] - query { rid: '597c0677d92a46fb81a9c5d5c557b344',
  uid: 'f5b9ddd4bb6a4572ace2226dc2c6d87b',
  username: '胡炎生',
  role: '0',
  EIO: '3',
  transport: 'polling',
  t: 'NbkbqM9' }
[2021-05-15 13:54:38.498] [INFO] - [ 'O_FMwu3NIC4f2LBSAFIS', '597c0677d92a46fb81a9c5d5c557b344' ]
[2021-05-15 13:55:07.842] [INFO] - query { rid: '597c0677d92a46fb81a9c5d5c557b344',
  uid: 'aa9ca0dd47bb4ad5ab15a68811c33d43',
  username: '',
  role: '0',
  EIO: '3',
  transport: 'polling',
  t: 'NbkbyAo' }
[2021-05-15 13:55:07.842] [INFO] - [ 'wjjeFRQktVhSHGskAFIT', '597c0677d92a46fb81a9c5d5c557b344' ]
[2021-05-15 13:55:20.965] [INFO] - gift { role: 0,
  _id: 'DHvCfGpsmTfrpqneAFIR',
  msg: '666',
  num: 1,
  img: 'https://culturecloud-live.oss-cn-shanghai.aliyuncs.com/gift/666.gif' }
[2021-05-15 13:56:22.443] [INFO] - query { rid: '597c0677d92a46fb81a9c5d5c557b344',
  uid: 'c88fcc8a3a454f1f911d369fb626d466',
  username: '朱火根',
  role: '0',
  EIO: '3',
  transport: 'polling',
  t: 'NbkcDqx' }
[2021-05-15 13:56:22.444] [INFO] - [ 'XRcpuHy_G-n34d67AFIU', '597c0677d92a46fb81a9c5d5c557b344' ]
[2021-05-15 13:56:32.956] [INFO] - msg { role: 0,
  username: 'Jasmine',
  _id: '7yQUNInbjciU6ZB7AFHl',
  msg: '这个之后会有回放么？' }
[2021-05-15 13:56:37.608] [INFO] - query { rid: '597c0677d92a46fb81a9c5d5c557b344',
  uid: '02faf080b913401abd7c8b5fc6e05b05',
  username: '午后骄阳 ',
  role: '0',
  EIO: '3',
  transport: 'polling',
  t: 'NbkcHVD' }
[2021-05-15 13:56:37.608] [INFO] - [ '_jNgddnqxeFnvQA6AFIV', '597c0677d92a46fb81a9c5d5c557b344' ]
[2021-05-15 13:56:48.921] [INFO] - query { rid: '597c0677d92a46fb81a9c5d5c557b344',
  uid: '2af8b8b5f96d405cb8c500ab6c0b53b1',
  username: 'tony',
  role: '0',
  EIO: '3',
  transport: 'polling',
  t: 'NbkcKBw' }
[2021-05-15 13:56:48.921] [INFO] - [ 'qSHoMaGh78HwQsrdAFIW', '597c0677d92a46fb81a9c5d5c557b344' ]
[2021-05-15 13:57:10.293] [INFO] - query { rid: '597c0677d92a46fb81a9c5d5c557b344',
  uid: 'f5b9ddd4bb6a4572ace2226dc2c6d87b',
  username: '胡炎生',
  role: '0',
  EIO: '3',
  transport: 'polling',
  t: 'NbkcPPy' }
[2021-05-15 13:57:10.293] [INFO] - [ 'LG6Hh4saobJYbDA9AFIX', '597c0677d92a46fb81a9c5d5c557b344' ]
[2021-05-15 13:57:44.764] [INFO] - query { rid: '597c0677d92a46fb81a9c5d5c557b344',
  uid: 'c88fcc8a3a454f1f911d369fb626d466',
  username: '朱火根',
  role: '0',
  EIO: '3',
  transport: 'polling',
  t: 'NbkcX-E' }
[2021-05-15 13:57:44.764] [INFO] - [ 'gNAQlH69m9CXm7L_AFIY', '597c0677d92a46fb81a9c5d5c557b344' ]
[2021-05-15 13:57:49.911] [INFO] - query { rid: '597c0677d92a46fb81a9c5d5c557b344',
  uid: 'f5b9ddd4bb6a4572ace2226dc2c6d87b',
  username: '胡炎生',
  role: '0',
  EIO: '3',
  transport: 'polling',
  t: 'NbkcZ4z' }
[2021-05-15 13:57:49.912] [INFO] - [ '_LxzWLAsXJnNODMxAFIZ', '597c0677d92a46fb81a9c5d5c557b344' ]
[2021-05-15 13:58:05.511] [INFO] - query { rid: '597c0677d92a46fb81a9c5d5c557b344',
  uid: '2af8b8b5f96d405cb8c500ab6c0b53b1',
  username: 'tony',
  role: '0',
  EIO: '3',
  transport: 'polling',
  t: 'Nbkccuz' }
[2021-05-15 13:58:05.511] [INFO] - [ '-GjjQzH2UyLHXuxGAFIa', '597c0677d92a46fb81a9c5d5c557b344' ]
[2021-05-15 13:58:08.526] [INFO] - query { rid: '597c0677d92a46fb81a9c5d5c557b344',
  uid: 'bcb14cc1c9e942ea9c5db2f6c3e4fa40',
  username: '大花猫',
  role: '0',
  EIO: '3',
  transport: 'polling',
  t: 'NbkcdZ3' }
[2021-05-15 13:58:08.527] [INFO] - [ '67E-cr4AEBhmJScQAFIb', '597c0677d92a46fb81a9c5d5c557b344' ]
[2021-05-15 13:58:23.108] [INFO] - query { rid: '597c0677d92a46fb81a9c5d5c557b344',
  uid: 'e53f11bd8c794cff8b7e33e9f1c4210a',
  username: 'whycb16da4420',
  role: '0',
  EIO: '3',
  transport: 'polling',
  t: 'NbkchVw' }
[2021-05-15 13:58:23.108] [INFO] - [ 'u0BtnOoDiJj5NCvIAFIc', '597c0677d92a46fb81a9c5d5c557b344' ]
[2021-05-15 13:58:45.825] [INFO] - query { rid: '597c0677d92a46fb81a9c5d5c557b344',
  uid: '02faf080b913401abd7c8b5fc6e05b05',
  username: '午后骄阳 ',
  role: '0',
  EIO: '3',
  transport: 'polling',
  t: 'Nbkcmoh' }
[2021-05-15 13:58:45.826] [INFO] - [ '9XmPFdsExRV2-R-yAFId', '597c0677d92a46fb81a9c5d5c557b344' ]
[2021-05-15 13:59:25.203] [INFO] - query { rid: '597c0677d92a46fb81a9c5d5c557b344',
  uid: 'c88fcc8a3a454f1f911d369fb626d466',
  username: '朱火根',
  role: '0',
  EIO: '3',
  transport: 'polling',
  t: 'NbkcwT1' }
[2021-05-15 13:59:25.203] [INFO] - [ 'kmUI_A2439ZUp3aVAFIe', '597c0677d92a46fb81a9c5d5c557b344' ]
[2021-05-15 14:00:15.855] [INFO] - query { rid: '597c0677d92a46fb81a9c5d5c557b344',
  uid: '6cc73149918942728501bc0e64f12356',
  username: '王CING',
  role: '0',
  EIO: '3',
  transport: 'polling',
  t: 'Nbkd6hY' }
[2021-05-15 14:00:15.855] [INFO] - [ '6UWVGHglFJt2MK8SAFIf', '597c0677d92a46fb81a9c5d5c557b344' ]
[2021-05-15 14:00:37.101] [INFO] - query { rid: '597c0677d92a46fb81a9c5d5c557b344',
  uid: 'c88fcc8a3a454f1f911d369fb626d466',
  username: '朱火根',
  role: '0',
  EIO: '3',
  transport: 'polling',
  t: 'NbkdCBS' }
[2021-05-15 14:00:37.101] [INFO] - [ '5TJ1Yw2j05EZobRzAFIg', '597c0677d92a46fb81a9c5d5c557b344' ]
[2021-05-15 14:01:47.756] [INFO] - query { rid: '597c0677d92a46fb81a9c5d5c557b344',
  uid: 'c88fcc8a3a454f1f911d369fb626d466',
  username: '朱火根',
  role: '0',
  EIO: '3',
  transport: 'polling',
  t: 'NbkdTQV' }
[2021-05-15 14:01:47.756] [INFO] - [ 'nCPZfm91J9X_mP74AFIh', '597c0677d92a46fb81a9c5d5c557b344' ]
[2021-05-15 14:02:20.380] [INFO] - query { rid: '597c0677d92a46fb81a9c5d5c557b344',
  uid: 'c88fcc8a3a454f1f911d369fb626d466',
  username: '朱火根',
  role: '0',
  EIO: '3',
  transport: 'polling',
  t: 'NbkdbBc' }
[2021-05-15 14:02:20.381] [INFO] - [ 'vxhutXK46oAYUq4lAFIi', '597c0677d92a46fb81a9c5d5c557b344' ]
[2021-05-15 14:02:51.963] [INFO] - query { rid: '597c0677d92a46fb81a9c5d5c557b344',
  uid: 'c88fcc8a3a454f1f911d369fb626d466',
  username: '朱火根',
  role: '0',
  EIO: '3',
  transport: 'polling',
  t: 'Nbkdi_o' }
[2021-05-15 14:02:51.963] [INFO] - [ 'gyywZoGDkbE7e7TjAFIj', '597c0677d92a46fb81a9c5d5c557b344' ]
[2021-05-15 14:03:19.399] [INFO] - [127.0.0.1] GET http://127.0.0.1:8250/ 200 0ms
[2021-05-15 14:03:23.674] [INFO] - query { rid: '597c0677d92a46fb81a9c5d5c557b344',
  uid: 'c88fcc8a3a454f1f911d369fb626d466',
  username: '朱火根',
  role: '0',
  EIO: '3',
  transport: 'polling',
  t: 'NbkdqeI' }
[2021-05-15 14:03:23.675] [INFO] - [ '1ejtvMx8MwF9U8CiAFIk', '597c0677d92a46fb81a9c5d5c557b344' ]
[2021-05-15 14:03:44.715] [INFO] - [127.0.0.1] GET http://127.0.0.1:8250/ 200 0ms
[2021-05-15 14:03:55.257] [INFO] - query { rid: '597c0677d92a46fb81a9c5d5c557b344',
  uid: 'c88fcc8a3a454f1f911d369fb626d466',
  username: '朱火根',
  role: '0',
  EIO: '3',
  transport: 'polling',
  t: 'NbkdyOD' }
[2021-05-15 14:03:55.258] [INFO] - [ 'KMd6Ph89OO5_TLDpAFIl', '597c0677d92a46fb81a9c5d5c557b344' ]
[2021-05-15 14:04:26.340] [INFO] - query { rid: '597c0677d92a46fb81a9c5d5c557b344',
  uid: 'c88fcc8a3a454f1f911d369fb626d466',
  username: '朱火根',
  role: '0',
  EIO: '3',
  transport: 'polling',
  t: 'Nbke3-t' }
[2021-05-15 14:04:26.341] [INFO] - [ 'ENoTSKuYh3P0bClEAFIm', '597c0677d92a46fb81a9c5d5c557b344' ]
[2021-05-15 14:06:42.910] [INFO] - query { rid: '597c0677d92a46fb81a9c5d5c557b344',
  uid: '4c4ad3e6129c44bcac0843accd307185',
  username: '山山',
  role: '0',
  EIO: '3',
  transport: 'polling',
  t: 'NbkebS-' }
[2021-05-15 14:06:42.910] [INFO] - [ '_vPe85QzuSDGC5Z9AFIn', '597c0677d92a46fb81a9c5d5c557b344' ]
[2021-05-15 14:07:22.429] [INFO] - query { rid: '597c0677d92a46fb81a9c5d5c557b344',
  uid: 'c88fcc8a3a454f1f911d369fb626d466',
  username: '朱火根',
  role: '0',
  EIO: '3',
  transport: 'polling',
  t: 'Nbkek_d' }
[2021-05-15 14:07:22.429] [INFO] - [ 'kgWawfVh-wGerb9jAFIo', '597c0677d92a46fb81a9c5d5c557b344' ]
[2021-05-15 14:09:16.019] [INFO] - query { rid: '597c0677d92a46fb81a9c5d5c557b344',
  uid: 'cc16372a0c60400abb07c2677cf9d40b',
  username: '张卫东',
  role: '0',
  EIO: '3',
  transport: 'polling',
  t: 'NbkfAY0' }
[2021-05-15 14:09:16.019] [INFO] - [ 'ybHYQFZ_flbrGor3AFIp', '597c0677d92a46fb81a9c5d5c557b344' ]
[2021-05-15 14:09:45.004] [INFO] - query { rid: '597c0677d92a46fb81a9c5d5c557b344',
  uid: 'e5a8be1e8b974bc8aa180e3675aa3d3f',
  username: 'indeed peace',
  role: '0',
  EIO: '3',
  transport: 'polling',
  t: 'NbkfHaA' }
[2021-05-15 14:09:45.004] [INFO] - [ 'l0XwjXCGULWfU2N_AFIq', '597c0677d92a46fb81a9c5d5c557b344' ]
[2021-05-15 14:09:59.089] [INFO] - msg { role: 0,
  username: 'indeed peace',
  _id: 'l0XwjXCGULWfU2N_AFIq',
  msg: '有的 原链接就可以看' }
[2021-05-15 14:10:03.604] [INFO] - query { rid: '597c0677d92a46fb81a9c5d5c557b344',
  uid: 'cc16372a0c60400abb07c2677cf9d40b',
  username: '张卫东',
  role: '0',
  EIO: '3',
  transport: 'polling',
  t: 'NbkfM9V' }
[2021-05-15 14:10:03.605] [INFO] - [ 'fyee_3wSqdN4-hxMAFIr', '597c0677d92a46fb81a9c5d5c557b344' ]
[2021-05-15 14:10:05.259] [INFO] - query { rid: '597c0677d92a46fb81a9c5d5c557b344',
  uid: 'fff63ad5f6c5487184c0a48d06d7528d',
  username: '明',
  role: '0',
  EIO: '3',
  transport: 'polling',
  t: 'NbkfMIG' }
[2021-05-15 14:10:05.259] [INFO] - [ 'oBl5U5kA_0leNoMqAFIs', '597c0677d92a46fb81a9c5d5c557b344' ]
[2021-05-15 14:10:33.560] [INFO] - query { rid: '597c0677d92a46fb81a9c5d5c557b344',
  uid: 'fff63ad5f6c5487184c0a48d06d7528d',
  username: '明',
  role: '0',
  EIO: '3',
  transport: 'polling',
  t: 'NbkfTCb' }
[2021-05-15 14:10:33.560] [INFO] - [ 'g6hF7aWQDqcxo4rTAFIt', '597c0677d92a46fb81a9c5d5c557b344' ]
[2021-05-15 14:10:43.078] [INFO] - query { rid: '597c0677d92a46fb81a9c5d5c557b344',
  uid: 'fff63ad5f6c5487184c0a48d06d7528d',
  username: '明',
  role: '0',
  EIO: '3',
  transport: 'polling',
  t: 'NbkfVWg' }
[2021-05-15 14:10:43.078] [INFO] - [ 'C9n00biWp0UvS0WjAFIu', '597c0677d92a46fb81a9c5d5c557b344' ]
[2021-05-15 14:12:48.638] [INFO] - msg { role: 0,
  username: '朱火根',
  _id: 'kgWawfVh-wGerb9jAFIo',
  msg: 'ppt投放没有同步' }
[2021-05-15 14:13:38.042] [INFO] - query { rid: '597c0677d92a46fb81a9c5d5c557b344',
  uid: 'e5a8be1e8b974bc8aa180e3675aa3d3f',
  username: 'indeed peace',
  role: '0',
  EIO: '3',
  transport: 'polling',
  t: 'NbkgATW' }
[2021-05-15 14:13:38.042] [INFO] - [ 'UidNzGKkc16Wb9r3AFIv', '597c0677d92a46fb81a9c5d5c557b344' ]
[2021-05-15 14:13:57.946] [INFO] - query { rid: '597c0677d92a46fb81a9c5d5c557b344',
  uid: 'c88fcc8a3a454f1f911d369fb626d466',
  username: '朱火根',
  role: '0',
  EIO: '3',
  transport: 'polling',
  t: 'NbkgFaL' }
[2021-05-15 14:13:57.946] [INFO] - [ 'ZP-Id8Fgb_D1iiq6AFIw', '597c0677d92a46fb81a9c5d5c557b344' ]
[2021-05-15 14:14:33.107] [INFO] - query { rid: '597c0677d92a46fb81a9c5d5c557b344',
  uid: '8c7611bfe53d4c3db3ab6370f7aa1ec0',
  username: 'Jasmine',
  role: '0',
  EIO: '3',
  transport: 'polling',
  t: 'NbkgO1T' }
[2021-05-15 14:14:33.107] [INFO] - [ 'nSm0k0IsMwfM9uxmAFIx', '597c0677d92a46fb81a9c5d5c557b344' ]
[2021-05-15 14:14:57.547] [INFO] - query { rid: '597c0677d92a46fb81a9c5d5c557b344',
  uid: '4c4ad3e6129c44bcac0843accd307185',
  username: '山山',
  role: '0',
  EIO: '3',
  transport: 'polling',
  t: 'NbkgUDV' }
[2021-05-15 14:14:57.548] [INFO] - [ '952zpjGVOZsAvo7MAFIy', '597c0677d92a46fb81a9c5d5c557b344' ]
[2021-05-15 14:15:06.036] [INFO] - msg { role: 0,
  username: 'Jasmine',
  _id: 'nSm0k0IsMwfM9uxmAFIx',
  msg: '/:strong ' }
[2021-05-15 14:19:54.934] [INFO] - query { rid: '597c0677d92a46fb81a9c5d5c557b344',
  uid: 'a28f8fd3de6d454fbcebf8765724127a',
  username: '严佳亮',
  role: '0',
  EIO: '3',
  transport: 'polling',
  t: 'NbkhcXQ' }
[2021-05-15 14:19:54.935] [INFO] - [ 'ESVTYXdlg0IZkBOXAFIz', '597c0677d92a46fb81a9c5d5c557b344' ]
[2021-05-15 14:20:04.467] [INFO] - query { rid: '597c0677d92a46fb81a9c5d5c557b344',
  uid: '7ccfc90581834733be9c66fd6255bf47',
  username: '周昊贲',
  role: '0',
  EIO: '3',
  transport: 'polling',
  t: 'NbkhexJ' }
[2021-05-15 14:20:04.467] [INFO] - [ 'ARtJlg3JQqZZmPkdAFI0', '597c0677d92a46fb81a9c5d5c557b344' ]
[2021-05-15 14:20:40.092] [INFO] - query { rid: '597c0677d92a46fb81a9c5d5c557b344',
  uid: '5707568b8b45473c8ef8640a88937173',
  username: '北杳',
  role: '0',
  EIO: '3',
  transport: 'polling',
  t: 'Nbkhndy' }
[2021-05-15 14:20:40.092] [INFO] - [ 'IXiY2vk7UuX8AqFhAFI1', '597c0677d92a46fb81a9c5d5c557b344' ]
[2021-05-15 14:21:40.274] [INFO] - query { rid: '597c0677d92a46fb81a9c5d5c557b344',
  uid: '0eda33e79ee94d9796cb47631d7b5410',
  username: '驰颖',
  role: '0',
  EIO: '3',
  transport: 'polling',
  t: 'Nbki0Ln' }
[2021-05-15 14:21:40.274] [INFO] - [ 'G3CJOet4Uw2OaeqFAFI2', '597c0677d92a46fb81a9c5d5c557b344' ]
[2021-05-15 14:22:23.080] [INFO] - query { rid: '597c0677d92a46fb81a9c5d5c557b344',
  uid: '4c4ad3e6129c44bcac0843accd307185',
  username: '山山',
  role: '0',
  EIO: '3',
  transport: 'polling',
  t: 'NbkiA--' }
[2021-05-15 14:22:23.080] [INFO] - [ 'QwXbTMK873Jf0lXNAFI3', '597c0677d92a46fb81a9c5d5c557b344' ]
[2021-05-15 14:22:35.368] [INFO] - query { rid: '597c0677d92a46fb81a9c5d5c557b344',
  uid: '0eda33e79ee94d9796cb47631d7b5410',
  username: '驰颖',
  role: '0',
  EIO: '3',
  transport: 'polling',
  t: 'NbkiDoQ' }
[2021-05-15 14:22:35.369] [INFO] - [ 'Sp1TdYaruIx9Q0sLAFI4', '597c0677d92a46fb81a9c5d5c557b344' ]
[2021-05-15 14:23:49.256] [INFO] - query { rid: '597c0677d92a46fb81a9c5d5c557b344',
  uid: '356aaeed9cf84b97a9908021eb88df2b',
  username: '王娟',
  role: '0',
  EIO: '3',
  transport: 'polling',
  t: 'NbkiVnO' }
[2021-05-15 14:23:49.256] [INFO] - [ 'REDmPrz-7ZSnYh3RAFI5', '597c0677d92a46fb81a9c5d5c557b344' ]
[2021-05-15 14:25:54.680] [INFO] - query { rid: '597c0677d92a46fb81a9c5d5c557b344',
  uid: '57a8740380b341d9ac2712883688c9c0',
  username: 'wmw',
  role: '0',
  EIO: '3',
  transport: 'polling',
  t: 'NbkizzJ' }
[2021-05-15 14:25:54.680] [INFO] - [ 'LTnrrflEpkVSWPBsAFI6', '597c0677d92a46fb81a9c5d5c557b344' ]
[2021-05-15 14:26:31.621] [INFO] - query { rid: '597c0677d92a46fb81a9c5d5c557b344',
  uid: '4c4ad3e6129c44bcac0843accd307185',
  username: '山山',
  role: '0',
  EIO: '3',
  transport: 'polling',
  t: 'Nbkj7g-' }
[2021-05-15 14:26:31.621] [INFO] - [ 'Dvc90V3trIy84PlWAFI7', '597c0677d92a46fb81a9c5d5c557b344' ]
[2021-05-15 14:26:52.277] [INFO] - query { rid: '597c0677d92a46fb81a9c5d5c557b344',
  uid: '4c4ad3e6129c44bcac0843accd307185',
  username: '山山',
  role: '0',
  EIO: '3',
  transport: 'polling',
  t: 'NbkjCjm' }
[2021-05-15 14:26:52.277] [INFO] - [ 'PXfnmdKn5qKOyqXbAFI8', '597c0677d92a46fb81a9c5d5c557b344' ]
[2021-05-15 14:27:01.404] [INFO] - query { rid: '597c0677d92a46fb81a9c5d5c557b344',
  uid: '57a8740380b341d9ac2712883688c9c0',
  username: 'wmw',
  role: '0',
  EIO: '3',
  transport: 'polling',
  t: 'NbkjEGp' }
[2021-05-15 14:27:01.404] [INFO] - [ 'QhPr91dKOFFhWvFWAFI9', '597c0677d92a46fb81a9c5d5c557b344' ]
[2021-05-15 14:27:35.362] [INFO] - query { rid: '597c0677d92a46fb81a9c5d5c557b344',
  uid: '6d2e73f2abbe4fd4b253fc8ce4356436',
  username: 'Eddy-Mao',
  role: '0',
  EIO: '3',
  transport: 'polling',
  t: 'NbkjNPE' }
[2021-05-15 14:27:35.362] [INFO] - [ 'Qslj4OuDgIn67ch4AFI-', '597c0677d92a46fb81a9c5d5c557b344' ]
[2021-05-15 14:29:23.453] [INFO] - query { rid: '597c0677d92a46fb81a9c5d5c557b344',
  uid: '57a8740380b341d9ac2712883688c9c0',
  username: 'wmw',
  role: '0',
  EIO: '3',
  transport: 'polling',
  t: 'Nbkjmy9' }
[2021-05-15 14:29:23.454] [INFO] - [ 'WYE-X4IjV9HWnqn1AFI_', '597c0677d92a46fb81a9c5d5c557b344' ]
[2021-05-15 14:30:13.215] [INFO] - query { rid: '597c0677d92a46fb81a9c5d5c557b344',
  uid: '57a8740380b341d9ac2712883688c9c0',
  username: 'wmw',
  role: '0',
  EIO: '3',
  transport: 'polling',
  t: 'Nbkjz5d' }
[2021-05-15 14:30:13.216] [INFO] - [ 'scjXmWcjXi6g8PotAFJA', '597c0677d92a46fb81a9c5d5c557b344' ]
[2021-05-15 14:30:15.659] [INFO] - query { rid: '597c0677d92a46fb81a9c5d5c557b344',
  uid: '3be8844473714622a0107255857c9298',
  username: '逍遥客',
  role: '0',
  EIO: '3',
  transport: 'polling',
  t: 'Nbkj-Ap' }
[2021-05-15 14:30:15.659] [INFO] - [ '7I848HaC6RwGRLSsAFJB', '597c0677d92a46fb81a9c5d5c557b344' ]
[2021-05-15 14:31:06.727] [INFO] - query { rid: '597c0677d92a46fb81a9c5d5c557b344',
  uid: 'e404723df3f34bee94a807a46d71b231',
  username: '何理',
  role: '0',
  EIO: '3',
  transport: 'polling',
  t: 'NbkkATv' }
[2021-05-15 14:31:06.727] [INFO] - [ 'CtZdtY9iwK2iuNvOAFJC', '597c0677d92a46fb81a9c5d5c557b344' ]
[2021-05-15 14:31:18.118] [INFO] - query { rid: '597c0677d92a46fb81a9c5d5c557b344',
  uid: 'b061a1444c4042bda6c111fcf6aee9ec',
  username: '楼思展',
  role: '0',
  EIO: '3',
  transport: 'polling',
  t: 'NbkkDFz' }
[2021-05-15 14:31:18.118] [INFO] - [ 'fqHU8ZFx7jy3NmDDAFJD', '597c0677d92a46fb81a9c5d5c557b344' ]
[2021-05-15 14:31:27.094] [INFO] - query { rid: '597c0677d92a46fb81a9c5d5c557b344',
  uid: 'e404723df3f34bee94a807a46d71b231',
  username: '何理',
  role: '0',
  EIO: '3',
  transport: 'polling',
  t: 'NbkkFS6' }
[2021-05-15 14:31:27.094] [INFO] - [ 'yldU6SOJn64NduVTAFJE', '597c0677d92a46fb81a9c5d5c557b344' ]
[2021-05-15 14:32:40.412] [INFO] - query { rid: '597c0677d92a46fb81a9c5d5c557b344',
  uid: '57a8740380b341d9ac2712883688c9c0',
  username: 'wmw',
  role: '0',
  EIO: '3',
  transport: 'polling',
  t: 'NbkkX1k' }
[2021-05-15 14:32:40.412] [INFO] - [ 'ssAzkEzNzm8wkvr8AFJF', '597c0677d92a46fb81a9c5d5c557b344' ]
[2021-05-15 14:32:48.032] [INFO] - query { rid: '597c0677d92a46fb81a9c5d5c557b344',
  uid: '4c4ad3e6129c44bcac0843accd307185',
  username: '山山',
  role: '0',
  EIO: '3',
  transport: 'polling',
  t: 'NbkkZaP' }
[2021-05-15 14:32:48.032] [INFO] - [ 'mTagoZQXagDA3DaiAFJG', '597c0677d92a46fb81a9c5d5c557b344' ]
[2021-05-15 14:35:19.863] [INFO] - query { rid: '597c0677d92a46fb81a9c5d5c557b344',
  uid: '4c4ad3e6129c44bcac0843accd307185',
  username: '山山',
  role: '0',
  EIO: '3',
  transport: 'polling',
  t: 'Nbkl8el' }
[2021-05-15 14:35:19.863] [INFO] - [ '8m4xXAkTTQHafFaPAFJH', '597c0677d92a46fb81a9c5d5c557b344' ]
[2021-05-15 14:36:12.088] [INFO] - query { rid: '597c0677d92a46fb81a9c5d5c557b344',
  uid: '4c4ad3e6129c44bcac0843accd307185',
  username: '山山',
  role: '0',
  EIO: '3',
  transport: 'polling',
  t: 'NbklLOi' }
[2021-05-15 14:36:12.088] [INFO] - [ 'nWQxl5Po5TTBsBRVAFJI', '597c0677d92a46fb81a9c5d5c557b344' ]
[2021-05-15 14:37:51.179] [INFO] - query { rid: '597c0677d92a46fb81a9c5d5c557b344',
  uid: '4c4ad3e6129c44bcac0843accd307185',
  username: '山山',
  role: '0',
  EIO: '3',
  transport: 'polling',
  t: 'Nbkljb1' }
[2021-05-15 14:37:51.179] [INFO] - [ '0cWQcNUL7Y-x2hu5AFJJ', '597c0677d92a46fb81a9c5d5c557b344' ]
[2021-05-15 14:43:13.815] [INFO] - query { rid: '597c0677d92a46fb81a9c5d5c557b344',
  uid: '4c4ad3e6129c44bcac0843accd307185',
  username: '山山',
  role: '0',
  EIO: '3',
  transport: 'polling',
  t: 'NbkmyMJ' }
[2021-05-15 14:43:13.815] [INFO] - [ '_FGbkgrYRto3eESBAFJK', '597c0677d92a46fb81a9c5d5c557b344' ]
[2021-05-15 14:44:26.249] [INFO] - query { rid: '597c0677d92a46fb81a9c5d5c557b344',
  uid: 'f5b9ddd4bb6a4572ace2226dc2c6d87b',
  username: '胡炎生',
  role: '0',
  EIO: '3',
  transport: 'polling',
  t: 'NbknDni' }
[2021-05-15 14:44:26.249] [INFO] - [ 'nJElvKs1qDA4F-vVAFJL', '597c0677d92a46fb81a9c5d5c557b344' ]
[2021-05-15 14:48:44.814] [INFO] - query { rid: '597c0677d92a46fb81a9c5d5c557b344',
  uid: 'f5b9ddd4bb6a4572ace2226dc2c6d87b',
  username: '胡炎生',
  role: '0',
  EIO: '3',
  transport: 'polling',
  t: 'NbkoCuu' }
[2021-05-15 14:48:44.814] [INFO] - [ 'bCUxYPJcXnAjh2n9AFJM', '597c0677d92a46fb81a9c5d5c557b344' ]
[2021-05-15 14:48:52.123] [INFO] - query { rid: '597c0677d92a46fb81a9c5d5c557b344',
  uid: '695f75415a7143b3a2395f16f9e452ee',
  username: '随意',
  role: '0',
  EIO: '3',
  transport: 'polling',
  t: 'NbkoErC' }
[2021-05-15 14:48:52.124] [INFO] - [ '4OXbO6YvN8Y6AtUpAFJN', '597c0677d92a46fb81a9c5d5c557b344' ]
[2021-05-15 14:48:59.013] [INFO] - [127.0.0.1] GET http://127.0.0.1:8250/ 200 0ms
[2021-05-15 14:49:20.200] [INFO] - query { rid: '597c0677d92a46fb81a9c5d5c557b344',
  uid: '6580c8ad6e594b6580927cd361685fa6',
  username: '興致使然',
  role: '0',
  EIO: '3',
  transport: 'polling',
  t: 'NbkoLbD' }
[2021-05-15 14:49:20.201] [INFO] - [ 'fIHjtaPzpDqWrfmxAFJO', '597c0677d92a46fb81a9c5d5c557b344' ]
[2021-05-15 14:50:22.076] [INFO] - query { rid: '597c0677d92a46fb81a9c5d5c557b344',
  uid: '6580c8ad6e594b6580927cd361685fa6',
  username: '興致使然',
  role: '0',
  EIO: '3',
  transport: 'polling',
  t: 'NbkoahN' }
[2021-05-15 14:50:22.076] [INFO] - [ 'Gvoc8zgbTj87phd1AFJP', '597c0677d92a46fb81a9c5d5c557b344' ]
[2021-05-15 14:50:47.318] [INFO] - query { rid: '597c0677d92a46fb81a9c5d5c557b344',
  uid: 'f5b9ddd4bb6a4572ace2226dc2c6d87b',
  username: '胡炎生',
  role: '0',
  EIO: '3',
  transport: 'polling',
  t: 'Nbkogpu' }
[2021-05-15 14:50:47.318] [INFO] - [ 'ebZ5jI4hHVC85zlvAFJQ', '597c0677d92a46fb81a9c5d5c557b344' ]
[2021-05-15 14:51:00.760] [INFO] - query { rid: '597c0677d92a46fb81a9c5d5c557b344',
  uid: '6580c8ad6e594b6580927cd361685fa6',
  username: '興致使然',
  role: '0',
  EIO: '3',
  transport: 'polling',
  t: 'Nbkok5V' }
[2021-05-15 14:51:00.760] [INFO] - [ 'F2pj65UCdi_yfEBDAFJR', '597c0677d92a46fb81a9c5d5c557b344' ]
[2021-05-15 14:51:43.135] [INFO] - query { rid: '597c0677d92a46fb81a9c5d5c557b344',
  uid: '6580c8ad6e594b6580927cd361685fa6',
  username: '興致使然',
  role: '0',
  EIO: '3',
  transport: 'polling',
  t: 'NbkouSB' }
[2021-05-15 14:51:43.135] [INFO] - [ '49eyWqRYVMWzu-RMAFJS', '597c0677d92a46fb81a9c5d5c557b344' ]
[2021-05-15 14:52:15.717] [INFO] - query { rid: '597c0677d92a46fb81a9c5d5c557b344',
  uid: 'c3ca10640010468a96c7e5977ca431cc',
  username: 'MineFreeman',
  role: '0',
  EIO: '3',
  transport: 'polling',
  t: 'Nbkp0OE' }
[2021-05-15 14:52:15.718] [INFO] - [ 'd5vOOBkF1AhzK219AFJT', '597c0677d92a46fb81a9c5d5c557b344' ]
[2021-05-15 14:52:24.890] [INFO] - query { rid: '597c0677d92a46fb81a9c5d5c557b344',
  uid: '6580c8ad6e594b6580927cd361685fa6',
  username: '興致使然',
  role: '0',
  EIO: '3',
  transport: 'polling',
  t: 'Nbkp2gB' }
[2021-05-15 14:52:24.890] [INFO] - [ 'y_cp-KglQwMR-XJaAFJU', '597c0677d92a46fb81a9c5d5c557b344' ]
[2021-05-15 14:52:58.938] [INFO] - query { rid: '597c0677d92a46fb81a9c5d5c557b344',
  uid: '6580c8ad6e594b6580927cd361685fa6',
  username: '興致使然',
  role: '0',
  EIO: '3',
  transport: 'polling',
  t: 'NbkpA-w' }
[2021-05-15 14:52:58.939] [INFO] - [ 'UYrWu_cbpVDCmdeoAFJV', '597c0677d92a46fb81a9c5d5c557b344' ]
[2021-05-15 14:53:33.417] [INFO] - query { rid: '597c0677d92a46fb81a9c5d5c557b344',
  uid: '6580c8ad6e594b6580927cd361685fa6',
  username: '興致使然',
  role: '0',
  EIO: '3',
  transport: 'polling',
  t: 'NbkpJQ0' }
[2021-05-15 14:53:33.418] [INFO] - [ 'qPY0ALPVyUoV4YHVAFJW', '597c0677d92a46fb81a9c5d5c557b344' ]
[2021-05-15 14:54:05.110] [INFO] - query { rid: '597c0677d92a46fb81a9c5d5c557b344',
  uid: '6580c8ad6e594b6580927cd361685fa6',
  username: '興致使然',
  role: '0',
  EIO: '3',
  transport: 'polling',
  t: 'NbkpR8J' }
[2021-05-15 14:54:05.110] [INFO] - [ 'DeRXJyA7dauqGXbEAFJX', '597c0677d92a46fb81a9c5d5c557b344' ]
[2021-05-15 14:54:37.680] [INFO] - query { rid: '597c0677d92a46fb81a9c5d5c557b344',
  uid: '6580c8ad6e594b6580927cd361685fa6',
  username: '興致使然',
  role: '0',
  EIO: '3',
  transport: 'polling',
  t: 'NbkpZ4X' }
[2021-05-15 14:54:37.680] [INFO] - [ '_QkNFIVYPFoS0EdXAFJY', '597c0677d92a46fb81a9c5d5c557b344' ]
[2021-05-15 14:55:10.618] [INFO] - query { rid: '597c0677d92a46fb81a9c5d5c557b344',
  uid: '6580c8ad6e594b6580927cd361685fa6',
  username: '興致使然',
  role: '0',
  EIO: '3',
  transport: 'polling',
  t: 'Nbkph4j' }
[2021-05-15 14:55:10.619] [INFO] - [ 'tD4qWZxBJUwlPvRgAFJZ', '597c0677d92a46fb81a9c5d5c557b344' ]
[2021-05-15 14:55:48.682] [INFO] - query { rid: '597c0677d92a46fb81a9c5d5c557b344',
  uid: '6580c8ad6e594b6580927cd361685fa6',
  username: '興致使然',
  role: '0',
  EIO: '3',
  transport: 'polling',
  t: 'Nbkpox3' }
[2021-05-15 14:55:48.682] [INFO] - [ 'KAqKRm_pv37l_XCpAFJa', '597c0677d92a46fb81a9c5d5c557b344' ]
[2021-05-15 14:56:23.708] [INFO] - query { rid: '597c0677d92a46fb81a9c5d5c557b344',
  uid: '6580c8ad6e594b6580927cd361685fa6',
  username: '興致使然',
  role: '0',
  EIO: '3',
  transport: 'polling',
  t: 'NbkpyzL' }
[2021-05-15 14:56:23.709] [INFO] - [ 'qokw2vqQczepAB2qAFJb', '597c0677d92a46fb81a9c5d5c557b344' ]
[2021-05-15 14:56:55.789] [INFO] - query { rid: '597c0677d92a46fb81a9c5d5c557b344',
  uid: '6580c8ad6e594b6580927cd361685fa6',
  username: '興致使然',
  role: '0',
  EIO: '3',
  transport: 'polling',
  t: 'Nbkq4nx' }
[2021-05-15 14:56:55.789] [INFO] - [ 'd1uwE1QMah2qO_kSAFJc', '597c0677d92a46fb81a9c5d5c557b344' ]
[2021-05-15 14:57:37.782] [INFO] - query { rid: '597c0677d92a46fb81a9c5d5c557b344',
  uid: '6580c8ad6e594b6580927cd361685fa6',
  username: '興致使然',
  role: '0',
  EIO: '3',
  transport: 'polling',
  t: 'NbkqF3k' }
[2021-05-15 14:57:37.782] [INFO] - [ 'vKF0m1tRv9pYp0YbAFJd', '597c0677d92a46fb81a9c5d5c557b344' ]
[2021-05-15 14:58:19.402] [INFO] - query { rid: '597c0677d92a46fb81a9c5d5c557b344',
  uid: '6580c8ad6e594b6580927cd361685fa6',
  username: '興致使然',
  role: '0',
  EIO: '3',
  transport: 'polling',
  t: 'NbkqPBa' }
[2021-05-15 14:58:19.402] [INFO] - [ 'AMBEcJCqL07Cn2D0AFJe', '597c0677d92a46fb81a9c5d5c557b344' ]
[2021-05-15 14:59:01.293] [INFO] - query { rid: '597c0677d92a46fb81a9c5d5c557b344',
  uid: '6580c8ad6e594b6580927cd361685fa6',
  username: '興致使然',
  role: '0',
  EIO: '3',
  transport: 'polling',
  t: 'NbkqZSO' }
[2021-05-15 14:59:01.293] [INFO] - [ '450GaDgQwHX9UdvUAFJf', '597c0677d92a46fb81a9c5d5c557b344' ]
[2021-05-15 14:59:31.531] [INFO] - query { rid: '597c0677d92a46fb81a9c5d5c557b344',
  uid: 'acfdfc0b7d1945eb81e22db3115df4e9',
  username: '博华',
  role: '0',
  EIO: '3',
  transport: 'polling',
  t: 'Nbkqgpi' }
[2021-05-15 14:59:31.531] [INFO] - [ 'qi_k0AiOK57F2ym6AFJg', '597c0677d92a46fb81a9c5d5c557b344' ]
[2021-05-15 14:59:54.173] [INFO] - query { rid: '597c0677d92a46fb81a9c5d5c557b344',
  uid: '5d0601322d644d2ca08846ee250a99fc',
  username: '',
  role: '0',
  EIO: '3',
  transport: 'polling',
  t: 'NbkqmF_' }
[2021-05-15 14:59:54.173] [INFO] - [ 'EQ4Ui3ckvpFjP_-hAFJh', '597c0677d92a46fb81a9c5d5c557b344' ]
[2021-05-15 15:00:00.225] [INFO] - query { rid: '597c0677d92a46fb81a9c5d5c557b344',
  uid: '6580c8ad6e594b6580927cd361685fa6',
  username: '興致使然',
  role: '0',
  EIO: '3',
  transport: 'polling',
  t: 'Nbkqnrt' }
[2021-05-15 15:00:00.225] [INFO] - [ 'LwkgOa-PmSZ_V13UAFJi', '597c0677d92a46fb81a9c5d5c557b344' ]
[2021-05-15 15:01:09.226] [INFO] - query { rid: '597c0677d92a46fb81a9c5d5c557b344',
  uid: '5d0601322d644d2ca08846ee250a99fc',
  username: '',
  role: '0',
  EIO: '3',
  transport: 'polling',
  t: 'Nbkr2aw' }
[2021-05-15 15:01:09.227] [INFO] - [ 'VBkwDETxnn4smH06AFJj', '597c0677d92a46fb81a9c5d5c557b344' ]
[2021-05-15 15:02:23.197] [INFO] - query { rid: '597c0677d92a46fb81a9c5d5c557b344',
  uid: 'd9108df39227433ab83cbcf5076cc561',
  username: '赵国文',
  role: '0',
  EIO: '3',
  transport: 'polling',
  t: 'NbkrKzq' }
[2021-05-15 15:02:23.197] [INFO] - [ 'cDnT-h7D4r8MZQVcAFJk', '597c0677d92a46fb81a9c5d5c557b344' ]
[2021-05-15 15:03:54.931] [INFO] - query { rid: '597c0677d92a46fb81a9c5d5c557b344',
  uid: '02faf080b913401abd7c8b5fc6e05b05',
  username: '午后骄阳 ',
  role: '0',
  EIO: '3',
  transport: 'polling',
  t: 'NbkrhAR' }
[2021-05-15 15:03:54.931] [INFO] - [ 'kBoGfyxbaYQUMOMjAFJl', '597c0677d92a46fb81a9c5d5c557b344' ]
[2021-05-15 15:04:55.491] [INFO] - msg { role: 0,
  username: '赵国文',
  _id: 'cDnT-h7D4r8MZQVcAFJk',
  msg: '声音有点儿卡。' }
[2021-05-15 15:06:19.598] [INFO] - query { rid: '597c0677d92a46fb81a9c5d5c557b344',
  uid: '02faf080b913401abd7c8b5fc6e05b05',
  username: '午后骄阳 ',
  role: '0',
  EIO: '3',
  transport: 'polling',
  t: 'NbksBi_' }
[2021-05-15 15:06:19.599] [INFO] - [ 'mZyYfemaD4-AKCBWAFJm', '597c0677d92a46fb81a9c5d5c557b344' ]
[2021-05-15 15:08:48.382] [INFO] - query { rid: '597c0677d92a46fb81a9c5d5c557b344',
  uid: 'f5b9ddd4bb6a4572ace2226dc2c6d87b',
  username: '胡炎生',
  role: '0',
  EIO: '3',
  transport: 'polling',
  t: 'NbksolX' }
[2021-05-15 15:08:48.383] [INFO] - [ 'lR4IqKf-cKxB2NQNAFJn', '597c0677d92a46fb81a9c5d5c557b344' ]
[2021-05-15 15:09:02.537] [INFO] - query { rid: '597c0677d92a46fb81a9c5d5c557b344',
  uid: 'd9108df39227433ab83cbcf5076cc561',
  username: '赵国文',
  role: '0',
  EIO: '3',
  transport: 'polling',
  t: 'NbkssTj' }
[2021-05-15 15:09:02.537] [INFO] - [ 'nL_hTPLeBtcRZNAHAFJo', '597c0677d92a46fb81a9c5d5c557b344' ]
[2021-05-15 15:09:09.725] [INFO] - query { rid: '597c0677d92a46fb81a9c5d5c557b344',
  uid: 'ae8b50d2af434ebdb1c29460d14250bd',
  username: '雨轩先生',
  role: '0',
  EIO: '3',
  transport: 'polling',
  t: 'Nbksu0A' }
[2021-05-15 15:09:09.726] [INFO] - [ 'C_Ddkq915Uiyw82nAFJp', '597c0677d92a46fb81a9c5d5c557b344' ]
[2021-05-15 15:10:37.046] [INFO] - query { rid: '597c0677d92a46fb81a9c5d5c557b344',
  uid: 'ae8b50d2af434ebdb1c29460d14250bd',
  username: '雨轩先生',
  role: '0',
  EIO: '3',
  transport: 'polling',
  t: 'NbktDKL' }
[2021-05-15 15:10:37.046] [INFO] - [ '26T5SC_3ij5qrcnTAFJq', '597c0677d92a46fb81a9c5d5c557b344' ]
[2021-05-15 15:11:09.413] [INFO] - query { rid: '597c0677d92a46fb81a9c5d5c557b344',
  uid: 'ae8b50d2af434ebdb1c29460d14250bd',
  username: '雨轩先生',
  role: '0',
  EIO: '3',
  transport: 'polling',
  t: 'NbktLDy' }
[2021-05-15 15:11:09.413] [INFO] - [ 'ueg72RVI4vi_3G-tAFJr', '597c0677d92a46fb81a9c5d5c557b344' ]
[2021-05-15 15:11:12.007] [INFO] - query { rid: '597c0677d92a46fb81a9c5d5c557b344',
  uid: 'c88fcc8a3a454f1f911d369fb626d466',
  username: '朱火根',
  role: '0',
  EIO: '3',
  transport: 'polling',
  t: 'NbktLzE' }
[2021-05-15 15:11:12.008] [INFO] - [ '99DBN5mX7a9xiuMiAFJs', '597c0677d92a46fb81a9c5d5c557b344' ]
[2021-05-15 15:11:41.036] [INFO] - query { rid: '597c0677d92a46fb81a9c5d5c557b344',
  uid: 'ae8b50d2af434ebdb1c29460d14250bd',
  username: '雨轩先生',
  role: '0',
  EIO: '3',
  transport: 'polling',
  t: 'NbktSxr' }
[2021-05-15 15:11:41.036] [INFO] - [ 'tRnQlfhx0uwX6zXkAFJt', '597c0677d92a46fb81a9c5d5c557b344' ]
[2021-05-15 15:12:16.603] [INFO] - query { rid: '597c0677d92a46fb81a9c5d5c557b344',
  uid: 'ae8b50d2af434ebdb1c29460d14250bd',
  username: '雨轩先生',
  role: '0',
  EIO: '3',
  transport: 'polling',
  t: 'NbktbbH' }
[2021-05-15 15:12:16.603] [INFO] - [ 'PyN9AS5wTeAZtyBhAFJu', '597c0677d92a46fb81a9c5d5c557b344' ]
[2021-05-15 15:13:13.682] [INFO] - query { rid: '597c0677d92a46fb81a9c5d5c557b344',
  uid: 'ae8b50d2af434ebdb1c29460d14250bd',
  username: '雨轩先生',
  role: '0',
  EIO: '3',
  transport: 'polling',
  t: 'NbktpZx' }
[2021-05-15 15:13:13.682] [INFO] - [ 'rsnnUOCamLwBlAdoAFJv', '597c0677d92a46fb81a9c5d5c557b344' ]
[2021-05-15 15:13:30.076] [INFO] - query { rid: '597c0677d92a46fb81a9c5d5c557b344',
  uid: '8c7611bfe53d4c3db3ab6370f7aa1ec0',
  username: 'Jasmine',
  role: '0',
  EIO: '3',
  transport: 'polling',
  t: 'NbkttYg' }
[2021-05-15 15:13:30.076] [INFO] - [ 'c--yffnlrwzi714TAFJw', '597c0677d92a46fb81a9c5d5c557b344' ]
[2021-05-15 15:13:46.912] [INFO] - query { rid: '597c0677d92a46fb81a9c5d5c557b344',
  uid: 'ae8b50d2af434ebdb1c29460d14250bd',
  username: '雨轩先生',
  role: '0',
  EIO: '3',
  transport: 'polling',
  t: 'Nbktxgb' }
[2021-05-15 15:13:46.912] [INFO] - [ 'm8hbOGdAj2jI5_h0AFJx', '597c0677d92a46fb81a9c5d5c557b344' ]
[2021-05-15 15:13:53.628] [INFO] - query { rid: '597c0677d92a46fb81a9c5d5c557b344',
  uid: 'ae8b50d2af434ebdb1c29460d14250bd',
  username: '雨轩先生',
  role: '0',
  EIO: '3',
  transport: 'polling',
  t: 'NbktzJj' }
[2021-05-15 15:13:53.629] [INFO] - [ 'M_u-o-ooueikBvyoAFJy', '597c0677d92a46fb81a9c5d5c557b344' ]
[2021-05-15 15:14:06.058] [INFO] - query { rid: '597c0677d92a46fb81a9c5d5c557b344',
  uid: '2b7893b1e57c415b90d3d538446c7800',
  username: '高参（黄之庆）',
  role: '0',
  EIO: '3',
  transport: 'polling',
  t: 'Nbku0Hs' }
[2021-05-15 15:14:06.058] [INFO] - [ 'JNClRstlAaIGQZY7AFJz', '597c0677d92a46fb81a9c5d5c557b344' ]
[2021-05-15 15:14:44.202] [INFO] - query { rid: '597c0677d92a46fb81a9c5d5c557b344',
  uid: 'd9108df39227433ab83cbcf5076cc561',
  username: '赵国文',
  role: '0',
  EIO: '3',
  transport: 'polling',
  t: 'Nbku9tP' }
[2021-05-15 15:14:44.203] [INFO] - [ 'vUrRK-I_W36jBuF-AFJ0', '597c0677d92a46fb81a9c5d5c557b344' ]
[2021-05-15 15:15:43.122] [INFO] - query { rid: '597c0677d92a46fb81a9c5d5c557b344',
  uid: '8c7611bfe53d4c3db3ab6370f7aa1ec0',
  username: 'Jasmine',
  role: '0',
  EIO: '3',
  transport: 'polling',
  t: 'NbkuO1S' }
[2021-05-15 15:15:43.122] [INFO] - [ 'gX-8iALnY7pprJKcAFJ1', '597c0677d92a46fb81a9c5d5c557b344' ]
[2021-05-15 15:15:45.977] [INFO] - query { rid: '597c0677d92a46fb81a9c5d5c557b344',
  uid: 'ae8b50d2af434ebdb1c29460d14250bd',
  username: '雨轩先生',
  role: '0',
  EIO: '3',
  transport: 'polling',
  t: 'NbkuOlJ' }
[2021-05-15 15:15:45.977] [INFO] - [ 'GseLkXPTfzDcNlvqAFJ2', '597c0677d92a46fb81a9c5d5c557b344' ]
[2021-05-15 15:17:08.345] [INFO] - query { rid: '597c0677d92a46fb81a9c5d5c557b344',
  uid: 'ae8b50d2af434ebdb1c29460d14250bd',
  username: '雨轩先生',
  role: '0',
  EIO: '3',
  transport: 'polling',
  t: 'Nbkuir_' }
[2021-05-15 15:17:08.345] [INFO] - [ '5JvWALs0eTMH7umwAFJ3', '597c0677d92a46fb81a9c5d5c557b344' ]
[2021-05-15 15:17:14.874] [INFO] - query { rid: '597c0677d92a46fb81a9c5d5c557b344',
  uid: 'ae8b50d2af434ebdb1c29460d14250bd',
  username: '雨轩先生',
  role: '0',
  EIO: '3',
  transport: 'polling',
  t: 'NbkukSc' }
[2021-05-15 15:17:14.874] [INFO] - [ 'a0o25ZBm525wh_-4AFJ4', '597c0677d92a46fb81a9c5d5c557b344' ]
[2021-05-15 15:18:11.826] [INFO] - query { rid: '597c0677d92a46fb81a9c5d5c557b344',
  uid: 'ae8b50d2af434ebdb1c29460d14250bd',
  username: '雨轩先生',
  role: '0',
  EIO: '3',
  transport: 'polling',
  t: 'NbkuyMA' }
[2021-05-15 15:18:11.826] [INFO] - [ 'EfBH_Sd3TUsvR1tdAFJ5', '597c0677d92a46fb81a9c5d5c557b344' ]
[2021-05-15 15:18:44.496] [INFO] - query { rid: '597c0677d92a46fb81a9c5d5c557b344',
  uid: 'ae8b50d2af434ebdb1c29460d14250bd',
  username: '雨轩先生',
  role: '0',
  EIO: '3',
  transport: 'polling',
  t: 'Nbkv4Kn' }
[2021-05-15 15:18:44.496] [INFO] - [ 'qRBSWDchFm8Ybv5HAFJ6', '597c0677d92a46fb81a9c5d5c557b344' ]
[2021-05-15 15:19:16.142] [INFO] - query { rid: '597c0677d92a46fb81a9c5d5c557b344',
  uid: 'ae8b50d2af434ebdb1c29460d14250bd',
  username: '雨轩先生',
  role: '0',
  EIO: '3',
  transport: 'polling',
  t: 'NbkvC28' }
[2021-05-15 15:19:16.143] [INFO] - [ 'M5k_S0Jn5kQG09noAFJ7', '597c0677d92a46fb81a9c5d5c557b344' ]
[2021-05-15 15:20:41.787] [INFO] - query { rid: '597c0677d92a46fb81a9c5d5c557b344',
  uid: 'ae8b50d2af434ebdb1c29460d14250bd',
  username: '雨轩先生',
  role: '0',
  EIO: '3',
  transport: 'polling',
  t: 'NbkvWzT' }
[2021-05-15 15:20:41.787] [INFO] - [ '1XHT1H6Pv0g2oOscAFJ8', '597c0677d92a46fb81a9c5d5c557b344' ]
[2021-05-15 15:21:14.282] [INFO] - query { rid: '597c0677d92a46fb81a9c5d5c557b344',
  uid: 'ae8b50d2af434ebdb1c29460d14250bd',
  username: '雨轩先生',
  role: '0',
  EIO: '3',
  transport: 'polling',
  t: 'NbkveuV' }
[2021-05-15 15:21:14.282] [INFO] - [ '__5KQqwaODfFfhOaAFJ9', '597c0677d92a46fb81a9c5d5c557b344' ]
[2021-05-15 15:21:18.287] [INFO] - query { rid: '597c0677d92a46fb81a9c5d5c557b344',
  uid: 'f5b9ddd4bb6a4572ace2226dc2c6d87b',
  username: '胡炎生',
  role: '0',
  EIO: '3',
  transport: 'polling',
  t: 'Nbkvfjg' }
[2021-05-15 15:21:18.287] [INFO] - [ 'WOUbx6Pbr4vrMOqtAFJ-', '597c0677d92a46fb81a9c5d5c557b344' ]
[2021-05-15 15:22:11.723] [INFO] - query { rid: '597c0677d92a46fb81a9c5d5c557b344',
  uid: 'ae8b50d2af434ebdb1c29460d14250bd',
  username: '雨轩先生',
  role: '0',
  EIO: '3',
  transport: 'polling',
  t: 'NbkvswX' }
[2021-05-15 15:22:11.723] [INFO] - [ 'V-kohdZy9ZjNJ-AfAFJ_', '597c0677d92a46fb81a9c5d5c557b344' ]
[2021-05-15 15:22:39.432] [INFO] - [127.0.0.1] GET http://127.0.0.1:8250/ 200 1ms
[2021-05-15 15:22:40.260] [INFO] - [127.0.0.1] GET http://127.0.0.1:8250/ 200 0ms
[2021-05-15 15:22:43.233] [INFO] - query { rid: '597c0677d92a46fb81a9c5d5c557b344',
  uid: 'ae8b50d2af434ebdb1c29460d14250bd',
  username: '雨轩先生',
  role: '0',
  EIO: '3',
  transport: 'polling',
  t: 'Nbkv-cu' }
[2021-05-15 15:22:43.234] [INFO] - [ 'OiS5r3-aBC_pTz8XAFKA', '597c0677d92a46fb81a9c5d5c557b344' ]
[2021-05-15 15:23:21.467] [INFO] - query { rid: '597c0677d92a46fb81a9c5d5c557b344',
  uid: 'ae8b50d2af434ebdb1c29460d14250bd',
  username: '雨轩先生',
  role: '0',
  EIO: '3',
  transport: 'polling',
  t: 'Nbkw7xr' }
[2021-05-15 15:23:21.467] [INFO] - [ 'AGLQzOJLBVGHecdWAFKB', '597c0677d92a46fb81a9c5d5c557b344' ]
[2021-05-15 15:23:39.037] [INFO] - query { rid: '597c0677d92a46fb81a9c5d5c557b344',
  uid: '02faf080b913401abd7c8b5fc6e05b05',
  username: '午后骄阳 ',
  role: '0',
  EIO: '3',
  transport: 'polling',
  t: 'NbkwC90' }
[2021-05-15 15:23:39.038] [INFO] - [ 'mqOZbBSLv1okIVMEAFKC', '597c0677d92a46fb81a9c5d5c557b344' ]
[2021-05-15 15:23:53.954] [INFO] - query { rid: '597c0677d92a46fb81a9c5d5c557b344',
  uid: 'ae8b50d2af434ebdb1c29460d14250bd',
  username: '雨轩先生',
  role: '0',
  EIO: '3',
  transport: 'polling',
  t: 'NbkwFtq' }
[2021-05-15 15:23:53.955] [INFO] - [ 'LjCmmJcU5zLykjhUAFKD', '597c0677d92a46fb81a9c5d5c557b344' ]
[2021-05-15 15:24:25.815] [INFO] - query { rid: '597c0677d92a46fb81a9c5d5c557b344',
  uid: 'ae8b50d2af434ebdb1c29460d14250bd',
  username: '雨轩先生',
  role: '0',
  EIO: '3',
  transport: 'polling',
  t: 'NbkwNfZ' }
[2021-05-15 15:24:25.815] [INFO] - [ 'dDy9wincDuyVvcOvAFKE', '597c0677d92a46fb81a9c5d5c557b344' ]
[2021-05-15 15:24:33.579] [INFO] - query { rid: '597c0677d92a46fb81a9c5d5c557b344',
  uid: '02faf080b913401abd7c8b5fc6e05b05',
  username: '午后骄阳 ',
  role: '0',
  EIO: '3',
  transport: 'polling',
  t: 'NbkwPUP' }
[2021-05-15 15:24:33.579] [INFO] - [ 'm8hgb-Lh4NIPuJ0oAFKF', '597c0677d92a46fb81a9c5d5c557b344' ]
[2021-05-15 15:25:04.755] [INFO] - query { rid: '597c0677d92a46fb81a9c5d5c557b344',
  uid: '02faf080b913401abd7c8b5fc6e05b05',
  username: '午后骄阳 ',
  role: '0',
  EIO: '3',
  transport: 'polling',
  t: 'NbkwXCB' }
[2021-05-15 15:25:04.755] [INFO] - [ '8EZ7sLBI-dSDLQDqAFKG', '597c0677d92a46fb81a9c5d5c557b344' ]
[2021-05-15 15:25:29.831] [INFO] - query { rid: '597c0677d92a46fb81a9c5d5c557b344',
  uid: 'ae8b50d2af434ebdb1c29460d14250bd',
  username: '雨轩先生',
  role: '0',
  EIO: '3',
  transport: 'polling',
  t: 'NbkwdFI' }
[2021-05-15 15:25:29.832] [INFO] - [ 'KX6l9MN8-W4B_0lDAFKH', '597c0677d92a46fb81a9c5d5c557b344' ]
[2021-05-15 15:26:02.611] [INFO] - query { rid: '597c0677d92a46fb81a9c5d5c557b344',
  uid: 'ae8b50d2af434ebdb1c29460d14250bd',
  username: '雨轩先生',
  role: '0',
  EIO: '3',
  transport: 'polling',
  t: 'NbkwlIK' }
[2021-05-15 15:26:02.611] [INFO] - [ 'JP1p5mLNl_Qrq-iMAFKI', '597c0677d92a46fb81a9c5d5c557b344' ]
[2021-05-15 15:26:40.790] [INFO] - query { rid: '597c0677d92a46fb81a9c5d5c557b344',
  uid: '02faf080b913401abd7c8b5fc6e05b05',
  username: '午后骄阳 ',
  role: '0',
  EIO: '3',
  transport: 'polling',
  t: 'Nbkwug_' }
[2021-05-15 15:26:40.791] [INFO] - [ 'GpkRL8tTf0R7tRnhAFKJ', '597c0677d92a46fb81a9c5d5c557b344' ]
[2021-05-15 15:26:43.091] [INFO] - query { rid: '597c0677d92a46fb81a9c5d5c557b344',
  uid: 'ae8b50d2af434ebdb1c29460d14250bd',
  username: '雨轩先生',
  role: '0',
  EIO: '3',
  transport: 'polling',
  t: 'Nbkwuu7' }
[2021-05-15 15:26:43.091] [INFO] - [ 'P30YXaAwQ5KWnCNLAFKK', '597c0677d92a46fb81a9c5d5c557b344' ]
[2021-05-15 15:27:05.655] [INFO] - query { rid: '597c0677d92a46fb81a9c5d5c557b344',
  uid: '02faf080b913401abd7c8b5fc6e05b05',
  username: '午后骄阳 ',
  role: '0',
  EIO: '3',
  transport: 'polling',
  t: 'Nbkw-oR' }
[2021-05-15 15:27:05.655] [INFO] - [ 'OvaaFCsFnHj75Y4hAFKL', '597c0677d92a46fb81a9c5d5c557b344' ]
[2021-05-15 15:27:26.879] [INFO] - query { rid: '597c0677d92a46fb81a9c5d5c557b344',
  uid: 'ae8b50d2af434ebdb1c29460d14250bd',
  username: '雨轩先生',
  role: '0',
  EIO: '3',
  transport: 'polling',
  t: 'Nbkx3tF' }
[2021-05-15 15:27:26.879] [INFO] - [ 'Snefuiuoxrhb0qcSAFKM', '597c0677d92a46fb81a9c5d5c557b344' ]
[2021-05-15 15:27:37.164] [INFO] - query { rid: '597c0677d92a46fb81a9c5d5c557b344',
  uid: '02faf080b913401abd7c8b5fc6e05b05',
  username: '午后骄阳 ',
  role: '0',
  EIO: '3',
  transport: 'polling',
  t: 'Nbkx6QZ' }
[2021-05-15 15:27:37.164] [INFO] - [ 'D5orjCg_QTHrN0egAFKN', '597c0677d92a46fb81a9c5d5c557b344' ]
[2021-05-15 15:28:17.908] [INFO] - query { rid: '597c0677d92a46fb81a9c5d5c557b344',
  uid: 'ae8b50d2af434ebdb1c29460d14250bd',
  username: '雨轩先生',
  role: '0',
  EIO: '3',
  transport: 'polling',
  t: 'NbkxGGT' }
[2021-05-15 15:28:17.908] [INFO] - [ 'ZlxH2cJjOY3LGrEdAFKO', '597c0677d92a46fb81a9c5d5c557b344' ]
[2021-05-15 15:28:47.257] [INFO] - query { rid: '597c0677d92a46fb81a9c5d5c557b344',
  uid: '02faf080b913401abd7c8b5fc6e05b05',
  username: '午后骄阳 ',
  role: '0',
  EIO: '3',
  transport: 'polling',
  t: 'NbkxNTR' }
[2021-05-15 15:28:47.257] [INFO] - [ '6GQaC7gB9K9oRubKAFKP', '597c0677d92a46fb81a9c5d5c557b344' ]
[2021-05-15 15:28:50.196] [INFO] - query { rid: '597c0677d92a46fb81a9c5d5c557b344',
  uid: 'ae8b50d2af434ebdb1c29460d14250bd',
  username: '雨轩先生',
  role: '0',
  EIO: '3',
  transport: 'polling',
  t: 'NbkxOCs' }
[2021-05-15 15:28:50.196] [INFO] - [ 'VbgRJ4AqQzvPZHBCAFKQ', '597c0677d92a46fb81a9c5d5c557b344' ]
[2021-05-15 15:29:19.682] [INFO] - query { rid: '597c0677d92a46fb81a9c5d5c557b344',
  uid: '02faf080b913401abd7c8b5fc6e05b05',
  username: '午后骄阳 ',
  role: '0',
  EIO: '3',
  transport: 'polling',
  t: 'NbkxVQm' }
[2021-05-15 15:29:19.683] [INFO] - [ 'xHXTcQzLU9O_VtfiAFKR', '597c0677d92a46fb81a9c5d5c557b344' ]
[2021-05-15 15:29:22.587] [INFO] - query { rid: '597c0677d92a46fb81a9c5d5c557b344',
  uid: 'ae8b50d2af434ebdb1c29460d14250bd',
  username: '雨轩先生',
  role: '0',
  EIO: '3',
  transport: 'polling',
  t: 'NbkxW7E' }
[2021-05-15 15:29:22.587] [INFO] - [ 'StBLfFzuIJy9oFdOAFKS', '597c0677d92a46fb81a9c5d5c557b344' ]
[2021-05-15 15:29:49.927] [INFO] - query { rid: '597c0677d92a46fb81a9c5d5c557b344',
  uid: 'ae8b50d2af434ebdb1c29460d14250bd',
  username: '雨轩先生',
  role: '0',
  EIO: '3',
  transport: 'polling',
  t: 'NbkxcoZ' }
[2021-05-15 15:29:49.928] [INFO] - [ 'UjG0_tJj0s-OCJhIAFKT', '597c0677d92a46fb81a9c5d5c557b344' ]
[2021-05-15 15:29:52.139] [INFO] - query { rid: '597c0677d92a46fb81a9c5d5c557b344',
  uid: '02faf080b913401abd7c8b5fc6e05b05',
  username: '午后骄阳 ',
  role: '0',
  EIO: '3',
  transport: 'polling',
  t: 'NbkxdGD' }
[2021-05-15 15:29:52.139] [INFO] - [ 'w0Ws9HBFVkXLS98HAFKU', '597c0677d92a46fb81a9c5d5c557b344' ]
[2021-05-15 15:30:30.341] [INFO] - query { rid: '597c0677d92a46fb81a9c5d5c557b344',
  uid: 'ae8b50d2af434ebdb1c29460d14250bd',
  username: '雨轩先生',
  role: '0',
  EIO: '3',
  transport: 'polling',
  t: 'Nbkxmg4' }
[2021-05-15 15:30:30.341] [INFO] - [ 'BYVh9ITCHiuRDOpZAFKV', '597c0677d92a46fb81a9c5d5c557b344' ]
[2021-05-15 15:30:45.274] [INFO] - query { rid: '597c0677d92a46fb81a9c5d5c557b344',
  uid: '02faf080b913401abd7c8b5fc6e05b05',
  username: '午后骄阳 ',
  role: '0',
  EIO: '3',
  transport: 'polling',
  t: 'NbkxqJC' }
[2021-05-15 15:30:45.275] [INFO] - [ '8r9GPgELAWOfWmCZAFKW', '597c0677d92a46fb81a9c5d5c557b344' ]
[2021-05-15 15:31:16.268] [INFO] - query { rid: '597c0677d92a46fb81a9c5d5c557b344',
  uid: '02faf080b913401abd7c8b5fc6e05b05',
  username: '午后骄阳 ',
  role: '0',
  EIO: '3',
  transport: 'polling',
  t: 'Nbkxxoa' }
[2021-05-15 15:31:16.270] [INFO] - [ 'N9f_7-yIa8Ip-26JAFKX', '597c0677d92a46fb81a9c5d5c557b344' ]
[2021-05-15 15:31:23.018] [INFO] - query { rid: '597c0677d92a46fb81a9c5d5c557b344',
  uid: 'ae8b50d2af434ebdb1c29460d14250bd',
  username: '雨轩先生',
  role: '0',
  EIO: '3',
  transport: 'polling',
  t: 'NbkxzX7' }
[2021-05-15 15:31:23.019] [INFO] - [ 'V00qtc0bDfrqMBAkAFKY', '597c0677d92a46fb81a9c5d5c557b344' ]
[2021-05-15 15:31:49.503] [INFO] - query { rid: '597c0677d92a46fb81a9c5d5c557b344',
  uid: '02faf080b913401abd7c8b5fc6e05b05',
  username: '午后骄阳 ',
  role: '0',
  EIO: '3',
  transport: 'polling',
  t: 'Nbky3tt' }
[2021-05-15 15:31:49.504] [INFO] - [ 'QN4boTCNcSh-46JbAFKZ', '597c0677d92a46fb81a9c5d5c557b344' ]
[2021-05-15 15:33:21.120] [INFO] - query { rid: '597c0677d92a46fb81a9c5d5c557b344',
  uid: '02faf080b913401abd7c8b5fc6e05b05',
  username: '午后骄阳 ',
  role: '0',
  EIO: '3',
  transport: 'polling',
  t: 'NbkyQKF' }
[2021-05-15 15:33:21.120] [INFO] - [ 'JL29p6ZHT0Qq-ETrAFKa', '597c0677d92a46fb81a9c5d5c557b344' ]
[2021-05-15 15:34:07.629] [INFO] - query { rid: '597c0677d92a46fb81a9c5d5c557b344',
  uid: '02faf080b913401abd7c8b5fc6e05b05',
  username: '午后骄阳 ',
  role: '0',
  EIO: '3',
  transport: 'polling',
  t: 'NbkybiN' }
[2021-05-15 15:34:07.629] [INFO] - [ '2QdtmSrvEFBUcpzhAFKb', '597c0677d92a46fb81a9c5d5c557b344' ]
[2021-05-15 15:34:39.911] [INFO] - query { rid: '597c0677d92a46fb81a9c5d5c557b344',
  uid: '02faf080b913401abd7c8b5fc6e05b05',
  username: '午后骄阳 ',
  role: '0',
  EIO: '3',
  transport: 'polling',
  t: 'Nbkyji9' }
[2021-05-15 15:34:39.911] [INFO] - [ 'tpo_ZUfYdT98WON9AFKc', '597c0677d92a46fb81a9c5d5c557b344' ]
[2021-05-15 15:35:19.842] [INFO] - query { rid: '597c0677d92a46fb81a9c5d5c557b344',
  uid: '02faf080b913401abd7c8b5fc6e05b05',
  username: '午后骄阳 ',
  role: '0',
  EIO: '3',
  transport: 'polling',
  t: 'NbkytR8' }
[2021-05-15 15:35:19.842] [INFO] - [ 'Gf7x9TXOv8gIxStSAFKd', '597c0677d92a46fb81a9c5d5c557b344' ]
[2021-05-15 15:36:30.418] [INFO] - query { rid: '597c0677d92a46fb81a9c5d5c557b344',
  uid: '02faf080b913401abd7c8b5fc6e05b05',
  username: '午后骄阳 ',
  role: '0',
  EIO: '3',
  transport: 'polling',
  t: 'Nbkz8X5' }
[2021-05-15 15:36:30.419] [INFO] - [ '1ItvaCT0-PmTRQa0AFKe', '597c0677d92a46fb81a9c5d5c557b344' ]
[2021-05-15 15:37:02.143] [INFO] - query { rid: '597c0677d92a46fb81a9c5d5c557b344',
  uid: '02faf080b913401abd7c8b5fc6e05b05',
  username: '午后骄阳 ',
  role: '0',
  EIO: '3',
  transport: 'polling',
  t: 'NbkzGM2' }
[2021-05-15 15:37:02.143] [INFO] - [ 'HCkJ4PFU4oLjcKp_AFKf', '597c0677d92a46fb81a9c5d5c557b344' ]
[2021-05-15 15:37:33.920] [INFO] - query { rid: '597c0677d92a46fb81a9c5d5c557b344',
  uid: '02faf080b913401abd7c8b5fc6e05b05',
  username: '午后骄阳 ',
  role: '0',
  EIO: '3',
  transport: 'polling',
  t: 'NbkzO5j' }
[2021-05-15 15:37:33.920] [INFO] - [ 'bqGwugqkdzQloNXJAFKg', '597c0677d92a46fb81a9c5d5c557b344' ]
[2021-05-15 15:38:46.373] [INFO] - query { rid: '597c0677d92a46fb81a9c5d5c557b344',
  uid: '02faf080b913401abd7c8b5fc6e05b05',
  username: '午后骄阳 ',
  role: '0',
  EIO: '3',
  transport: 'polling',
  t: 'Nbkzfsh' }
[2021-05-15 15:38:46.373] [INFO] - [ 'rBng7Y9KA8chgz_CAFKh', '597c0677d92a46fb81a9c5d5c557b344' ]
[2021-05-15 15:39:09.972] [INFO] - query { rid: '597c0677d92a46fb81a9c5d5c557b344',
  uid: '8c7611bfe53d4c3db3ab6370f7aa1ec0',
  username: 'Jasmine',
  role: '0',
  EIO: '3',
  transport: 'polling',
  t: 'NbkzlU-' }
[2021-05-15 15:39:09.973] [INFO] - [ 'JjNSAtChcG4wMD2VAFKi', '597c0677d92a46fb81a9c5d5c557b344' ]
[2021-05-15 15:40:22.590] [INFO] - query { rid: '597c0677d92a46fb81a9c5d5c557b344',
  uid: '02faf080b913401abd7c8b5fc6e05b05',
  username: '午后骄阳 ',
  role: '0',
  EIO: '3',
  transport: 'polling',
  t: 'Nbk-1Mw' }
[2021-05-15 15:40:22.591] [INFO] - [ 'jUi9WziIZ0WjNDwkAFKj', '597c0677d92a46fb81a9c5d5c557b344' ]
[2021-05-15 15:41:11.984] [INFO] - query { rid: '597c0677d92a46fb81a9c5d5c557b344',
  uid: '02faf080b913401abd7c8b5fc6e05b05',
  username: '午后骄阳 ',
  role: '0',
  EIO: '3',
  transport: 'polling',
  t: 'Nbk-DMQ' }
[2021-05-15 15:41:11.984] [INFO] - [ 't1NP1h30AduDwan8AFKk', '597c0677d92a46fb81a9c5d5c557b344' ]
[2021-05-15 15:41:43.729] [INFO] - query { rid: '597c0677d92a46fb81a9c5d5c557b344',
  uid: '02faf080b913401abd7c8b5fc6e05b05',
  username: '午后骄阳 ',
  role: '0',
  EIO: '3',
  transport: 'polling',
  t: 'Nbk-L85' }
[2021-05-15 15:41:43.729] [INFO] - [ 'OUE1Z9pbyXUN_W1TAFKl', '597c0677d92a46fb81a9c5d5c557b344' ]
[2021-05-15 15:43:20.761] [INFO] - query { rid: '597c0677d92a46fb81a9c5d5c557b344',
  uid: '02faf080b913401abd7c8b5fc6e05b05',
  username: '午后骄阳 ',
  role: '0',
  EIO: '3',
  transport: 'polling',
  t: 'Nbk-ip-' }
[2021-05-15 15:43:20.761] [INFO] - [ 'YRikbcf9E-jO8jBjAFKm', '597c0677d92a46fb81a9c5d5c557b344' ]
[2021-05-15 15:44:23.836] [INFO] - query { rid: '597c0677d92a46fb81a9c5d5c557b344',
  uid: '02faf080b913401abd7c8b5fc6e05b05',
  username: '午后骄阳 ',
  role: '0',
  EIO: '3',
  transport: 'polling',
  t: 'Nbk-y7s' }
[2021-05-15 15:44:23.837] [INFO] - [ 'rhxpznHFQqyA6O23AFKn', '597c0677d92a46fb81a9c5d5c557b344' ]
[2021-05-15 15:47:16.610] [INFO] - query { rid: '597c0677d92a46fb81a9c5d5c557b344',
  uid: '02faf080b913401abd7c8b5fc6e05b05',
  username: '午后骄阳 ',
  role: '0',
  EIO: '3',
  transport: 'polling',
  t: 'Nbk_cPP' }
[2021-05-15 15:47:16.631] [INFO] - [ 'WH4XbmpZM3phBPB2AFKo', '597c0677d92a46fb81a9c5d5c557b344' ]
[2021-05-15 15:50:43.661] [INFO] - query { rid: '597c0677d92a46fb81a9c5d5c557b344',
  uid: '02faf080b913401abd7c8b5fc6e05b05',
  username: '午后骄阳 ',
  role: '0',
  EIO: '3',
  transport: 'polling',
  t: 'Nbl0OoG' }
[2021-05-15 15:50:43.661] [INFO] - [ '6C4rrJLiY5tnSiSEAFKp', '597c0677d92a46fb81a9c5d5c557b344' ]
[2021-05-15 15:53:04.126] [INFO] - query { rid: '597c0677d92a46fb81a9c5d5c557b344',
  uid: '02faf080b913401abd7c8b5fc6e05b05',
  username: '午后骄阳 ',
  role: '0',
  EIO: '3',
  transport: 'polling',
  t: 'Nbl0x9a' }
[2021-05-15 15:53:04.127] [INFO] - [ 'hJv8KsIlJACa58HzAFKq', '597c0677d92a46fb81a9c5d5c557b344' ]
[2021-05-15 15:54:18.558] [INFO] - query { rid: '597c0677d92a46fb81a9c5d5c557b344',
  uid: '02faf080b913401abd7c8b5fc6e05b05',
  username: '午后骄阳 ',
  role: '0',
  EIO: '3',
  transport: 'polling',
  t: 'Nbl1DMe' }
[2021-05-15 15:54:18.558] [INFO] - [ 'R3jXbiDQD7tHB2BHAFKr', '597c0677d92a46fb81a9c5d5c557b344' ]
[2021-05-15 15:54:50.859] [INFO] - query { rid: '597c0677d92a46fb81a9c5d5c557b344',
  uid: '02faf080b913401abd7c8b5fc6e05b05',
  username: '午后骄阳 ',
  role: '0',
  EIO: '3',
  transport: 'polling',
  t: 'Nbl1LDN' }
[2021-05-15 15:54:50.859] [INFO] - [ '8xUsXItBhR9q_OpkAFKs', '597c0677d92a46fb81a9c5d5c557b344' ]
[2021-05-15 15:56:27.811] [INFO] - query { rid: '597c0677d92a46fb81a9c5d5c557b344',
  uid: '02faf080b913401abd7c8b5fc6e05b05',
  username: '午后骄阳 ',
  role: '0',
  EIO: '3',
  transport: 'polling',
  t: 'Nbl1iz0' }
[2021-05-15 15:56:27.811] [INFO] - [ 'vwPVQR4I_IbAE29kAFKt', '597c0677d92a46fb81a9c5d5c557b344' ]
[2021-05-15 15:57:59.146] [INFO] - query { rid: '597c0677d92a46fb81a9c5d5c557b344',
  uid: '02faf080b913401abd7c8b5fc6e05b05',
  username: '午后骄阳 ',
  role: '0',
  EIO: '3',
  transport: 'polling',
  t: 'Nbl235z' }
[2021-05-15 15:57:59.146] [INFO] - [ 'z930Tc6BoMg3eDbNAFKu', '597c0677d92a46fb81a9c5d5c557b344' ]
[2021-05-15 15:58:30.601] [INFO] - query { rid: '597c0677d92a46fb81a9c5d5c557b344',
  uid: '02faf080b913401abd7c8b5fc6e05b05',
  username: '午后骄阳 ',
  role: '0',
  EIO: '3',
  transport: 'polling',
  t: 'Nbl2AyF' }
[2021-05-15 15:58:30.602] [INFO] - [ 'Gq_G-wD-7azO6QrVAFKv', '597c0677d92a46fb81a9c5d5c557b344' ]
[2021-05-15 16:07:41.812] [INFO] - query { rid: '597c0677d92a46fb81a9c5d5c557b344',
  uid: '02faf080b913401abd7c8b5fc6e05b05',
  username: '午后骄阳 ',
  role: '0',
  EIO: '3',
  transport: 'polling',
  t: 'Nbl4HTR' }
[2021-05-15 16:07:41.813] [INFO] - [ 'oMd-eTQmUUacLbm9AFKw', '597c0677d92a46fb81a9c5d5c557b344' ]
[2021-05-15 17:08:16.232] [INFO] - [47.101.202.76] GET http://47.100.89.2:8250/ 200 0ms
[2021-05-15 17:30:00.687] [INFO] - [127.0.0.1] GET http://127.0.0.1:8250/ 200 0ms
[2021-05-15 18:29:10.892] [INFO] - [127.0.0.1] GET http://127.0.0.1:8250/ 200 1ms
[2021-05-15 20:20:36.576] [INFO] - [127.0.0.1] GET http://127.0.0.1:8250/ 200 0ms
[2021-05-15 20:51:49.986] [INFO] - [127.0.0.1] GET http://127.0.0.1:8250/owa/ 200 0ms
[2021-05-15 21:16:49.328] [INFO] - [127.0.0.1] GET http://127.0.0.1:8250/remote/fgt_lang?lang=/../../../..//////////dev/cmdb/sslvpn_websession 200 0ms
[2021-05-15 22:19:22.064] [INFO] - [127.0.0.1] GET http://127.0.0.1:8250/config.json 200 0ms
[2021-05-15 22:19:27.792] [INFO] - [127.0.0.1] GET http://127.0.0.1:8250/.env 200 0ms
[2021-05-15 22:19:33.761] [INFO] - [127.0.0.1] GET http://127.0.0.1:8250/.git/config 200 1ms
[2021-05-15 22:23:00.451] [INFO] - [127.0.0.1] GET http://127.0.0.1:8250/remote/fgt_lang?lang=/../../../..//////////dev/cmdb/sslvpn_websession 200 0ms
[2021-05-15 22:36:09.135] [INFO] - [127.0.0.1] GET http://127.0.0.1:8250/ 200 0ms
[2021-05-15 22:36:35.632] [INFO] - [127.0.0.1] GET http://127.0.0.1:8250/robots.txt 200 1ms
[2021-05-15 22:36:36.646] [INFO] - [127.0.0.1] GET http://127.0.0.1:8250/sitemap.xml 200 0ms
[2021-05-15 22:36:37.614] [INFO] - [127.0.0.1] GET http://127.0.0.1:8250/.well-known/security.txt 200 0ms
[2021-05-15 22:36:38.779] [INFO] - [127.0.0.1] GET http://127.0.0.1:8250/favicon.ico 200 0ms
[2021-05-15 23:52:31.169] [INFO] - [127.0.0.1] GET http://127.0.0.1:8250/ 200 0ms
[2021-05-15 23:58:17.242] [INFO] - [127.0.0.1] GET http://127.0.0.1:8250/ 200 1ms
