[2021-05-04 01:33:18.386] [INFO] - [167.248.133.54] GET http://47.100.89.2:8250/ 200 0ms
[2021-05-04 01:34:18.816] [INFO] - [127.0.0.1] GET http://127.0.0.1:8250/owa/ 200 0ms
[2021-05-04 03:19:06.858] [INFO] - [127.0.0.1] GET http://127.0.0.1:8250/ 200 1ms
[2021-05-04 04:18:12.470] [INFO] - [127.0.0.1] GET http://127.0.0.1:8250/ 200 0ms
[2021-05-04 04:18:45.165] [INFO] - [127.0.0.1] GET http://127.0.0.1:8250/ 200 0ms
[2021-05-04 04:33:04.771] [INFO] - [127.0.0.1] GET http://127.0.0.1:8250/ 200 0ms
[2021-05-04 05:53:07.351] [INFO] - [127.0.0.1] GET http://127.0.0.1:8250/ 200 0ms
[2021-05-04 05:55:52.024] [INFO] - [127.0.0.1] GET http://127.0.0.1:8250/ 200 0ms
[2021-05-04 06:29:57.136] [INFO] - [127.0.0.1] GET http://127.0.0.1:8250/ 200 0ms
[2021-05-04 06:32:27.328] [INFO] - [127.0.0.1] GET http://127.0.0.1:8250/Telerik.Web.UI.WebResource.axd?type=rau 200 0ms
[2021-05-04 07:21:22.755] [INFO] - [127.0.0.1] GET http://127.0.0.1:8250/ 200 0ms
[2021-05-04 08:49:24.756] [INFO] - [127.0.0.1] GET http://127.0.0.1:8250/ 200 0ms
[2021-05-04 09:24:34.228] [INFO] - [127.0.0.1] GET http://127.0.0.1:8250/Telerik.Web.UI.WebResource.axd?type=rau 200 0ms
[2021-05-04 10:08:32.705] [INFO] - [127.0.0.1] GET http://127.0.0.1:8250/remote/login 200 0ms
[2021-05-04 10:15:34.776] [INFO] - [127.0.0.1] GET http://127.0.0.1:8250/cgi-bin/login.cgi?requestname=2&cmd=0 200 0ms
[2021-05-04 10:15:39.327] [INFO] - [127.0.0.1] GET http://127.0.0.1:8250/cgi-bin/login.cgi?requestname=3&cmd=0 200 0ms
[2021-05-04 10:15:43.488] [INFO] - [127.0.0.1] GET http://127.0.0.1:8250/por/login_psw.csp 200 0ms
[2021-05-04 10:15:47.708] [INFO] - [127.0.0.1] GET http://127.0.0.1:8250/ui/login.php 200 0ms
[2021-05-04 10:15:52.432] [INFO] - [127.0.0.1] GET http://127.0.0.1:8250/ 200 0ms
[2021-05-04 10:34:07.108] [INFO] - [127.0.0.1] GET http://127.0.0.1:8250/ 200 0ms
[2021-05-04 10:34:52.547] [INFO] - [127.0.0.1] GET http://127.0.0.1:8250/ 200 1ms
[2021-05-04 10:34:52.620] [INFO] - [127.0.0.1] GET http://127.0.0.1:8250/favicon.ico 200 0ms
[2021-05-04 10:51:47.355] [INFO] - [127.0.0.1] GET http://127.0.0.1:8250/ 200 0ms
[2021-05-04 10:52:52.206] [INFO] - [127.0.0.1] GET http://127.0.0.1:8250/ecp/Current/exporttool/microsoft.exchange.ediscovery.exporttool.application 200 0ms
[2021-05-04 10:58:00.105] [INFO] - [127.0.0.1] GET http://127.0.0.1:8250/ecp/Current/exporttool/microsoft.exchange.ediscovery.exporttool.application 200 0ms
[2021-05-04 11:00:25.175] [INFO] - [127.0.0.1] GET http://127.0.0.1:8250/remote/login 200 1ms
[2021-05-04 11:20:29.202] [INFO] - [127.0.0.1] GET http://127.0.0.1:8250/ 200 1ms
[2021-05-04 11:20:29.385] [INFO] - [127.0.0.1] GET http://127.0.0.1:8250/ 200 0ms
[2021-05-04 11:20:29.448] [INFO] - [127.0.0.1] GET http://127.0.0.1:8250/favicon.ico 200 0ms
[2021-05-04 11:24:22.280] [INFO] - [127.0.0.1] GET http://127.0.0.1:8250/ 200 0ms
[2021-05-04 11:37:47.244] [INFO] - [127.0.0.1] GET http://127.0.0.1:8250/ 200 0ms
[2021-05-04 11:37:48.610] [INFO] - [127.0.0.1] GET http://127.0.0.1:8250/.git/config 200 0ms
[2021-05-04 11:37:50.474] [INFO] - [127.0.0.1] GET http://127.0.0.1:8250/idx_config/ 200 1ms
[2021-05-04 11:37:51.703] [INFO] - [127.0.0.1] GET http://127.0.0.1:8250/telescope/requests 200 0ms
[2021-05-04 11:37:52.966] [INFO] - [127.0.0.1] GET http://127.0.0.1:8250/info.php 200 1ms
[2021-05-04 11:37:55.203] [INFO] - [127.0.0.1] GET http://127.0.0.1:8250/server-status 200 0ms
[2021-05-04 11:37:57.338] [INFO] - [127.0.0.1] GET http://127.0.0.1:8250/config.json 200 0ms
[2021-05-04 11:37:58.902] [INFO] - [127.0.0.1] GET http://127.0.0.1:8250/.env 200 0ms
[2021-05-04 11:41:32.192] [INFO] - [127.0.0.1] GET http://127.0.0.1:8250/ 200 0ms
[2021-05-04 11:53:08.185] [INFO] - [127.0.0.1] GET http://127.0.0.1:8250/.env 200 0ms
[2021-05-04 11:53:09.237] [INFO] - [127.0.0.1] POST http://127.0.0.1:8250/ {"0x":["androxgh0st"]} 405 0ms
[2021-05-04 11:56:21.746] [INFO] - [127.0.0.1] GET http://127.0.0.1:8250/ 200 0ms
[2021-05-04 11:56:21.878] [INFO] - [127.0.0.1] GET http://127.0.0.1:8250/ 200 0ms
[2021-05-04 12:08:02.402] [INFO] - query { rid: 'e5a7f071d2494449a1f3b2f17549f1cb',
  uid: 'e5f0b016692f408584999cfc1ee854ec',
  username: '狮子',
  role: '0',
  EIO: '3',
  transport: 'polling',
  t: 'NarZxjj' }
[2021-05-04 12:08:02.402] [INFO] - [ 'naHpPVhboArgnoKVAFAc', 'e5a7f071d2494449a1f3b2f17549f1cb' ]
[2021-05-04 12:10:51.030] [INFO] - [127.0.0.1] GET http://127.0.0.1:8250/ 200 0ms
[2021-05-04 12:14:10.583] [INFO] - [127.0.0.1] GET http://127.0.0.1:8250/ 200 0ms
[2021-05-04 12:14:46.077] [INFO] - query { rid: '4be84528487441d99431bf48021aad54',
  uid: '6f7a983fec2542fe847c72afd402bb14',
  username: '我是你的哆啦A梦DIT',
  role: '0',
  EIO: '3',
  transport: 'polling',
  t: 'NarbUBq' }
[2021-05-04 12:14:46.077] [INFO] - [ '0N8buungl6vjdKCwAFAd', '4be84528487441d99431bf48021aad54' ]
[2021-05-04 12:15:08.935] [INFO] - query { rid: '4be84528487441d99431bf48021aad54',
  uid: '6f7a983fec2542fe847c72afd402bb14',
  username: '我是你的哆啦A梦DIT',
  role: '0',
  EIO: '3',
  transport: 'polling',
  t: 'NarbZn0' }
[2021-05-04 12:15:08.935] [INFO] - [ 'P5k8nSuIqm_Jj2imAFAe', '4be84528487441d99431bf48021aad54' ]
[2021-05-04 12:16:32.245] [INFO] - query { rid: '4be84528487441d99431bf48021aad54',
  uid: 'ae8b50d2af434ebdb1c29460d14250bd',
  username: '雨轩先生',
  role: '0',
  EIO: '3',
  transport: 'polling',
  t: 'Narbt_a' }
[2021-05-04 12:16:32.245] [INFO] - [ 'SoriyJQBCxNMiqAPAFAf', '4be84528487441d99431bf48021aad54' ]
[2021-05-04 13:13:22.826] [INFO] - [127.0.0.1] GET http://127.0.0.1:8250/owa/auth/logon.aspx?url=https%3a%2f%2f1%2fecp%2f 200 0ms
[2021-05-04 13:19:43.476] [INFO] - [127.0.0.1] GET http://127.0.0.1:8250/owa/auth/logon.aspx?url=https%3a%2f%2f1%2fecp%2f 200 0ms
[2021-05-04 13:42:11.090] [INFO] - [127.0.0.1] POST http://127.0.0.1:8250/api/v2/ajax {} 405 1ms
[2021-05-04 13:50:02.030] [INFO] - [127.0.0.1] GET http://127.0.0.1:8250/ 200 0ms
[2021-05-04 13:53:33.711] [INFO] - [127.0.0.1] GET http://127.0.0.1:8250/ 200 0ms
[2021-05-04 13:53:33.843] [INFO] - [127.0.0.1] GET http://127.0.0.1:8250/ 200 0ms
[2021-05-04 13:55:02.088] [INFO] - query { rid: '960e1e5fd15d4b4d93b909311e4b7bdd',
  uid: 'e11e4527baba4c8fa1c59160bf15ba02',
  username: '殷柏荣',
  role: '0',
  EIO: '3',
  transport: 'polling',
  t: 'NarySBm' }
[2021-05-04 13:55:02.088] [INFO] - [ '41Oy_1hhnJt5-CT9AFAg', '960e1e5fd15d4b4d93b909311e4b7bdd' ]
[2021-05-04 13:55:02.154] [INFO] - query { rid: '960e1e5fd15d4b4d93b909311e4b7bdd',
  uid: 'b8087b70f597456fb3c9c9af03ba29cc',
  username: '胜利',
  role: '0',
  EIO: '3',
  transport: 'polling',
  t: 'NaryQl_' }
[2021-05-04 13:55:02.154] [INFO] - [ '3O3CZehG56oGnanHAFAh', '960e1e5fd15d4b4d93b909311e4b7bdd' ]
[2021-05-04 13:55:05.633] [INFO] - query { rid: '960e1e5fd15d4b4d93b909311e4b7bdd',
  uid: '53922c83c0c044988df4223a47ca96b3',
  username: '氧吧',
  role: '0',
  EIO: '3',
  transport: 'polling',
  t: 'NaryRqH' }
[2021-05-04 13:55:05.633] [INFO] - [ 'CqjdsNtZOtNnTadsAFAi', '960e1e5fd15d4b4d93b909311e4b7bdd' ]
[2021-05-04 13:55:12.997] [INFO] - query { rid: '960e1e5fd15d4b4d93b909311e4b7bdd',
  uid: '16be372e790b418380242661abe7e251',
  username: '蓓蕾',
  role: '0',
  EIO: '3',
  transport: 'polling',
  t: 'NaryTcX' }
[2021-05-04 13:55:12.998] [INFO] - [ 'UoW-kW6Tr5uHRw6SAFAj', '960e1e5fd15d4b4d93b909311e4b7bdd' ]
[2021-05-04 13:55:21.061] [INFO] - query { rid: '960e1e5fd15d4b4d93b909311e4b7bdd',
  uid: '0fb8f08fe24444519ead0bd40daf52e4',
  username: '小玉透明',
  role: '0',
  EIO: '3',
  transport: 'polling',
  t: 'NaryVaZ' }
[2021-05-04 13:55:21.061] [INFO] - [ '1jl1eS-kCM03es5WAFAk', '960e1e5fd15d4b4d93b909311e4b7bdd' ]
[2021-05-04 13:55:22.464] [INFO] - query { rid: '960e1e5fd15d4b4d93b909311e4b7bdd',
  uid: 'e347f9c4fbf34fc9a99e9e3792676d17',
  username: '天宝物华',
  role: '0',
  EIO: '3',
  transport: 'polling',
  t: 'NaryVzM' }
[2021-05-04 13:55:22.465] [INFO] - [ 'qYZiKLPupA8VViLRAFAl', '960e1e5fd15d4b4d93b909311e4b7bdd' ]
[2021-05-04 13:55:29.300] [INFO] - query { rid: '960e1e5fd15d4b4d93b909311e4b7bdd',
  uid: 'e464c5f2c67c458f87cca046a879569f',
  username: '罗育德',
  role: '0',
  EIO: '3',
  transport: 'polling',
  t: 'NaryXsV' }
[2021-05-04 13:55:29.300] [INFO] - [ 'kgiPyJ_DOZV_DXoPAFAm', '960e1e5fd15d4b4d93b909311e4b7bdd' ]
[2021-05-04 13:55:34.181] [INFO] - query { rid: '960e1e5fd15d4b4d93b909311e4b7bdd',
  uid: '52402e6b485845b6aad382c383f5345a',
  username: 'ru',
  role: '0',
  EIO: '3',
  transport: 'polling',
  t: 'NaryYhG' }
[2021-05-04 13:55:34.181] [INFO] - [ 'vGnxKYbdGtnVkoxrAFAn', '960e1e5fd15d4b4d93b909311e4b7bdd' ]
[2021-05-04 13:56:19.861] [INFO] - query { rid: '960e1e5fd15d4b4d93b909311e4b7bdd',
  uid: 'c6426b4d40b245269ac35e980e06b807',
  username: '简单木子',
  role: '0',
  EIO: '3',
  transport: 'polling',
  t: 'NaryjuC' }
[2021-05-04 13:56:19.862] [INFO] - [ 'jSxIWIU5sYnlSorzAFAo', '960e1e5fd15d4b4d93b909311e4b7bdd' ]
[2021-05-04 13:56:34.376] [INFO] - query { rid: '960e1e5fd15d4b4d93b909311e4b7bdd',
  uid: 'e11e4527baba4c8fa1c59160bf15ba02',
  username: '殷柏荣',
  role: '0',
  EIO: '3',
  transport: 'polling',
  t: 'Naryojq' }
[2021-05-04 13:56:34.377] [INFO] - [ 'P4QL0KQJYaxKXSwbAFAp', '960e1e5fd15d4b4d93b909311e4b7bdd' ]
[2021-05-04 13:56:41.166] [INFO] - query { rid: '960e1e5fd15d4b4d93b909311e4b7bdd',
  uid: '033789a10f9a4b2287ce20d59d9fd7a7',
  username: '吴明生',
  role: '0',
  EIO: '3',
  transport: 'polling',
  t: 'Naryp8L' }
[2021-05-04 13:56:41.166] [INFO] - [ 'isOybmGJ9S6HUjQuAFAq', '960e1e5fd15d4b4d93b909311e4b7bdd' ]
[2021-05-04 13:58:07.715] [INFO] - query { rid: '960e1e5fd15d4b4d93b909311e4b7bdd',
  uid: 'e11e4527baba4c8fa1c59160bf15ba02',
  username: '殷柏荣',
  role: '0',
  EIO: '3',
  transport: 'polling',
  t: 'Narz9W0' }
[2021-05-04 13:58:07.716] [INFO] - [ 'auJkqRFRY_XZ5ZmsAFAr', '960e1e5fd15d4b4d93b909311e4b7bdd' ]
[2021-05-04 13:58:25.351] [INFO] - query { rid: '960e1e5fd15d4b4d93b909311e4b7bdd',
  uid: 'a6214a8765d24cdead78b1d9eacb544b',
  username: '不想了',
  role: '0',
  EIO: '3',
  transport: 'polling',
  t: 'NarzCPP' }
[2021-05-04 13:58:25.351] [INFO] - [ 'Xt7BPxz6acOqnXwzAFAs', '960e1e5fd15d4b4d93b909311e4b7bdd' ]
[2021-05-04 13:58:34.468] [INFO] - [127.0.0.1] GET http://127.0.0.1:8250/.env 200 1ms
[2021-05-04 13:58:35.369] [INFO] - [127.0.0.1] POST http://127.0.0.1:8250/ {"0x":["androxgh0st"]} 405 0ms
[2021-05-04 13:58:44.909] [INFO] - query { rid: '960e1e5fd15d4b4d93b909311e4b7bdd',
  uid: 'b8087b70f597456fb3c9c9af03ba29cc',
  username: '胜利',
  role: '0',
  EIO: '3',
  transport: 'polling',
  t: 'NarzH8j' }
[2021-05-04 13:58:44.909] [INFO] - [ '8Hwpg61_OMYuXLlfAFAt', '960e1e5fd15d4b4d93b909311e4b7bdd' ]
[2021-05-04 13:58:53.283] [INFO] - query { rid: '960e1e5fd15d4b4d93b909311e4b7bdd',
  uid: '52402e6b485845b6aad382c383f5345a',
  username: 'ru',
  role: '0',
  EIO: '3',
  transport: 'polling',
  t: 'NarzJJG' }
[2021-05-04 13:58:53.283] [INFO] - [ 'lv6oKP_AP3IzLLHTAFAu', '960e1e5fd15d4b4d93b909311e4b7bdd' ]
[2021-05-04 13:58:58.180] [INFO] - query { rid: '960e1e5fd15d4b4d93b909311e4b7bdd',
  uid: 'd4dcf8d01d784ef7bfc3aefced472693',
  username: 'Phoebe_Zhao',
  role: '0',
  EIO: '3',
  transport: 'polling',
  t: 'NarzKaw' }
[2021-05-04 13:58:58.180] [INFO] - [ 'zYX9tHqE9VfwjdoKAFAv', '960e1e5fd15d4b4d93b909311e4b7bdd' ]
[2021-05-04 13:59:05.589] [INFO] - query { rid: '960e1e5fd15d4b4d93b909311e4b7bdd',
  uid: 'e347f9c4fbf34fc9a99e9e3792676d17',
  username: '天宝物华',
  role: '0',
  EIO: '3',
  transport: 'polling',
  t: 'NarzMRS' }
[2021-05-04 13:59:05.589] [INFO] - [ 'hNTeCYHIqVlQx21kAFAw', '960e1e5fd15d4b4d93b909311e4b7bdd' ]
[2021-05-04 13:59:16.217] [INFO] - query { rid: '960e1e5fd15d4b4d93b909311e4b7bdd',
  uid: 'fccc5a406684421896746cfbcf480218',
  username: 'Surprise maker',
  role: '0',
  EIO: '3',
  transport: 'polling',
  t: 'NarzOyv' }
[2021-05-04 13:59:16.218] [INFO] - [ 'K1vEm1FxNLCzbxrOAFAx', '960e1e5fd15d4b4d93b909311e4b7bdd' ]
[2021-05-04 13:59:21.873] [INFO] - query { rid: '960e1e5fd15d4b4d93b909311e4b7bdd',
  uid: 'e347f9c4fbf34fc9a99e9e3792676d17',
  username: '天宝物华',
  role: '0',
  EIO: '3',
  transport: 'polling',
  t: 'NarzQPz' }
[2021-05-04 13:59:21.873] [INFO] - [ 'twt8T9DiXm5h1PcEAFAy', '960e1e5fd15d4b4d93b909311e4b7bdd' ]
[2021-05-04 13:59:32.551] [INFO] - query { rid: '960e1e5fd15d4b4d93b909311e4b7bdd',
  uid: 'd4dcf8d01d784ef7bfc3aefced472693',
  username: 'Phoebe_Zhao',
  role: '0',
  EIO: '3',
  transport: 'polling',
  t: 'NarzSFe' }
[2021-05-04 13:59:32.552] [INFO] - [ 'hS0ytEivpV_mn4LFAFAz', '960e1e5fd15d4b4d93b909311e4b7bdd' ]
[2021-05-04 13:59:37.296] [INFO] - query { rid: '960e1e5fd15d4b4d93b909311e4b7bdd',
  uid: 'e347f9c4fbf34fc9a99e9e3792676d17',
  username: '天宝物华',
  role: '0',
  EIO: '3',
  transport: 'polling',
  t: 'NarzUAv' }
[2021-05-04 13:59:37.296] [INFO] - [ 'VVT6o4TseUlD34aoAFA0', '960e1e5fd15d4b4d93b909311e4b7bdd' ]
[2021-05-04 13:59:41.626] [INFO] - query { rid: '960e1e5fd15d4b4d93b909311e4b7bdd',
  uid: 'df9113dafe024a708d11ca9c9fa2c5e6',
  username: '郭卫平',
  role: '0',
  EIO: '3',
  transport: 'polling',
  t: 'NarzVAf' }
[2021-05-04 13:59:41.626] [INFO] - [ 'CPQAcLeBMuwsghxMAFA1', '960e1e5fd15d4b4d93b909311e4b7bdd' ]
[2021-05-04 14:00:24.448] [INFO] - query { rid: '960e1e5fd15d4b4d93b909311e4b7bdd',
  uid: 'd4dcf8d01d784ef7bfc3aefced472693',
  username: 'Phoebe_Zhao',
  role: '0',
  EIO: '3',
  transport: 'polling',
  t: 'NarzfeR' }
[2021-05-04 14:00:24.448] [INFO] - [ 'keLSFUVdbJTGlHNkAFA2', '960e1e5fd15d4b4d93b909311e4b7bdd' ]
[2021-05-04 14:01:01.378] [INFO] - query { rid: '960e1e5fd15d4b4d93b909311e4b7bdd',
  uid: '52402e6b485845b6aad382c383f5345a',
  username: 'ru',
  role: '0',
  EIO: '3',
  transport: 'polling',
  t: 'Narzoam' }
[2021-05-04 14:01:01.378] [INFO] - [ '99APJcjgaJznxY8gAFA3', '960e1e5fd15d4b4d93b909311e4b7bdd' ]
[2021-05-04 14:01:46.252] [INFO] - query { rid: '960e1e5fd15d4b4d93b909311e4b7bdd',
  uid: 'df9113dafe024a708d11ca9c9fa2c5e6',
  username: '郭卫平',
  role: '0',
  EIO: '3',
  transport: 'polling',
  t: 'NarzzdR' }
[2021-05-04 14:01:46.252] [INFO] - [ 'gOUDTQIxqJpOuJ6eAFA4', '960e1e5fd15d4b4d93b909311e4b7bdd' ]
[2021-05-04 14:02:11.774] [INFO] - query { rid: '960e1e5fd15d4b4d93b909311e4b7bdd',
  uid: 'd4dcf8d01d784ef7bfc3aefced472693',
  username: 'Phoebe_Zhao',
  role: '0',
  EIO: '3',
  transport: 'polling',
  t: 'Nar-3p_' }
[2021-05-04 14:02:11.774] [INFO] - [ '6DNlg4CvI_yF90uzAFA5', '960e1e5fd15d4b4d93b909311e4b7bdd' ]
[2021-05-04 14:02:41.899] [INFO] - query { rid: '960e1e5fd15d4b4d93b909311e4b7bdd',
  uid: '814e5fcd0c434ad7b3c47a519e014e04',
  username: '周老师',
  role: '0',
  EIO: '3',
  transport: 'polling',
  t: 'Nar-B6o' }
[2021-05-04 14:02:41.899] [INFO] - [ 'NVlmh9nE9HAH_n3BAFA6', '960e1e5fd15d4b4d93b909311e4b7bdd' ]
[2021-05-04 14:03:15.055] [INFO] - query { rid: '960e1e5fd15d4b4d93b909311e4b7bdd',
  uid: 'fccc5a406684421896746cfbcf480218',
  username: 'Surprise maker',
  role: '0',
  EIO: '3',
  transport: 'polling',
  t: 'Nar-KPz' }
[2021-05-04 14:03:15.056] [INFO] - [ 'oQmKKRKJtqRaP1QjAFA7', '960e1e5fd15d4b4d93b909311e4b7bdd' ]
[2021-05-04 14:03:18.994] [INFO] - query { rid: '960e1e5fd15d4b4d93b909311e4b7bdd',
  uid: '49cf85be70ed4dc8942ac2fdf41be27e',
  username: '张伟民',
  role: '0',
  EIO: '3',
  transport: 'polling',
  t: 'Nar-K2t' }
[2021-05-04 14:03:18.994] [INFO] - [ '6jk_sCqxrNr5eSkPAFA8', '960e1e5fd15d4b4d93b909311e4b7bdd' ]
[2021-05-04 14:04:11.555] [INFO] - query { rid: '960e1e5fd15d4b4d93b909311e4b7bdd',
  uid: 'd5325420c3294ab586ce91dad1d56103',
  username: 'juan',
  role: '0',
  EIO: '3',
  transport: 'polling',
  t: 'Nar-X6R' }
[2021-05-04 14:04:11.555] [INFO] - [ 'TqXlOOFTeDQCBopRAFA9', '960e1e5fd15d4b4d93b909311e4b7bdd' ]
[2021-05-04 14:04:17.932] [INFO] - query { rid: '960e1e5fd15d4b4d93b909311e4b7bdd',
  uid: '814e5fcd0c434ad7b3c47a519e014e04',
  username: '周老师',
  role: '0',
  EIO: '3',
  transport: 'polling',
  t: 'Nar-YZG' }
[2021-05-04 14:04:17.932] [INFO] - [ 'cTfitdE_Ze0yYynsAFA-', '960e1e5fd15d4b4d93b909311e4b7bdd' ]
[2021-05-04 14:05:01.707] [INFO] - query { rid: '960e1e5fd15d4b4d93b909311e4b7bdd',
  uid: '025311ed43bb4d3db2b84da612819b02',
  username: 'grace',
  role: '0',
  EIO: '3',
  transport: 'polling',
  t: 'Nar-iow' }
[2021-05-04 14:05:01.707] [INFO] - [ '2tE7RqzOMmINYy7cAFA_', '960e1e5fd15d4b4d93b909311e4b7bdd' ]
[2021-05-04 14:05:11.341] [INFO] - query { rid: '960e1e5fd15d4b4d93b909311e4b7bdd',
  uid: 'ac7f503779e549119056bd715a7ec27d',
  username: '毓靜',
  role: '0',
  EIO: '3',
  transport: 'polling',
  t: 'Nar-laL' }
[2021-05-04 14:05:11.341] [INFO] - [ 'AMffdYbIX7a7CMdxAFBA', '960e1e5fd15d4b4d93b909311e4b7bdd' ]
[2021-05-04 14:05:44.483] [INFO] - query { rid: '960e1e5fd15d4b4d93b909311e4b7bdd',
  uid: 'e11e4527baba4c8fa1c59160bf15ba02',
  username: '殷柏荣',
  role: '0',
  EIO: '3',
  transport: 'polling',
  t: 'Nar-v0w' }
[2021-05-04 14:05:44.483] [INFO] - [ '52DFMWfsNXivBar8AFBB', '960e1e5fd15d4b4d93b909311e4b7bdd' ]
[2021-05-04 14:05:48.147] [INFO] - query { rid: '960e1e5fd15d4b4d93b909311e4b7bdd',
  uid: '814e5fcd0c434ad7b3c47a519e014e04',
  username: '周老师',
  role: '0',
  EIO: '3',
  transport: 'polling',
  t: 'Nar-ugG' }
[2021-05-04 14:05:48.148] [INFO] - [ 'KE2Uhau78mihV5NwAFBC', '960e1e5fd15d4b4d93b909311e4b7bdd' ]
[2021-05-04 14:05:55.697] [INFO] - query { rid: '960e1e5fd15d4b4d93b909311e4b7bdd',
  uid: 'e464c5f2c67c458f87cca046a879569f',
  username: '罗育德',
  role: '0',
  EIO: '3',
  transport: 'polling',
  t: 'Nar-wny' }
[2021-05-04 14:05:55.697] [INFO] - [ 'qrhNheua4hJO0X4XAFBD', '960e1e5fd15d4b4d93b909311e4b7bdd' ]
[2021-05-04 14:06:19.179] [INFO] - query { rid: '960e1e5fd15d4b4d93b909311e4b7bdd',
  uid: '033789a10f9a4b2287ce20d59d9fd7a7',
  username: '吴明生',
  role: '0',
  EIO: '3',
  transport: 'polling',
  t: 'Nar_0G5' }
[2021-05-04 14:06:19.179] [INFO] - [ 'WtJ03xT7u61kK3hEAFBE', '960e1e5fd15d4b4d93b909311e4b7bdd' ]
[2021-05-04 14:06:24.327] [INFO] - query { rid: '960e1e5fd15d4b4d93b909311e4b7bdd',
  uid: '025311ed43bb4d3db2b84da612819b02',
  username: 'grace',
  role: '0',
  EIO: '3',
  transport: 'polling',
  t: 'Nar_0z-' }
[2021-05-04 14:06:24.327] [INFO] - [ '_BuzaqLnuE4okL-gAFBF', '960e1e5fd15d4b4d93b909311e4b7bdd' ]
[2021-05-04 14:06:42.229] [INFO] - query { rid: '960e1e5fd15d4b4d93b909311e4b7bdd',
  uid: 'e0d9fce25a8c4476bfeac8c0d4ffbb88',
  username: 'Nick',
  role: '0',
  EIO: '3',
  transport: 'polling',
  t: 'Nar_5qd' }
[2021-05-04 14:06:42.229] [INFO] - [ 'WVUGL1IPAvqMR8BuAFBG', '960e1e5fd15d4b4d93b909311e4b7bdd' ]
[2021-05-04 14:06:49.785] [INFO] - gift { role: 0,
  _id: 'WVUGL1IPAvqMR8BuAFBG',
  msg: '气球',
  num: 1,
  img: 'https://culturecloud-live.oss-cn-shanghai.aliyuncs.com/gift/气球.gif' }
[2021-05-04 14:06:50.261] [INFO] - query { rid: '960e1e5fd15d4b4d93b909311e4b7bdd',
  uid: 'b2ff40ede5484d9f903103995023d72a',
  username: 'L.Kong',
  role: '0',
  EIO: '3',
  transport: 'polling',
  t: 'Nar_8Ft' }
[2021-05-04 14:06:50.261] [INFO] - [ 'C5oSq9MxGP5q3Cq3AFBH', '960e1e5fd15d4b4d93b909311e4b7bdd' ]
[2021-05-04 14:07:12.198] [INFO] - query { rid: '960e1e5fd15d4b4d93b909311e4b7bdd',
  uid: 'b2ff40ede5484d9f903103995023d72a',
  username: 'L.Kong',
  role: '0',
  EIO: '3',
  transport: 'polling',
  t: 'Nar_Dcn' }
[2021-05-04 14:07:12.198] [INFO] - [ 'Kdqn818ocWMqm6RnAFBI', '960e1e5fd15d4b4d93b909311e4b7bdd' ]
[2021-05-04 14:07:18.391] [INFO] - query { rid: '960e1e5fd15d4b4d93b909311e4b7bdd',
  uid: 'b2ff40ede5484d9f903103995023d72a',
  username: 'L.Kong',
  role: '0',
  EIO: '3',
  transport: 'polling',
  t: 'Nar_F7S' }
[2021-05-04 14:07:18.391] [INFO] - [ 'UrwYKSpkbPQ9guLAAFBJ', '960e1e5fd15d4b4d93b909311e4b7bdd' ]
[2021-05-04 14:07:44.034] [INFO] - query { rid: '960e1e5fd15d4b4d93b909311e4b7bdd',
  uid: 'ac7f503779e549119056bd715a7ec27d',
  username: '毓靜',
  role: '0',
  EIO: '3',
  transport: 'polling',
  t: 'Nar_Krh' }
[2021-05-04 14:07:44.035] [INFO] - [ 'Bjy27NWbfKHK80IEAFBK', '960e1e5fd15d4b4d93b909311e4b7bdd' ]
[2021-05-04 14:07:58.768] [INFO] - query { rid: '960e1e5fd15d4b4d93b909311e4b7bdd',
  uid: '49cf85be70ed4dc8942ac2fdf41be27e',
  username: '张伟民',
  role: '0',
  EIO: '3',
  transport: 'polling',
  t: 'Nar_OMQ' }
[2021-05-04 14:07:58.768] [INFO] - [ 'AVcqwbuDk7e8RghgAFBL', '960e1e5fd15d4b4d93b909311e4b7bdd' ]
[2021-05-04 14:08:25.391] [INFO] - gift { role: 0,
  _id: '8Hwpg61_OMYuXLlfAFAt',
  msg: '爱心',
  num: 1,
  img: 'https://culturecloud-live.oss-cn-shanghai.aliyuncs.com/gift/爱心.gif' }
[2021-05-04 14:08:30.551] [INFO] - query { rid: '960e1e5fd15d4b4d93b909311e4b7bdd',
  uid: '033789a10f9a4b2287ce20d59d9fd7a7',
  username: '吴明生',
  role: '0',
  EIO: '3',
  transport: 'polling',
  t: 'Nar_WKc' }
[2021-05-04 14:08:30.551] [INFO] - [ 'pBAY8Hyxf7Y8w1q2AFBM', '960e1e5fd15d4b4d93b909311e4b7bdd' ]
[2021-05-04 14:08:38.094] [INFO] - query { rid: '960e1e5fd15d4b4d93b909311e4b7bdd',
  uid: 'e0d9fce25a8c4476bfeac8c0d4ffbb88',
  username: 'Nick',
  role: '0',
  EIO: '3',
  transport: 'polling',
  t: 'Nar_Y77' }
[2021-05-04 14:08:38.094] [INFO] - [ '2BVNz_6nsD1PPD-0AFBN', '960e1e5fd15d4b4d93b909311e4b7bdd' ]
[2021-05-04 14:08:42.974] [INFO] - gift { role: 0,
  _id: '8Hwpg61_OMYuXLlfAFAt',
  msg: '气球',
  num: 1,
  img: 'https://culturecloud-live.oss-cn-shanghai.aliyuncs.com/gift/气球.gif' }
[2021-05-04 14:09:23.595] [INFO] - query { rid: '960e1e5fd15d4b4d93b909311e4b7bdd',
  uid: '687eb4c981e346fd9f9410d8b67fc798',
  username: 'VictorPeng',
  role: '0',
  EIO: '3',
  transport: 'polling',
  t: 'Nar_j3t' }
[2021-05-04 14:09:23.596] [INFO] - [ 'LrWCBzSwe2EEp8WtAFBO', '960e1e5fd15d4b4d93b909311e4b7bdd' ]
[2021-05-04 14:09:24.962] [INFO] - query { rid: '960e1e5fd15d4b4d93b909311e4b7bdd',
  uid: 'c8dd9ff7aa8449dbb54334024f6d5674',
  username: '晓猪姐姐',
  role: '0',
  EIO: '3',
  transport: 'polling',
  t: 'Nar_jUM' }
[2021-05-04 14:09:24.962] [INFO] - [ 'ivwnYSufqki7JQBQAFBP', '960e1e5fd15d4b4d93b909311e4b7bdd' ]
[2021-05-04 14:09:55.542] [INFO] - query { rid: '960e1e5fd15d4b4d93b909311e4b7bdd',
  uid: '687eb4c981e346fd9f9410d8b67fc798',
  username: 'VictorPeng',
  role: '0',
  EIO: '3',
  transport: 'polling',
  t: 'Nar_qt2' }
[2021-05-04 14:09:55.542] [INFO] - [ 'yCTJwXOm9qeLiwlYAFBQ', '960e1e5fd15d4b4d93b909311e4b7bdd' ]
[2021-05-04 14:10:05.055] [INFO] - query { rid: '960e1e5fd15d4b4d93b909311e4b7bdd',
  uid: '687eb4c981e346fd9f9410d8b67fc798',
  username: 'VictorPeng',
  role: '0',
  EIO: '3',
  transport: 'polling',
  t: 'Nar_tBk' }
[2021-05-04 14:10:05.055] [INFO] - [ 'RPxhPKLtkO091i7PAFBR', '960e1e5fd15d4b4d93b909311e4b7bdd' ]
[2021-05-04 14:11:18.888] [INFO] - query { rid: '960e1e5fd15d4b4d93b909311e4b7bdd',
  uid: '33ed469049fb4184a91bca6229c48950',
  username: 'why2475c491dd',
  role: '0',
  EIO: '3',
  transport: 'polling',
  t: 'Nas09A8' }
[2021-05-04 14:11:18.888] [INFO] - [ 'F6F3U1M1GYrHqlP0AFBS', '960e1e5fd15d4b4d93b909311e4b7bdd' ]
[2021-05-04 14:11:36.723] [INFO] - query { rid: '960e1e5fd15d4b4d93b909311e4b7bdd',
  uid: '49cf85be70ed4dc8942ac2fdf41be27e',
  username: '张伟民',
  role: '0',
  EIO: '3',
  transport: 'polling',
  t: 'Nas0DZw' }
[2021-05-04 14:11:36.724] [INFO] - [ '39zRwdyvv0uW4LluAFBT', '960e1e5fd15d4b4d93b909311e4b7bdd' ]
[2021-05-04 14:12:33.187] [INFO] - query { rid: '960e1e5fd15d4b4d93b909311e4b7bdd',
  uid: 'ed6656e748404749ae6e86c5f99b5255',
  username: 'jiaquan18',
  role: '0',
  EIO: '3',
  transport: 'polling',
  t: 'Nas0Rft' }
[2021-05-04 14:12:33.187] [INFO] - [ 'fxzyYl6Z3j0SkDaWAFBU', '960e1e5fd15d4b4d93b909311e4b7bdd' ]
[2021-05-04 14:13:36.918] [INFO] - query { rid: '960e1e5fd15d4b4d93b909311e4b7bdd',
  uid: 'bc1d7a55cf99484e8c868a5d2c567d3b',
  username: '袁玉平',
  role: '0',
  EIO: '3',
  transport: 'polling',
  t: 'Nas0h6k' }
[2021-05-04 14:13:36.918] [INFO] - [ '-8fWtIQt34il2XZ3AFBV', '960e1e5fd15d4b4d93b909311e4b7bdd' ]
[2021-05-04 14:13:39.820] [INFO] - query { rid: '960e1e5fd15d4b4d93b909311e4b7bdd',
  uid: '5d834271920f4b86b88f8607d94eb47e',
  username: '马大姐 ',
  role: '0',
  EIO: '3',
  transport: 'polling',
  t: 'Nas0hqA' }
[2021-05-04 14:13:39.820] [INFO] - [ 'XNa7lDAfgeglCWUiAFBW', '960e1e5fd15d4b4d93b909311e4b7bdd' ]
[2021-05-04 14:13:53.820] [INFO] - msg { role: 0,
  username: 'jiaquan18',
  _id: 'fxzyYl6Z3j0SkDaWAFBU',
  msg: '爱乐，灵额！' }
[2021-05-04 14:13:54.198] [INFO] - query { rid: '960e1e5fd15d4b4d93b909311e4b7bdd',
  uid: '8b8b7e0497a34d3395a10dede1397748',
  username: 'why6ec4a8871f',
  role: '0',
  EIO: '3',
  transport: 'polling',
  t: 'Nas0lKE' }
[2021-05-04 14:13:54.199] [INFO] - [ 'WfWaKoaAh7yI7VSYAFBX', '960e1e5fd15d4b4d93b909311e4b7bdd' ]
[2021-05-04 14:14:00.737] [INFO] - query { rid: '960e1e5fd15d4b4d93b909311e4b7bdd',
  uid: '733f221727a248e69e4f3ca3bd1ae893',
  username: '.',
  role: '0',
  EIO: '3',
  transport: 'polling',
  t: 'Nas0mx9' }
[2021-05-04 14:14:00.738] [INFO] - [ '84LuhClvbLExDuVWAFBY', '960e1e5fd15d4b4d93b909311e4b7bdd' ]
[2021-05-04 14:14:16.181] [INFO] - query { rid: '960e1e5fd15d4b4d93b909311e4b7bdd',
  uid: 'ed6656e748404749ae6e86c5f99b5255',
  username: 'jiaquan18',
  role: '0',
  EIO: '3',
  transport: 'polling',
  t: 'Nas0qpA' }
[2021-05-04 14:14:16.181] [INFO] - [ '3M3gV9mJs8YgaeV9AFBZ', '960e1e5fd15d4b4d93b909311e4b7bdd' ]
[2021-05-04 14:14:18.510] [INFO] - query { rid: '960e1e5fd15d4b4d93b909311e4b7bdd',
  uid: 'ed6656e748404749ae6e86c5f99b5255',
  username: 'jiaquan18',
  role: '0',
  EIO: '3',
  transport: 'polling',
  t: 'Nas0rNZ' }
[2021-05-04 14:14:18.510] [INFO] - [ 'FD60lxtPYGxwdQmjAFBa', '960e1e5fd15d4b4d93b909311e4b7bdd' ]
[2021-05-04 14:14:28.935] [INFO] - query { rid: '960e1e5fd15d4b4d93b909311e4b7bdd',
  uid: '8b8b7e0497a34d3395a10dede1397748',
  username: 'why6ec4a8871f',
  role: '0',
  EIO: '3',
  transport: 'polling',
  t: 'Nas0tp5' }
[2021-05-04 14:14:28.935] [INFO] - [ 'C9jdM3Dbnt91jHzRAFBb', '960e1e5fd15d4b4d93b909311e4b7bdd' ]
[2021-05-04 14:14:47.970] [INFO] - query { rid: '960e1e5fd15d4b4d93b909311e4b7bdd',
  uid: '33ed469049fb4184a91bca6229c48950',
  username: 'why2475c491dd',
  role: '0',
  EIO: '3',
  transport: 'polling',
  t: 'Nas0y5f' }
[2021-05-04 14:14:47.970] [INFO] - [ '2lLcugk82KZafdqDAFBc', '960e1e5fd15d4b4d93b909311e4b7bdd' ]
[2021-05-04 14:14:50.162] [INFO] - query { rid: '960e1e5fd15d4b4d93b909311e4b7bdd',
  uid: '9fccd6abfd2248a4a355a7af17c25f69',
  username: '洁琳',
  role: '0',
  EIO: '3',
  transport: 'polling',
  t: 'Nas0yfP' }
[2021-05-04 14:14:50.162] [INFO] - [ 'O36WmH_uIr-0vgl-AFBd', '960e1e5fd15d4b4d93b909311e4b7bdd' ]
[2021-05-04 14:15:03.897] [INFO] - query { rid: '960e1e5fd15d4b4d93b909311e4b7bdd',
  uid: '5d834271920f4b86b88f8607d94eb47e',
  username: '马大姐 ',
  role: '0',
  EIO: '3',
  transport: 'polling',
  t: 'Nas10Lv' }
[2021-05-04 14:15:03.898] [INFO] - [ 'njyBA_LnJEfJK-R8AFBe', '960e1e5fd15d4b4d93b909311e4b7bdd' ]
[2021-05-04 14:15:19.996] [INFO] - query { rid: '960e1e5fd15d4b4d93b909311e4b7bdd',
  uid: '33ed469049fb4184a91bca6229c48950',
  username: 'why2475c491dd',
  role: '0',
  EIO: '3',
  transport: 'polling',
  t: 'Nas1410' }
[2021-05-04 14:15:19.996] [INFO] - [ 'loU3RQj3cosTjkqXAFBf', '960e1e5fd15d4b4d93b909311e4b7bdd' ]
[2021-05-04 14:15:56.109] [INFO] - query { rid: '960e1e5fd15d4b4d93b909311e4b7bdd',
  uid: 'ed6656e748404749ae6e86c5f99b5255',
  username: 'jiaquan18',
  role: '0',
  EIO: '3',
  transport: 'polling',
  t: 'Nas1DCc' }
[2021-05-04 14:15:56.109] [INFO] - [ 'B2FD6J-cBe8bN0aGAFBg', '960e1e5fd15d4b4d93b909311e4b7bdd' ]
[2021-05-04 14:16:12.483] [INFO] - query { rid: '960e1e5fd15d4b4d93b909311e4b7bdd',
  uid: 'ed6656e748404749ae6e86c5f99b5255',
  username: 'jiaquan18',
  role: '0',
  EIO: '3',
  transport: 'polling',
  t: 'Nas1HCP' }
[2021-05-04 14:16:12.484] [INFO] - [ 'kPhI75NZTzCoVd7tAFBh', '960e1e5fd15d4b4d93b909311e4b7bdd' ]
[2021-05-04 14:17:56.555] [INFO] - query { rid: '960e1e5fd15d4b4d93b909311e4b7bdd',
  uid: 'df9113dafe024a708d11ca9c9fa2c5e6',
  username: '郭卫平',
  role: '0',
  EIO: '3',
  transport: 'polling',
  t: 'Nas1gWW' }
[2021-05-04 14:17:56.556] [INFO] - [ 'CLPawrUju_9KCT62AFBi', '960e1e5fd15d4b4d93b909311e4b7bdd' ]
[2021-05-04 14:18:13.921] [INFO] - query { rid: '960e1e5fd15d4b4d93b909311e4b7bdd',
  uid: 'ed6656e748404749ae6e86c5f99b5255',
  username: 'jiaquan18',
  role: '0',
  EIO: '3',
  transport: 'polling',
  t: 'Nas1krj' }
[2021-05-04 14:18:13.921] [INFO] - [ '7qyt006HFeRkImfiAFBj', '960e1e5fd15d4b4d93b909311e4b7bdd' ]
[2021-05-04 14:18:17.914] [INFO] - query { rid: '960e1e5fd15d4b4d93b909311e4b7bdd',
  uid: 'f091855c696d405ab70b74fe428e0012',
  username: 'GQXC',
  role: '0',
  EIO: '3',
  transport: 'polling',
  t: 'Nas1lx0' }
[2021-05-04 14:18:17.914] [INFO] - [ 'q-GJ_h2xbJ4pxkIZAFBk', '960e1e5fd15d4b4d93b909311e4b7bdd' ]
[2021-05-04 14:18:20.670] [INFO] - query { rid: '960e1e5fd15d4b4d93b909311e4b7bdd',
  uid: 'ed6656e748404749ae6e86c5f99b5255',
  username: 'jiaquan18',
  role: '0',
  EIO: '3',
  transport: 'polling',
  t: 'Nas1mUr' }
[2021-05-04 14:18:20.671] [INFO] - [ 'h0lG-wuZpxeMzRmuAFBl', '960e1e5fd15d4b4d93b909311e4b7bdd' ]
[2021-05-04 14:19:50.728] [INFO] - query { rid: '960e1e5fd15d4b4d93b909311e4b7bdd',
  uid: 'ed6656e748404749ae6e86c5f99b5255',
  username: 'jiaquan18',
  role: '0',
  EIO: '3',
  transport: 'polling',
  t: 'Nas26Tw' }
[2021-05-04 14:19:50.728] [INFO] - [ '9YjltOkZOwrfbNeYAFBm', '960e1e5fd15d4b4d93b909311e4b7bdd' ]
[2021-05-04 14:20:50.598] [INFO] - query { rid: '960e1e5fd15d4b4d93b909311e4b7bdd',
  uid: '649a2ea2178d40fca82a7cca659b3086',
  username: '小吭吭鹅',
  role: '0',
  EIO: '3',
  transport: 'polling',
  t: 'Nas2L6Y' }
[2021-05-04 14:20:50.599] [INFO] - [ '-85tZaDEAZ53dJvXAFBn', '960e1e5fd15d4b4d93b909311e4b7bdd' ]
[2021-05-04 14:20:54.898] [INFO] - query { rid: '960e1e5fd15d4b4d93b909311e4b7bdd',
  uid: 'bc1d7a55cf99484e8c868a5d2c567d3b',
  username: '袁玉平',
  role: '0',
  EIO: '3',
  transport: 'polling',
  t: 'Nas2M26' }
[2021-05-04 14:20:54.899] [INFO] - [ 'dcpZFV1TZnWhj4lWAFBo', '960e1e5fd15d4b4d93b909311e4b7bdd' ]
[2021-05-04 14:21:06.898] [INFO] - query { rid: '960e1e5fd15d4b4d93b909311e4b7bdd',
  uid: '238cda1fe09244e680d317014d9f5400',
  username: '乙人',
  role: '0',
  EIO: '3',
  transport: 'polling',
  t: 'Nas2Ozw' }
[2021-05-04 14:21:06.899] [INFO] - [ 'fLwZXZyPSezMkVxKAFBp', '960e1e5fd15d4b4d93b909311e4b7bdd' ]
[2021-05-04 14:21:12.709] [INFO] - msg { role: 0,
  username: '袁玉平',
  _id: 'dcpZFV1TZnWhj4lWAFBo',
  msg: '不错嘛！' }
[2021-05-04 14:22:03.042] [INFO] - query { rid: '960e1e5fd15d4b4d93b909311e4b7bdd',
  uid: '8cd8c4d008fc45cb9e0f8cef77466538',
  username: '薛国庆',
  role: '0',
  EIO: '3',
  transport: 'polling',
  t: 'Nas2chG' }
[2021-05-04 14:22:03.042] [INFO] - [ '-BU7pIHSqftuOXH3AFBq', '960e1e5fd15d4b4d93b909311e4b7bdd' ]
[2021-05-04 14:22:13.770] [INFO] - query { rid: '960e1e5fd15d4b4d93b909311e4b7bdd',
  uid: '649a2ea2178d40fca82a7cca659b3086',
  username: '小吭吭鹅',
  role: '0',
  EIO: '3',
  transport: 'polling',
  t: 'Nas2ex0' }
[2021-05-04 14:22:13.770] [INFO] - [ 'TqcYyEKgrfl4WXtxAFBr', '960e1e5fd15d4b4d93b909311e4b7bdd' ]
[2021-05-04 14:22:54.822] [INFO] - query { rid: '960e1e5fd15d4b4d93b909311e4b7bdd',
  uid: 'e347f9c4fbf34fc9a99e9e3792676d17',
  username: '天宝物华',
  role: '0',
  EIO: '3',
  transport: 'polling',
  t: 'Nas2pNQ' }
[2021-05-04 14:22:54.822] [INFO] - [ 'aTTHY8ntdTlU1m5-AFBs', '960e1e5fd15d4b4d93b909311e4b7bdd' ]
[2021-05-04 14:23:52.998] [INFO] - query { rid: '960e1e5fd15d4b4d93b909311e4b7bdd',
  uid: '49cf85be70ed4dc8942ac2fdf41be27e',
  username: '张伟民',
  role: '0',
  EIO: '3',
  transport: 'polling',
  t: 'Nas31KC' }
[2021-05-04 14:23:52.998] [INFO] - [ 'W8YqNKBWIMA7JotPAFBt', '960e1e5fd15d4b4d93b909311e4b7bdd' ]
[2021-05-04 14:24:15.729] [INFO] - query { rid: '960e1e5fd15d4b4d93b909311e4b7bdd',
  uid: 'fccc5a406684421896746cfbcf480218',
  username: 'Surprise maker',
  role: '0',
  EIO: '3',
  transport: 'polling',
  t: 'Nas38CA' }
[2021-05-04 14:24:15.729] [INFO] - [ 'VdKZE02NCaERMyK-AFBu', '960e1e5fd15d4b4d93b909311e4b7bdd' ]
[2021-05-04 14:24:18.902] [INFO] - query { rid: '960e1e5fd15d4b4d93b909311e4b7bdd',
  uid: 'f091855c696d405ab70b74fe428e0012',
  username: 'GQXC',
  role: '0',
  EIO: '3',
  transport: 'polling',
  t: 'Nas383M' }
[2021-05-04 14:24:18.902] [INFO] - [ 'HfqqTutZ7cU03L1PAFBv', '960e1e5fd15d4b4d93b909311e4b7bdd' ]
[2021-05-04 14:24:40.084] [INFO] - query { rid: '960e1e5fd15d4b4d93b909311e4b7bdd',
  uid: '033789a10f9a4b2287ce20d59d9fd7a7',
  username: '吴明生',
  role: '0',
  EIO: '3',
  transport: 'polling',
  t: 'Nas3DEZ' }
[2021-05-04 14:24:40.084] [INFO] - [ 'h2SD_Mm5xeUOO1ffAFBw', '960e1e5fd15d4b4d93b909311e4b7bdd' ]
[2021-05-04 14:24:52.622] [INFO] - query { rid: '960e1e5fd15d4b4d93b909311e4b7bdd',
  uid: 'fccc5a406684421896746cfbcf480218',
  username: 'Surprise maker',
  role: '0',
  EIO: '3',
  transport: 'polling',
  t: 'Nas3HCK' }
[2021-05-04 14:24:52.622] [INFO] - [ 'sNlTOJ64JjcodfTdAFBx', '960e1e5fd15d4b4d93b909311e4b7bdd' ]
[2021-05-04 14:25:18.468] [INFO] - query { rid: '960e1e5fd15d4b4d93b909311e4b7bdd',
  uid: 'df9113dafe024a708d11ca9c9fa2c5e6',
  username: '郭卫平',
  role: '0',
  EIO: '3',
  transport: 'polling',
  t: 'Nas3MP7' }
[2021-05-04 14:25:18.469] [INFO] - [ '-K445VN_A2rg4HMkAFBy', '960e1e5fd15d4b4d93b909311e4b7bdd' ]
[2021-05-04 14:25:55.619] [INFO] - query { rid: '960e1e5fd15d4b4d93b909311e4b7bdd',
  uid: 'f091855c696d405ab70b74fe428e0012',
  username: 'GQXC',
  role: '0',
  EIO: '3',
  transport: 'polling',
  t: 'Nas3Vgb' }
[2021-05-04 14:25:55.620] [INFO] - [ 'm09qYRcmk9KKVq3aAFBz', '960e1e5fd15d4b4d93b909311e4b7bdd' ]
[2021-05-04 14:26:59.905] [INFO] - query { rid: '960e1e5fd15d4b4d93b909311e4b7bdd',
  uid: 'f091855c696d405ab70b74fe428e0012',
  username: 'GQXC',
  role: '0',
  EIO: '3',
  transport: 'polling',
  t: 'Nas3lIR' }
[2021-05-04 14:26:59.905] [INFO] - [ 'VMPAVHS0dsevUHt6AFB0', '960e1e5fd15d4b4d93b909311e4b7bdd' ]
[2021-05-04 14:27:42.787] [INFO] - query { rid: '960e1e5fd15d4b4d93b909311e4b7bdd',
  uid: '49cf85be70ed4dc8942ac2fdf41be27e',
  username: '张伟民',
  role: '0',
  EIO: '3',
  transport: 'polling',
  t: 'Nas3vQR' }
[2021-05-04 14:27:42.787] [INFO] - [ 'dGKOhmjFTQ0OlqrOAFB1', '960e1e5fd15d4b4d93b909311e4b7bdd' ]
[2021-05-04 14:30:45.462] [INFO] - query { rid: '960e1e5fd15d4b4d93b909311e4b7bdd',
  uid: 'c561ea02dadd4326abdfdb87e9178111',
  username: '一把刀',
  role: '0',
  EIO: '3',
  transport: 'polling',
  t: 'Nas4cEd' }
[2021-05-04 14:30:45.462] [INFO] - [ 'kGMiWDOr5EK1_HNHAFB2', '960e1e5fd15d4b4d93b909311e4b7bdd' ]
[2021-05-04 14:31:20.856] [INFO] - query { rid: '960e1e5fd15d4b4d93b909311e4b7bdd',
  uid: 'df9113dafe024a708d11ca9c9fa2c5e6',
  username: '郭卫平',
  role: '0',
  EIO: '3',
  transport: 'polling',
  t: 'Nas4kt_' }
[2021-05-04 14:31:20.856] [INFO] - [ 'IYNz6xXJqxVneSSKAFB3', '960e1e5fd15d4b4d93b909311e4b7bdd' ]
[2021-05-04 14:31:54.849] [INFO] - query { rid: '960e1e5fd15d4b4d93b909311e4b7bdd',
  uid: 'fccc5a406684421896746cfbcf480218',
  username: 'Surprise maker',
  role: '0',
  EIO: '3',
  transport: 'polling',
  t: 'Nas4uHO' }
[2021-05-04 14:31:54.850] [INFO] - [ 'kHdoIZwncSOs3MznAFB4', '960e1e5fd15d4b4d93b909311e4b7bdd' ]
[2021-05-04 14:32:40.001] [INFO] - query { rid: '960e1e5fd15d4b4d93b909311e4b7bdd',
  uid: 'fccc5a406684421896746cfbcf480218',
  username: 'Surprise maker',
  role: '0',
  EIO: '3',
  transport: 'polling',
  t: 'Nas53Iu' }
[2021-05-04 14:32:40.002] [INFO] - [ 'x7SCi_5urI2t7LdyAFB5', '960e1e5fd15d4b4d93b909311e4b7bdd' ]
[2021-05-04 14:32:49.382] [INFO] - gift { role: 0,
  _id: 'O36WmH_uIr-0vgl-AFBd',
  msg: '爱心',
  num: 1,
  img: 'https://culturecloud-live.oss-cn-shanghai.aliyuncs.com/gift/爱心.gif' }
[2021-05-04 14:33:02.995] [INFO] - gift { role: 0,
  _id: 'O36WmH_uIr-0vgl-AFBd',
  msg: '气球',
  num: 1,
  img: 'https://culturecloud-live.oss-cn-shanghai.aliyuncs.com/gift/气球.gif' }
[2021-05-04 14:33:11.383] [INFO] - gift { role: 0,
  _id: 'O36WmH_uIr-0vgl-AFBd',
  msg: '666',
  num: 1,
  img: 'https://culturecloud-live.oss-cn-shanghai.aliyuncs.com/gift/666.gif' }
[2021-05-04 14:33:19.521] [INFO] - gift { role: 0,
  _id: 'O36WmH_uIr-0vgl-AFBd',
  msg: '棒棒糖',
  num: 1,
  img: 'https://culturecloud-live.oss-cn-shanghai.aliyuncs.com/gift/棒棒糖.gif' }
[2021-05-04 14:33:27.876] [INFO] - gift { role: 0,
  _id: 'O36WmH_uIr-0vgl-AFBd',
  msg: '福字',
  num: 1,
  img: 'https://culturecloud-live.oss-cn-shanghai.aliyuncs.com/gift/福字.gif' }
[2021-05-04 14:33:33.734] [INFO] - gift { role: 0,
  _id: 'O36WmH_uIr-0vgl-AFBd',
  msg: '666',
  num: 1,
  img: 'https://culturecloud-live.oss-cn-shanghai.aliyuncs.com/gift/666.gif' }
[2021-05-04 14:33:39.259] [INFO] - gift { role: 0,
  _id: 'O36WmH_uIr-0vgl-AFBd',
  msg: '红包',
  num: 1,
  img: 'https://culturecloud-live.oss-cn-shanghai.aliyuncs.com/gift/红包.gif' }
[2021-05-04 14:33:46.832] [INFO] - gift { role: 0,
  _id: 'O36WmH_uIr-0vgl-AFBd',
  msg: '荧光棒',
  num: 1,
  img: 'https://culturecloud-live.oss-cn-shanghai.aliyuncs.com/gift/荧光棒.gif' }
[2021-05-04 14:33:51.531] [INFO] - gift { role: 0,
  _id: 'O36WmH_uIr-0vgl-AFBd',
  msg: '气球',
  num: 1,
  img: 'https://culturecloud-live.oss-cn-shanghai.aliyuncs.com/gift/气球.gif' }
[2021-05-04 14:33:54.564] [INFO] - gift { role: 0,
  _id: 'O36WmH_uIr-0vgl-AFBd',
  msg: '气球',
  num: 1,
  img: 'https://culturecloud-live.oss-cn-shanghai.aliyuncs.com/gift/气球.gif' }
[2021-05-04 14:34:20.237] [INFO] - query { rid: '960e1e5fd15d4b4d93b909311e4b7bdd',
  uid: '9fccd6abfd2248a4a355a7af17c25f69',
  username: '洁琳',
  role: '0',
  EIO: '3',
  transport: 'polling',
  t: 'Nas5QJc' }
[2021-05-04 14:34:20.237] [INFO] - [ 'IhHfeuBgvWtKyidZAFB6', '960e1e5fd15d4b4d93b909311e4b7bdd' ]
[2021-05-04 14:34:25.982] [INFO] - query { rid: '960e1e5fd15d4b4d93b909311e4b7bdd',
  uid: 'fccc5a406684421896746cfbcf480218',
  username: 'Surprise maker',
  role: '0',
  EIO: '3',
  transport: 'polling',
  t: 'Nas5TAX' }
[2021-05-04 14:34:25.982] [INFO] - [ '3puBtYEnPmu2YjcZAFB7', '960e1e5fd15d4b4d93b909311e4b7bdd' ]
[2021-05-04 14:36:58.181] [INFO] - query { rid: '960e1e5fd15d4b4d93b909311e4b7bdd',
  uid: 'fccc5a406684421896746cfbcf480218',
  username: 'Surprise maker',
  role: '0',
  EIO: '3',
  transport: 'polling',
  t: 'Nas62LL' }
[2021-05-04 14:36:58.181] [INFO] - [ 'NjK44fvjVhbEent5AFB8', '960e1e5fd15d4b4d93b909311e4b7bdd' ]
[2021-05-04 14:38:14.600] [INFO] - query { rid: '960e1e5fd15d4b4d93b909311e4b7bdd',
  uid: 'df9113dafe024a708d11ca9c9fa2c5e6',
  username: '郭卫平',
  role: '0',
  EIO: '3',
  transport: 'polling',
  t: 'Nas6Juk' }
[2021-05-04 14:38:14.600] [INFO] - [ 'waOlLpI9NW6DgQwvAFB9', '960e1e5fd15d4b4d93b909311e4b7bdd' ]
[2021-05-04 14:41:54.903] [INFO] - query { rid: '960e1e5fd15d4b4d93b909311e4b7bdd',
  uid: 'fccc5a406684421896746cfbcf480218',
  username: 'Surprise maker',
  role: '0',
  EIO: '3',
  transport: 'polling',
  t: 'Nas7AnV' }
[2021-05-04 14:41:54.903] [INFO] - [ 'G5OeOa7Z1fYorNn2AFB-', '960e1e5fd15d4b4d93b909311e4b7bdd' ]
[2021-05-04 14:42:12.783] [INFO] - query { rid: '960e1e5fd15d4b4d93b909311e4b7bdd',
  uid: '527e99f1f2714e29a70a7c96e1997465',
  username: '咖啡夹心糖',
  role: '0',
  EIO: '3',
  transport: 'polling',
  t: 'Nas7E5U' }
[2021-05-04 14:42:12.784] [INFO] - [ 'Lt0MddXX4SrLj7YZAFB_', '960e1e5fd15d4b4d93b909311e4b7bdd' ]
[2021-05-04 14:44:23.324] [INFO] - query { rid: '960e1e5fd15d4b4d93b909311e4b7bdd',
  uid: 'fccc5a406684421896746cfbcf480218',
  username: 'Surprise maker',
  role: '0',
  EIO: '3',
  transport: 'polling',
  t: 'Nas7l0Z' }
[2021-05-04 14:44:23.325] [INFO] - [ '8ZnGZeIrq2tnBePcAFCA', '960e1e5fd15d4b4d93b909311e4b7bdd' ]
[2021-05-04 14:47:25.554] [INFO] - query { rid: '960e1e5fd15d4b4d93b909311e4b7bdd',
  uid: 'e0d9fce25a8c4476bfeac8c0d4ffbb88',
  username: 'Nick',
  role: '0',
  EIO: '3',
  transport: 'polling',
  t: 'Nas8QM7' }
[2021-05-04 14:47:25.555] [INFO] - [ 'nY9Mhn1pEI4Sw2XMAFCB', '960e1e5fd15d4b4d93b909311e4b7bdd' ]
[2021-05-04 14:48:19.999] [INFO] - query { rid: '960e1e5fd15d4b4d93b909311e4b7bdd',
  uid: '49cf85be70ed4dc8942ac2fdf41be27e',
  username: '张伟民',
  role: '0',
  EIO: '3',
  transport: 'polling',
  t: 'Nas8dTb' }
[2021-05-04 14:48:19.999] [INFO] - [ 'WDFprEwWolLf5OB8AFCC', '960e1e5fd15d4b4d93b909311e4b7bdd' ]
[2021-05-04 14:48:25.551] [INFO] - query { rid: '960e1e5fd15d4b4d93b909311e4b7bdd',
  uid: 'fccc5a406684421896746cfbcf480218',
  username: 'Surprise maker',
  role: '0',
  EIO: '3',
  transport: 'polling',
  t: 'Nas8g9O' }
[2021-05-04 14:48:25.551] [INFO] - [ 'GkphZif_2MRDtyieAFCD', '960e1e5fd15d4b4d93b909311e4b7bdd' ]
[2021-05-04 14:48:55.832] [INFO] - query { rid: '960e1e5fd15d4b4d93b909311e4b7bdd',
  uid: 'e0d9fce25a8c4476bfeac8c0d4ffbb88',
  username: 'Nick',
  role: '0',
  EIO: '3',
  transport: 'polling',
  t: 'Nas8mOp' }
[2021-05-04 14:48:55.833] [INFO] - [ 'MKWRh0vFz8uVjrzjAFCE', '960e1e5fd15d4b4d93b909311e4b7bdd' ]
[2021-05-04 14:49:13.604] [INFO] - msg { role: 0,
  username: 'Nick',
  _id: 'MKWRh0vFz8uVjrzjAFCE',
  msg: '下雨了' }
[2021-05-04 14:50:17.955] [INFO] - query { rid: '960e1e5fd15d4b4d93b909311e4b7bdd',
  uid: '2d92a931316a47c39d5bf9d73d0a47cb',
  username: '纬文',
  role: '0',
  EIO: '3',
  transport: 'polling',
  t: 'Nas94hT' }
[2021-05-04 14:50:17.955] [INFO] - [ 'p1Gj81MllDjQKCPmAFCF', '960e1e5fd15d4b4d93b909311e4b7bdd' ]
[2021-05-04 14:51:17.729] [INFO] - query { rid: '960e1e5fd15d4b4d93b909311e4b7bdd',
  uid: '2d92a931316a47c39d5bf9d73d0a47cb',
  username: '纬文',
  role: '0',
  EIO: '3',
  transport: 'polling',
  t: 'Nas9JHS' }
[2021-05-04 14:51:17.730] [INFO] - [ 'pnT9oaH5wVg-qcttAFCG', '960e1e5fd15d4b4d93b909311e4b7bdd' ]
[2021-05-04 14:51:42.520] [INFO] - query { rid: '960e1e5fd15d4b4d93b909311e4b7bdd',
  uid: 'c8c5ba468e8e479593474faea750ec2f',
  username: 'Revive',
  role: '0',
  EIO: '3',
  transport: 'polling',
  t: 'Nas9P7y' }
[2021-05-04 14:51:42.520] [INFO] - [ '5KmKmeAY_cM8AHXEAFCH', '960e1e5fd15d4b4d93b909311e4b7bdd' ]
[2021-05-04 14:51:53.008] [INFO] - query { rid: '960e1e5fd15d4b4d93b909311e4b7bdd',
  uid: 'fccc5a406684421896746cfbcf480218',
  username: 'Surprise maker',
  role: '0',
  EIO: '3',
  transport: 'polling',
  t: 'Nas9Sot' }
[2021-05-04 14:51:53.008] [INFO] - [ 'T8o09Fs5RR9LX5r3AFCI', '960e1e5fd15d4b4d93b909311e4b7bdd' ]
[2021-05-04 14:54:24.891] [INFO] - msg { role: 0,
  username: '吴明生',
  _id: 'h2SD_Mm5xeUOO1ffAFBw',
  msg: '红色娘子军点赞' }
[2021-05-04 14:56:06.940] [INFO] - query { rid: '960e1e5fd15d4b4d93b909311e4b7bdd',
  uid: 'e0d9fce25a8c4476bfeac8c0d4ffbb88',
  username: 'Nick',
  role: '0',
  EIO: '3',
  transport: 'polling',
  t: 'NasAPet' }
[2021-05-04 14:56:06.941] [INFO] - [ 'ggYaeal12xW2e7E8AFCJ', '960e1e5fd15d4b4d93b909311e4b7bdd' ]
[2021-05-04 14:57:05.208] [INFO] - query { rid: '960e1e5fd15d4b4d93b909311e4b7bdd',
  uid: 'e6392851b4554e94951f0837b06cf717',
  username: '常宁',
  role: '0',
  EIO: '3',
  transport: 'polling',
  t: 'NasAdw5' }
[2021-05-04 14:57:05.209] [INFO] - [ 'Aq2k508R3a4x4UzdAFCK', '960e1e5fd15d4b4d93b909311e4b7bdd' ]
[2021-05-04 14:59:42.135] [INFO] - query { rid: '960e1e5fd15d4b4d93b909311e4b7bdd',
  uid: 'fccc5a406684421896746cfbcf480218',
  username: 'Surprise maker',
  role: '0',
  EIO: '3',
  transport: 'polling',
  t: 'NasBFKw' }
[2021-05-04 14:59:42.136] [INFO] - [ '6vK4kTDX2vyjONJsAFCL', '960e1e5fd15d4b4d93b909311e4b7bdd' ]
[2021-05-04 15:00:21.731] [INFO] - query { rid: '960e1e5fd15d4b4d93b909311e4b7bdd',
  uid: '814e5fcd0c434ad7b3c47a519e014e04',
  username: '周老师',
  role: '0',
  EIO: '3',
  transport: 'polling',
  t: 'NasBNjj' }
[2021-05-04 15:00:21.731] [INFO] - [ 'STFOxcMjOIajnx3CAFCM', '960e1e5fd15d4b4d93b909311e4b7bdd' ]
[2021-05-04 15:02:38.489] [INFO] - query { rid: '960e1e5fd15d4b4d93b909311e4b7bdd',
  uid: 'ff2b4f654d544e2caffade612f6bf925',
  username: 'Zcx',
  role: '0',
  EIO: '3',
  transport: 'polling',
  t: 'NasBvd0' }
[2021-05-04 15:02:38.489] [INFO] - [ 'yMZHZ8RHyl5XTy4gAFCN', '960e1e5fd15d4b4d93b909311e4b7bdd' ]
[2021-05-04 15:07:18.650] [INFO] - query { rid: '960e1e5fd15d4b4d93b909311e4b7bdd',
  uid: '49cf85be70ed4dc8942ac2fdf41be27e',
  username: '张伟民',
  role: '0',
  EIO: '3',
  transport: 'polling',
  t: 'NasCzTM' }
[2021-05-04 15:07:18.650] [INFO] - [ 'qHzEfLaZ2Xez3_GWAFCO', '960e1e5fd15d4b4d93b909311e4b7bdd' ]
[2021-05-04 15:07:33.432] [INFO] - query { rid: '960e1e5fd15d4b4d93b909311e4b7bdd',
  uid: 'fccc5a406684421896746cfbcf480218',
  username: 'Surprise maker',
  role: '0',
  EIO: '3',
  transport: 'polling',
  t: 'NasD2Or' }
[2021-05-04 15:07:33.433] [INFO] - [ '_c8KofTva_g7bAMsAFCP', '960e1e5fd15d4b4d93b909311e4b7bdd' ]
[2021-05-04 15:07:34.295] [INFO] - query { rid: '960e1e5fd15d4b4d93b909311e4b7bdd',
  uid: '814e5fcd0c434ad7b3c47a519e014e04',
  username: '周老师',
  role: '0',
  EIO: '3',
  transport: 'polling',
  t: 'Nas03r8' }
[2021-05-04 15:07:34.296] [INFO] - [ 'Mi0nOsHh32WZ17fpAFCQ', '960e1e5fd15d4b4d93b909311e4b7bdd' ]
[2021-05-04 15:07:34.384] [INFO] - query { rid: '960e1e5fd15d4b4d93b909311e4b7bdd',
  uid: '814e5fcd0c434ad7b3c47a519e014e04',
  username: '周老师',
  role: '0',
  EIO: '3',
  transport: 'polling',
  t: 'Nas09IU' }
[2021-05-04 15:07:34.384] [INFO] - [ 'xetQKkTfxkCsTNQBAFCR', '960e1e5fd15d4b4d93b909311e4b7bdd' ]
[2021-05-04 15:07:34.385] [INFO] - query { rid: '960e1e5fd15d4b4d93b909311e4b7bdd',
  uid: '814e5fcd0c434ad7b3c47a519e014e04',
  username: '周老师',
  role: '0',
  EIO: '3',
  transport: 'polling',
  t: 'Nas0FNK' }
[2021-05-04 15:07:34.386] [INFO] - [ 'Ce2KCmOxrJ9YsMU-AFCS', '960e1e5fd15d4b4d93b909311e4b7bdd' ]
[2021-05-04 15:07:34.394] [INFO] - query { rid: '960e1e5fd15d4b4d93b909311e4b7bdd',
  uid: '814e5fcd0c434ad7b3c47a519e014e04',
  username: '周老师',
  role: '0',
  EIO: '3',
  transport: 'polling',
  t: 'Nas0SZ1' }
[2021-05-04 15:07:34.394] [INFO] - [ '3cGgVyHpMUG7EyZWAFCT', '960e1e5fd15d4b4d93b909311e4b7bdd' ]
[2021-05-04 15:07:34.395] [INFO] - query { rid: '960e1e5fd15d4b4d93b909311e4b7bdd',
  uid: '814e5fcd0c434ad7b3c47a519e014e04',
  username: '周老师',
  role: '0',
  EIO: '3',
  transport: 'polling',
  t: 'Nas0LzA' }
[2021-05-04 15:07:34.395] [INFO] - [ 'jnwz87UnMkz8lGecAFCU', '960e1e5fd15d4b4d93b909311e4b7bdd' ]
[2021-05-04 15:07:34.417] [INFO] - query { rid: '960e1e5fd15d4b4d93b909311e4b7bdd',
  uid: '814e5fcd0c434ad7b3c47a519e014e04',
  username: '周老师',
  role: '0',
  EIO: '3',
  transport: 'polling',
  t: 'Nas0fkn' }
[2021-05-04 15:07:34.417] [INFO] - [ 'UeMW6hVXDRG_ZDVbAFCV', '960e1e5fd15d4b4d93b909311e4b7bdd' ]
[2021-05-04 15:07:34.418] [INFO] - query { rid: '960e1e5fd15d4b4d93b909311e4b7bdd',
  uid: '814e5fcd0c434ad7b3c47a519e014e04',
  username: '周老师',
  role: '0',
  EIO: '3',
  transport: 'polling',
  t: 'Nas0Z8w' }
[2021-05-04 15:07:34.418] [INFO] - [ 'y5xqEuXDlSjB6t_LAFCW', '960e1e5fd15d4b4d93b909311e4b7bdd' ]
[2021-05-04 15:07:34.419] [INFO] - query { rid: '960e1e5fd15d4b4d93b909311e4b7bdd',
  uid: '814e5fcd0c434ad7b3c47a519e014e04',
  username: '周老师',
  role: '0',
  EIO: '3',
  transport: 'polling',
  t: 'Nas0mKj' }
[2021-05-04 15:07:34.419] [INFO] - [ 'hWuWJYWCOzWfXNAnAFCX', '960e1e5fd15d4b4d93b909311e4b7bdd' ]
[2021-05-04 15:07:34.420] [INFO] - query { rid: '960e1e5fd15d4b4d93b909311e4b7bdd',
  uid: '814e5fcd0c434ad7b3c47a519e014e04',
  username: '周老师',
  role: '0',
  EIO: '3',
  transport: 'polling',
  t: 'Nas0swm' }
[2021-05-04 15:07:34.420] [INFO] - [ 'hZCvUaIqb4x2H3WZAFCY', '960e1e5fd15d4b4d93b909311e4b7bdd' ]
[2021-05-04 15:07:34.471] [INFO] - query { rid: '960e1e5fd15d4b4d93b909311e4b7bdd',
  uid: '814e5fcd0c434ad7b3c47a519e014e04',
  username: '周老师',
  role: '0',
  EIO: '3',
  transport: 'polling',
  t: 'Nas0zWf' }
[2021-05-04 15:07:34.472] [INFO] - [ 'ohU-cpkF5Pdb7XnoAFCZ', '960e1e5fd15d4b4d93b909311e4b7bdd' ]
[2021-05-04 15:07:34.479] [INFO] - query { rid: '960e1e5fd15d4b4d93b909311e4b7bdd',
  uid: '814e5fcd0c434ad7b3c47a519e014e04',
  username: '周老师',
  role: '0',
  EIO: '3',
  transport: 'polling',
  t: 'Nas146X' }
[2021-05-04 15:07:34.479] [INFO] - [ 'QscdV6UhGTqgqV_EAFCa', '960e1e5fd15d4b4d93b909311e4b7bdd' ]
[2021-05-04 15:07:34.485] [INFO] - query { rid: '960e1e5fd15d4b4d93b909311e4b7bdd',
  uid: '814e5fcd0c434ad7b3c47a519e014e04',
  username: '周老师',
  role: '0',
  EIO: '3',
  transport: 'polling',
  t: 'Nas1AiP' }
[2021-05-04 15:07:34.486] [INFO] - [ 'sHiCUlSIPF6U41rTAFCb', '960e1e5fd15d4b4d93b909311e4b7bdd' ]
[2021-05-04 15:07:34.505] [INFO] - query { rid: '960e1e5fd15d4b4d93b909311e4b7bdd',
  uid: '814e5fcd0c434ad7b3c47a519e014e04',
  username: '周老师',
  role: '0',
  EIO: '3',
  transport: 'polling',
  t: 'Nas1HIG' }
[2021-05-04 15:07:34.505] [INFO] - [ 'ckO27IpL3neEJ7YfAFCc', '960e1e5fd15d4b4d93b909311e4b7bdd' ]
[2021-05-04 15:07:34.524] [INFO] - query { rid: '960e1e5fd15d4b4d93b909311e4b7bdd',
  uid: '814e5fcd0c434ad7b3c47a519e014e04',
  username: '周老师',
  role: '0',
  EIO: '3',
  transport: 'polling',
  t: 'Nas1Nu9' }
[2021-05-04 15:07:34.524] [INFO] - [ '5RKtk9W2rzDFBZ2SAFCd', '960e1e5fd15d4b4d93b909311e4b7bdd' ]
[2021-05-04 15:07:34.590] [INFO] - query { rid: '960e1e5fd15d4b4d93b909311e4b7bdd',
  uid: '814e5fcd0c434ad7b3c47a519e014e04',
  username: '周老师',
  role: '0',
  EIO: '3',
  transport: 'polling',
  t: 'Nas1b3s' }
[2021-05-04 15:07:34.590] [INFO] - [ 'ePkLUgNihDjDJC81AFCe', '960e1e5fd15d4b4d93b909311e4b7bdd' ]
[2021-05-04 15:07:34.591] [INFO] - query { rid: '960e1e5fd15d4b4d93b909311e4b7bdd',
  uid: '814e5fcd0c434ad7b3c47a519e014e04',
  username: '周老师',
  role: '0',
  EIO: '3',
  transport: 'polling',
  t: 'Nas1UT_' }
[2021-05-04 15:07:34.592] [INFO] - [ 'hN35mJVYfk8yjD-HAFCf', '960e1e5fd15d4b4d93b909311e4b7bdd' ]
[2021-05-04 15:07:34.603] [INFO] - query { rid: '960e1e5fd15d4b4d93b909311e4b7bdd',
  uid: '814e5fcd0c434ad7b3c47a519e014e04',
  username: '周老师',
  role: '0',
  EIO: '3',
  transport: 'polling',
  t: 'Nas1hfk' }
[2021-05-04 15:07:34.603] [INFO] - [ '2i4o4cceIE_uNfRpAFCg', '960e1e5fd15d4b4d93b909311e4b7bdd' ]
[2021-05-04 15:07:34.623] [INFO] - query { rid: '960e1e5fd15d4b4d93b909311e4b7bdd',
  uid: '814e5fcd0c434ad7b3c47a519e014e04',
  username: '周老师',
  role: '0',
  EIO: '3',
  transport: 'polling',
  t: 'Nas1oFb' }
[2021-05-04 15:07:34.623] [INFO] - [ 'WbDsAXybQPCT-WTIAFCh', '960e1e5fd15d4b4d93b909311e4b7bdd' ]
[2021-05-04 15:07:34.647] [INFO] - query { rid: '960e1e5fd15d4b4d93b909311e4b7bdd',
  uid: '814e5fcd0c434ad7b3c47a519e014e04',
  username: '周老师',
  role: '0',
  EIO: '3',
  transport: 'polling',
  t: 'Nas1urU' }
[2021-05-04 15:07:34.647] [INFO] - [ '6q4LDATLohk-93M0AFCi', '960e1e5fd15d4b4d93b909311e4b7bdd' ]
[2021-05-04 15:07:34.668] [INFO] - query { rid: '960e1e5fd15d4b4d93b909311e4b7bdd',
  uid: '814e5fcd0c434ad7b3c47a519e014e04',
  username: '周老师',
  role: '0',
  EIO: '3',
  transport: 'polling',
  t: 'Nas1_RL' }
[2021-05-04 15:07:34.668] [INFO] - [ '9Bw0SSOekiLbUT3WAFCj', '960e1e5fd15d4b4d93b909311e4b7bdd' ]
[2021-05-04 15:07:34.692] [INFO] - query { rid: '960e1e5fd15d4b4d93b909311e4b7bdd',
  uid: '814e5fcd0c434ad7b3c47a519e014e04',
  username: '周老师',
  role: '0',
  EIO: '3',
  transport: 'polling',
  t: 'Nas261D' }
[2021-05-04 15:07:34.693] [INFO] - [ 'W3JHPqOQlCn4TDJ3AFCk', '960e1e5fd15d4b4d93b909311e4b7bdd' ]
[2021-05-04 15:07:34.709] [INFO] - query { rid: '960e1e5fd15d4b4d93b909311e4b7bdd',
  uid: '814e5fcd0c434ad7b3c47a519e014e04',
  username: '周老师',
  role: '0',
  EIO: '3',
  transport: 'polling',
  t: 'Nas2Cd4' }
[2021-05-04 15:07:34.709] [INFO] - [ 'BFduDiphsVHQDj-0AFCl', '960e1e5fd15d4b4d93b909311e4b7bdd' ]
[2021-05-04 15:07:34.721] [INFO] - query { rid: '960e1e5fd15d4b4d93b909311e4b7bdd',
  uid: '814e5fcd0c434ad7b3c47a519e014e04',
  username: '周老师',
  role: '0',
  EIO: '3',
  transport: 'polling',
  t: 'Nas2JCz' }
[2021-05-04 15:07:34.721] [INFO] - [ 'qXVasmU5Xkhui3q7AFCm', '960e1e5fd15d4b4d93b909311e4b7bdd' ]
[2021-05-04 15:07:34.757] [INFO] - query { rid: '960e1e5fd15d4b4d93b909311e4b7bdd',
  uid: '814e5fcd0c434ad7b3c47a519e014e04',
  username: '周老师',
  role: '0',
  EIO: '3',
  transport: 'polling',
  t: 'Nas2Pop' }
[2021-05-04 15:07:34.757] [INFO] - [ 'qae7XtOLQ5ZKn-1wAFCn', '960e1e5fd15d4b4d93b909311e4b7bdd' ]
[2021-05-04 15:07:34.777] [INFO] - query { rid: '960e1e5fd15d4b4d93b909311e4b7bdd',
  uid: '814e5fcd0c434ad7b3c47a519e014e04',
  username: '周老师',
  role: '0',
  EIO: '3',
  transport: 'polling',
  t: 'Nas2WOh' }
[2021-05-04 15:07:34.777] [INFO] - [ 'W7czEUsJ04owmA1KAFCo', '960e1e5fd15d4b4d93b909311e4b7bdd' ]
[2021-05-04 15:07:34.812] [INFO] - query { rid: '960e1e5fd15d4b4d93b909311e4b7bdd',
  uid: '814e5fcd0c434ad7b3c47a519e014e04',
  username: '周老师',
  role: '0',
  EIO: '3',
  transport: 'polling',
  t: 'Nas2c-Z' }
[2021-05-04 15:07:34.812] [INFO] - [ 'SHPvQjBLKisauWvzAFCp', '960e1e5fd15d4b4d93b909311e4b7bdd' ]
[2021-05-04 15:07:34.819] [INFO] - query { rid: '960e1e5fd15d4b4d93b909311e4b7bdd',
  uid: '814e5fcd0c434ad7b3c47a519e014e04',
  username: '周老师',
  role: '0',
  EIO: '3',
  transport: 'polling',
  t: 'Nas2jaQ' }
[2021-05-04 15:07:34.819] [INFO] - [ 'SpnLBpid4HYSUc8IAFCq', '960e1e5fd15d4b4d93b909311e4b7bdd' ]
[2021-05-04 15:07:34.826] [INFO] - query { rid: '960e1e5fd15d4b4d93b909311e4b7bdd',
  uid: '814e5fcd0c434ad7b3c47a519e014e04',
  username: '周老师',
  role: '0',
  EIO: '3',
  transport: 'polling',
  t: 'Nas2qAI' }
[2021-05-04 15:07:34.827] [INFO] - [ 'IQrHNC_yCBr6P9DwAFCr', '960e1e5fd15d4b4d93b909311e4b7bdd' ]
[2021-05-04 15:07:34.846] [INFO] - query { rid: '960e1e5fd15d4b4d93b909311e4b7bdd',
  uid: '814e5fcd0c434ad7b3c47a519e014e04',
  username: '周老师',
  role: '0',
  EIO: '3',
  transport: 'polling',
  t: 'Nas2wm9' }
[2021-05-04 15:07:34.846] [INFO] - [ 'iJ9uOTKpUFNhzw-GAFCs', '960e1e5fd15d4b4d93b909311e4b7bdd' ]
[2021-05-04 15:07:34.876] [INFO] - query { rid: '960e1e5fd15d4b4d93b909311e4b7bdd',
  uid: '814e5fcd0c434ad7b3c47a519e014e04',
  username: '周老师',
  role: '0',
  EIO: '3',
  transport: 'polling',
  t: 'Nas31M1' }
[2021-05-04 15:07:34.876] [INFO] - [ 'ngtsAT68N_0iJuhFAFCt', '960e1e5fd15d4b4d93b909311e4b7bdd' ]
[2021-05-04 15:07:34.910] [INFO] - query { rid: '960e1e5fd15d4b4d93b909311e4b7bdd',
  uid: '814e5fcd0c434ad7b3c47a519e014e04',
  username: '周老师',
  role: '0',
  EIO: '3',
  transport: 'polling',
  t: 'Nas3EXm' }
[2021-05-04 15:07:34.910] [INFO] - [ '9HIqAaOUjEYTbcF_AFCu', '960e1e5fd15d4b4d93b909311e4b7bdd' ]
[2021-05-04 15:07:34.911] [INFO] - query { rid: '960e1e5fd15d4b4d93b909311e4b7bdd',
  uid: '814e5fcd0c434ad7b3c47a519e014e04',
  username: '周老师',
  role: '0',
  EIO: '3',
  transport: 'polling',
  t: 'Nas37xv' }
[2021-05-04 15:07:34.911] [INFO] - [ 'UYkLgPbQiuIt1GIDAFCv', '960e1e5fd15d4b4d93b909311e4b7bdd' ]
[2021-05-04 15:07:34.938] [INFO] - query { rid: '960e1e5fd15d4b4d93b909311e4b7bdd',
  uid: '814e5fcd0c434ad7b3c47a519e014e04',
  username: '周老师',
  role: '0',
  EIO: '3',
  transport: 'polling',
  t: 'Nas3L7e' }
[2021-05-04 15:07:34.938] [INFO] - [ '-eoxp7Km2FRbcI4fAFCw', '960e1e5fd15d4b4d93b909311e4b7bdd' ]
[2021-05-04 15:07:34.960] [INFO] - query { rid: '960e1e5fd15d4b4d93b909311e4b7bdd',
  uid: '814e5fcd0c434ad7b3c47a519e014e04',
  username: '周老师',
  role: '0',
  EIO: '3',
  transport: 'polling',
  t: 'Nas3RjX' }
[2021-05-04 15:07:34.960] [INFO] - [ 'MJfiRvOOYLVWonuQAFCx', '960e1e5fd15d4b4d93b909311e4b7bdd' ]
[2021-05-04 15:07:34.995] [INFO] - query { rid: '960e1e5fd15d4b4d93b909311e4b7bdd',
  uid: '814e5fcd0c434ad7b3c47a519e014e04',
  username: '周老师',
  role: '0',
  EIO: '3',
  transport: 'polling',
  t: 'Nas3evI' }
[2021-05-04 15:07:34.995] [INFO] - [ 'VLKVEZC_6-T928_qAFCy', '960e1e5fd15d4b4d93b909311e4b7bdd' ]
[2021-05-04 15:07:34.999] [INFO] - query { rid: '960e1e5fd15d4b4d93b909311e4b7bdd',
  uid: '814e5fcd0c434ad7b3c47a519e014e04',
  username: '周老师',
  role: '0',
  EIO: '3',
  transport: 'polling',
  t: 'Nas3YJQ' }
[2021-05-04 15:07:34.999] [INFO] - [ '_hicO_niSskNdi7cAFCz', '960e1e5fd15d4b4d93b909311e4b7bdd' ]
[2021-05-04 15:07:35.015] [INFO] - query { rid: '960e1e5fd15d4b4d93b909311e4b7bdd',
  uid: '814e5fcd0c434ad7b3c47a519e014e04',
  username: '周老师',
  role: '0',
  EIO: '3',
  transport: 'polling',
  t: 'Nas3lV6' }
[2021-05-04 15:07:35.016] [INFO] - [ '7BV-sjDI9BZqq3DiAFC0', '960e1e5fd15d4b4d93b909311e4b7bdd' ]
[2021-05-04 15:07:35.048] [INFO] - query { rid: '960e1e5fd15d4b4d93b909311e4b7bdd',
  uid: '814e5fcd0c434ad7b3c47a519e014e04',
  username: '周老师',
  role: '0',
  EIO: '3',
  transport: 'polling',
  t: 'Nas3s4z' }
[2021-05-04 15:07:35.048] [INFO] - [ 'k36WTenuaEvEVXzkAFC1', '960e1e5fd15d4b4d93b909311e4b7bdd' ]
[2021-05-04 15:07:35.059] [INFO] - query { rid: '960e1e5fd15d4b4d93b909311e4b7bdd',
  uid: '814e5fcd0c434ad7b3c47a519e014e04',
  username: '周老师',
  role: '0',
  EIO: '3',
  transport: 'polling',
  t: 'Nas3ygr' }
[2021-05-04 15:07:35.059] [INFO] - [ 'nZ7Fic1zKW0PQgAsAFC2', '960e1e5fd15d4b4d93b909311e4b7bdd' ]
[2021-05-04 15:07:35.081] [INFO] - query { rid: '960e1e5fd15d4b4d93b909311e4b7bdd',
  uid: '814e5fcd0c434ad7b3c47a519e014e04',
  username: '周老师',
  role: '0',
  EIO: '3',
  transport: 'polling',
  t: 'Nas43Gi' }
[2021-05-04 15:07:35.081] [INFO] - [ 'K8U3n2j02iah4au-AFC3', '960e1e5fd15d4b4d93b909311e4b7bdd' ]
[2021-05-04 15:07:35.112] [INFO] - query { rid: '960e1e5fd15d4b4d93b909311e4b7bdd',
  uid: '814e5fcd0c434ad7b3c47a519e014e04',
  username: '周老师',
  role: '0',
  EIO: '3',
  transport: 'polling',
  t: 'Nas49sa' }
[2021-05-04 15:07:35.112] [INFO] - [ 'bbFLvfbxT9sStC4IAFC4', '960e1e5fd15d4b4d93b909311e4b7bdd' ]
[2021-05-04 15:07:35.135] [INFO] - query { rid: '960e1e5fd15d4b4d93b909311e4b7bdd',
  uid: '814e5fcd0c434ad7b3c47a519e014e04',
  username: '周老师',
  role: '0',
  EIO: '3',
  transport: 'polling',
  t: 'Nas4GSR' }
[2021-05-04 15:07:35.136] [INFO] - [ 'Uf-ZrDNUmLXlO6rbAFC5', '960e1e5fd15d4b4d93b909311e4b7bdd' ]
[2021-05-04 15:07:35.177] [INFO] - query { rid: '960e1e5fd15d4b4d93b909311e4b7bdd',
  uid: '814e5fcd0c434ad7b3c47a519e014e04',
  username: '周老师',
  role: '0',
  EIO: '3',
  transport: 'polling',
  t: 'Nas4TeH' }
[2021-05-04 15:07:35.177] [INFO] - [ 'tAwEzHIGHfmf8xZgAFC6', '960e1e5fd15d4b4d93b909311e4b7bdd' ]
[2021-05-04 15:07:35.178] [INFO] - query { rid: '960e1e5fd15d4b4d93b909311e4b7bdd',
  uid: '814e5fcd0c434ad7b3c47a519e014e04',
  username: '周老师',
  role: '0',
  EIO: '3',
  transport: 'polling',
  t: 'Nas4N2J' }
[2021-05-04 15:07:35.178] [INFO] - [ 'enkmmGSalxQB5VifAFC7', '960e1e5fd15d4b4d93b909311e4b7bdd' ]
[2021-05-04 15:07:35.179] [INFO] - query { rid: '960e1e5fd15d4b4d93b909311e4b7bdd',
  uid: '814e5fcd0c434ad7b3c47a519e014e04',
  username: '周老师',
  role: '0',
  EIO: '3',
  transport: 'polling',
  t: 'Nas4aE2' }
[2021-05-04 15:07:35.179] [INFO] - [ '3IUuIErEvts3lscZAFC8', '960e1e5fd15d4b4d93b909311e4b7bdd' ]
[2021-05-04 15:07:35.549] [INFO] - query { rid: '960e1e5fd15d4b4d93b909311e4b7bdd',
  uid: '814e5fcd0c434ad7b3c47a519e014e04',
  username: '周老师',
  role: '0',
  EIO: '3',
  transport: 'polling',
  t: 'Nas4gpw' }
[2021-05-04 15:07:35.549] [INFO] - [ '-graj43fse0SjCkJAFC9', '960e1e5fd15d4b4d93b909311e4b7bdd' ]
[2021-05-04 15:07:35.553] [INFO] - query { rid: '960e1e5fd15d4b4d93b909311e4b7bdd',
  uid: '814e5fcd0c434ad7b3c47a519e014e04',
  username: '周老师',
  role: '0',
  EIO: '3',
  transport: 'polling',
  t: 'Nas4t_e' }
[2021-05-04 15:07:35.553] [INFO] - [ 'JhY3q8C6O_0uBjCzAFC-', '960e1e5fd15d4b4d93b909311e4b7bdd' ]
[2021-05-04 15:07:35.554] [INFO] - query { rid: '960e1e5fd15d4b4d93b909311e4b7bdd',
  uid: '814e5fcd0c434ad7b3c47a519e014e04',
  username: '周老师',
  role: '0',
  EIO: '3',
  transport: 'polling',
  t: 'Nas4nPn' }
[2021-05-04 15:07:35.554] [INFO] - [ 'poB_umU_YtElCB1nAFC_', '960e1e5fd15d4b4d93b909311e4b7bdd' ]
[2021-05-04 15:07:35.568] [INFO] - query { rid: '960e1e5fd15d4b4d93b909311e4b7bdd',
  uid: '814e5fcd0c434ad7b3c47a519e014e04',
  username: '周老师',
  role: '0',
  EIO: '3',
  transport: 'polling',
  t: 'Nas4-bV' }
[2021-05-04 15:07:35.568] [INFO] - [ '4XffRDHhS9VOPobEAFDA', '960e1e5fd15d4b4d93b909311e4b7bdd' ]
[2021-05-04 15:07:35.569] [INFO] - query { rid: '960e1e5fd15d4b4d93b909311e4b7bdd',
  uid: '814e5fcd0c434ad7b3c47a519e014e04',
  username: '周老师',
  role: '0',
  EIO: '3',
  transport: 'polling',
  t: 'Nas55BN' }
[2021-05-04 15:07:35.569] [INFO] - [ 'PQ53vXB7ml9iB7v7AFDB', '960e1e5fd15d4b4d93b909311e4b7bdd' ]
[2021-05-04 15:07:35.570] [INFO] - query { rid: '960e1e5fd15d4b4d93b909311e4b7bdd',
  uid: '814e5fcd0c434ad7b3c47a519e014e04',
  username: '周老师',
  role: '0',
  EIO: '3',
  transport: 'polling',
  t: 'Nas5BnE' }
[2021-05-04 15:07:35.570] [INFO] - [ 'q2cDUmmLU4at9xZUAFDC', '960e1e5fd15d4b4d93b909311e4b7bdd' ]
[2021-05-04 15:07:35.580] [INFO] - query { rid: '960e1e5fd15d4b4d93b909311e4b7bdd',
  uid: '814e5fcd0c434ad7b3c47a519e014e04',
  username: '周老师',
  role: '0',
  EIO: '3',
  transport: 'polling',
  t: 'Nas5IN6' }
[2021-05-04 15:07:35.580] [INFO] - [ 'tat70CiwmRGQvWTHAFDD', '960e1e5fd15d4b4d93b909311e4b7bdd' ]
[2021-05-04 15:07:35.604] [INFO] - query { rid: '960e1e5fd15d4b4d93b909311e4b7bdd',
  uid: '814e5fcd0c434ad7b3c47a519e014e04',
  username: '周老师',
  role: '0',
  EIO: '3',
  transport: 'polling',
  t: 'Nas5VYr' }
[2021-05-04 15:07:35.604] [INFO] - [ 'cCqaroi6HoBlGF7dAFDE', '960e1e5fd15d4b4d93b909311e4b7bdd' ]
[2021-05-04 15:07:35.605] [INFO] - query { rid: '960e1e5fd15d4b4d93b909311e4b7bdd',
  uid: '814e5fcd0c434ad7b3c47a519e014e04',
  username: '周老师',
  role: '0',
  EIO: '3',
  transport: 'polling',
  t: 'Nas5Oy-' }
[2021-05-04 15:07:35.605] [INFO] - [ 'nRQ6XOQnPvq5ujHTAFDF', '960e1e5fd15d4b4d93b909311e4b7bdd' ]
[2021-05-04 15:07:35.606] [INFO] - query { rid: '960e1e5fd15d4b4d93b909311e4b7bdd',
  uid: '814e5fcd0c434ad7b3c47a519e014e04',
  username: '周老师',
  role: '0',
  EIO: '3',
  transport: 'polling',
  t: 'Nas5c8i' }
[2021-05-04 15:07:35.607] [INFO] - [ '1a3GTlDOKc92o-arAFDG', '960e1e5fd15d4b4d93b909311e4b7bdd' ]
[2021-05-04 15:07:35.608] [INFO] - query { rid: '960e1e5fd15d4b4d93b909311e4b7bdd',
  uid: '814e5fcd0c434ad7b3c47a519e014e04',
  username: '周老师',
  role: '0',
  EIO: '3',
  transport: 'polling',
  t: 'Nas5ika' }
[2021-05-04 15:07:35.608] [INFO] - [ 'AVxhRKlFW1FNwr2mAFDH', '960e1e5fd15d4b4d93b909311e4b7bdd' ]
[2021-05-04 15:07:35.652] [INFO] - query { rid: '960e1e5fd15d4b4d93b909311e4b7bdd',
  uid: '814e5fcd0c434ad7b3c47a519e014e04',
  username: '周老师',
  role: '0',
  EIO: '3',
  transport: 'polling',
  t: 'Nas5pKS' }
[2021-05-04 15:07:35.655] [INFO] - [ '6IQmvJbt3Y-8kAQIAFDI', '960e1e5fd15d4b4d93b909311e4b7bdd' ]
[2021-05-04 15:07:35.656] [INFO] - query { rid: '960e1e5fd15d4b4d93b909311e4b7bdd',
  uid: '814e5fcd0c434ad7b3c47a519e014e04',
  username: '周老师',
  role: '0',
  EIO: '3',
  transport: 'polling',
  t: 'Nas5vwK' }
[2021-05-04 15:07:35.657] [INFO] - [ 'BgVpmS--4O7emlG-AFDJ', '960e1e5fd15d4b4d93b909311e4b7bdd' ]
[2021-05-04 15:07:35.657] [INFO] - query { rid: '960e1e5fd15d4b4d93b909311e4b7bdd',
  uid: '814e5fcd0c434ad7b3c47a519e014e04',
  username: '周老师',
  role: '0',
  EIO: '3',
  transport: 'polling',
  t: 'Nas6763' }
[2021-05-04 15:07:35.658] [INFO] - [ 'MVcqwpQiwHKJO4rZAFDK', '960e1e5fd15d4b4d93b909311e4b7bdd' ]
[2021-05-04 15:07:35.659] [INFO] - query { rid: '960e1e5fd15d4b4d93b909311e4b7bdd',
  uid: '814e5fcd0c434ad7b3c47a519e014e04',
  username: '周老师',
  role: '0',
  EIO: '3',
  transport: 'polling',
  t: 'Nas60WB' }
[2021-05-04 15:07:35.659] [INFO] - [ 'rwspQkB0v_4eCHazAFDL', '960e1e5fd15d4b4d93b909311e4b7bdd' ]
[2021-05-04 15:07:35.849] [INFO] - query { rid: '960e1e5fd15d4b4d93b909311e4b7bdd',
  uid: '814e5fcd0c434ad7b3c47a519e014e04',
  username: '周老师',
  role: '0',
  EIO: '3',
  transport: 'polling',
  t: 'Nas6Dhw' }
[2021-05-04 15:07:35.849] [INFO] - [ 'HC90CxPL2XNCasMeAFDM', '960e1e5fd15d4b4d93b909311e4b7bdd' ]
[2021-05-04 15:07:35.850] [INFO] - query { rid: '960e1e5fd15d4b4d93b909311e4b7bdd',
  uid: '814e5fcd0c434ad7b3c47a519e014e04',
  username: '周老师',
  role: '0',
  EIO: '3',
  transport: 'polling',
  t: 'Nas6KHo' }
[2021-05-04 15:07:35.851] [INFO] - [ '9LNOkLlH0jD_pJ4RAFDN', '960e1e5fd15d4b4d93b909311e4b7bdd' ]
[2021-05-04 15:07:35.852] [INFO] - query { rid: '960e1e5fd15d4b4d93b909311e4b7bdd',
  uid: '814e5fcd0c434ad7b3c47a519e014e04',
  username: '周老师',
  role: '0',
  EIO: '3',
  transport: 'polling',
  t: 'Nas6Qth' }
[2021-05-04 15:07:35.852] [INFO] - [ 'DsOGjGE0qWhSoYGSAFDO', '960e1e5fd15d4b4d93b909311e4b7bdd' ]
[2021-05-04 15:07:35.853] [INFO] - query { rid: '960e1e5fd15d4b4d93b909311e4b7bdd',
  uid: '814e5fcd0c434ad7b3c47a519e014e04',
  username: '周老师',
  role: '0',
  EIO: '3',
  transport: 'polling',
  t: 'Nas6XTX' }
[2021-05-04 15:07:35.853] [INFO] - [ 'CQeiTLPYA8-Ekli7AFDP', '960e1e5fd15d4b4d93b909311e4b7bdd' ]
[2021-05-04 15:07:35.905] [INFO] - query { rid: '960e1e5fd15d4b4d93b909311e4b7bdd',
  uid: '814e5fcd0c434ad7b3c47a519e014e04',
  username: '周老师',
  role: '0',
  EIO: '3',
  transport: 'polling',
  t: 'Nas6e3O' }
[2021-05-04 15:07:35.905] [INFO] - [ 'SlVO6fY0V07sy5s7AFDQ', '960e1e5fd15d4b4d93b909311e4b7bdd' ]
[2021-05-04 15:07:35.906] [INFO] - query { rid: '960e1e5fd15d4b4d93b909311e4b7bdd',
  uid: '814e5fcd0c434ad7b3c47a519e014e04',
  username: '周老师',
  role: '0',
  EIO: '3',
  transport: 'polling',
  t: 'Nas6kfG' }
[2021-05-04 15:07:35.906] [INFO] - [ 'zVQNPWcT-5KTjFciAFDR', '960e1e5fd15d4b4d93b909311e4b7bdd' ]
[2021-05-04 15:07:35.909] [INFO] - query { rid: '960e1e5fd15d4b4d93b909311e4b7bdd',
  uid: '814e5fcd0c434ad7b3c47a519e014e04',
  username: '周老师',
  role: '0',
  EIO: '3',
  transport: 'polling',
  t: 'Nas6xq_' }
[2021-05-04 15:07:35.909] [INFO] - [ 'qpjdshQXRJeoCpMIAFDS', '960e1e5fd15d4b4d93b909311e4b7bdd' ]
[2021-05-04 15:07:35.910] [INFO] - query { rid: '960e1e5fd15d4b4d93b909311e4b7bdd',
  uid: '814e5fcd0c434ad7b3c47a519e014e04',
  username: '周老师',
  role: '0',
  EIO: '3',
  transport: 'polling',
  t: 'Nas6rF9' }
[2021-05-04 15:07:35.910] [INFO] - [ '8SEaUVXLyaTtY4juAFDT', '960e1e5fd15d4b4d93b909311e4b7bdd' ]
[2021-05-04 15:07:35.922] [INFO] - query { rid: '960e1e5fd15d4b4d93b909311e4b7bdd',
  uid: '814e5fcd0c434ad7b3c47a519e014e04',
  username: '周老师',
  role: '0',
  EIO: '3',
  transport: 'polling',
  t: 'Nas72Qt' }
[2021-05-04 15:07:35.922] [INFO] - [ 'yl5-fIfZKwAZiWZYAFDU', '960e1e5fd15d4b4d93b909311e4b7bdd' ]
[2021-05-04 15:07:35.923] [INFO] - query { rid: '960e1e5fd15d4b4d93b909311e4b7bdd',
  uid: '814e5fcd0c434ad7b3c47a519e014e04',
  username: '周老师',
  role: '0',
  EIO: '3',
  transport: 'polling',
  t: 'Nas790k' }
[2021-05-04 15:07:35.923] [INFO] - [ 'CW7gFc0d2tpTwf5PAFDV', '960e1e5fd15d4b4d93b909311e4b7bdd' ]
[2021-05-04 15:07:35.928] [INFO] - query { rid: '960e1e5fd15d4b4d93b909311e4b7bdd',
  uid: '814e5fcd0c434ad7b3c47a519e014e04',
  username: '周老师',
  role: '0',
  EIO: '3',
  transport: 'polling',
  t: 'Nas7Fce' }
[2021-05-04 15:07:35.929] [INFO] - [ '08Sgtt34pil0YFabAFDW', '960e1e5fd15d4b4d93b909311e4b7bdd' ]
[2021-05-04 15:07:35.930] [INFO] - query { rid: '960e1e5fd15d4b4d93b909311e4b7bdd',
  uid: '814e5fcd0c434ad7b3c47a519e014e04',
  username: '周老师',
  role: '0',
  EIO: '3',
  transport: 'polling',
  t: 'Nas7MCT' }
[2021-05-04 15:07:35.930] [INFO] - [ 'BKoBFPEwx_H4RYa4AFDX', '960e1e5fd15d4b4d93b909311e4b7bdd' ]
[2021-05-04 15:07:35.947] [INFO] - query { rid: '960e1e5fd15d4b4d93b909311e4b7bdd',
  uid: '814e5fcd0c434ad7b3c47a519e014e04',
  username: '周老师',
  role: '0',
  EIO: '3',
  transport: 'polling',
  t: 'Nas7SoL' }
[2021-05-04 15:07:35.947] [INFO] - [ 'IwXRBSSuGEFaGouBAFDY', '960e1e5fd15d4b4d93b909311e4b7bdd' ]
[2021-05-04 15:07:35.949] [INFO] - query { rid: '960e1e5fd15d4b4d93b909311e4b7bdd',
  uid: '814e5fcd0c434ad7b3c47a519e014e04',
  username: '周老师',
  role: '0',
  EIO: '3',
  transport: 'polling',
  t: 'Nas7ZOC' }
[2021-05-04 15:07:35.949] [INFO] - [ '5pJy8-Rd9zZv5C6MAFDZ', '960e1e5fd15d4b4d93b909311e4b7bdd' ]
[2021-05-04 15:07:35.996] [INFO] - query { rid: '960e1e5fd15d4b4d93b909311e4b7bdd',
  uid: '814e5fcd0c434ad7b3c47a519e014e04',
  username: '周老师',
  role: '0',
  EIO: '3',
  transport: 'polling',
  t: 'Nas7f-3' }
[2021-05-04 15:07:35.997] [INFO] - [ 'OifLyKPCYDnfngqgAFDa', '960e1e5fd15d4b4d93b909311e4b7bdd' ]
[2021-05-04 15:07:35.998] [INFO] - query { rid: '960e1e5fd15d4b4d93b909311e4b7bdd',
  uid: '814e5fcd0c434ad7b3c47a519e014e04',
  username: '周老师',
  role: '0',
  EIO: '3',
  transport: 'polling',
  t: 'Nas7mZx' }
[2021-05-04 15:07:35.998] [INFO] - [ 'kApXouRVMNH1d7eBAFDb', '960e1e5fd15d4b4d93b909311e4b7bdd' ]
[2021-05-04 15:07:36.014] [INFO] - query { rid: '960e1e5fd15d4b4d93b909311e4b7bdd',
  uid: '814e5fcd0c434ad7b3c47a519e014e04',
  username: '周老师',
  role: '0',
  EIO: '3',
  transport: 'polling',
  t: 'Nas7t9q' }
[2021-05-04 15:07:36.014] [INFO] - [ 'lMzMTfbYgErwLGjZAFDc', '960e1e5fd15d4b4d93b909311e4b7bdd' ]
[2021-05-04 15:07:36.019] [INFO] - query { rid: '960e1e5fd15d4b4d93b909311e4b7bdd',
  uid: '814e5fcd0c434ad7b3c47a519e014e04',
  username: '周老师',
  role: '0',
  EIO: '3',
  transport: 'polling',
  t: 'Nas7zlq' }
[2021-05-04 15:07:36.019] [INFO] - [ 'Sc-1qReDQ9U9ucWKAFDd', '960e1e5fd15d4b4d93b909311e4b7bdd' ]
[2021-05-04 15:07:36.038] [INFO] - query { rid: '960e1e5fd15d4b4d93b909311e4b7bdd',
  uid: '814e5fcd0c434ad7b3c47a519e014e04',
  username: '周老师',
  role: '0',
  EIO: '3',
  transport: 'polling',
  t: 'Nas84LY' }
[2021-05-04 15:07:36.038] [INFO] - [ '7odTXB9M4apyDEGTAFDe', '960e1e5fd15d4b4d93b909311e4b7bdd' ]
[2021-05-04 15:07:36.039] [INFO] - query { rid: '960e1e5fd15d4b4d93b909311e4b7bdd',
  uid: '814e5fcd0c434ad7b3c47a519e014e04',
  username: '周老师',
  role: '0',
  EIO: '3',
  transport: 'polling',
  t: 'Nas8AxQ' }
[2021-05-04 15:07:36.039] [INFO] - [ '0--niyecgw5avRTwAFDf', '960e1e5fd15d4b4d93b909311e4b7bdd' ]
[2021-05-04 15:07:36.040] [INFO] - query { rid: '960e1e5fd15d4b4d93b909311e4b7bdd',
  uid: '814e5fcd0c434ad7b3c47a519e014e04',
  username: '周老师',
  role: '0',
  EIO: '3',
  transport: 'polling',
  t: 'Nas8HXH' }
[2021-05-04 15:07:36.041] [INFO] - [ 'eLRiP7gC8jmG3FUQAFDg', '960e1e5fd15d4b4d93b909311e4b7bdd' ]
[2021-05-04 15:07:36.042] [INFO] - query { rid: '960e1e5fd15d4b4d93b909311e4b7bdd',
  uid: '814e5fcd0c434ad7b3c47a519e014e04',
  username: '周老师',
  role: '0',
  EIO: '3',
  transport: 'polling',
  t: 'Nas8O78' }
[2021-05-04 15:07:36.042] [INFO] - [ 'f0ZX9XFvdINX7N0SAFDh', '960e1e5fd15d4b4d93b909311e4b7bdd' ]
[2021-05-04 15:07:36.081] [INFO] - query { rid: '960e1e5fd15d4b4d93b909311e4b7bdd',
  uid: '814e5fcd0c434ad7b3c47a519e014e04',
  username: '周老师',
  role: '0',
  EIO: '3',
  transport: 'polling',
  t: 'Nas8bIw' }
[2021-05-04 15:07:36.081] [INFO] - [ 'tvuoPWzevWBDfCXrAFDi', '960e1e5fd15d4b4d93b909311e4b7bdd' ]
[2021-05-04 15:07:36.101] [INFO] - query { rid: '960e1e5fd15d4b4d93b909311e4b7bdd',
  uid: '814e5fcd0c434ad7b3c47a519e014e04',
  username: '周老师',
  role: '0',
  EIO: '3',
  transport: 'polling',
  t: 'Nas8Uj0' }
[2021-05-04 15:07:36.101] [INFO] - [ 'oJoKsl-MR3IC1B75AFDj', '960e1e5fd15d4b4d93b909311e4b7bdd' ]
[2021-05-04 15:07:36.102] [INFO] - query { rid: '960e1e5fd15d4b4d93b909311e4b7bdd',
  uid: '814e5fcd0c434ad7b3c47a519e014e04',
  username: '周老师',
  role: '0',
  EIO: '3',
  transport: 'polling',
  t: 'Nas8huo' }
[2021-05-04 15:07:36.105] [INFO] - [ 'cWYZfi1vAfbTDghzAFDk', '960e1e5fd15d4b4d93b909311e4b7bdd' ]
[2021-05-04 15:07:36.108] [INFO] - query { rid: '960e1e5fd15d4b4d93b909311e4b7bdd',
  uid: '814e5fcd0c434ad7b3c47a519e014e04',
  username: '周老师',
  role: '0',
  EIO: '3',
  transport: 'polling',
  t: 'Nas8oUd' }
[2021-05-04 15:07:36.109] [INFO] - [ '-f_k8zg_aEGtehAYAFDl', '960e1e5fd15d4b4d93b909311e4b7bdd' ]
[2021-05-04 15:07:36.126] [INFO] - query { rid: '960e1e5fd15d4b4d93b909311e4b7bdd',
  uid: '814e5fcd0c434ad7b3c47a519e014e04',
  username: '周老师',
  role: '0',
  EIO: '3',
  transport: 'polling',
  t: 'Nas8v4U' }
[2021-05-04 15:07:36.126] [INFO] - [ 'yitr7ZkT1Ogq60kOAFDm', '960e1e5fd15d4b4d93b909311e4b7bdd' ]
[2021-05-04 15:07:36.127] [INFO] - query { rid: '960e1e5fd15d4b4d93b909311e4b7bdd',
  uid: '814e5fcd0c434ad7b3c47a519e014e04',
  username: '周老师',
  role: '0',
  EIO: '3',
  transport: 'polling',
  t: 'Nas8_gM' }
[2021-05-04 15:07:36.128] [INFO] - [ 'Bf-2ZEwc8QSGMlIuAFDn', '960e1e5fd15d4b4d93b909311e4b7bdd' ]
[2021-05-04 15:07:36.138] [INFO] - query { rid: '960e1e5fd15d4b4d93b909311e4b7bdd',
  uid: '814e5fcd0c434ad7b3c47a519e014e04',
  username: '周老师',
  role: '0',
  EIO: '3',
  transport: 'polling',
  t: 'Nas96GD' }
[2021-05-04 15:07:36.138] [INFO] - [ 'mIrVug8G9bLABKhSAFDo', '960e1e5fd15d4b4d93b909311e4b7bdd' ]
[2021-05-04 15:07:36.147] [INFO] - query { rid: '960e1e5fd15d4b4d93b909311e4b7bdd',
  uid: '814e5fcd0c434ad7b3c47a519e014e04',
  username: '周老师',
  role: '0',
  EIO: '3',
  transport: 'polling',
  t: 'Nas9Cs5' }
[2021-05-04 15:07:36.147] [INFO] - [ 'O3QH4nzkEZYY40ARAFDp', '960e1e5fd15d4b4d93b909311e4b7bdd' ]
[2021-05-04 15:07:36.175] [INFO] - query { rid: '960e1e5fd15d4b4d93b909311e4b7bdd',
  uid: '814e5fcd0c434ad7b3c47a519e014e04',
  username: '周老师',
  role: '0',
  EIO: '3',
  transport: 'polling',
  t: 'Nas9JRz' }
[2021-05-04 15:07:36.175] [INFO] - [ 'AMmtwhUMEtYxoM05AFDq', '960e1e5fd15d4b4d93b909311e4b7bdd' ]
[2021-05-04 15:07:36.177] [INFO] - query { rid: '960e1e5fd15d4b4d93b909311e4b7bdd',
  uid: '814e5fcd0c434ad7b3c47a519e014e04',
  username: '周老师',
  role: '0',
  EIO: '3',
  transport: 'polling',
  t: 'Nas9Q1q' }
[2021-05-04 15:07:36.177] [INFO] - [ '3dlXFBN4D0gCLr4xAFDr', '960e1e5fd15d4b4d93b909311e4b7bdd' ]
[2021-05-04 15:07:36.178] [INFO] - query { rid: '960e1e5fd15d4b4d93b909311e4b7bdd',
  uid: '814e5fcd0c434ad7b3c47a519e014e04',
  username: '周老师',
  role: '0',
  EIO: '3',
  transport: 'polling',
  t: 'Nas9Wdt' }
[2021-05-04 15:07:36.178] [INFO] - [ 'I9GpxEBnEHTEWyeXAFDs', '960e1e5fd15d4b4d93b909311e4b7bdd' ]
[2021-05-04 15:07:36.192] [INFO] - query { rid: '960e1e5fd15d4b4d93b909311e4b7bdd',
  uid: '814e5fcd0c434ad7b3c47a519e014e04',
  username: '周老师',
  role: '0',
  EIO: '3',
  transport: 'polling',
  t: 'Nas9dDb' }
[2021-05-04 15:07:36.194] [INFO] - [ '4fvUBZx0onRVvM5VAFDt', '960e1e5fd15d4b4d93b909311e4b7bdd' ]
[2021-05-04 15:07:36.246] [INFO] - query { rid: '960e1e5fd15d4b4d93b909311e4b7bdd',
  uid: '814e5fcd0c434ad7b3c47a519e014e04',
  username: '周老师',
  role: '0',
  EIO: '3',
  transport: 'polling',
  t: 'Nas9qPI' }
[2021-05-04 15:07:36.246] [INFO] - [ 'rKsU251aMuNdFfAhAFDu', '960e1e5fd15d4b4d93b909311e4b7bdd' ]
[2021-05-04 15:07:36.250] [INFO] - query { rid: '960e1e5fd15d4b4d93b909311e4b7bdd',
  uid: '814e5fcd0c434ad7b3c47a519e014e04',
  username: '周老师',
  role: '0',
  EIO: '3',
  transport: 'polling',
  t: 'Nas9w_A' }
[2021-05-04 15:07:36.250] [INFO] - [ 'dHOb1yJ768UGkIyRAFDv', '960e1e5fd15d4b4d93b909311e4b7bdd' ]
[2021-05-04 15:07:36.251] [INFO] - query { rid: '960e1e5fd15d4b4d93b909311e4b7bdd',
  uid: '814e5fcd0c434ad7b3c47a519e014e04',
  username: '周老师',
  role: '0',
  EIO: '3',
  transport: 'polling',
  t: 'Nas9jpR' }
[2021-05-04 15:07:36.252] [INFO] - [ 'UkdEDj_f6AWG1QAGAFDw', '960e1e5fd15d4b4d93b909311e4b7bdd' ]
[2021-05-04 15:07:36.253] [INFO] - query { rid: '960e1e5fd15d4b4d93b909311e4b7bdd',
  uid: '814e5fcd0c434ad7b3c47a519e014e04',
  username: '周老师',
  role: '0',
  EIO: '3',
  transport: 'polling',
  t: 'NasA1b2' }
[2021-05-04 15:07:36.253] [INFO] - [ 'P6RW342bX_xM-HVYAFDx', '960e1e5fd15d4b4d93b909311e4b7bdd' ]
[2021-05-04 15:07:36.269] [INFO] - query { rid: '960e1e5fd15d4b4d93b909311e4b7bdd',
  uid: '814e5fcd0c434ad7b3c47a519e014e04',
  username: '周老师',
  role: '0',
  EIO: '3',
  transport: 'polling',
  t: 'NasA8Av' }
[2021-05-04 15:07:36.269] [INFO] - [ '9hJrtmijXhg8w8WoAFDy', '960e1e5fd15d4b4d93b909311e4b7bdd' ]
[2021-05-04 15:07:36.270] [INFO] - query { rid: '960e1e5fd15d4b4d93b909311e4b7bdd',
  uid: '814e5fcd0c434ad7b3c47a519e014e04',
  username: '周老师',
  role: '0',
  EIO: '3',
  transport: 'polling',
  t: 'NasAEmn' }
[2021-05-04 15:07:36.270] [INFO] - [ 'tH5ZRcqa54JNqAjZAFDz', '960e1e5fd15d4b4d93b909311e4b7bdd' ]
[2021-05-04 15:07:36.272] [INFO] - query { rid: '960e1e5fd15d4b4d93b909311e4b7bdd',
  uid: '814e5fcd0c434ad7b3c47a519e014e04',
  username: '周老师',
  role: '0',
  EIO: '3',
  transport: 'polling',
  t: 'NasALMe' }
[2021-05-04 15:07:36.272] [INFO] - [ 'dXGPiBB3na6fCDcrAFD0', '960e1e5fd15d4b4d93b909311e4b7bdd' ]
[2021-05-04 15:07:36.312] [INFO] - query { rid: '960e1e5fd15d4b4d93b909311e4b7bdd',
  uid: '814e5fcd0c434ad7b3c47a519e014e04',
  username: '周老师',
  role: '0',
  EIO: '3',
  transport: 'polling',
  t: 'NasARyX' }
[2021-05-04 15:07:36.313] [INFO] - [ 'EN6w4CVFnqFkJLtHAFD1', '960e1e5fd15d4b4d93b909311e4b7bdd' ]
[2021-05-04 15:07:36.340] [INFO] - query { rid: '960e1e5fd15d4b4d93b909311e4b7bdd',
  uid: '814e5fcd0c434ad7b3c47a519e014e04',
  username: '周老师',
  role: '0',
  EIO: '3',
  transport: 'polling',
  t: 'NasAYYN' }
[2021-05-04 15:07:36.340] [INFO] - [ 'LSi6YtPoqDtKZ8UEAFD2', '960e1e5fd15d4b4d93b909311e4b7bdd' ]
[2021-05-04 15:07:36.344] [INFO] - query { rid: '960e1e5fd15d4b4d93b909311e4b7bdd',
  uid: '814e5fcd0c434ad7b3c47a519e014e04',
  username: '周老师',
  role: '0',
  EIO: '3',
  transport: 'polling',
  t: 'NasAf8F' }
[2021-05-04 15:07:36.345] [INFO] - [ 'alZqIG-1NwnBRTpiAFD3', '960e1e5fd15d4b4d93b909311e4b7bdd' ]
[2021-05-04 15:07:36.358] [INFO] - query { rid: '960e1e5fd15d4b4d93b909311e4b7bdd',
  uid: '814e5fcd0c434ad7b3c47a519e014e04',
  username: '周老师',
  role: '0',
  EIO: '3',
  transport: 'polling',
  t: 'NasAlk8' }
[2021-05-04 15:07:36.358] [INFO] - [ 'TRlvK1OLJsFOaHIPAFD4', '960e1e5fd15d4b4d93b909311e4b7bdd' ]
[2021-05-04 15:07:36.366] [INFO] - query { rid: '960e1e5fd15d4b4d93b909311e4b7bdd',
  uid: '814e5fcd0c434ad7b3c47a519e014e04',
  username: '周老师',
  role: '0',
  EIO: '3',
  transport: 'polling',
  t: 'NasAsJ-' }
[2021-05-04 15:07:36.366] [INFO] - [ '3zPaJk5U2Di0qOmTAFD5', '960e1e5fd15d4b4d93b909311e4b7bdd' ]
[2021-05-04 15:07:36.413] [INFO] - query { rid: '960e1e5fd15d4b4d93b909311e4b7bdd',
  uid: '814e5fcd0c434ad7b3c47a519e014e04',
  username: '周老师',
  role: '0',
  EIO: '3',
  transport: 'polling',
  t: 'NasAyvs' }
[2021-05-04 15:07:36.413] [INFO] - [ '0yTxtclRQ6qSp9CFAFD6', '960e1e5fd15d4b4d93b909311e4b7bdd' ]
[2021-05-04 15:07:36.415] [INFO] - query { rid: '960e1e5fd15d4b4d93b909311e4b7bdd',
  uid: '814e5fcd0c434ad7b3c47a519e014e04',
  username: '周老师',
  role: '0',
  EIO: '3',
  transport: 'polling',
  t: 'NasB3Vj' }
[2021-05-04 15:07:36.415] [INFO] - [ 'PbAI9OwMPKFQPNFoAFD7', '960e1e5fd15d4b4d93b909311e4b7bdd' ]
[2021-05-04 15:07:36.466] [INFO] - query { rid: '960e1e5fd15d4b4d93b909311e4b7bdd',
  uid: '814e5fcd0c434ad7b3c47a519e014e04',
  username: '周老师',
  role: '0',
  EIO: '3',
  transport: 'polling',
  t: 'NasBGhS' }
[2021-05-04 15:07:36.466] [INFO] - [ 'yWsbeGIRebbss1wJAFD8', '960e1e5fd15d4b4d93b909311e4b7bdd' ]
[2021-05-04 15:07:36.487] [INFO] - query { rid: '960e1e5fd15d4b4d93b909311e4b7bdd',
  uid: '814e5fcd0c434ad7b3c47a519e014e04',
  username: '周老师',
  role: '0',
  EIO: '3',
  transport: 'polling',
  t: 'NasBA5b' }
[2021-05-04 15:07:36.487] [INFO] - [ 'W2l_IECUHKiT6dGCAFD9', '960e1e5fd15d4b4d93b909311e4b7bdd' ]
[2021-05-04 15:07:36.491] [INFO] - query { rid: '960e1e5fd15d4b4d93b909311e4b7bdd',
  uid: '814e5fcd0c434ad7b3c47a519e014e04',
  username: '周老师',
  role: '0',
  EIO: '3',
  transport: 'polling',
  t: 'NasBNHK' }
[2021-05-04 15:07:36.491] [INFO] - [ 'rC4l78oRz8bZCMsqAFD-', '960e1e5fd15d4b4d93b909311e4b7bdd' ]
[2021-05-04 15:07:36.494] [INFO] - query { rid: '960e1e5fd15d4b4d93b909311e4b7bdd',
  uid: '814e5fcd0c434ad7b3c47a519e014e04',
  username: '周老师',
  role: '0',
  EIO: '3',
  transport: 'polling',
  t: 'NasBTtB' }
[2021-05-04 15:07:36.494] [INFO] - [ 'j3QwR4_jXXPPy_2cAFD_', '960e1e5fd15d4b4d93b909311e4b7bdd' ]
[2021-05-04 15:07:36.524] [INFO] - query { rid: '960e1e5fd15d4b4d93b909311e4b7bdd',
  uid: '814e5fcd0c434ad7b3c47a519e014e04',
  username: '周老师',
  role: '0',
  EIO: '3',
  transport: 'polling',
  t: 'NasBaT3' }
[2021-05-04 15:07:36.524] [INFO] - [ '_gMEK3O0VAgMGKXXAFEA', '960e1e5fd15d4b4d93b909311e4b7bdd' ]
[2021-05-04 15:07:36.626] [INFO] - query { rid: '960e1e5fd15d4b4d93b909311e4b7bdd',
  uid: '814e5fcd0c434ad7b3c47a519e014e04',
  username: '周老师',
  role: '0',
  EIO: '3',
  transport: 'polling',
  t: 'NasBh2x' }
[2021-05-04 15:07:36.626] [INFO] - [ 'yoqw0kkO8Zm898NKAFEB', '960e1e5fd15d4b4d93b909311e4b7bdd' ]
[2021-05-04 15:07:36.647] [INFO] - query { rid: '960e1e5fd15d4b4d93b909311e4b7bdd',
  uid: '814e5fcd0c434ad7b3c47a519e014e04',
  username: '周老师',
  role: '0',
  EIO: '3',
  transport: 'polling',
  t: 'NasBnep' }
[2021-05-04 15:07:36.647] [INFO] - [ 'I_zR3L8Ja-AR5kp0AFEC', '960e1e5fd15d4b4d93b909311e4b7bdd' ]
[2021-05-04 15:07:36.659] [INFO] - query { rid: '960e1e5fd15d4b4d93b909311e4b7bdd',
  uid: '814e5fcd0c434ad7b3c47a519e014e04',
  username: '周老师',
  role: '0',
  EIO: '3',
  transport: 'polling',
  t: 'NasBuEf' }
[2021-05-04 15:07:36.659] [INFO] - [ 'J1F_mAZrokSRnF21AFED', '960e1e5fd15d4b4d93b909311e4b7bdd' ]
[2021-05-04 15:07:36.720] [INFO] - query { rid: '960e1e5fd15d4b4d93b909311e4b7bdd',
  uid: '814e5fcd0c434ad7b3c47a519e014e04',
  username: '周老师',
  role: '0',
  EIO: '3',
  transport: 'polling',
  t: 'NasB-qX' }
[2021-05-04 15:07:36.721] [INFO] - [ '_6reTo_qYzn1puZBAFEE', '960e1e5fd15d4b4d93b909311e4b7bdd' ]
[2021-05-04 15:07:36.722] [INFO] - query { rid: '960e1e5fd15d4b4d93b909311e4b7bdd',
  uid: '814e5fcd0c434ad7b3c47a519e014e04',
  username: '周老师',
  role: '0',
  EIO: '3',
  transport: 'polling',
  t: 'NasC5QR' }
[2021-05-04 15:07:36.722] [INFO] - [ '0MYnuZ-Lw0eAga6eAFEF', '960e1e5fd15d4b4d93b909311e4b7bdd' ]
[2021-05-04 15:07:36.723] [INFO] - query { rid: '960e1e5fd15d4b4d93b909311e4b7bdd',
  uid: '814e5fcd0c434ad7b3c47a519e014e04',
  username: '周老师',
  role: '0',
  EIO: '3',
  transport: 'polling',
  t: 'NasCC0I' }
[2021-05-04 15:07:36.723] [INFO] - [ 'YJwKhLueqc9crCWvAFEG', '960e1e5fd15d4b4d93b909311e4b7bdd' ]
[2021-05-04 15:07:36.745] [INFO] - query { rid: '960e1e5fd15d4b4d93b909311e4b7bdd',
  uid: '814e5fcd0c434ad7b3c47a519e014e04',
  username: '周老师',
  role: '0',
  EIO: '3',
  transport: 'polling',
  t: 'NasCIc8' }
[2021-05-04 15:07:36.745] [INFO] - [ 'qZ-ftqEZxTmfdxjQAFEH', '960e1e5fd15d4b4d93b909311e4b7bdd' ]
[2021-05-04 15:07:36.765] [INFO] - query { rid: '960e1e5fd15d4b4d93b909311e4b7bdd',
  uid: '814e5fcd0c434ad7b3c47a519e014e04',
  username: '周老师',
  role: '0',
  EIO: '3',
  transport: 'polling',
  t: 'NasCPB_' }
[2021-05-04 15:07:36.765] [INFO] - [ 'YuJzOJclNEzNFzDYAFEI', '960e1e5fd15d4b4d93b909311e4b7bdd' ]
[2021-05-04 15:07:36.792] [INFO] - query { rid: '960e1e5fd15d4b4d93b909311e4b7bdd',
  uid: '814e5fcd0c434ad7b3c47a519e014e04',
  username: '周老师',
  role: '0',
  EIO: '3',
  transport: 'polling',
  t: 'NasCVns' }
[2021-05-04 15:07:36.792] [INFO] - [ 'SZQqBMOR7lCaDdUUAFEJ', '960e1e5fd15d4b4d93b909311e4b7bdd' ]
[2021-05-04 15:07:36.880] [INFO] - query { rid: '960e1e5fd15d4b4d93b909311e4b7bdd',
  uid: '814e5fcd0c434ad7b3c47a519e014e04',
  username: '周老师',
  role: '0',
  EIO: '3',
  transport: 'polling',
  t: 'NasCcNk' }
[2021-05-04 15:07:36.880] [INFO] - [ 'W4-bcZVVXr1gZPnGAFEK', '960e1e5fd15d4b4d93b909311e4b7bdd' ]
[2021-05-04 15:07:36.994] [INFO] - query { rid: '960e1e5fd15d4b4d93b909311e4b7bdd',
  uid: '814e5fcd0c434ad7b3c47a519e014e04',
  username: '周老师',
  role: '0',
  EIO: '3',
  transport: 'polling',
  t: 'NasCizc' }
[2021-05-04 15:07:36.994] [INFO] - [ 'iDS-gucpSBKKxzx5AFEL', '960e1e5fd15d4b4d93b909311e4b7bdd' ]
[2021-05-04 15:07:37.002] [INFO] - query { rid: '960e1e5fd15d4b4d93b909311e4b7bdd',
  uid: '814e5fcd0c434ad7b3c47a519e014e04',
  username: '周老师',
  role: '0',
  EIO: '3',
  transport: 'polling',
  t: 'NasCpZT' }
[2021-05-04 15:07:37.002] [INFO] - [ 'Yl9moScl_xwECcd5AFEM', '960e1e5fd15d4b4d93b909311e4b7bdd' ]
[2021-05-04 15:07:37.027] [INFO] - query { rid: '960e1e5fd15d4b4d93b909311e4b7bdd',
  uid: '814e5fcd0c434ad7b3c47a519e014e04',
  username: '周老师',
  role: '0',
  EIO: '3',
  transport: 'polling',
  t: 'NasCw9L' }
[2021-05-04 15:07:37.027] [INFO] - [ 'jD-3mERyU-Kar_38AFEN', '960e1e5fd15d4b4d93b909311e4b7bdd' ]
[2021-05-04 15:07:37.078] [INFO] - query { rid: '960e1e5fd15d4b4d93b909311e4b7bdd',
  uid: '814e5fcd0c434ad7b3c47a519e014e04',
  username: '周老师',
  role: '0',
  EIO: '3',
  transport: 'polling',
  t: 'NasD0lC' }
[2021-05-04 15:07:37.078] [INFO] - [ 'd1uZ2XFuo2huPAfdAFEO', '960e1e5fd15d4b4d93b909311e4b7bdd' ]
[2021-05-04 15:07:47.285] [INFO] - query { rid: '960e1e5fd15d4b4d93b909311e4b7bdd',
  uid: '53922c83c0c044988df4223a47ca96b3',
  username: '氧吧',
  role: '0',
  EIO: '3',
  transport: 'polling',
  t: 'NasD4hC' }
[2021-05-04 15:07:47.285] [INFO] - [ 'u4O8Cz-8gfo7mf3TAFEP', '960e1e5fd15d4b4d93b909311e4b7bdd' ]
[2021-05-04 15:07:57.921] [INFO] - query { rid: '960e1e5fd15d4b4d93b909311e4b7bdd',
  uid: '49cf85be70ed4dc8942ac2fdf41be27e',
  username: '张伟民',
  role: '0',
  EIO: '3',
  transport: 'polling',
  t: 'NasD72v' }
[2021-05-04 15:07:57.922] [INFO] - [ 'ZlydOo_UUtZ-Py6fAFEQ', '960e1e5fd15d4b4d93b909311e4b7bdd' ]
[2021-05-04 15:08:05.163] [INFO] - query { rid: '960e1e5fd15d4b4d93b909311e4b7bdd',
  uid: '53922c83c0c044988df4223a47ca96b3',
  username: '氧吧',
  role: '0',
  EIO: '3',
  transport: 'polling',
  t: 'NasD91r' }
[2021-05-04 15:08:05.163] [INFO] - [ '70-VYqRae0tvu80GAFER', '960e1e5fd15d4b4d93b909311e4b7bdd' ]
[2021-05-04 15:09:03.453] [INFO] - query { rid: '960e1e5fd15d4b4d93b909311e4b7bdd',
  uid: 'f091855c696d405ab70b74fe428e0012',
  username: 'GQXC',
  role: '0',
  EIO: '3',
  transport: 'polling',
  t: 'NasDNTY' }
[2021-05-04 15:09:03.454] [INFO] - [ 'bVVqpZPD-9Dsp10BAFES', '960e1e5fd15d4b4d93b909311e4b7bdd' ]
[2021-05-04 15:09:18.438] [INFO] - query { rid: '960e1e5fd15d4b4d93b909311e4b7bdd',
  uid: '9fccd6abfd2248a4a355a7af17c25f69',
  username: '洁琳',
  role: '0',
  EIO: '3',
  transport: 'polling',
  t: 'NasDQZs' }
[2021-05-04 15:09:18.438] [INFO] - [ 'i2tazMyqBiU7tKjIAFET', '960e1e5fd15d4b4d93b909311e4b7bdd' ]
[2021-05-04 15:09:20.715] [INFO] - query { rid: '960e1e5fd15d4b4d93b909311e4b7bdd',
  uid: '7ee0ae9edda94205a6b3017354e0d067',
  username: '萧萧',
  role: '0',
  EIO: '3',
  transport: 'polling',
  t: 'NasDRNC' }
[2021-05-04 15:09:20.715] [INFO] - [ 'Zr2uv46MGXyg7rhYAFEU', '960e1e5fd15d4b4d93b909311e4b7bdd' ]
[2021-05-04 15:09:22.669] [INFO] - query { rid: '960e1e5fd15d4b4d93b909311e4b7bdd',
  uid: 'f091855c696d405ab70b74fe428e0012',
  username: 'GQXC',
  role: '0',
  EIO: '3',
  transport: 'polling',
  t: 'NasDS9w' }
[2021-05-04 15:09:22.670] [INFO] - [ 'DuDOLe6aaQNBTjCsAFEV', '960e1e5fd15d4b4d93b909311e4b7bdd' ]
[2021-05-04 15:09:35.076] [INFO] - query { rid: '960e1e5fd15d4b4d93b909311e4b7bdd',
  uid: '9fccd6abfd2248a4a355a7af17c25f69',
  username: '洁琳',
  role: '0',
  EIO: '3',
  transport: 'polling',
  t: 'NasDUdW' }
[2021-05-04 15:09:35.076] [INFO] - [ '_u86RnQ-G1ljBBO-AFEW', '960e1e5fd15d4b4d93b909311e4b7bdd' ]
[2021-05-04 15:09:52.471] [INFO] - query { rid: '960e1e5fd15d4b4d93b909311e4b7bdd',
  uid: 'c6426b4d40b245269ac35e980e06b807',
  username: '简单木子',
  role: '0',
  EIO: '3',
  transport: 'polling',
  t: 'NasDZBE' }
[2021-05-04 15:09:52.472] [INFO] - [ '3dPe1Wx1h3pzsCE0AFEX', '960e1e5fd15d4b4d93b909311e4b7bdd' ]
[2021-05-04 15:09:59.153] [INFO] - query { rid: '960e1e5fd15d4b4d93b909311e4b7bdd',
  uid: 'c8dd9ff7aa8449dbb54334024f6d5674',
  username: '晓猪姐姐',
  role: '0',
  EIO: '3',
  transport: 'polling',
  t: 'NasDaxv' }
[2021-05-04 15:09:59.153] [INFO] - [ 'AZh8it-3s2mbE393AFEY', '960e1e5fd15d4b4d93b909311e4b7bdd' ]
[2021-05-04 15:10:02.134] [INFO] - query { rid: '960e1e5fd15d4b4d93b909311e4b7bdd',
  uid: 'f091855c696d405ab70b74fe428e0012',
  username: 'GQXC',
  role: '0',
  EIO: '3',
  transport: 'polling',
  t: 'NasDboZ' }
[2021-05-04 15:10:02.134] [INFO] - [ 'JVw-5w-yW326BKzjAFEZ', '960e1e5fd15d4b4d93b909311e4b7bdd' ]
[2021-05-04 15:10:15.089] [INFO] - query { rid: '960e1e5fd15d4b4d93b909311e4b7bdd',
  uid: '9fccd6abfd2248a4a355a7af17c25f69',
  username: '洁琳',
  role: '0',
  EIO: '3',
  transport: 'polling',
  t: 'NasDeP9' }
[2021-05-04 15:10:15.089] [INFO] - [ 'vwgc4BPQxXuekQPYAFEa', '960e1e5fd15d4b4d93b909311e4b7bdd' ]
[2021-05-04 15:11:04.139] [INFO] - query { rid: '960e1e5fd15d4b4d93b909311e4b7bdd',
  uid: 'f091855c696d405ab70b74fe428e0012',
  username: 'GQXC',
  role: '0',
  EIO: '3',
  transport: 'polling',
  t: 'NasDqxS' }
[2021-05-04 15:11:04.139] [INFO] - [ 'Oj6helxKf1lRagVqAFEb', '960e1e5fd15d4b4d93b909311e4b7bdd' ]
[2021-05-04 15:12:22.793] [INFO] - query { rid: '960e1e5fd15d4b4d93b909311e4b7bdd',
  uid: '238cda1fe09244e680d317014d9f5400',
  username: '乙人',
  role: '0',
  EIO: '3',
  transport: 'polling',
  t: 'NasE7x2' }
[2021-05-04 15:12:22.794] [INFO] - [ '4U6NLAad9H1RhPBfAFEc', '960e1e5fd15d4b4d93b909311e4b7bdd' ]
[2021-05-04 15:12:48.324] [INFO] - query { rid: '960e1e5fd15d4b4d93b909311e4b7bdd',
  uid: '238cda1fe09244e680d317014d9f5400',
  username: '乙人',
  role: '0',
  EIO: '3',
  transport: 'polling',
  t: 'NasEE9s' }
[2021-05-04 15:12:48.324] [INFO] - [ 'fgwRDEoR2KZj8uG0AFEd', '960e1e5fd15d4b4d93b909311e4b7bdd' ]
[2021-05-04 15:13:08.946] [INFO] - query { rid: '960e1e5fd15d4b4d93b909311e4b7bdd',
  uid: '238cda1fe09244e680d317014d9f5400',
  username: '乙人',
  role: '0',
  EIO: '3',
  transport: 'polling',
  t: 'NasEJBm' }
[2021-05-04 15:13:08.946] [INFO] - [ 'IlizzuDQmTZz5uaEAFEe', '960e1e5fd15d4b4d93b909311e4b7bdd' ]
[2021-05-04 15:13:12.359] [INFO] - query { rid: '960e1e5fd15d4b4d93b909311e4b7bdd',
  uid: '28217af7077545789dbd9f56c7a3df5b',
  username: '阳光灿烂',
  role: '0',
  EIO: '3',
  transport: 'polling',
  t: 'NasEK2F' }
[2021-05-04 15:13:12.360] [INFO] - [ 'gHfntK9un8uKoMJ9AFEf', '960e1e5fd15d4b4d93b909311e4b7bdd' ]
[2021-05-04 15:13:14.305] [INFO] - query { rid: '960e1e5fd15d4b4d93b909311e4b7bdd',
  uid: '238cda1fe09244e680d317014d9f5400',
  username: '乙人',
  role: '0',
  EIO: '3',
  transport: 'polling',
  t: 'NasEKVp' }
[2021-05-04 15:13:14.305] [INFO] - [ 'te1RRqDr6ChV8tJrAFEg', '960e1e5fd15d4b4d93b909311e4b7bdd' ]
[2021-05-04 15:13:26.897] [INFO] - query { rid: '960e1e5fd15d4b4d93b909311e4b7bdd',
  uid: '238cda1fe09244e680d317014d9f5400',
  username: '乙人',
  role: '0',
  EIO: '3',
  transport: 'polling',
  t: 'NasENZX' }
[2021-05-04 15:13:26.897] [INFO] - [ 'WpINWPrOuNGyXa-CAFEh', '960e1e5fd15d4b4d93b909311e4b7bdd' ]
[2021-05-04 15:14:02.217] [INFO] - query { rid: '960e1e5fd15d4b4d93b909311e4b7bdd',
  uid: '238cda1fe09244e680d317014d9f5400',
  username: '乙人',
  role: '0',
  EIO: '3',
  transport: 'polling',
  t: 'NasEWBi' }
[2021-05-04 15:14:02.219] [INFO] - [ 'BjZo0nDai9Y_U_0qAFEi', '960e1e5fd15d4b4d93b909311e4b7bdd' ]
[2021-05-04 15:15:52.964] [INFO] - query { rid: '960e1e5fd15d4b4d93b909311e4b7bdd',
  uid: '91f220e0c74d4074b3912384a451dc72',
  username: '上善若水',
  role: '0',
  EIO: '3',
  transport: 'polling',
  t: 'NasExOJ' }
[2021-05-04 15:15:52.965] [INFO] - [ 'xLw4vuqcJAthf5weAFEj', '960e1e5fd15d4b4d93b909311e4b7bdd' ]
[2021-05-04 15:17:46.584] [INFO] - query { rid: '960e1e5fd15d4b4d93b909311e4b7bdd',
  uid: 'e464c5f2c67c458f87cca046a879569f',
  username: '罗育德',
  role: '0',
  EIO: '3',
  transport: 'polling',
  t: 'NasFNFA' }
[2021-05-04 15:17:46.584] [INFO] - [ 'HdNpgJ2cup5p4qxEAFEk', '960e1e5fd15d4b4d93b909311e4b7bdd' ]
[2021-05-04 15:19:35.104] [INFO] - query { rid: '960e1e5fd15d4b4d93b909311e4b7bdd',
  uid: '0328ab7e014f40f288fc3e1fa91b84f3',
  username: '高敏',
  role: '0',
  EIO: '3',
  transport: 'polling',
  t: 'NasFnT_' }
[2021-05-04 15:19:35.105] [INFO] - [ 'QFgNF1eMUDM5hYenAFEl', '960e1e5fd15d4b4d93b909311e4b7bdd' ]
[2021-05-04 15:19:35.112] [INFO] - [127.0.0.1] POST http://127.0.0.1:8250/api/v2/ajax {} 405 0ms
[2021-05-04 15:21:23.606] [INFO] - query { rid: '960e1e5fd15d4b4d93b909311e4b7bdd',
  uid: 'fccc5a406684421896746cfbcf480218',
  username: 'Surprise maker',
  role: '0',
  EIO: '3',
  transport: 'polling',
  t: 'NasGD4B' }
[2021-05-04 15:21:23.606] [INFO] - [ 'ZM4bOj6pVO-2WplBAFEm', '960e1e5fd15d4b4d93b909311e4b7bdd' ]
[2021-05-04 15:24:03.985] [INFO] - query { rid: '960e1e5fd15d4b4d93b909311e4b7bdd',
  uid: 'e3b3031abb6b4443b4e843b0489d71c7',
  username: 'Alpaca Lee',
  role: '0',
  EIO: '3',
  transport: 'polling',
  t: 'NasGp6y' }
[2021-05-04 15:24:03.986] [INFO] - [ 'TxA6zWeOCDca6IMUAFEn', '960e1e5fd15d4b4d93b909311e4b7bdd' ]
[2021-05-04 15:24:18.499] [INFO] - query { rid: '960e1e5fd15d4b4d93b909311e4b7bdd',
  uid: '586c55c6196e4ab1959c50d6a71a618f',
  username: '吴昊',
  role: '0',
  EIO: '3',
  transport: 'polling',
  t: 'NasGsgA' }
[2021-05-04 15:24:18.499] [INFO] - [ 'Fsdg4R89quU7Bp0sAFEo', '960e1e5fd15d4b4d93b909311e4b7bdd' ]
[2021-05-04 15:26:34.418] [INFO] - [127.0.0.1] GET http://127.0.0.1:8250/ 200 0ms
[2021-05-04 15:26:34.562] [INFO] - [127.0.0.1] GET http://127.0.0.1:8250/ 200 0ms
[2021-05-04 15:26:34.626] [INFO] - [127.0.0.1] GET http://127.0.0.1:8250/favicon.ico 200 1ms
[2021-05-04 15:26:47.252] [INFO] - query { rid: '960e1e5fd15d4b4d93b909311e4b7bdd',
  uid: '733f221727a248e69e4f3ca3bd1ae893',
  username: '.',
  role: '0',
  EIO: '3',
  transport: 'polling',
  t: 'NasHQzm' }
[2021-05-04 15:26:47.252] [INFO] - [ '173tQHU3IH110PHcAFEp', '960e1e5fd15d4b4d93b909311e4b7bdd' ]
[2021-05-04 15:27:07.142] [INFO] - query { rid: '960e1e5fd15d4b4d93b909311e4b7bdd',
  uid: '733f221727a248e69e4f3ca3bd1ae893',
  username: '.',
  role: '0',
  EIO: '3',
  transport: 'polling',
  t: 'NasHVqV' }
[2021-05-04 15:27:07.142] [INFO] - [ 'qOz1awbB6sysyThqAFEq', '960e1e5fd15d4b4d93b909311e4b7bdd' ]
[2021-05-04 15:27:44.253] [INFO] - query { rid: '960e1e5fd15d4b4d93b909311e4b7bdd',
  uid: '733f221727a248e69e4f3ca3bd1ae893',
  username: '.',
  role: '0',
  EIO: '3',
  transport: 'polling',
  t: 'NasHeuP' }
[2021-05-04 15:27:44.253] [INFO] - [ 'KRERDh8jOTxhmeLAAFEr', '960e1e5fd15d4b4d93b909311e4b7bdd' ]
[2021-05-04 15:28:49.527] [INFO] - query { rid: '960e1e5fd15d4b4d93b909311e4b7bdd',
  uid: '509228d0178f42b6a8d03ab5194f02ac',
  username: 'CUKE',
  role: '0',
  EIO: '3',
  transport: 'polling',
  t: 'NasHuYq' }
[2021-05-04 15:28:49.527] [INFO] - [ '_5WKusyQcFuEHqK0AFEs', '960e1e5fd15d4b4d93b909311e4b7bdd' ]
[2021-05-04 15:28:53.779] [INFO] - query { rid: '960e1e5fd15d4b4d93b909311e4b7bdd',
  uid: 'c8dd9ff7aa8449dbb54334024f6d5674',
  username: '晓猪姐姐',
  role: '0',
  EIO: '3',
  transport: 'polling',
  t: 'NasHvq7' }
[2021-05-04 15:28:53.779] [INFO] - [ '3O0Q21xcwdTYk1KRAFEt', '960e1e5fd15d4b4d93b909311e4b7bdd' ]
[2021-05-04 15:29:40.856] [INFO] - query { rid: '960e1e5fd15d4b4d93b909311e4b7bdd',
  uid: 'c8dd9ff7aa8449dbb54334024f6d5674',
  username: '晓猪姐姐',
  role: '0',
  EIO: '3',
  transport: 'polling',
  t: 'NasI5Jv' }
[2021-05-04 15:29:40.856] [INFO] - [ '_oAT95cV1HAI8lcfAFEu', '960e1e5fd15d4b4d93b909311e4b7bdd' ]
[2021-05-04 15:30:13.091] [INFO] - query { rid: '960e1e5fd15d4b4d93b909311e4b7bdd',
  uid: '509228d0178f42b6a8d03ab5194f02ac',
  username: 'CUKE',
  role: '0',
  EIO: '3',
  transport: 'polling',
  t: 'NasICxg' }
[2021-05-04 15:30:13.091] [INFO] - [ 'dIZK-P1VgXCmKIHlAFEv', '960e1e5fd15d4b4d93b909311e4b7bdd' ]
[2021-05-04 15:30:49.533] [INFO] - query { rid: '960e1e5fd15d4b4d93b909311e4b7bdd',
  uid: '509228d0178f42b6a8d03ab5194f02ac',
  username: 'CUKE',
  role: '0',
  EIO: '3',
  transport: 'polling',
  t: 'NasILrR' }
[2021-05-04 15:30:49.533] [INFO] - [ 'TFVdKuUm8Xphwd8pAFEw', '960e1e5fd15d4b4d93b909311e4b7bdd' ]
[2021-05-04 15:31:49.201] [INFO] - query { rid: '960e1e5fd15d4b4d93b909311e4b7bdd',
  uid: '509228d0178f42b6a8d03ab5194f02ac',
  username: 'CUKE',
  role: '0',
  EIO: '3',
  transport: 'polling',
  t: 'NasIaPd' }
[2021-05-04 15:31:49.202] [INFO] - [ 'UDFD5tyHbr81o5KIAFEx', '960e1e5fd15d4b4d93b909311e4b7bdd' ]
[2021-05-04 15:32:20.784] [INFO] - query { rid: '960e1e5fd15d4b4d93b909311e4b7bdd',
  uid: '509228d0178f42b6a8d03ab5194f02ac',
  username: 'CUKE',
  role: '0',
  EIO: '3',
  transport: 'polling',
  t: 'NasIi7X' }
[2021-05-04 15:32:20.784] [INFO] - [ 'OYjN8_xB7j5iXrV0AFEy', '960e1e5fd15d4b4d93b909311e4b7bdd' ]
[2021-05-04 15:38:23.511] [INFO] - [127.0.0.1] GET http://127.0.0.1:8250/ 200 0ms
[2021-05-04 15:38:24.638] [INFO] - [127.0.0.1] GET http://127.0.0.1:8250/ 200 0ms
[2021-05-04 15:42:24.977] [INFO] - query { rid: '960e1e5fd15d4b4d93b909311e4b7bdd',
  uid: 'd5325420c3294ab586ce91dad1d56103',
  username: 'juan',
  role: '0',
  EIO: '3',
  transport: 'polling',
  t: 'NasK_wG' }
[2021-05-04 15:42:24.978] [INFO] - [ 'nycSQBlJvuTSZEoxAFEz', '960e1e5fd15d4b4d93b909311e4b7bdd' ]
[2021-05-04 15:58:41.927] [INFO] - [127.0.0.1] GET http://127.0.0.1:8250/actuator/health 200 0ms
[2021-05-04 15:59:01.539] [INFO] - [127.0.0.1] GET http://127.0.0.1:8250/actuator/health 200 0ms
[2021-05-04 16:18:47.610] [INFO] - query { rid: '960e1e5fd15d4b4d93b909311e4b7bdd',
  uid: '33ed469049fb4184a91bca6229c48950',
  username: 'why2475c491dd',
  role: '0',
  EIO: '3',
  transport: 'polling',
  t: 'NasTKrH' }
[2021-05-04 16:18:47.610] [INFO] - [ 'xvq1SYCNXWgistJqAFE0', '960e1e5fd15d4b4d93b909311e4b7bdd' ]
[2021-05-04 16:56:19.704] [INFO] - query { rid: '960e1e5fd15d4b4d93b909311e4b7bdd',
  uid: 'ed6656e748404749ae6e86c5f99b5255',
  username: 'jiaquan18',
  role: '0',
  EIO: '3',
  transport: 'polling',
  t: 'Nasbwio' }
[2021-05-04 16:56:19.704] [INFO] - [ 'a7ArqoZigio65OuyAFE1', '960e1e5fd15d4b4d93b909311e4b7bdd' ]
[2021-05-04 17:16:42.018] [INFO] - query { rid: '960e1e5fd15d4b4d93b909311e4b7bdd',
  uid: 'd5325420c3294ab586ce91dad1d56103',
  username: 'juan',
  role: '0',
  EIO: '3',
  transport: 'polling',
  t: 'Nasgb2N' }
[2021-05-04 17:16:42.018] [INFO] - [ 'OTn92KElS8eZsCZjAFE2', '960e1e5fd15d4b4d93b909311e4b7bdd' ]
[2021-05-04 17:57:11.948] [INFO] - [127.0.0.1] GET http://127.0.0.1:8250/ 200 1ms
[2021-05-04 18:27:42.215] [INFO] - [127.0.0.1] GET http://127.0.0.1:8250/owa/ 200 0ms
[2021-05-04 18:50:54.297] [INFO] - [127.0.0.1] GET http://127.0.0.1:8250/.env 200 1ms
[2021-05-04 18:50:56.747] [INFO] - [127.0.0.1] POST http://127.0.0.1:8250/ {"0x":["androxgh0st"]} 405 0ms
[2021-05-04 19:01:33.370] [INFO] - [127.0.0.1] GET http://127.0.0.1:8250/ 200 0ms
[2021-05-04 19:25:42.899] [INFO] - [47.100.36.216] GET http://47.100.89.2:8250/ 200 0ms
[2021-05-04 19:26:54.123] [INFO] - [127.0.0.1] GET http://127.0.0.1:8250/ 200 0ms
[2021-05-04 20:41:39.855] [INFO] - [127.0.0.1] OPTIONS http://127.0.0.1:8250/ undefined 200 0ms
[2021-05-04 20:56:35.900] [INFO] - [127.0.0.1] OPTIONS http://127.0.0.1:8250/ undefined 200 0ms
[2021-05-04 21:19:34.817] [INFO] - [127.0.0.1] GET http://127.0.0.1:8250/ 200 0ms
[2021-05-04 21:21:00.110] [INFO] - [127.0.0.1] GET http://127.0.0.1:8250/ 200 0ms
[2021-05-04 21:25:27.369] [INFO] - [127.0.0.1] GET http://127.0.0.1:8250/nmaplowercheck1620134726 200 1ms
[2021-05-04 21:25:27.519] [INFO] - [127.0.0.1] GET http://127.0.0.1:8250/NmapUpperCheck1620134726 200 0ms
[2021-05-04 21:25:27.679] [INFO] - [127.0.0.1] GET http://127.0.0.1:8250/Nmap/folder/check1620134726 200 0ms
[2021-05-04 21:25:42.392] [INFO] - [127.0.0.1] POST http://127.0.0.1:8250/sdk {} 405 1ms
[2021-05-04 21:26:15.901] [INFO] - [127.0.0.1] GET http://127.0.0.1:8250/ 200 0ms
[2021-05-04 21:26:16.017] [INFO] - [127.0.0.1] GET http://127.0.0.1:8250/ 200 0ms
[2021-05-04 21:40:54.484] [INFO] - [127.0.0.1] GET http://127.0.0.1:8250/ 200 0ms
[2021-05-04 22:19:39.228] [INFO] - [127.0.0.1] GET http://127.0.0.1:8250/owa/ 200 0ms
[2021-05-04 22:41:24.600] [INFO] - [127.0.0.1] GET http://127.0.0.1:8250/ 200 1ms
[2021-05-04 23:36:25.780] [INFO] - [127.0.0.1] GET http://127.0.0.1:8250/ 200 0ms
