[2021-05-29 00:11:59.957] [INFO] - [127.0.0.1] GET http://127.0.0.1:8250/ 200 0ms
[2021-05-29 00:12:00.939] [INFO] - [127.0.0.1] GET http://127.0.0.1:8250/ 200 0ms
[2021-05-29 01:28:51.429] [INFO] - [127.0.0.1] GET http://127.0.0.1:8250/owa/ 200 0ms
[2021-05-29 02:03:04.007] [INFO] - [127.0.0.1] GET http://127.0.0.1:8250/ 200 0ms
[2021-05-29 02:35:00.868] [INFO] - [127.0.0.1] GET http://127.0.0.1:8250/ 200 0ms
[2021-05-29 02:59:27.761] [INFO] - [127.0.0.1] GET http://127.0.0.1:8250/ 200 0ms
[2021-05-29 04:45:19.106] [INFO] - [127.0.0.1] GET http://127.0.0.1:8250/ 200 1ms
[2021-05-29 04:45:19.833] [INFO] - [127.0.0.1] GET http://127.0.0.1:8250/ 200 0ms
[2021-05-29 04:46:33.170] [INFO] - [127.0.0.1] GET http://127.0.0.1:8250/ 200 1ms
[2021-05-29 05:02:34.915] [INFO] - [127.0.0.1] GET http://127.0.0.1:8250/ 200 0ms
[2021-05-29 05:05:32.273] [INFO] - [127.0.0.1] GET http://127.0.0.1:8250/.env 200 0ms
[2021-05-29 05:05:33.046] [INFO] - [127.0.0.1] POST http://127.0.0.1:8250/ {"0x":["androxgh0st"]} 405 0ms
[2021-05-29 05:40:26.450] [INFO] - query { rid: 'd618b7cdddd3499088b41844d38ddaa0',
  uid: '34bddff0e8e4440ca330db53a7394739',
  username: 'dongdong',
  role: '0',
  EIO: '3',
  transport: 'polling',
  t: 'Ncqwzpy' }
[2021-05-29 05:40:26.450] [INFO] - [ 'h593OWf1y1NCs3c-AFxt', 'd618b7cdddd3499088b41844d38ddaa0' ]
[2021-05-29 06:04:27.494] [INFO] - [127.0.0.1] GET http://127.0.0.1:8250/ 200 1ms
[2021-05-29 06:05:10.601] [INFO] - [127.0.0.1] GET http://127.0.0.1:8250/ 200 0ms
[2021-05-29 06:16:10.044] [INFO] - [127.0.0.1] GET http://127.0.0.1:8250/ 200 0ms
[2021-05-29 06:16:10.524] [INFO] - [127.0.0.1] GET http://127.0.0.1:8250/ 200 1ms
[2021-05-29 06:21:37.023] [INFO] - [127.0.0.1] GET http://127.0.0.1:8250/ 200 0ms
[2021-05-29 06:37:30.414] [INFO] - [127.0.0.1] GET http://127.0.0.1:8250/.env 200 0ms
[2021-05-29 06:37:31.426] [INFO] - [127.0.0.1] POST http://127.0.0.1:8250/ {"0x":["androxgh0st"]} 405 1ms
[2021-05-29 07:35:02.611] [INFO] - [127.0.0.1] GET http://127.0.0.1:8250/ 200 0ms
[2021-05-29 07:46:36.004] [INFO] - [127.0.0.1] GET http://127.0.0.1:8250/ 200 0ms
[2021-05-29 07:46:59.693] [INFO] - [127.0.0.1] GET http://127.0.0.1:8250/robots.txt 200 1ms
[2021-05-29 07:47:00.712] [INFO] - [127.0.0.1] GET http://127.0.0.1:8250/sitemap.xml 200 1ms
[2021-05-29 07:47:01.629] [INFO] - [127.0.0.1] GET http://127.0.0.1:8250/.well-known/security.txt 200 0ms
[2021-05-29 07:47:02.782] [INFO] - [127.0.0.1] GET http://127.0.0.1:8250/favicon.ico 200 0ms
[2021-05-29 07:47:13.560] [INFO] - [127.0.0.1] GET http://127.0.0.1:8250/ 200 0ms
[2021-05-29 07:48:16.595] [INFO] - [127.0.0.1] GET http://127.0.0.1:8250/ 200 0ms
[2021-05-29 09:08:05.305] [INFO] - [127.0.0.1] GET http://127.0.0.1:8250/ 200 1ms
[2021-05-29 09:08:05.405] [INFO] - [127.0.0.1] GET http://127.0.0.1:8250/ 200 1ms
[2021-05-29 09:08:05.458] [INFO] - [127.0.0.1] GET http://127.0.0.1:8250/favicon.ico 200 0ms
[2021-05-29 09:23:08.956] [INFO] - query { rid: '6f9f9f4aaf5d41fb9751724df7f4557c',
  uid: '7668f76ff70948a3b23a3f2d7da51918',
  username: '苏宇轩',
  role: '0',
  EIO: '3',
  transport: 'polling',
  t: 'NcrjxmC' }
[2021-05-29 09:23:08.957] [INFO] - [ 'rXPQiYKsf1etn9NDAFxu', '6f9f9f4aaf5d41fb9751724df7f4557c' ]
[2021-05-29 09:42:35.715] [INFO] - [127.0.0.1] GET http://127.0.0.1:8250/ 200 0ms
[2021-05-29 10:01:50.996] [INFO] - query { rid: '80db79121deb4dada72ba998ff448363',
  uid: '7668f76ff70948a3b23a3f2d7da51918',
  username: '苏宇轩',
  role: '0',
  EIO: '3',
  transport: 'polling',
  t: 'NcrsogN' }
[2021-05-29 10:01:50.997] [INFO] - [ 'MNzL7L8VM-Dj0SKPAFxv', '80db79121deb4dada72ba998ff448363' ]
[2021-05-29 10:02:23.926] [INFO] - query { rid: '80db79121deb4dada72ba998ff448363',
  uid: '7668f76ff70948a3b23a3f2d7da51918',
  username: '苏宇轩',
  role: '0',
  EIO: '3',
  transport: 'polling',
  t: 'Ncrswis' }
[2021-05-29 10:02:23.926] [INFO] - [ '6YpUKmIZM_HfMwxkAFxw', '80db79121deb4dada72ba998ff448363' ]
[2021-05-29 10:03:31.599] [INFO] - query { rid: '80db79121deb4dada72ba998ff448363',
  uid: '5237722a55e846c4898b90afa7c8349d',
  username: '邵军',
  role: '0',
  EIO: '3',
  transport: 'polling',
  t: 'NcrtBWo' }
[2021-05-29 10:03:31.599] [INFO] - [ 'Nd8A9YS5C7qxnV1yAFxx', '80db79121deb4dada72ba998ff448363' ]
[2021-05-29 10:05:21.698] [INFO] - query { rid: '80db79121deb4dada72ba998ff448363',
  uid: '5237722a55e846c4898b90afa7c8349d',
  username: '邵军',
  role: '0',
  EIO: '3',
  transport: 'polling',
  t: 'NcrtcPD' }
[2021-05-29 10:05:21.698] [INFO] - [ 'a9iOH15vpaFOAIw-AFxy', '80db79121deb4dada72ba998ff448363' ]
[2021-05-29 10:05:48.678] [INFO] - query { rid: '80db79121deb4dada72ba998ff448363',
  uid: '7668f76ff70948a3b23a3f2d7da51918',
  username: '苏宇轩',
  role: '0',
  EIO: '3',
  transport: 'polling',
  t: 'NcrtihT' }
[2021-05-29 10:05:48.678] [INFO] - [ 't0vEN9w-MIxsulkeAFxz', '80db79121deb4dada72ba998ff448363' ]
[2021-05-29 10:07:07.348] [INFO] - query { rid: '80db79121deb4dada72ba998ff448363',
  uid: '34bddff0e8e4440ca330db53a7394739',
  username: 'dongdong',
  role: '0',
  EIO: '3',
  transport: 'polling',
  t: 'Ncru0Mu' }
[2021-05-29 10:07:07.348] [INFO] - [ 'jCnA92Yx9tdk6VxBAFx0', '80db79121deb4dada72ba998ff448363' ]
[2021-05-29 10:18:15.564] [INFO] - query { rid: '80db79121deb4dada72ba998ff448363',
  uid: 'c445fab8e0ef48dd95a9928ac7c597c1',
  username: '郝龙',
  role: '0',
  EIO: '3',
  transport: 'polling',
  t: 'NcrwZIE' }
[2021-05-29 10:18:15.564] [INFO] - [ '2nQPn7Dv1bV2HGukAFx1', '80db79121deb4dada72ba998ff448363' ]
[2021-05-29 10:19:42.333] [INFO] - query { rid: '80db79121deb4dada72ba998ff448363',
  uid: 'c445fab8e0ef48dd95a9928ac7c597c1',
  username: '郝龙',
  role: '0',
  EIO: '3',
  transport: 'polling',
  t: 'NcrwuU5' }
[2021-05-29 10:19:42.334] [INFO] - [ 'uqViYljypaXOkQPWAFx2', '80db79121deb4dada72ba998ff448363' ]
[2021-05-29 10:20:37.588] [INFO] - query { rid: '80db79121deb4dada72ba998ff448363',
  uid: '7668f76ff70948a3b23a3f2d7da51918',
  username: '苏宇轩',
  role: '0',
  EIO: '3',
  transport: 'polling',
  t: 'Ncrx5iJ' }
[2021-05-29 10:20:37.588] [INFO] - [ 'Qsyl5jehj7ELrpcrAFx3', '80db79121deb4dada72ba998ff448363' ]
[2021-05-29 10:21:50.061] [INFO] - query { rid: '80db79121deb4dada72ba998ff448363',
  uid: 'c445fab8e0ef48dd95a9928ac7c597c1',
  username: '郝龙',
  role: '0',
  EIO: '3',
  transport: 'polling',
  t: 'NcrxNfs' }
[2021-05-29 10:21:50.061] [INFO] - [ '64lXX_02U2NCxMaMAFx4', '80db79121deb4dada72ba998ff448363' ]
[2021-05-29 10:22:19.727] [INFO] - query { rid: '80db79121deb4dada72ba998ff448363',
  uid: 'c445fab8e0ef48dd95a9928ac7c597c1',
  username: '郝龙',
  role: '0',
  EIO: '3',
  transport: 'polling',
  t: 'NcrxUvQ' }
[2021-05-29 10:22:19.727] [INFO] - [ 'eF8JLfjsbYTFlFbJAFx5', '80db79121deb4dada72ba998ff448363' ]
[2021-05-29 10:23:14.599] [INFO] - gift { role: 0,
  _id: 'eF8JLfjsbYTFlFbJAFx5',
  msg: '666',
  num: 1,
  img: 'https://culturecloud-live.oss-cn-shanghai.aliyuncs.com/gift/666.gif' }
[2021-05-29 10:23:35.705] [INFO] - query { rid: '80db79121deb4dada72ba998ff448363',
  uid: 'c445fab8e0ef48dd95a9928ac7c597c1',
  username: '郝龙',
  role: '0',
  EIO: '3',
  transport: 'polling',
  t: 'NcrxnST' }
[2021-05-29 10:23:35.705] [INFO] - [ 'La4_usCOM8G7P4XCAFx6', '80db79121deb4dada72ba998ff448363' ]
[2021-05-29 10:25:54.504] [INFO] - query { rid: '80db79121deb4dada72ba998ff448363',
  uid: '7668f76ff70948a3b23a3f2d7da51918',
  username: '苏宇轩',
  role: '0',
  EIO: '3',
  transport: 'polling',
  t: 'NcryJ4s' }
[2021-05-29 10:25:54.505] [INFO] - [ 'pliNucLnZxu7yXWKAFx7', '80db79121deb4dada72ba998ff448363' ]
[2021-05-29 10:26:05.899] [INFO] - query { rid: '80db79121deb4dada72ba998ff448363',
  uid: '7668f76ff70948a3b23a3f2d7da51918',
  username: '苏宇轩',
  role: '0',
  EIO: '3',
  transport: 'polling',
  t: 'NcryLtC' }
[2021-05-29 10:26:05.899] [INFO] - [ '1iHr29zKRu5lWxPCAFx8', '80db79121deb4dada72ba998ff448363' ]
[2021-05-29 10:27:48.293] [INFO] - query { rid: '80db79121deb4dada72ba998ff448363',
  uid: '482c2d7c350840459d565ed807cc3828',
  username: '芝麻蘑菇',
  role: '0',
  EIO: '3',
  transport: 'polling',
  t: 'NcrylL5' }
[2021-05-29 10:27:48.293] [INFO] - [ 'MMJK8QsT6Da6iXBYAFx9', '80db79121deb4dada72ba998ff448363' ]
[2021-05-29 10:28:29.087] [INFO] - query { rid: '80db79121deb4dada72ba998ff448363',
  uid: 'cb776d36179f49f2830dc665341ca625',
  username: '火夫',
  role: '0',
  EIO: '3',
  transport: 'polling',
  t: 'Ncryv8E' }
[2021-05-29 10:28:29.087] [INFO] - [ 'PRlHBXmRMmlyeQ-eAFx-', '80db79121deb4dada72ba998ff448363' ]
[2021-05-29 10:31:00.624] [INFO] - gift { role: 0,
  _id: 'PRlHBXmRMmlyeQ-eAFx-',
  msg: '棒棒糖',
  num: 1,
  img: 'https://culturecloud-live.oss-cn-shanghai.aliyuncs.com/gift/棒棒糖.gif' }
[2021-05-29 10:36:12.511] [INFO] - query { rid: '80db79121deb4dada72ba998ff448363',
  uid: 'ad5f68caf2d54e8ba080f657b2b0d49c',
  username: '丁雪梅',
  role: '0',
  EIO: '3',
  transport: 'polling',
  t: 'Ncr-g1u' }
[2021-05-29 10:36:12.511] [INFO] - [ 'uzM7OYgkgkP6WY6fAFx_', '80db79121deb4dada72ba998ff448363' ]
[2021-05-29 10:36:22.680] [INFO] - query { rid: '80db79121deb4dada72ba998ff448363',
  uid: 'cb776d36179f49f2830dc665341ca625',
  username: '火夫',
  role: '0',
  EIO: '3',
  transport: 'polling',
  t: 'Ncr-ilg' }
[2021-05-29 10:36:22.680] [INFO] - [ 'g1PfYrLQwN2zv8pOAFyA', '80db79121deb4dada72ba998ff448363' ]
[2021-05-29 10:46:07.643] [INFO] - query { rid: '80db79121deb4dada72ba998ff448363',
  uid: 'cb776d36179f49f2830dc665341ca625',
  username: '火夫',
  role: '0',
  EIO: '3',
  transport: 'polling',
  t: 'Ncs0xXc' }
[2021-05-29 10:46:07.643] [INFO] - [ '-UzJDlGc1q39JsXOAFyB', '80db79121deb4dada72ba998ff448363' ]
[2021-05-29 10:57:03.931] [INFO] - query { rid: '80db79121deb4dada72ba998ff448363',
  uid: '0a76bc1783c14b06a9bf291931b2dc5d',
  username: 'Yun',
  role: '0',
  EIO: '3',
  transport: 'polling',
  t: 'Ncs3RPI' }
[2021-05-29 10:57:03.931] [INFO] - [ 'z40e6ulyosV7b9DiAFyC', '80db79121deb4dada72ba998ff448363' ]
[2021-05-29 10:57:25.271] [INFO] - query { rid: '80db79121deb4dada72ba998ff448363',
  uid: '482c2d7c350840459d565ed807cc3828',
  username: '芝麻蘑菇',
  role: '0',
  EIO: '3',
  transport: 'polling',
  t: 'Ncs3X7m' }
[2021-05-29 10:57:25.271] [INFO] - [ 'wq5CO8XQT8ZBjKEFAFyD', '80db79121deb4dada72ba998ff448363' ]
[2021-05-29 10:58:51.963] [INFO] - query { rid: '80db79121deb4dada72ba998ff448363',
  uid: 'e0e2e3a293b24551a02377613dd55bd7',
  username: '彦',
  role: '0',
  EIO: '3',
  transport: 'polling',
  t: 'Ncs3r_x' }
[2021-05-29 10:58:51.963] [INFO] - [ 'FiSn08qWE51DCGrWAFyE', '80db79121deb4dada72ba998ff448363' ]
[2021-05-29 11:02:12.832] [INFO] - query { rid: '80db79121deb4dada72ba998ff448363',
  uid: 'd2c461d5a1f1459ca98e044608a1d300',
  username: '高明磊',
  role: '0',
  EIO: '3',
  transport: 'polling',
  t: 'Ncs4cxU' }
[2021-05-29 11:02:12.833] [INFO] - [ 'SzgwFRd15Yot4d5_AFyF', '80db79121deb4dada72ba998ff448363' ]
[2021-05-29 11:02:44.409] [INFO] - query { rid: '80db79121deb4dada72ba998ff448363',
  uid: '0a76bc1783c14b06a9bf291931b2dc5d',
  username: 'Yun',
  role: '0',
  EIO: '3',
  transport: 'polling',
  t: 'Ncs4kS2' }
[2021-05-29 11:02:44.409] [INFO] - [ 'gPbLyAax1j8r3WXvAFyG', '80db79121deb4dada72ba998ff448363' ]
[2021-05-29 11:02:45.608] [INFO] - query { rid: '80db79121deb4dada72ba998ff448363',
  uid: '4abe9feb88e54abfada8ee6bdcb37a8f',
  username: '07（林绮）',
  role: '0',
  EIO: '3',
  transport: 'polling',
  t: 'Ncs4kgv' }
[2021-05-29 11:02:45.609] [INFO] - [ '8r9Xi_1FAbOGPu7TAFyH', '80db79121deb4dada72ba998ff448363' ]
[2021-05-29 11:04:43.901] [INFO] - query { rid: '80db79121deb4dada72ba998ff448363',
  uid: '0a76bc1783c14b06a9bf291931b2dc5d',
  username: 'Yun',
  role: '0',
  EIO: '3',
  transport: 'polling',
  t: 'Ncs5Bhc' }
[2021-05-29 11:04:43.902] [INFO] - [ 'hkQi7zX3LSJDD9KsAFyI', '80db79121deb4dada72ba998ff448363' ]
[2021-05-29 11:06:22.357] [INFO] - query { rid: '80db79121deb4dada72ba998ff448363',
  uid: '6796c6605c3049beb5ef280ec020e00a',
  username: '永远的狮子座TjN',
  role: '0',
  EIO: '3',
  transport: 'polling',
  t: 'Ncs5Zyk' }
[2021-05-29 11:06:22.357] [INFO] - [ '58VjiNvk25nKUjkOAFyJ', '80db79121deb4dada72ba998ff448363' ]
[2021-05-29 11:06:58.397] [INFO] - query { rid: '80db79121deb4dada72ba998ff448363',
  uid: '0a76bc1783c14b06a9bf291931b2dc5d',
  username: 'Yun',
  role: '0',
  EIO: '3',
  transport: 'polling',
  t: 'Ncs5iX8' }
[2021-05-29 11:06:58.397] [INFO] - [ 'bnyvTw8P28Lc612LAFyK', '80db79121deb4dada72ba998ff448363' ]
[2021-05-29 11:07:46.811] [INFO] - query { rid: '80db79121deb4dada72ba998ff448363',
  uid: '4abe9feb88e54abfada8ee6bdcb37a8f',
  username: '07（林绮）',
  role: '0',
  EIO: '3',
  transport: 'polling',
  t: 'Ncs5tR5' }
[2021-05-29 11:07:46.811] [INFO] - [ 'NNgJbVTCYMqMG-AeAFyL', '80db79121deb4dada72ba998ff448363' ]
[2021-05-29 11:07:49.340] [INFO] - query { rid: '80db79121deb4dada72ba998ff448363',
  uid: '0a76bc1783c14b06a9bf291931b2dc5d',
  username: 'Yun',
  role: '0',
  EIO: '3',
  transport: 'polling',
  t: 'Ncs5uzY' }
[2021-05-29 11:07:49.340] [INFO] - [ 'QcQYmFZaIEkQ3tmpAFyM', '80db79121deb4dada72ba998ff448363' ]
[2021-05-29 11:08:03.945] [INFO] - query { rid: '80db79121deb4dada72ba998ff448363',
  uid: '88d1a464db33437297b4278c369ff724',
  username: '顾海',
  role: '0',
  EIO: '3',
  transport: 'polling',
  t: 'Ncs5z20' }
[2021-05-29 11:08:03.945] [INFO] - [ 'mCCMmqpyjVPzjC8XAFyN', '80db79121deb4dada72ba998ff448363' ]
[2021-05-29 11:08:54.563] [INFO] - msg { role: 0,
  username: '07（林绮）',
  _id: 'NNgJbVTCYMqMG-AeAFyL',
  msg: '舒服的舞蹈' }
[2021-05-29 11:10:04.534] [INFO] - msg { role: 0,
  username: '07（林绮）',
  _id: 'NNgJbVTCYMqMG-AeAFyL',
  msg: '场地合适呀，还有互动区域' }
[2021-05-29 11:10:21.256] [INFO] - query { rid: '80db79121deb4dada72ba998ff448363',
  uid: '0a76bc1783c14b06a9bf291931b2dc5d',
  username: 'Yun',
  role: '0',
  EIO: '3',
  transport: 'polling',
  t: 'Ncs6U3A' }
[2021-05-29 11:10:21.257] [INFO] - [ 'Qav7hoic4tlxyeTPAFyO', '80db79121deb4dada72ba998ff448363' ]
[2021-05-29 11:12:32.568] [INFO] - [127.0.0.1] GET http://127.0.0.1:8250/ 200 0ms
[2021-05-29 11:13:40.737] [INFO] - [127.0.0.1] GET http://127.0.0.1:8250/ 200 0ms
[2021-05-29 11:13:47.526] [INFO] - query { rid: '80db79121deb4dada72ba998ff448363',
  uid: '6796c6605c3049beb5ef280ec020e00a',
  username: '永远的狮子座TjN',
  role: '0',
  EIO: '3',
  transport: 'polling',
  t: 'Ncs7GeN' }
[2021-05-29 11:13:47.526] [INFO] - [ 'AMeweSpJtPo9H8f5AFyP', '80db79121deb4dada72ba998ff448363' ]
[2021-05-29 11:14:01.829] [INFO] - query { rid: '80db79121deb4dada72ba998ff448363',
  uid: '0a76bc1783c14b06a9bf291931b2dc5d',
  username: 'Yun',
  role: '0',
  EIO: '3',
  transport: 'polling',
  t: 'Ncs7Jv7' }
[2021-05-29 11:14:01.829] [INFO] - [ 'vkopHJFBYqeXwet1AFyQ', '80db79121deb4dada72ba998ff448363' ]
[2021-05-29 11:14:06.770] [INFO] - query { rid: '80db79121deb4dada72ba998ff448363',
  uid: '7668f76ff70948a3b23a3f2d7da51918',
  username: '苏宇轩',
  role: '0',
  EIO: '3',
  transport: 'polling',
  t: 'Ncs7LD3' }
[2021-05-29 11:14:06.771] [INFO] - [ '9Bdbvzyfymfus5LoAFyR', '80db79121deb4dada72ba998ff448363' ]
[2021-05-29 11:14:47.634] [INFO] - query { rid: '80db79121deb4dada72ba998ff448363',
  uid: '6796c6605c3049beb5ef280ec020e00a',
  username: '永远的狮子座TjN',
  role: '0',
  EIO: '3',
  transport: 'polling',
  t: 'Ncs7VJp' }
[2021-05-29 11:14:47.634] [INFO] - [ 'gzSJQxWtyPOaPHayAFyS', '80db79121deb4dada72ba998ff448363' ]
[2021-05-29 11:14:53.762] [INFO] - query { rid: '80db79121deb4dada72ba998ff448363',
  uid: '6796c6605c3049beb5ef280ec020e00a',
  username: '永远的狮子座TjN',
  role: '0',
  EIO: '3',
  transport: 'polling',
  t: 'Ncs7Woi' }
[2021-05-29 11:14:53.762] [INFO] - [ 'hIpM2zNO8JBoYkvKAFyT', '80db79121deb4dada72ba998ff448363' ]
[2021-05-29 11:15:30.949] [INFO] - query { rid: '80db79121deb4dada72ba998ff448363',
  uid: '6796c6605c3049beb5ef280ec020e00a',
  username: '永远的狮子座TjN',
  role: '0',
  EIO: '3',
  transport: 'polling',
  t: 'Ncs7fuT' }
[2021-05-29 11:15:30.950] [INFO] - [ '-Qyd-eJ2mSH7UUALAFyU', '80db79121deb4dada72ba998ff448363' ]
[2021-05-29 11:16:10.737] [INFO] - query { rid: '80db79121deb4dada72ba998ff448363',
  uid: '6796c6605c3049beb5ef280ec020e00a',
  username: '永远的狮子座TjN',
  role: '0',
  EIO: '3',
  transport: 'polling',
  t: 'Ncs7pb-' }
[2021-05-29 11:16:10.738] [INFO] - [ '0lfG1bD9G0epd7xOAFyV', '80db79121deb4dada72ba998ff448363' ]
[2021-05-29 11:16:45.105] [INFO] - query { rid: '80db79121deb4dada72ba998ff448363',
  uid: '6796c6605c3049beb5ef280ec020e00a',
  username: '永远的狮子座TjN',
  role: '0',
  EIO: '3',
  transport: 'polling',
  t: 'Ncs7x_B' }
[2021-05-29 11:16:45.105] [INFO] - [ 'O555aU_lr-JWZEnoAFyW', '80db79121deb4dada72ba998ff448363' ]
[2021-05-29 11:17:36.489] [INFO] - query { rid: '80db79121deb4dada72ba998ff448363',
  uid: '6796c6605c3049beb5ef280ec020e00a',
  username: '永远的狮子座TjN',
  role: '0',
  EIO: '3',
  transport: 'polling',
  t: 'Ncs88X_' }
[2021-05-29 11:17:36.489] [INFO] - [ 'HnR2nhbw7vdhi3TtAFyX', '80db79121deb4dada72ba998ff448363' ]
[2021-05-29 11:17:45.448] [INFO] - query { rid: '80db79121deb4dada72ba998ff448363',
  uid: '6796c6605c3049beb5ef280ec020e00a',
  username: '永远的狮子座TjN',
  role: '0',
  EIO: '3',
  transport: 'polling',
  t: 'Ncs8Ak0' }
[2021-05-29 11:17:45.448] [INFO] - [ 'R_K3kbd5gnp0JadfAFyY', '80db79121deb4dada72ba998ff448363' ]
[2021-05-29 11:18:59.547] [INFO] - query { rid: '80db79121deb4dada72ba998ff448363',
  uid: '6be742a1e32946fda7a815878076c4c8',
  username: '喵喵斯基',
  role: '0',
  EIO: '3',
  transport: 'polling',
  t: 'Ncs8SjU' }
[2021-05-29 11:18:59.547] [INFO] - [ 'ee2wqLNF4HXPVF6YAFyZ', '80db79121deb4dada72ba998ff448363' ]
[2021-05-29 11:19:42.111] [INFO] - query { rid: '80db79121deb4dada72ba998ff448363',
  uid: '6be742a1e32946fda7a815878076c4c8',
  username: '喵喵斯基',
  role: '0',
  EIO: '3',
  transport: 'polling',
  t: 'Ncs8d6U' }
[2021-05-29 11:19:42.112] [INFO] - [ 'dWsu7FaRpG2XVAUyAFya', '80db79121deb4dada72ba998ff448363' ]
[2021-05-29 11:22:57.109] [INFO] - query { rid: '80db79121deb4dada72ba998ff448363',
  uid: '6be742a1e32946fda7a815878076c4c8',
  username: '喵喵斯基',
  role: '0',
  EIO: '3',
  transport: 'polling',
  t: 'Ncs9MjD' }
[2021-05-29 11:22:57.110] [INFO] - [ 'lvtwxBBmOSEUEysnAFyb', '80db79121deb4dada72ba998ff448363' ]
[2021-05-29 11:28:08.449] [INFO] - query { rid: '80db79121deb4dada72ba998ff448363',
  uid: '1b9a7e6240704a91845d4c308867cb0f',
  username: '谢栋',
  role: '0',
  EIO: '3',
  transport: 'polling',
  t: 'NcsAYjw' }
[2021-05-29 11:28:08.449] [INFO] - [ 'Wr6KIjxqyYTr4lbEAFyc', '80db79121deb4dada72ba998ff448363' ]
[2021-05-29 11:57:22.615] [INFO] - [47.101.191.231] GET http://47.100.89.2:8250/ 200 1ms
[2021-05-29 12:41:37.456] [INFO] - [127.0.0.1] GET http://127.0.0.1:8250/ 200 1ms
[2021-05-29 12:51:14.550] [INFO] - query { rid: '16d11a62158746128906da1853f36f4c',
  uid: '7668f76ff70948a3b23a3f2d7da51918',
  username: '苏宇轩',
  role: '0',
  EIO: '3',
  transport: 'polling',
  t: 'NcsTZ-Y' }
[2021-05-29 12:51:14.550] [INFO] - [ 'USnM6nkZ24kVbmTLAFyd', '16d11a62158746128906da1853f36f4c' ]
[2021-05-29 13:08:51.653] [INFO] - [127.0.0.1] GET http://127.0.0.1:8250/ 200 0ms
[2021-05-29 14:00:09.201] [INFO] - query { rid: 'ec0d6b68043143d8ada4b98b52b6d3b8',
  uid: '7668f76ff70948a3b23a3f2d7da51918',
  username: '苏宇轩',
  role: '0',
  EIO: '3',
  transport: 'polling',
  t: 'NcsjLRi' }
[2021-05-29 14:00:09.201] [INFO] - [ 'yYJvPOMRWcFY5JDEAFye', 'ec0d6b68043143d8ada4b98b52b6d3b8' ]
[2021-05-29 14:00:11.809] [INFO] - query { rid: 'ec0d6b68043143d8ada4b98b52b6d3b8',
  uid: '72593320774f4fb29b913368c310073e',
  username: '风荷举',
  role: '0',
  EIO: '3',
  transport: 'polling',
  t: 'NcsjLwX' }
[2021-05-29 14:00:11.809] [INFO] - [ 'l_-o-oodN1RnUt1rAFyf', 'ec0d6b68043143d8ada4b98b52b6d3b8' ]
[2021-05-29 14:00:12.946] [INFO] - query { rid: 'ec0d6b68043143d8ada4b98b52b6d3b8',
  uid: 'a4b8d9e58d09438aa0fbc080d67b5a83',
  username: '蓝天',
  role: '0',
  EIO: '3',
  transport: 'polling',
  t: 'NcsjMJK' }
[2021-05-29 14:00:12.946] [INFO] - [ '01Xg1pAHJQoAVA6uAFyg', 'ec0d6b68043143d8ada4b98b52b6d3b8' ]
[2021-05-29 14:00:14.303] [INFO] - query { rid: 'ec0d6b68043143d8ada4b98b52b6d3b8',
  uid: 'c355f19ed30f490a9e58fa7ab16b0b9d',
  username: '大红',
  role: '0',
  EIO: '3',
  transport: 'polling',
  t: 'NcsjMxi' }
[2021-05-29 14:00:14.304] [INFO] - [ 'zbb1aZU2sQaEwSmKAFyh', 'ec0d6b68043143d8ada4b98b52b6d3b8' ]
[2021-05-29 14:00:50.217] [INFO] - query { rid: 'ec0d6b68043143d8ada4b98b52b6d3b8',
  uid: '3bebf5441808446f8135df87e16c4d13',
  username: '里儿',
  role: '0',
  EIO: '3',
  transport: 'polling',
  t: 'NcsjVUw' }
[2021-05-29 14:00:50.217] [INFO] - [ 'bSOjoQ7AKzIwI9mAAFyi', 'ec0d6b68043143d8ada4b98b52b6d3b8' ]
[2021-05-29 14:00:57.127] [INFO] - query { rid: 'ec0d6b68043143d8ada4b98b52b6d3b8',
  uid: 'bf44964cd3b146faa2507dcdf6bfedc1',
  username: 'claire',
  role: '0',
  EIO: '3',
  transport: 'polling',
  t: 'NcsjXPJ' }
[2021-05-29 14:00:57.128] [INFO] - [ 'us9pXvioebt_kQBfAFyj', 'ec0d6b68043143d8ada4b98b52b6d3b8' ]
[2021-05-29 14:01:38.911] [INFO] - query { rid: 'ec0d6b68043143d8ada4b98b52b6d3b8',
  uid: 'cb776d36179f49f2830dc665341ca625',
  username: '火夫',
  role: '0',
  EIO: '3',
  transport: 'polling',
  t: 'NcsjhkS' }
[2021-05-29 14:01:38.911] [INFO] - [ 'yXDJj6KXkiKa4DRzAFyk', 'ec0d6b68043143d8ada4b98b52b6d3b8' ]
[2021-05-29 14:02:53.476] [INFO] - query { rid: 'ec0d6b68043143d8ada4b98b52b6d3b8',
  uid: 'bf44964cd3b146faa2507dcdf6bfedc1',
  username: 'claire',
  role: '0',
  EIO: '3',
  transport: 'polling',
  t: 'Ncsjzpo' }
[2021-05-29 14:02:53.478] [INFO] - [ 'RrnoyYASLG-6AcChAFyl', 'ec0d6b68043143d8ada4b98b52b6d3b8' ]
[2021-05-29 14:04:26.909] [INFO] - query { rid: 'ec0d6b68043143d8ada4b98b52b6d3b8',
  uid: 'ce94c87343174f9da794b2a7d666668c',
  username: '耀龙',
  role: '0',
  EIO: '3',
  transport: 'polling',
  t: 'NcskKks' }
[2021-05-29 14:04:26.910] [INFO] - [ 'bNP4BccWTEHdpqKHAFym', 'ec0d6b68043143d8ada4b98b52b6d3b8' ]
[2021-05-29 14:05:52.377] [INFO] - query { rid: 'ec0d6b68043143d8ada4b98b52b6d3b8',
  uid: '7a3e002e19d94a2eb7caaa451d73a673',
  username: '沈财岗',
  role: '0',
  EIO: '3',
  transport: 'polling',
  t: 'NcskfWu' }
[2021-05-29 14:05:52.377] [INFO] - [ 'qjttTGLSTwRTbcOtAFyn', 'ec0d6b68043143d8ada4b98b52b6d3b8' ]
[2021-05-29 14:06:00.362] [INFO] - query { rid: 'ec0d6b68043143d8ada4b98b52b6d3b8',
  uid: 'cb776d36179f49f2830dc665341ca625',
  username: '火夫',
  role: '0',
  EIO: '3',
  transport: 'polling',
  t: 'NcskhZP' }
[2021-05-29 14:06:00.362] [INFO] - [ 'FYQzUX8dXlTtrxoJAFyo', 'ec0d6b68043143d8ada4b98b52b6d3b8' ]
[2021-05-29 14:07:56.575] [INFO] - query { rid: 'ec0d6b68043143d8ada4b98b52b6d3b8',
  uid: '72593320774f4fb29b913368c310073e',
  username: '风荷举',
  role: '0',
  EIO: '3',
  transport: 'polling',
  t: 'Ncsl7Nn' }
[2021-05-29 14:07:56.576] [INFO] - [ 'gJxcY0TqqheMzkJjAFyp', 'ec0d6b68043143d8ada4b98b52b6d3b8' ]
[2021-05-29 14:07:56.822] [INFO] - query { rid: 'ec0d6b68043143d8ada4b98b52b6d3b8',
  uid: 'cb776d36179f49f2830dc665341ca625',
  username: '火夫',
  role: '0',
  EIO: '3',
  transport: 'polling',
  t: 'Ncsl7_G' }
[2021-05-29 14:07:56.822] [INFO] - [ 'FcZyYCrAR8WxwAugAFyq', 'ec0d6b68043143d8ada4b98b52b6d3b8' ]
[2021-05-29 14:08:55.091] [INFO] - query { rid: 'ec0d6b68043143d8ada4b98b52b6d3b8',
  uid: '72593320774f4fb29b913368c310073e',
  username: '风荷举',
  role: '0',
  EIO: '3',
  transport: 'polling',
  t: 'NcslLg5' }
[2021-05-29 14:08:55.091] [INFO] - [ 'UH6Fs5sTiuuHfiI0AFyr', 'ec0d6b68043143d8ada4b98b52b6d3b8' ]
[2021-05-29 14:09:22.685] [INFO] - query { rid: 'ec0d6b68043143d8ada4b98b52b6d3b8',
  uid: '2474b3c1e2ee44a7a8cc0e8ebf8f86a5',
  username: 'ORIENT外语天地',
  role: '0',
  EIO: '3',
  transport: 'polling',
  t: 'NcslShQ' }
[2021-05-29 14:09:22.685] [INFO] - [ 'T1RoYliWnM7kw1QfAFys', 'ec0d6b68043143d8ada4b98b52b6d3b8' ]
[2021-05-29 14:11:08.041] [INFO] - query { rid: 'ec0d6b68043143d8ada4b98b52b6d3b8',
  uid: 'c355f19ed30f490a9e58fa7ab16b0b9d',
  username: '大红',
  role: '0',
  EIO: '3',
  transport: 'polling',
  t: 'NcslsTU' }
[2021-05-29 14:11:08.042] [INFO] - [ 'Aph4kEIeNVNYYU4lAFyt', 'ec0d6b68043143d8ada4b98b52b6d3b8' ]
[2021-05-29 14:11:13.095] [INFO] - query { rid: 'ec0d6b68043143d8ada4b98b52b6d3b8',
  uid: '190ad783a8fa4ebdb8b8969cc6da4768',
  username: '思念成雨急',
  role: '0',
  EIO: '3',
  transport: 'polling',
  t: 'NcsltUn' }
[2021-05-29 14:11:13.095] [INFO] - [ 'UsfduuBBieWKib9UAFyu', 'ec0d6b68043143d8ada4b98b52b6d3b8' ]
[2021-05-29 14:11:30.648] [INFO] - query { rid: 'ec0d6b68043143d8ada4b98b52b6d3b8',
  uid: '190ad783a8fa4ebdb8b8969cc6da4768',
  username: '思念成雨急',
  role: '0',
  EIO: '3',
  transport: 'polling',
  t: 'Ncslxmx' }
[2021-05-29 14:11:30.648] [INFO] - [ 'eRdDJelBp_deW626AFyv', 'ec0d6b68043143d8ada4b98b52b6d3b8' ]
[2021-05-29 14:11:33.540] [INFO] - query { rid: 'ec0d6b68043143d8ada4b98b52b6d3b8',
  uid: '190ad783a8fa4ebdb8b8969cc6da4768',
  username: '思念成雨急',
  role: '0',
  EIO: '3',
  transport: 'polling',
  t: 'NcslyUI' }
[2021-05-29 14:11:33.540] [INFO] - [ '5xl2VYDzHG041DWpAFyw', 'ec0d6b68043143d8ada4b98b52b6d3b8' ]
[2021-05-29 14:11:40.074] [INFO] - query { rid: 'ec0d6b68043143d8ada4b98b52b6d3b8',
  uid: '7a3e002e19d94a2eb7caaa451d73a673',
  username: '沈财岗',
  role: '0',
  EIO: '3',
  transport: 'polling',
  t: 'Ncsl-Pq' }
[2021-05-29 14:11:40.075] [INFO] - [ 'X2lh5824Ybd19wMNAFyx', 'ec0d6b68043143d8ada4b98b52b6d3b8' ]
[2021-05-29 14:12:06.164] [INFO] - query { rid: 'ec0d6b68043143d8ada4b98b52b6d3b8',
  uid: '7a3e002e19d94a2eb7caaa451d73a673',
  username: '沈财岗',
  role: '0',
  EIO: '3',
  transport: 'polling',
  t: 'Ncsm4nN' }
[2021-05-29 14:12:06.165] [INFO] - [ 'pcvVQ1kVQlBrZd84AFyy', 'ec0d6b68043143d8ada4b98b52b6d3b8' ]
[2021-05-29 14:13:01.814] [INFO] - query { rid: 'ec0d6b68043143d8ada4b98b52b6d3b8',
  uid: 'f4cf5d38f6f64a19941d56b902927f1b',
  username: '张眼瞎看',
  role: '0',
  EIO: '3',
  transport: 'polling',
  t: 'NcsmIG7' }
[2021-05-29 14:13:01.814] [INFO] - [ 'ZIz7aqEz2Bo_s9-tAFyz', 'ec0d6b68043143d8ada4b98b52b6d3b8' ]
[2021-05-29 14:13:18.013] [INFO] - query { rid: 'ec0d6b68043143d8ada4b98b52b6d3b8',
  uid: '2474b3c1e2ee44a7a8cc0e8ebf8f86a5',
  username: 'ORIENT外语天地',
  role: '0',
  EIO: '3',
  transport: 'polling',
  t: 'NcsmM8O' }
[2021-05-29 14:13:18.013] [INFO] - [ 'b_rCGgNUwjO4wVhGAFy0', 'ec0d6b68043143d8ada4b98b52b6d3b8' ]
[2021-05-29 14:15:15.342] [INFO] - query { rid: 'ec0d6b68043143d8ada4b98b52b6d3b8',
  uid: 'cb776d36179f49f2830dc665341ca625',
  username: '火夫',
  role: '0',
  EIO: '3',
  transport: 'polling',
  t: 'Ncsmp3H' }
[2021-05-29 14:15:15.342] [INFO] - [ 'Gre4lMJAB4lwe5u5AFy1', 'ec0d6b68043143d8ada4b98b52b6d3b8' ]
[2021-05-29 14:15:22.471] [INFO] - query { rid: 'ec0d6b68043143d8ada4b98b52b6d3b8',
  uid: 'c355f19ed30f490a9e58fa7ab16b0b9d',
  username: '大红',
  role: '0',
  EIO: '3',
  transport: 'polling',
  t: 'NcsmqfT' }
[2021-05-29 14:15:22.472] [INFO] - [ '43ocMk5Gr0dakmnXAFy2', 'ec0d6b68043143d8ada4b98b52b6d3b8' ]
[2021-05-29 14:16:29.502] [INFO] - query { rid: 'ec0d6b68043143d8ada4b98b52b6d3b8',
  uid: '190ad783a8fa4ebdb8b8969cc6da4768',
  username: '思念成雨急',
  role: '0',
  EIO: '3',
  transport: 'polling',
  t: 'Ncsn4gc' }
[2021-05-29 14:16:29.503] [INFO] - [ 'A0fiikS8GAiye-77AFy3', 'ec0d6b68043143d8ada4b98b52b6d3b8' ]
[2021-05-29 14:16:34.249] [INFO] - gift { role: 0,
  _id: 'Gre4lMJAB4lwe5u5AFy1',
  msg: '爱心',
  num: 1,
  img: 'https://culturecloud-live.oss-cn-shanghai.aliyuncs.com/gift/爱心.gif' }
[2021-05-29 14:18:04.725] [INFO] - query { rid: 'ec0d6b68043143d8ada4b98b52b6d3b8',
  uid: '190ad783a8fa4ebdb8b8969cc6da4768',
  username: '思念成雨急',
  role: '0',
  EIO: '3',
  transport: 'polling',
  t: 'NcsnS2i' }
[2021-05-29 14:18:04.725] [INFO] - [ 'zwfgSeaG__F682oZAFy4', 'ec0d6b68043143d8ada4b98b52b6d3b8' ]
[2021-05-29 14:18:27.731] [INFO] - [127.0.0.1] GET http://127.0.0.1:8250/ 200 0ms
[2021-05-29 14:19:13.517] [INFO] - query { rid: 'ec0d6b68043143d8ada4b98b52b6d3b8',
  uid: '2fdc4fee8c77494c8bfbd924e74220cc',
  username: '我永远喜欢UZI',
  role: '0',
  EIO: '3',
  transport: 'polling',
  t: 'Ncsniz2' }
[2021-05-29 14:19:13.517] [INFO] - [ 'ZLv_6VUi7aKbzg5MAFy5', 'ec0d6b68043143d8ada4b98b52b6d3b8' ]
[2021-05-29 14:19:32.708] [INFO] - query { rid: 'ec0d6b68043143d8ada4b98b52b6d3b8',
  uid: '190ad783a8fa4ebdb8b8969cc6da4768',
  username: '思念成雨急',
  role: '0',
  EIO: '3',
  transport: 'polling',
  t: 'NcsnnXu' }
[2021-05-29 14:19:32.708] [INFO] - [ 'Rm3T6gOw5FTIYplfAFy6', 'ec0d6b68043143d8ada4b98b52b6d3b8' ]
[2021-05-29 14:20:04.729] [INFO] - query { rid: 'ec0d6b68043143d8ada4b98b52b6d3b8',
  uid: '190ad783a8fa4ebdb8b8969cc6da4768',
  username: '思念成雨急',
  role: '0',
  EIO: '3',
  transport: 'polling',
  t: 'NcsnvP3' }
[2021-05-29 14:20:04.729] [INFO] - [ '96pBC9lB2fqykUjoAFy7', 'ec0d6b68043143d8ada4b98b52b6d3b8' ]
[2021-05-29 14:20:23.037] [INFO] - query { rid: 'ec0d6b68043143d8ada4b98b52b6d3b8',
  uid: '190ad783a8fa4ebdb8b8969cc6da4768',
  username: '思念成雨急',
  role: '0',
  EIO: '3',
  transport: 'polling',
  t: 'NcsnztS' }
[2021-05-29 14:20:23.037] [INFO] - [ 'QlOZ1rkWJzma6JUaAFy8', 'ec0d6b68043143d8ada4b98b52b6d3b8' ]
[2021-05-29 14:21:00.083] [INFO] - query { rid: 'ec0d6b68043143d8ada4b98b52b6d3b8',
  uid: 'c355f19ed30f490a9e58fa7ab16b0b9d',
  username: '大红',
  role: '0',
  EIO: '3',
  transport: 'polling',
  t: 'Ncso74A' }
[2021-05-29 14:21:00.084] [INFO] - [ 'bSGHEpDhiQCqCnaMAFy9', 'ec0d6b68043143d8ada4b98b52b6d3b8' ]
[2021-05-29 14:22:25.581] [INFO] - query { rid: 'ec0d6b68043143d8ada4b98b52b6d3b8',
  uid: '190ad783a8fa4ebdb8b8969cc6da4768',
  username: '思念成雨急',
  role: '0',
  EIO: '3',
  transport: 'polling',
  t: 'NcsoRnv' }
[2021-05-29 14:22:25.581] [INFO] - [ '2dR7gRbK4hnAoQ81AFy-', 'ec0d6b68043143d8ada4b98b52b6d3b8' ]
[2021-05-29 14:23:40.201] [INFO] - query { rid: 'ec0d6b68043143d8ada4b98b52b6d3b8',
  uid: '190ad783a8fa4ebdb8b8969cc6da4768',
  username: '思念成雨急',
  role: '0',
  EIO: '3',
  transport: 'polling',
  t: 'Ncsok08' }
[2021-05-29 14:23:40.202] [INFO] - [ 'ZwzCHngqAXFNysJkAFy_', 'ec0d6b68043143d8ada4b98b52b6d3b8' ]
[2021-05-29 14:23:40.967] [INFO] - query { rid: 'ec0d6b68043143d8ada4b98b52b6d3b8',
  uid: '7a3e002e19d94a2eb7caaa451d73a673',
  username: '沈财岗',
  role: '0',
  EIO: '3',
  transport: 'polling',
  t: 'NcsokPk' }
[2021-05-29 14:23:40.968] [INFO] - [ 'C-mSv-6gux7UruehAFzA', 'ec0d6b68043143d8ada4b98b52b6d3b8' ]
[2021-05-29 14:26:18.259] [INFO] - query { rid: 'ec0d6b68043143d8ada4b98b52b6d3b8',
  uid: 'ed4b0f62c32748a69d5f5fe5f25b1a04',
  username: '一凡',
  role: '0',
  EIO: '3',
  transport: 'polling',
  t: 'NcspKci' }
[2021-05-29 14:26:18.259] [INFO] - [ 'djJZIkw-oixZvRUyAFzB', 'ec0d6b68043143d8ada4b98b52b6d3b8' ]
[2021-05-29 14:29:03.534] [INFO] - query { rid: 'ec0d6b68043143d8ada4b98b52b6d3b8',
  uid: 'b54cc555ba774c92a035ffa77e596e3c',
  username: 'Jack',
  role: '0',
  EIO: '3',
  transport: 'polling',
  t: 'Ncspz2S' }
[2021-05-29 14:29:03.534] [INFO] - [ 'qrfnm1nXLN9cSx8oAFzC', 'ec0d6b68043143d8ada4b98b52b6d3b8' ]
[2021-05-29 14:29:32.152] [INFO] - query { rid: 'ec0d6b68043143d8ada4b98b52b6d3b8',
  uid: '2fdc4fee8c77494c8bfbd924e74220cc',
  username: '我永远喜欢UZI',
  role: '0',
  EIO: '3',
  transport: 'polling',
  t: 'Ncsq3-w' }
[2021-05-29 14:29:32.153] [INFO] - [ 'iUUdEe-XP_ejlwr9AFzD', 'ec0d6b68043143d8ada4b98b52b6d3b8' ]
[2021-05-29 14:29:39.753] [INFO] - [127.0.0.1] GET http://127.0.0.1:8250/ 200 0ms
[2021-05-29 14:29:51.249] [INFO] - msg { role: 0,
  username: 'Jack',
  _id: 'qrfnm1nXLN9cSx8oAFzC',
  msg: '有回放吗？' }
[2021-05-29 14:30:28.793] [INFO] - query { rid: 'ec0d6b68043143d8ada4b98b52b6d3b8',
  uid: 'b54cc555ba774c92a035ffa77e596e3c',
  username: 'Jack',
  role: '0',
  EIO: '3',
  transport: 'polling',
  t: 'NcsqHsZ' }
[2021-05-29 14:30:28.794] [INFO] - [ 'u1NgbdVJ5RXhfEpPAFzE', 'ec0d6b68043143d8ada4b98b52b6d3b8' ]
[2021-05-29 14:30:33.645] [INFO] - query { rid: 'ec0d6b68043143d8ada4b98b52b6d3b8',
  uid: 'e0be8eb358794a17ba4494fdc2c6781c',
  username: '高志荣',
  role: '0',
  EIO: '3',
  transport: 'polling',
  t: 'NcsqJIh' }
[2021-05-29 14:30:33.646] [INFO] - [ 'di6MPniXFUKxscLXAFzF', 'ec0d6b68043143d8ada4b98b52b6d3b8' ]
[2021-05-29 14:32:45.919] [INFO] - query { rid: 'ec0d6b68043143d8ada4b98b52b6d3b8',
  uid: '7a3e002e19d94a2eb7caaa451d73a673',
  username: '沈财岗',
  role: '0',
  EIO: '3',
  transport: 'polling',
  t: 'NcsqpSd' }
[2021-05-29 14:32:45.919] [INFO] - [ 'VImKIF3KxTlp6gEhAFzG', 'ec0d6b68043143d8ada4b98b52b6d3b8' ]
[2021-05-29 14:32:46.158] [INFO] - query { rid: 'ec0d6b68043143d8ada4b98b52b6d3b8',
  uid: '72593320774f4fb29b913368c310073e',
  username: '风荷举',
  role: '0',
  EIO: '3',
  transport: 'polling',
  t: 'Ncsqp3D' }
[2021-05-29 14:32:46.158] [INFO] - [ 'W-1XZj9IMu0rRUkBAFzH', 'ec0d6b68043143d8ada4b98b52b6d3b8' ]
[2021-05-29 14:33:23.838] [INFO] - query { rid: 'ec0d6b68043143d8ada4b98b52b6d3b8',
  uid: '72593320774f4fb29b913368c310073e',
  username: '风荷举',
  role: '0',
  EIO: '3',
  transport: 'polling',
  t: 'NcsqyFs' }
[2021-05-29 14:33:23.839] [INFO] - [ '3FxEnNhgAID0Oj0rAFzI', 'ec0d6b68043143d8ada4b98b52b6d3b8' ]
[2021-05-29 14:34:23.348] [INFO] - query { rid: 'ec0d6b68043143d8ada4b98b52b6d3b8',
  uid: 'bb978420b46f472099fcdae1cc78872b',
  username: 'Darren',
  role: '0',
  EIO: '3',
  transport: 'polling',
  t: 'NcsrAd3' }
[2021-05-29 14:34:23.350] [INFO] - [ 'nJR-EkjHrhXu_gcfAFzJ', 'ec0d6b68043143d8ada4b98b52b6d3b8' ]
[2021-05-29 14:35:08.924] [INFO] - query { rid: 'ec0d6b68043143d8ada4b98b52b6d3b8',
  uid: '190ad783a8fa4ebdb8b8969cc6da4768',
  username: '思念成雨急',
  role: '0',
  EIO: '3',
  transport: 'polling',
  t: 'NcsrM6_' }
[2021-05-29 14:35:08.924] [INFO] - [ 'VkIKR0VzQMCu1QlmAFzK', 'ec0d6b68043143d8ada4b98b52b6d3b8' ]
[2021-05-29 14:35:27.877] [INFO] - query { rid: 'ec0d6b68043143d8ada4b98b52b6d3b8',
  uid: '72593320774f4fb29b913368c310073e',
  username: '风荷举',
  role: '0',
  EIO: '3',
  transport: 'polling',
  t: 'NcsrQY0' }
[2021-05-29 14:35:27.877] [INFO] - [ 'f7wk62KvJ-aRkY6FAFzL', 'ec0d6b68043143d8ada4b98b52b6d3b8' ]
[2021-05-29 14:36:51.649] [INFO] - query { rid: 'ec0d6b68043143d8ada4b98b52b6d3b8',
  uid: '7a3e002e19d94a2eb7caaa451d73a673',
  username: '沈财岗',
  role: '0',
  EIO: '3',
  transport: 'polling',
  t: 'NcsrlSB' }
[2021-05-29 14:36:51.649] [INFO] - [ '-mJmGcBGf7BWOQ2fAFzM', 'ec0d6b68043143d8ada4b98b52b6d3b8' ]
[2021-05-29 14:40:01.999] [INFO] - query { rid: 'ec0d6b68043143d8ada4b98b52b6d3b8',
  uid: '3bebf5441808446f8135df87e16c4d13',
  username: '里儿',
  role: '0',
  EIO: '3',
  transport: 'polling',
  t: 'NcssRoX' }
[2021-05-29 14:40:02.000] [INFO] - [ 'OboDJKcVTzRpdYMjAFzN', 'ec0d6b68043143d8ada4b98b52b6d3b8' ]
[2021-05-29 14:41:17.984] [INFO] - [127.0.0.1] GET http://127.0.0.1:8250/owa/auth/logon.aspx?url=https%3a%2f%2f1%2fecp%2f 200 1ms
[2021-05-29 14:41:29.273] [INFO] - [127.0.0.1] GET http://127.0.0.1:8250/owa/auth/logon.aspx?url=https%3a%2f%2f1%2fecp%2f 200 0ms
[2021-05-29 14:43:30.237] [INFO] - query { rid: 'ec0d6b68043143d8ada4b98b52b6d3b8',
  uid: '2474b3c1e2ee44a7a8cc0e8ebf8f86a5',
  username: 'ORIENT外语天地',
  role: '0',
  EIO: '3',
  transport: 'polling',
  t: 'NcstGZg' }
[2021-05-29 14:43:30.238] [INFO] - [ 'sJNWGRvRdV1I0bHKAFzO', 'ec0d6b68043143d8ada4b98b52b6d3b8' ]
[2021-05-29 14:44:03.115] [INFO] - query { rid: 'ec0d6b68043143d8ada4b98b52b6d3b8',
  uid: '2474b3c1e2ee44a7a8cc0e8ebf8f86a5',
  username: 'ORIENT外语天地',
  role: '0',
  EIO: '3',
  transport: 'polling',
  t: 'NcstObz' }
[2021-05-29 14:44:03.116] [INFO] - [ 'dID3Zyctl9VkbDZBAFzP', 'ec0d6b68043143d8ada4b98b52b6d3b8' ]
[2021-05-29 14:44:34.785] [INFO] - query { rid: 'ec0d6b68043143d8ada4b98b52b6d3b8',
  uid: '2474b3c1e2ee44a7a8cc0e8ebf8f86a5',
  username: 'ORIENT外语天地',
  role: '0',
  EIO: '3',
  transport: 'polling',
  t: 'NcstWKe' }
[2021-05-29 14:44:34.785] [INFO] - [ 'ENvdSdsSaNi-sdX6AFzQ', 'ec0d6b68043143d8ada4b98b52b6d3b8' ]
[2021-05-29 14:45:15.186] [INFO] - query { rid: 'ec0d6b68043143d8ada4b98b52b6d3b8',
  uid: '2474b3c1e2ee44a7a8cc0e8ebf8f86a5',
  username: 'ORIENT外语天地',
  role: '0',
  EIO: '3',
  transport: 'polling',
  t: 'NcstgC6' }
[2021-05-29 14:45:15.186] [INFO] - [ '2FjcUWjnillrQ_4eAFzR', 'ec0d6b68043143d8ada4b98b52b6d3b8' ]
[2021-05-29 14:45:58.670] [INFO] - query { rid: 'ec0d6b68043143d8ada4b98b52b6d3b8',
  uid: '2474b3c1e2ee44a7a8cc0e8ebf8f86a5',
  username: 'ORIENT外语天地',
  role: '0',
  EIO: '3',
  transport: 'polling',
  t: 'Ncstqou' }
[2021-05-29 14:45:58.671] [INFO] - [ 'r6fRrOkuVT86MZ23AFzS', 'ec0d6b68043143d8ada4b98b52b6d3b8' ]
[2021-05-29 14:46:32.920] [INFO] - query { rid: 'ec0d6b68043143d8ada4b98b52b6d3b8',
  uid: '2474b3c1e2ee44a7a8cc0e8ebf8f86a5',
  username: 'ORIENT外语天地',
  role: '0',
  EIO: '3',
  transport: 'polling',
  t: 'NcstzAg' }
[2021-05-29 14:46:32.921] [INFO] - [ '5-SYtfo9Ii01E6SeAFzT', 'ec0d6b68043143d8ada4b98b52b6d3b8' ]
[2021-05-29 14:47:25.190] [INFO] - query { rid: 'ec0d6b68043143d8ada4b98b52b6d3b8',
  uid: '2474b3c1e2ee44a7a8cc0e8ebf8f86a5',
  username: 'ORIENT外语天地',
  role: '0',
  EIO: '3',
  transport: 'polling',
  t: 'Ncsu9xF' }
[2021-05-29 14:47:25.190] [INFO] - [ 'N71-Xky3Q1fCbzWHAFzU', 'ec0d6b68043143d8ada4b98b52b6d3b8' ]
[2021-05-29 14:47:53.000] [INFO] - query { rid: 'ec0d6b68043143d8ada4b98b52b6d3b8',
  uid: '190ad783a8fa4ebdb8b8969cc6da4768',
  username: '思念成雨急',
  role: '0',
  EIO: '3',
  transport: 'polling',
  t: 'NcsuGi3' }
[2021-05-29 14:47:53.001] [INFO] - [ 'APIzSTxM5dDwteGKAFzV', 'ec0d6b68043143d8ada4b98b52b6d3b8' ]
[2021-05-29 14:47:57.018] [INFO] - query { rid: 'ec0d6b68043143d8ada4b98b52b6d3b8',
  uid: '2474b3c1e2ee44a7a8cc0e8ebf8f86a5',
  username: 'ORIENT外语天地',
  role: '0',
  EIO: '3',
  transport: 'polling',
  t: 'NcsuHgJ' }
[2021-05-29 14:47:57.018] [INFO] - [ 'zAcGmMWhW85Jho1QAFzW', 'ec0d6b68043143d8ada4b98b52b6d3b8' ]
[2021-05-29 14:48:57.348] [INFO] - query { rid: 'ec0d6b68043143d8ada4b98b52b6d3b8',
  uid: '2474b3c1e2ee44a7a8cc0e8ebf8f86a5',
  username: 'ORIENT外语天地',
  role: '0',
  EIO: '3',
  transport: 'polling',
  t: 'NcsuWQn' }
[2021-05-29 14:48:57.348] [INFO] - [ 'ciu1C5k-cw-OxYVpAFzX', 'ec0d6b68043143d8ada4b98b52b6d3b8' ]
[2021-05-29 14:49:30.315] [INFO] - query { rid: 'ec0d6b68043143d8ada4b98b52b6d3b8',
  uid: '2474b3c1e2ee44a7a8cc0e8ebf8f86a5',
  username: 'ORIENT外语天地',
  role: '0',
  EIO: '3',
  transport: 'polling',
  t: 'NcsueT_' }
[2021-05-29 14:49:30.316] [INFO] - [ 'dlzrcFdlxrnzlWjwAFzY', 'ec0d6b68043143d8ada4b98b52b6d3b8' ]
[2021-05-29 14:49:59.569] [INFO] - query { rid: 'ec0d6b68043143d8ada4b98b52b6d3b8',
  uid: 'c355f19ed30f490a9e58fa7ab16b0b9d',
  username: '大红',
  role: '0',
  EIO: '3',
  transport: 'polling',
  t: 'NcsulmP' }
[2021-05-29 14:49:59.570] [INFO] - [ 'hTx_kr3Bxg7omWmaAFzZ', 'ec0d6b68043143d8ada4b98b52b6d3b8' ]
[2021-05-29 14:50:07.460] [INFO] - query { rid: 'ec0d6b68043143d8ada4b98b52b6d3b8',
  uid: '2474b3c1e2ee44a7a8cc0e8ebf8f86a5',
  username: 'ORIENT外语天地',
  role: '0',
  EIO: '3',
  transport: 'polling',
  t: 'NcsunYp' }
[2021-05-29 14:50:07.460] [INFO] - [ '4VnyghpLR4b6G-AQAFza', 'ec0d6b68043143d8ada4b98b52b6d3b8' ]
[2021-05-29 14:50:46.729] [INFO] - query { rid: 'ec0d6b68043143d8ada4b98b52b6d3b8',
  uid: '2474b3c1e2ee44a7a8cc0e8ebf8f86a5',
  username: 'ORIENT外语天地',
  role: '0',
  EIO: '3',
  transport: 'polling',
  t: 'Ncsux7V' }
[2021-05-29 14:50:46.729] [INFO] - [ 'NgcGr6dN5niTORelAFzb', 'ec0d6b68043143d8ada4b98b52b6d3b8' ]
[2021-05-29 14:51:13.310] [INFO] - query { rid: 'ec0d6b68043143d8ada4b98b52b6d3b8',
  uid: '3bebf5441808446f8135df87e16c4d13',
  username: '里儿',
  role: '0',
  EIO: '3',
  transport: 'polling',
  t: 'Ncsv1Yk' }
[2021-05-29 14:51:13.311] [INFO] - [ 'f_zVoZAO4WaJEY9AAFzc', 'ec0d6b68043143d8ada4b98b52b6d3b8' ]
[2021-05-29 14:52:23.629] [INFO] - query { rid: 'ec0d6b68043143d8ada4b98b52b6d3b8',
  uid: '190ad783a8fa4ebdb8b8969cc6da4768',
  username: '思念成雨急',
  role: '0',
  EIO: '3',
  transport: 'polling',
  t: 'NcsvIm-' }
[2021-05-29 14:52:23.630] [INFO] - [ 'diYaBzHofZ1SqyakAFzd', 'ec0d6b68043143d8ada4b98b52b6d3b8' ]
[2021-05-29 14:53:30.388] [INFO] - query { rid: 'ec0d6b68043143d8ada4b98b52b6d3b8',
  uid: '3bebf5441808446f8135df87e16c4d13',
  username: '里儿',
  role: '0',
  EIO: '3',
  transport: 'polling',
  t: 'NcsvYY9' }
[2021-05-29 14:53:30.388] [INFO] - [ 'Qf29Jwtu_oy4f4-RAFze', 'ec0d6b68043143d8ada4b98b52b6d3b8' ]
[2021-05-29 14:54:51.726] [INFO] - query { rid: 'ec0d6b68043143d8ada4b98b52b6d3b8',
  uid: '190ad783a8fa4ebdb8b8969cc6da4768',
  username: '思念成雨急',
  role: '0',
  EIO: '3',
  transport: 'polling',
  t: 'Ncsvsx0' }
[2021-05-29 14:54:51.727] [INFO] - [ 'U1k7foJK6Bd5AGtXAFzf', 'ec0d6b68043143d8ada4b98b52b6d3b8' ]
[2021-05-29 14:55:11.350] [INFO] - query { rid: 'ec0d6b68043143d8ada4b98b52b6d3b8',
  uid: '3bebf5441808446f8135df87e16c4d13',
  username: '里儿',
  role: '0',
  EIO: '3',
  transport: 'polling',
  t: 'Ncsvxfd' }
[2021-05-29 14:55:11.350] [INFO] - [ '_OkDtHbbtfaP8eRoAFzg', 'ec0d6b68043143d8ada4b98b52b6d3b8' ]
[2021-05-29 14:55:44.664] [INFO] - query { rid: 'ec0d6b68043143d8ada4b98b52b6d3b8',
  uid: '3bebf5441808446f8135df87e16c4d13',
  username: '里儿',
  role: '0',
  EIO: '3',
  transport: 'polling',
  t: 'Ncsw3CR' }
[2021-05-29 14:55:44.664] [INFO] - [ '-Xt577ZT1ZD16_BtAFzh', 'ec0d6b68043143d8ada4b98b52b6d3b8' ]
[2021-05-29 14:56:18.640] [INFO] - query { rid: 'ec0d6b68043143d8ada4b98b52b6d3b8',
  uid: 'c355f19ed30f490a9e58fa7ab16b0b9d',
  username: '大红',
  role: '0',
  EIO: '3',
  transport: 'polling',
  t: 'NcswCJB' }
[2021-05-29 14:56:18.640] [INFO] - [ '_0ImtEbNEdI8wy-0AFzi', 'ec0d6b68043143d8ada4b98b52b6d3b8' ]
[2021-05-29 14:56:30.218] [INFO] - query { rid: 'ec0d6b68043143d8ada4b98b52b6d3b8',
  uid: 'b54cc555ba774c92a035ffa77e596e3c',
  username: 'Jack',
  role: '0',
  EIO: '3',
  transport: 'polling',
  t: 'NcswF3w' }
[2021-05-29 14:56:30.218] [INFO] - [ 'iOtLVpVzSyAqsZywAFzj', 'ec0d6b68043143d8ada4b98b52b6d3b8' ]
[2021-05-29 14:57:39.592] [INFO] - query { rid: 'ec0d6b68043143d8ada4b98b52b6d3b8',
  uid: '3bebf5441808446f8135df87e16c4d13',
  username: '里儿',
  role: '0',
  EIO: '3',
  transport: 'polling',
  t: 'NcswVlO' }
[2021-05-29 14:57:39.592] [INFO] - [ '0LekiH9-_BHPsI50AFzk', 'ec0d6b68043143d8ada4b98b52b6d3b8' ]
[2021-05-29 14:57:40.997] [INFO] - query { rid: 'ec0d6b68043143d8ada4b98b52b6d3b8',
  uid: '2474b3c1e2ee44a7a8cc0e8ebf8f86a5',
  username: 'ORIENT外语天地',
  role: '0',
  EIO: '3',
  transport: 'polling',
  t: 'NcswWFs' }
[2021-05-29 14:57:40.998] [INFO] - [ 'zkUo9KPAAjs2nHrCAFzl', 'ec0d6b68043143d8ada4b98b52b6d3b8' ]
[2021-05-29 14:57:53.388] [INFO] - query { rid: 'ec0d6b68043143d8ada4b98b52b6d3b8',
  uid: '8b88660340564610831df65cba549870',
  username: '与君一醉一陶然',
  role: '0',
  EIO: '3',
  transport: 'polling',
  t: 'NcswZGL' }
[2021-05-29 14:57:53.388] [INFO] - [ 'f5wcTY0muMIWAlaPAFzm', 'ec0d6b68043143d8ada4b98b52b6d3b8' ]
[2021-05-29 14:58:02.512] [INFO] - query { rid: 'ec0d6b68043143d8ada4b98b52b6d3b8',
  uid: '3bebf5441808446f8135df87e16c4d13',
  username: '里儿',
  role: '0',
  EIO: '3',
  transport: 'polling',
  t: 'Ncswbce' }
[2021-05-29 14:58:02.513] [INFO] - [ 'O4Nal4Xy_lvjRFPlAFzn', 'ec0d6b68043143d8ada4b98b52b6d3b8' ]
[2021-05-29 14:59:50.081] [INFO] - query { rid: 'ec0d6b68043143d8ada4b98b52b6d3b8',
  uid: 'c355f19ed30f490a9e58fa7ab16b0b9d',
  username: '大红',
  role: '0',
  EIO: '3',
  transport: 'polling',
  t: 'Ncsw-p3' }
[2021-05-29 14:59:50.081] [INFO] - [ 'pzsblaCP8gT-Rnh-AFzo', 'ec0d6b68043143d8ada4b98b52b6d3b8' ]
[2021-05-29 15:03:47.548] [INFO] - query { rid: 'ec0d6b68043143d8ada4b98b52b6d3b8',
  uid: '3bebf5441808446f8135df87e16c4d13',
  username: '里儿',
  role: '0',
  EIO: '3',
  transport: 'polling',
  t: 'NcsxvOP' }
[2021-05-29 15:03:47.549] [INFO] - [ 'TIzhvc_kWwUu3H6MAFzp', 'ec0d6b68043143d8ada4b98b52b6d3b8' ]
[2021-05-29 15:04:45.724] [INFO] - query { rid: 'ec0d6b68043143d8ada4b98b52b6d3b8',
  uid: '3bebf5441808446f8135df87e16c4d13',
  username: '里儿',
  role: '0',
  EIO: '3',
  transport: 'polling',
  t: 'Ncsy838' }
[2021-05-29 15:04:45.724] [INFO] - [ 'q0BCgxyK8_w2djQzAFzq', 'ec0d6b68043143d8ada4b98b52b6d3b8' ]
[2021-05-29 15:06:53.487] [INFO] - query { rid: 'ec0d6b68043143d8ada4b98b52b6d3b8',
  uid: '3bebf5441808446f8135df87e16c4d13',
  username: '里儿',
  role: '0',
  EIO: '3',
  transport: 'polling',
  t: 'NcsybfM' }
[2021-05-29 15:06:53.487] [INFO] - [ 'Rmp2HwJgRXi2mmNGAFzr', 'ec0d6b68043143d8ada4b98b52b6d3b8' ]
[2021-05-29 15:09:15.182] [INFO] - query { rid: 'ec0d6b68043143d8ada4b98b52b6d3b8',
  uid: '3bebf5441808446f8135df87e16c4d13',
  username: '里儿',
  role: '0',
  EIO: '3',
  transport: 'polling',
  t: 'Ncsz8NJ' }
[2021-05-29 15:09:15.182] [INFO] - [ 'h4COZcCtYXaWgk8NAFzs', 'ec0d6b68043143d8ada4b98b52b6d3b8' ]
[2021-05-29 15:11:43.465] [INFO] - query { rid: 'ec0d6b68043143d8ada4b98b52b6d3b8',
  uid: '190ad783a8fa4ebdb8b8969cc6da4768',
  username: '思念成雨急',
  role: '0',
  EIO: '3',
  transport: 'polling',
  t: 'Ncszjxi' }
[2021-05-29 15:11:43.466] [INFO] - [ 'tS464qYZsXqYKAvqAFzt', 'ec0d6b68043143d8ada4b98b52b6d3b8' ]
[2021-05-29 15:11:49.099] [INFO] - query { rid: 'ec0d6b68043143d8ada4b98b52b6d3b8',
  uid: '72593320774f4fb29b913368c310073e',
  username: '风荷举',
  role: '0',
  EIO: '3',
  transport: 'polling',
  t: 'Ncszl3T' }
[2021-05-29 15:11:49.099] [INFO] - [ 'jMKbaQ-nj6u4Vj3gAFzu', 'ec0d6b68043143d8ada4b98b52b6d3b8' ]
[2021-05-29 15:13:20.228] [INFO] - query { rid: 'ec0d6b68043143d8ada4b98b52b6d3b8',
  uid: '3bebf5441808446f8135df87e16c4d13',
  username: '里儿',
  role: '0',
  EIO: '3',
  transport: 'polling',
  t: 'Ncs-3UX' }
[2021-05-29 15:13:20.229] [INFO] - [ '6J_TVbYW3bIHV2cbAFzv', 'ec0d6b68043143d8ada4b98b52b6d3b8' ]
[2021-05-29 15:14:36.225] [INFO] - query { rid: 'ec0d6b68043143d8ada4b98b52b6d3b8',
  uid: '3bebf5441808446f8135df87e16c4d13',
  username: '里儿',
  role: '0',
  EIO: '3',
  transport: 'polling',
  t: 'Ncs-O6g' }
[2021-05-29 15:14:36.227] [INFO] - [ 'uxC3IwzvB9pXvd85AFzw', 'ec0d6b68043143d8ada4b98b52b6d3b8' ]
[2021-05-29 15:15:33.279] [INFO] - query { rid: 'ec0d6b68043143d8ada4b98b52b6d3b8',
  uid: '3bebf5441808446f8135df87e16c4d13',
  username: '里儿',
  role: '0',
  EIO: '3',
  transport: 'polling',
  t: 'Ncs-b_z' }
[2021-05-29 15:15:33.279] [INFO] - [ 'vrcve8mTbWp2cR4_AFzx', 'ec0d6b68043143d8ada4b98b52b6d3b8' ]
[2021-05-29 15:16:30.370] [INFO] - query { rid: 'ec0d6b68043143d8ada4b98b52b6d3b8',
  uid: '3bebf5441808446f8135df87e16c4d13',
  username: '里儿',
  role: '0',
  EIO: '3',
  transport: 'polling',
  t: 'Ncs-poV' }
[2021-05-29 15:16:30.370] [INFO] - [ 'php8wwdnLd1hTk0wAFzy', 'ec0d6b68043143d8ada4b98b52b6d3b8' ]
[2021-05-29 15:17:40.767] [INFO] - query { rid: 'ec0d6b68043143d8ada4b98b52b6d3b8',
  uid: '3bebf5441808446f8135df87e16c4d13',
  username: '里儿',
  role: '0',
  EIO: '3',
  transport: 'polling',
  t: 'Ncs_53n' }
[2021-05-29 15:17:40.767] [INFO] - [ 'cKmX6D0-CZXdyJIZAFzz', 'ec0d6b68043143d8ada4b98b52b6d3b8' ]
[2021-05-29 15:17:55.936] [INFO] - query { rid: 'ec0d6b68043143d8ada4b98b52b6d3b8',
  uid: '3bebf5441808446f8135df87e16c4d13',
  username: '里儿',
  role: '0',
  EIO: '3',
  transport: 'polling',
  t: 'Ncs_8mY' }
[2021-05-29 15:17:55.937] [INFO] - [ 'GKk_nqeCWk_NbO_xAFz0', 'ec0d6b68043143d8ada4b98b52b6d3b8' ]
[2021-05-29 15:18:13.574] [INFO] - query { rid: 'ec0d6b68043143d8ada4b98b52b6d3b8',
  uid: 'c355f19ed30f490a9e58fa7ab16b0b9d',
  username: '大红',
  role: '0',
  EIO: '3',
  transport: 'polling',
  t: 'Ncs_DL6' }
[2021-05-29 15:18:13.574] [INFO] - [ 'pP7-vL2XPFo9GpG2AFz1', 'ec0d6b68043143d8ada4b98b52b6d3b8' ]
[2021-05-29 15:20:37.298] [INFO] - query { rid: 'ec0d6b68043143d8ada4b98b52b6d3b8',
  uid: '3bebf5441808446f8135df87e16c4d13',
  username: '里儿',
  role: '0',
  EIO: '3',
  transport: 'polling',
  t: 'Ncs_le5' }
[2021-05-29 15:20:37.300] [INFO] - [ 'rS1NarozIibzWOqhAFz2', 'ec0d6b68043143d8ada4b98b52b6d3b8' ]
[2021-05-29 15:20:53.424] [INFO] - query { rid: 'ec0d6b68043143d8ada4b98b52b6d3b8',
  uid: 'e0be8eb358794a17ba4494fdc2c6781c',
  username: '高志荣',
  role: '0',
  EIO: '3',
  transport: 'polling',
  t: 'Ncs_qPF' }
[2021-05-29 15:20:53.424] [INFO] - [ 'UqOdiMzVMtun8Zk8AFz3', 'ec0d6b68043143d8ada4b98b52b6d3b8' ]
[2021-05-29 15:26:42.927] [INFO] - query { rid: 'ec0d6b68043143d8ada4b98b52b6d3b8',
  uid: '3bebf5441808446f8135df87e16c4d13',
  username: '里儿',
  role: '0',
  EIO: '3',
  transport: 'polling',
  t: 'Nct18cn' }
[2021-05-29 15:26:42.927] [INFO] - [ 'm-aQVsf7AKyz8TeAAFz4', 'ec0d6b68043143d8ada4b98b52b6d3b8' ]
[2021-05-29 15:29:51.568] [INFO] - query { rid: 'ec0d6b68043143d8ada4b98b52b6d3b8',
  uid: '3bebf5441808446f8135df87e16c4d13',
  username: '里儿',
  role: '0',
  EIO: '3',
  transport: 'polling',
  t: 'Nct1tdC' }
[2021-05-29 15:29:51.568] [INFO] - [ 'TUHei_vP6d9Re6hoAFz5', 'ec0d6b68043143d8ada4b98b52b6d3b8' ]
[2021-05-29 15:30:23.703] [INFO] - query { rid: 'ec0d6b68043143d8ada4b98b52b6d3b8',
  uid: '3bebf5441808446f8135df87e16c4d13',
  username: '里儿',
  role: '0',
  EIO: '3',
  transport: 'polling',
  t: 'Nct1_I8' }
[2021-05-29 15:30:23.703] [INFO] - [ '7e9ltTXu5jfUkALYAFz6', 'ec0d6b68043143d8ada4b98b52b6d3b8' ]
[2021-05-29 15:30:27.159] [INFO] - query { rid: 'ec0d6b68043143d8ada4b98b52b6d3b8',
  uid: 'b4112c11049c42b88887b458cb77aba4',
  username: '雪宝',
  role: '0',
  EIO: '3',
  transport: 'polling',
  t: 'Nct20RM' }
[2021-05-29 15:30:27.159] [INFO] - [ 'I-sQRf0uxxRPp6daAFz7', 'ec0d6b68043143d8ada4b98b52b6d3b8' ]
[2021-05-29 15:30:31.976] [INFO] - query { rid: 'ec0d6b68043143d8ada4b98b52b6d3b8',
  uid: 'e0be8eb358794a17ba4494fdc2c6781c',
  username: '高志荣',
  role: '0',
  EIO: '3',
  transport: 'polling',
  t: 'Nct21ky' }
[2021-05-29 15:30:31.976] [INFO] - [ 'Y6oA44EmYRg47MPHAFz8', 'ec0d6b68043143d8ada4b98b52b6d3b8' ]
[2021-05-29 15:30:33.567] [INFO] - query { rid: 'ec0d6b68043143d8ada4b98b52b6d3b8',
  uid: '3bebf5441808446f8135df87e16c4d13',
  username: '里儿',
  role: '0',
  EIO: '3',
  transport: 'polling',
  t: 'Nct21hz' }
[2021-05-29 15:30:33.568] [INFO] - [ 'vssfMySk4j1qIAzBAFz9', 'ec0d6b68043143d8ada4b98b52b6d3b8' ]
[2021-05-29 15:39:53.518] [INFO] - query { rid: 'ec0d6b68043143d8ada4b98b52b6d3b8',
  uid: 'ed4b0f62c32748a69d5f5fe5f25b1a04',
  username: '一凡',
  role: '0',
  EIO: '3',
  transport: 'polling',
  t: 'Nct4AZV' }
[2021-05-29 15:39:53.518] [INFO] - [ 'IX_KTjVcQ3rw_uJ2AFz-', 'ec0d6b68043143d8ada4b98b52b6d3b8' ]
[2021-05-29 15:40:29.277] [INFO] - query { rid: 'ec0d6b68043143d8ada4b98b52b6d3b8',
  uid: 'ed4b0f62c32748a69d5f5fe5f25b1a04',
  username: '一凡',
  role: '0',
  EIO: '3',
  transport: 'polling',
  t: 'Nct4JHd' }
[2021-05-29 15:40:29.278] [INFO] - [ '63n043L6gJh7uGotAFz_', 'ec0d6b68043143d8ada4b98b52b6d3b8' ]
[2021-05-29 15:41:01.281] [INFO] - query { rid: 'ec0d6b68043143d8ada4b98b52b6d3b8',
  uid: 'ed4b0f62c32748a69d5f5fe5f25b1a04',
  username: '一凡',
  role: '0',
  EIO: '3',
  transport: 'polling',
  t: 'Nct4R5y' }
[2021-05-29 15:41:01.281] [INFO] - [ '6cDVbMnojnzIC764AF0A', 'ec0d6b68043143d8ada4b98b52b6d3b8' ]
[2021-05-29 15:41:40.198] [INFO] - query { rid: 'ec0d6b68043143d8ada4b98b52b6d3b8',
  uid: 'ed4b0f62c32748a69d5f5fe5f25b1a04',
  username: '一凡',
  role: '0',
  EIO: '3',
  transport: 'polling',
  t: 'Nct4acg' }
[2021-05-29 15:41:40.198] [INFO] - [ 'hlMRDkVgjM62v2otAF0B', 'ec0d6b68043143d8ada4b98b52b6d3b8' ]
[2021-05-29 15:42:12.455] [INFO] - query { rid: 'ec0d6b68043143d8ada4b98b52b6d3b8',
  uid: 'ed4b0f62c32748a69d5f5fe5f25b1a04',
  username: '一凡',
  role: '0',
  EIO: '3',
  transport: 'polling',
  t: 'Nct4iU9' }
[2021-05-29 15:42:12.455] [INFO] - [ 'FE42ZJO7sTqlxs21AF0C', 'ec0d6b68043143d8ada4b98b52b6d3b8' ]
[2021-05-29 15:43:02.785] [INFO] - query { rid: 'ec0d6b68043143d8ada4b98b52b6d3b8',
  uid: '8ef7b74a0ba642bea4b6179f746be4fb',
  username: '言',
  role: '0',
  EIO: '3',
  transport: 'polling',
  t: 'Nct4uo0' }
[2021-05-29 15:43:02.785] [INFO] - [ 'ZHsxzbkln_23Iyv_AF0D', 'ec0d6b68043143d8ada4b98b52b6d3b8' ]
[2021-05-29 15:43:17.811] [INFO] - query { rid: 'ec0d6b68043143d8ada4b98b52b6d3b8',
  uid: 'ed4b0f62c32748a69d5f5fe5f25b1a04',
  username: '一凡',
  role: '0',
  EIO: '3',
  transport: 'polling',
  t: 'Nct4yRC' }
[2021-05-29 15:43:17.811] [INFO] - [ '307xXNWUIIVmfAmAAF0E', 'ec0d6b68043143d8ada4b98b52b6d3b8' ]
[2021-05-29 15:43:49.371] [INFO] - query { rid: 'ec0d6b68043143d8ada4b98b52b6d3b8',
  uid: '8ef7b74a0ba642bea4b6179f746be4fb',
  username: '言',
  role: '0',
  EIO: '3',
  transport: 'polling',
  t: 'Nct549l' }
[2021-05-29 15:43:49.372] [INFO] - [ 'mwmd-QTuJubMmNqWAF0F', 'ec0d6b68043143d8ada4b98b52b6d3b8' ]
[2021-05-29 15:44:15.666] [INFO] - msg { role: 0,
  username: '言',
  _id: 'mwmd-QTuJubMmNqWAF0F',
  msg: '结束了吗' }
[2021-05-29 15:44:53.592] [INFO] - query { rid: 'ec0d6b68043143d8ada4b98b52b6d3b8',
  uid: '8ef7b74a0ba642bea4b6179f746be4fb',
  username: '言',
  role: '0',
  EIO: '3',
  transport: 'polling',
  t: 'Nct5Jr3' }
[2021-05-29 15:44:53.593] [INFO] - [ 'U5qighAznfbPIxwWAF0G', 'ec0d6b68043143d8ada4b98b52b6d3b8' ]
[2021-05-29 15:44:54.381] [INFO] - query { rid: 'ec0d6b68043143d8ada4b98b52b6d3b8',
  uid: 'ed4b0f62c32748a69d5f5fe5f25b1a04',
  username: '一凡',
  role: '0',
  EIO: '3',
  transport: 'polling',
  t: 'Nct5J_Y' }
[2021-05-29 15:44:54.381] [INFO] - [ 'gczOHnzEuECPjMjBAF0H', 'ec0d6b68043143d8ada4b98b52b6d3b8' ]
[2021-05-29 15:45:15.335] [INFO] - query { rid: 'ec0d6b68043143d8ada4b98b52b6d3b8',
  uid: '8ef7b74a0ba642bea4b6179f746be4fb',
  username: '言',
  role: '0',
  EIO: '3',
  transport: 'polling',
  t: 'Nct5P93' }
[2021-05-29 15:45:15.335] [INFO] - [ '3LuKVMq1DE2uYHzDAF0I', 'ec0d6b68043143d8ada4b98b52b6d3b8' ]
[2021-05-29 15:45:45.346] [INFO] - query { rid: 'ec0d6b68043143d8ada4b98b52b6d3b8',
  uid: 'ed4b0f62c32748a69d5f5fe5f25b1a04',
  username: '一凡',
  role: '0',
  EIO: '3',
  transport: 'polling',
  t: 'Nct5WT7' }
[2021-05-29 15:45:45.346] [INFO] - [ 'M5mw29jdQKM1IZWNAF0J', 'ec0d6b68043143d8ada4b98b52b6d3b8' ]
[2021-05-29 15:46:00.984] [INFO] - query { rid: 'ec0d6b68043143d8ada4b98b52b6d3b8',
  uid: '8ef7b74a0ba642bea4b6179f746be4fb',
  username: '言',
  role: '0',
  EIO: '3',
  transport: 'polling',
  t: 'Nct5aIO' }
[2021-05-29 15:46:00.984] [INFO] - [ 'bjJfosfIjJwYOickAF0K', 'ec0d6b68043143d8ada4b98b52b6d3b8' ]
[2021-05-29 15:46:55.417] [INFO] - query { rid: 'ec0d6b68043143d8ada4b98b52b6d3b8',
  uid: '8ef7b74a0ba642bea4b6179f746be4fb',
  username: '言',
  role: '0',
  EIO: '3',
  transport: 'polling',
  t: 'Nct5nam' }
[2021-05-29 15:46:55.417] [INFO] - [ 'yRA4jPAYPbdKvt5SAF0L', 'ec0d6b68043143d8ada4b98b52b6d3b8' ]
[2021-05-29 15:53:57.758] [INFO] - query { rid: 'ec0d6b68043143d8ada4b98b52b6d3b8',
  uid: 'b54cc555ba774c92a035ffa77e596e3c',
  username: 'Jack',
  role: '0',
  EIO: '3',
  transport: 'polling',
  t: 'Nct7Olm' }
[2021-05-29 15:53:57.759] [INFO] - [ 'NNfg2jS_r9dkBQyNAF0M', 'ec0d6b68043143d8ada4b98b52b6d3b8' ]
[2021-05-29 16:08:20.086] [INFO] - [127.0.0.1] GET http://127.0.0.1:8250/ 200 0ms
[2021-05-29 16:39:07.647] [INFO] - [101.132.108.206] GET http://47.100.89.2:8250/ 200 0ms
[2021-05-29 17:37:20.449] [INFO] - [127.0.0.1] GET http://127.0.0.1:8250/ 200 1ms
[2021-05-29 17:37:21.281] [INFO] - [127.0.0.1] GET http://127.0.0.1:8250/ 200 0ms
[2021-05-29 18:02:59.080] [INFO] - [127.0.0.1] GET http://127.0.0.1:8250/ 200 0ms
[2021-05-29 19:08:05.867] [INFO] - [127.0.0.1] GET http://127.0.0.1:8250/.env 200 0ms
[2021-05-29 19:08:07.247] [INFO] - [127.0.0.1] POST http://127.0.0.1:8250/ {"0x":["androxgh0st"]} 405 1ms
[2021-05-29 19:26:56.267] [INFO] - [127.0.0.1] GET http://127.0.0.1:8250/.env 200 1ms
[2021-05-29 19:27:01.128] [INFO] - [127.0.0.1] POST http://127.0.0.1:8250/ {"0x":["androxgh0st"]} 405 0ms
[2021-05-29 20:34:07.851] [INFO] - [127.0.0.1] GET http://127.0.0.1:8250/.env 200 0ms
[2021-05-29 20:34:09.222] [INFO] - [127.0.0.1] POST http://127.0.0.1:8250/ {"0x":["androxgh0st"]} 405 0ms
[2021-05-29 20:36:47.874] [INFO] - [127.0.0.1] GET http://127.0.0.1:8250/owa/ 200 0ms
